/mmfs1/gscratch/vsm/elizap/MiniNeptuneGrid26_PostBac/Installation&Setup_Instructions/picasofiles/reference
/mmfs1/gscratch/vsm/elizap/MiniNeptuneGrid26_PostBac/Installation&Setup_Instructions/picasofiles/grp/redcat/trds
/mmfs1/gscratch/vsm/elizap/MiniNeptuneGrid26_PostBac/Installation&Setup_Instructions/picasofiles/reference
/mmfs1/gscratch/vsm/elizap/MiniNeptuneGrid26_PostBac/Installation&Setup_Instructions/picasofiles/grp/redcat/trds
/mmfs1/gscratch/vsm/elizap/MiniNeptuneGrid26_PostBac/Installation&Setup_Instructions/picasofiles/reference
/mmfs1/gscratch/vsm/elizap/MiniNeptuneGrid26_PostBac/Installation&Setup_Instructions/picasofiles/grp/redcat/trds
/mmfs1/gscratch/vsm/elizap/MiniNeptuneGrid26_PostBac/Installation&Setup_Instructions/picasofiles/reference
/mmfs1/gscratch/vsm/elizap/MiniNeptuneGrid26_PostBac/Installation&Setup_Instructions/picasofiles/grp/redcat/trds
/mmfs1/gscratch/vsm/elizap/MiniNeptuneGrid26_PostBac/Installation&Setup_Instructions/picasofiles/reference
/mmfs1/gscratch/vsm/elizap/MiniNeptuneGrid26_PostBac/Installation&Setup_Instructions/picasofiles/grp/redcat/trds
/mmfs1/gscratch/vsm/elizap/MiniNeptuneGrid26_PostBac/Installation&Setup_Instructions/picasofiles/reference
/mmfs1/gscratch/vsm/elizap/MiniNeptuneGrid26_PostBac/Installation&Setup_Instructions/picasofiles/grp/redcat/trds
/mmfs1/gscratch/vsm/elizap/MiniNeptuneGrid26_PostBac/Installation&Setup_Instructions/picasofiles/reference
/mmfs1/gscratch/vsm/elizap/MiniNeptuneGrid26_PostBac/Installation&Setup_Instructions/picasofiles/grp/redcat/trds
/mmfs1/gscratch/vsm/elizap/MiniNeptuneGrid26_PostBac/Installation&Setup_Instructions/picasofiles/reference
/mmfs1/gscratch/vsm/elizap/MiniNeptuneGrid26_PostBac/Installation&Setup_Instructions/picasofiles/grp/redcat/trds
/mmfs1/gscratch/vsm/elizap/MiniNeptuneGrid26_PostBac/Installation&Setup_Instructions/picasofiles/reference
/mmfs1/gscratch/vsm/elizap/MiniNeptuneGrid26_PostBac/Installation&Setup_Instructions/picasofiles/grp/redcat/trds
/mmfs1/gscratch/vsm/elizap/MiniNeptuneGrid26_PostBac/Installation&Setup_Instructions/picasofiles/reference
/mmfs1/gscratch/vsm/elizap/MiniNeptuneGrid26_PostBac/Installation&Setup_Instructions/picasofiles/grp/redcat/trds
/mmfs1/gscratch/vsm/elizap/MiniNeptuneGrid26_PostBac/Installation&Setup_Instructions/picasofiles/reference
/mmfs1/gscratch/vsm/elizap/MiniNeptuneGrid26_PostBac/Installation&Setup_Instructions/picasofiles/grp/redcat/trds
/mmfs1/gscratch/vsm/elizap/MiniNeptuneGrid26_PostBac/Installation&Setup_Instructions/picasofiles/reference
/mmfs1/gscratch/vsm/elizap/MiniNeptuneGrid26_PostBac/Installation&Setup_Instructions/picasofiles/grp/redcat/trds
/mmfs1/gscratch/vsm/elizap/MiniNeptuneGrid26_PostBac/Installation&Setup_Instructions/picasofiles/reference
/mmfs1/gscratch/vsm/elizap/MiniNeptuneGrid26_PostBac/Installation&Setup_Instructions/picasofiles/grp/redcat/trds
/mmfs1/gscratch/vsm/elizap/MiniNeptuneGrid26_PostBac/Installation&Setup_Instructions/picasofiles/reference
/mmfs1/gscratch/vsm/elizap/MiniNeptuneGrid26_PostBac/Installation&Setup_Instructions/picasofiles/grp/redcat/trds
/mmfs1/gscratch/vsm/elizap/MiniNeptuneGrid26_PostBac/Installation&Setup_Instructions/picasofiles/reference
/mmfs1/gscratch/vsm/elizap/MiniNeptuneGrid26_PostBac/Installation&Setup_Instructions/picasofiles/grp/redcat/trds
/mmfs1/gscratch/vsm/elizap/MiniNeptuneGrid26_PostBac/Installation&Setup_Instructions/picasofiles/reference
/mmfs1/gscratch/vsm/elizap/MiniNeptuneGrid26_PostBac/Installation&Setup_Instructions/picasofiles/grp/redcat/trds
/mmfs1/gscratch/vsm/elizap/MiniNeptuneGrid26_PostBac/Installation&Setup_Instructions/picasofiles/reference
/mmfs1/gscratch/vsm/elizap/MiniNeptuneGrid26_PostBac/Installation&Setup_Instructions/picasofiles/grp/redcat/trds
/mmfs1/gscratch/vsm/elizap/MiniNeptuneGrid26_PostBac/Installation&Setup_Instructions/picasofiles/reference
/mmfs1/gscratch/vsm/elizap/MiniNeptuneGrid26_PostBac/Installation&Setup_Instructions/picasofiles/grp/redcat/trds
/mmfs1/gscratch/vsm/elizap/MiniNeptuneGrid26_PostBac/Installation&Setup_Instructions/picasofiles/reference
/mmfs1/gscratch/vsm/elizap/MiniNeptuneGrid26_PostBac/Installation&Setup_Instructions/picasofiles/grp/redcat/trds
/mmfs1/gscratch/vsm/elizap/MiniNeptuneGrid26_PostBac/Installation&Setup_Instructions/picasofiles/reference
/mmfs1/gscratch/vsm/elizap/MiniNeptuneGrid26_PostBac/Installation&Setup_Instructions/picasofiles/grp/redcat/trds
/mmfs1/gscratch/vsm/elizap/MiniNeptuneGrid26_PostBac/Installation&Setup_Instructions/picasofiles/reference
/mmfs1/gscratch/vsm/elizap/MiniNeptuneGrid26_PostBac/Installation&Setup_Instructions/picasofiles/grp/redcat/trds
/mmfs1/gscratch/vsm/elizap/MiniNeptuneGrid26_PostBac/Installation&Setup_Instructions/picasofiles/reference
/mmfs1/gscratch/vsm/elizap/MiniNeptuneGrid26_PostBac/Installation&Setup_Instructions/picasofiles/grp/redcat/trds
/mmfs1/gscratch/vsm/elizap/MiniNeptuneGrid26_PostBac/Installation&Setup_Instructions/picasofiles/reference
/mmfs1/gscratch/vsm/elizap/MiniNeptuneGrid26_PostBac/Installation&Setup_Instructions/picasofiles/grp/redcat/trds
/mmfs1/gscratch/vsm/elizap/MiniNeptuneGrid26_PostBac/Installation&Setup_Instructions/picasofiles/reference
/mmfs1/gscratch/vsm/elizap/MiniNeptuneGrid26_PostBac/Installation&Setup_Instructions/picasofiles/grp/redcat/trds
/mmfs1/gscratch/vsm/elizap/MiniNeptuneGrid26_PostBac/Installation&Setup_Instructions/picasofiles/reference
/mmfs1/gscratch/vsm/elizap/MiniNeptuneGrid26_PostBac/Installation&Setup_Instructions/picasofiles/grp/redcat/trds
/mmfs1/gscratch/vsm/elizap/MiniNeptuneGrid26_PostBac/Installation&Setup_Instructions/picasofiles/reference
/mmfs1/gscratch/vsm/elizap/MiniNeptuneGrid26_PostBac/Installation&Setup_Instructions/picasofiles/grp/redcat/trds
/mmfs1/gscratch/vsm/elizap/MiniNeptuneGrid26_PostBac/Installation&Setup_Instructions/picasofiles/reference
/mmfs1/gscratch/vsm/elizap/MiniNeptuneGrid26_PostBac/Installation&Setup_Instructions/picasofiles/grp/redcat/trds
/mmfs1/gscratch/vsm/elizap/MiniNeptuneGrid26_PostBac/Installation&Setup_Instructions/picasofiles/reference
/mmfs1/gscratch/vsm/elizap/MiniNeptuneGrid26_PostBac/Installation&Setup_Instructions/picasofiles/grp/redcat/trds
/mmfs1/gscratch/vsm/elizap/MiniNeptuneGrid26_PostBac/Installation&Setup_Instructions/picasofiles/reference
/mmfs1/gscratch/vsm/elizap/MiniNeptuneGrid26_PostBac/Installation&Setup_Instructions/picasofiles/grp/redcat/trds
/mmfs1/gscratch/vsm/elizap/MiniNeptuneGrid26_PostBac/Installation&Setup_Instructions/picasofiles/reference
/mmfs1/gscratch/vsm/elizap/MiniNeptuneGrid26_PostBac/Installation&Setup_Instructions/picasofiles/grp/redcat/trds
/mmfs1/gscratch/vsm/elizap/MiniNeptuneGrid26_PostBac/Installation&Setup_Instructions/picasofiles/reference
/mmfs1/gscratch/vsm/elizap/MiniNeptuneGrid26_PostBac/Installation&Setup_Instructions/picasofiles/grp/redcat/trds
/mmfs1/gscratch/vsm/elizap/MiniNeptuneGrid26_PostBac/Installation&Setup_Instructions/picasofiles/reference
/mmfs1/gscratch/vsm/elizap/MiniNeptuneGrid26_PostBac/Installation&Setup_Instructions/picasofiles/grp/redcat/trds
/mmfs1/gscratch/vsm/elizap/MiniNeptuneGrid26_PostBac/Installation&Setup_Instructions/picasofiles/reference
/mmfs1/gscratch/vsm/elizap/MiniNeptuneGrid26_PostBac/Installation&Setup_Instructions/picasofiles/grp/redcat/trds
/mmfs1/gscratch/vsm/elizap/MiniNeptuneGrid26_PostBac/Installation&Setup_Instructions/picasofiles/reference
/mmfs1/gscratch/vsm/elizap/MiniNeptuneGrid26_PostBac/Installation&Setup_Instructions/picasofiles/grp/redcat/trds
/mmfs1/gscratch/vsm/elizap/MiniNeptuneGrid26_PostBac/Installation&Setup_Instructions/picasofiles/reference
/mmfs1/gscratch/vsm/elizap/MiniNeptuneGrid26_PostBac/Installation&Setup_Instructions/picasofiles/grp/redcat/trds
/mmfs1/gscratch/vsm/elizap/MiniNeptuneGrid26_PostBac/Installation&Setup_Instructions/picasofiles/reference
/mmfs1/gscratch/vsm/elizap/MiniNeptuneGrid26_PostBac/Installation&Setup_Instructions/picasofiles/grp/redcat/trds
/mmfs1/gscratch/vsm/elizap/MiniNeptuneGrid26_PostBac/Installation&Setup_Instructions/picasofiles/reference
/mmfs1/gscratch/vsm/elizap/MiniNeptuneGrid26_PostBac/Installation&Setup_Instructions/picasofiles/grp/redcat/trds
/mmfs1/gscratch/vsm/elizap/MiniNeptuneGrid26_PostBac/Installation&Setup_Instructions/picasofiles/reference
/mmfs1/gscratch/vsm/elizap/MiniNeptuneGrid26_PostBac/Installation&Setup_Instructions/picasofiles/grp/redcat/trds
/mmfs1/gscratch/vsm/elizap/MiniNeptuneGrid26_PostBac/Installation&Setup_Instructions/picasofiles/reference
/mmfs1/gscratch/vsm/elizap/MiniNeptuneGrid26_PostBac/Installation&Setup_Instructions/picasofiles/grp/redcat/trds
/mmfs1/gscratch/vsm/elizap/MiniNeptuneGrid26_PostBac/Installation&Setup_Instructions/picasofiles/reference
/mmfs1/gscratch/vsm/elizap/MiniNeptuneGrid26_PostBac/Installation&Setup_Instructions/picasofiles/grp/redcat/trds
/mmfs1/gscratch/vsm/elizap/MiniNeptuneGrid26_PostBac/Installation&Setup_Instructions/picasofiles/reference
/mmfs1/gscratch/vsm/elizap/MiniNeptuneGrid26_PostBac/Installation&Setup_Instructions/picasofiles/grp/redcat/trds
/mmfs1/gscratch/vsm/elizap/MiniNeptuneGrid26_PostBac/Installation&Setup_Instructions/picasofiles/reference
/mmfs1/gscratch/vsm/elizap/MiniNeptuneGrid26_PostBac/Installation&Setup_Instructions/picasofiles/grp/redcat/trds
/mmfs1/gscratch/vsm/elizap/MiniNeptuneGrid26_PostBac/Installation&Setup_Instructions/picasofiles/reference
/mmfs1/gscratch/vsm/elizap/MiniNeptuneGrid26_PostBac/Installation&Setup_Instructions/picasofiles/grp/redcat/trds
/mmfs1/gscratch/vsm/elizap/MiniNeptuneGrid26_PostBac/Installation&Setup_Instructions/picasofiles/reference
/mmfs1/gscratch/vsm/elizap/MiniNeptuneGrid26_PostBac/Installation&Setup_Instructions/picasofiles/grp/redcat/trds
/mmfs1/gscratch/vsm/elizap/MiniNeptuneGrid26_PostBac/Installation&Setup_Instructions/picasofiles/reference
/mmfs1/gscratch/vsm/elizap/MiniNeptuneGrid26_PostBac/Installation&Setup_Instructions/picasofiles/grp/redcat/trds
/mmfs1/gscratch/vsm/elizap/MiniNeptuneGrid26_PostBac/Installation&Setup_Instructions/picasofiles/reference
/mmfs1/gscratch/vsm/elizap/MiniNeptuneGrid26_PostBac/Installation&Setup_Instructions/picasofiles/grp/redcat/trds
/mmfs1/gscratch/vsm/elizap/MiniNeptuneGrid26_PostBac/Installation&Setup_Instructions/picasofiles/reference
/mmfs1/gscratch/vsm/elizap/MiniNeptuneGrid26_PostBac/Installation&Setup_Instructions/picasofiles/grp/redcat/trds
/mmfs1/gscratch/vsm/elizap/MiniNeptuneGrid26_PostBac/Installation&Setup_Instructions/picasofiles/reference
/mmfs1/gscratch/vsm/elizap/MiniNeptuneGrid26_PostBac/Installation&Setup_Instructions/picasofiles/grp/redcat/trds
/mmfs1/gscratch/vsm/elizap/MiniNeptuneGrid26_PostBac/Installation&Setup_Instructions/picasofiles/reference
/mmfs1/gscratch/vsm/elizap/MiniNeptuneGrid26_PostBac/Installation&Setup_Instructions/picasofiles/grp/redcat/trds
/mmfs1/gscratch/vsm/elizap/MiniNeptuneGrid26_PostBac/Installation&Setup_Instructions/picasofiles/reference
/mmfs1/gscratch/vsm/elizap/MiniNeptuneGrid26_PostBac/Installation&Setup_Instructions/picasofiles/grp/redcat/trds
/mmfs1/gscratch/vsm/elizap/MiniNeptuneGrid26_PostBac/Installation&Setup_Instructions/picasofiles/reference
/mmfs1/gscratch/vsm/elizap/MiniNeptuneGrid26_PostBac/Installation&Setup_Instructions/picasofiles/grp/redcat/trds
/mmfs1/gscratch/vsm/elizap/MiniNeptuneGrid26_PostBac/Installation&Setup_Instructions/picasofiles/reference
/mmfs1/gscratch/vsm/elizap/MiniNeptuneGrid26_PostBac/Installation&Setup_Instructions/picasofiles/grp/redcat/trds
/mmfs1/gscratch/vsm/elizap/MiniNeptuneGrid26_PostBac/Installation&Setup_Instructions/picasofiles/reference
/mmfs1/gscratch/vsm/elizap/MiniNeptuneGrid26_PostBac/Installation&Setup_Instructions/picasofiles/grp/redcat/trds
/mmfs1/gscratch/vsm/elizap/MiniNeptuneGrid26_PostBac/Installation&Setup_Instructions/picasofiles/reference
/mmfs1/gscratch/vsm/elizap/MiniNeptuneGrid26_PostBac/Installation&Setup_Instructions/picasofiles/grp/redcat/trds
/mmfs1/gscratch/vsm/elizap/MiniNeptuneGrid26_PostBac/Installation&Setup_Instructions/picasofiles/reference
/mmfs1/gscratch/vsm/elizap/MiniNeptuneGrid26_PostBac/Installation&Setup_Instructions/picasofiles/grp/redcat/trds
/mmfs1/gscratch/vsm/elizap/MiniNeptuneGrid26_PostBac/Installation&Setup_Instructions/picasofiles/reference
/mmfs1/gscratch/vsm/elizap/MiniNeptuneGrid26_PostBac/Installation&Setup_Instructions/picasofiles/grp/redcat/trds
/mmfs1/gscratch/vsm/elizap/MiniNeptuneGrid26_PostBac/Installation&Setup_Instructions/picasofiles/reference
/mmfs1/gscratch/vsm/elizap/MiniNeptuneGrid26_PostBac/Installation&Setup_Instructions/picasofiles/grp/redcat/trds
/mmfs1/gscratch/vsm/elizap/MiniNeptuneGrid26_PostBac/Installation&Setup_Instructions/picasofiles/reference
/mmfs1/gscratch/vsm/elizap/MiniNeptuneGrid26_PostBac/Installation&Setup_Instructions/picasofiles/grp/redcat/trds
/mmfs1/gscratch/vsm/elizap/MiniNeptuneGrid26_PostBac/Installation&Setup_Instructions/picasofiles/reference
/mmfs1/gscratch/vsm/elizap/MiniNeptuneGrid26_PostBac/Installation&Setup_Instructions/picasofiles/grp/redcat/trds
/mmfs1/gscratch/vsm/elizap/MiniNeptuneGrid26_PostBac/Installation&Setup_Instructions/picasofiles/reference
/mmfs1/gscratch/vsm/elizap/MiniNeptuneGrid26_PostBac/Installation&Setup_Instructions/picasofiles/grp/redcat/trds
/mmfs1/gscratch/vsm/elizap/MiniNeptuneGrid26_PostBac/Installation&Setup_Instructions/picasofiles/reference
/mmfs1/gscratch/vsm/elizap/MiniNeptuneGrid26_PostBac/Installation&Setup_Instructions/picasofiles/grp/redcat/trds
/mmfs1/gscratch/vsm/elizap/MiniNeptuneGrid26_PostBac/Installation&Setup_Instructions/picasofiles/reference
/mmfs1/gscratch/vsm/elizap/MiniNeptuneGrid26_PostBac/Installation&Setup_Instructions/picasofiles/grp/redcat/trds
/mmfs1/gscratch/vsm/elizap/MiniNeptuneGrid26_PostBac/Installation&Setup_Instructions/picasofiles/reference
/mmfs1/gscratch/vsm/elizap/MiniNeptuneGrid26_PostBac/Installation&Setup_Instructions/picasofiles/grp/redcat/trds
/mmfs1/gscratch/vsm/elizap/MiniNeptuneGrid26_PostBac/Installation&Setup_Instructions/picasofiles/reference
/mmfs1/gscratch/vsm/elizap/MiniNeptuneGrid26_PostBac/Installation&Setup_Instructions/picasofiles/grp/redcat/trds
/mmfs1/gscratch/vsm/elizap/MiniNeptuneGrid26_PostBac/Installation&Setup_Instructions/picasofiles/reference
/mmfs1/gscratch/vsm/elizap/MiniNeptuneGrid26_PostBac/Installation&Setup_Instructions/picasofiles/grp/redcat/trds
/mmfs1/gscratch/vsm/elizap/MiniNeptuneGrid26_PostBac/Installation&Setup_Instructions/picasofiles/reference
/mmfs1/gscratch/vsm/elizap/MiniNeptuneGrid26_PostBac/Installation&Setup_Instructions/picasofiles/grp/redcat/trds
/mmfs1/gscratch/vsm/elizap/MiniNeptuneGrid26_PostBac/Installation&Setup_Instructions/picasofiles/reference
/mmfs1/gscratch/vsm/elizap/MiniNeptuneGrid26_PostBac/Installation&Setup_Instructions/picasofiles/grp/redcat/trds
/mmfs1/gscratch/vsm/elizap/MiniNeptuneGrid26_PostBac/Installation&Setup_Instructions/picasofiles/reference
/mmfs1/gscratch/vsm/elizap/MiniNeptuneGrid26_PostBac/Installation&Setup_Instructions/picasofiles/grp/redcat/trds
/mmfs1/gscratch/vsm/elizap/MiniNeptuneGrid26_PostBac/Installation&Setup_Instructions/picasofiles/reference
/mmfs1/gscratch/vsm/elizap/MiniNeptuneGrid26_PostBac/Installation&Setup_Instructions/picasofiles/grp/redcat/trds
/mmfs1/gscratch/vsm/elizap/MiniNeptuneGrid26_PostBac/Installation&Setup_Instructions/picasofiles/reference
/mmfs1/gscratch/vsm/elizap/MiniNeptuneGrid26_PostBac/Installation&Setup_Instructions/picasofiles/grp/redcat/trds

===================================================================================
=   BAD TERMINATION OF ONE OF YOUR APPLICATION PROCESSES
=   PID 24418 RUNNING AT n3388
=   EXIT CODE: 9
=   CLEANING UP REMAINING PROCESSES
=   YOU CAN IGNORE THE BELOW CLEANUP MESSAGES
===================================================================================
