/mmfs1/gscratch/stf/elizap/MiniNeptuneGrid26_PostBac/Installation&Setup_Instructions/picasofiles/reference
/mmfs1/gscratch/stf/elizap/MiniNeptuneGrid26_PostBac/Installation&Setup_Instructions/picasofiles/grp/redcat/trds
The stellar flux file already exists
This is the input list: [1.6e+00 3.5e+00 2.0e+01 1.0e+01 1.0e-02]
Was able to successfully find your input parameters in the PICASO TP profile grid!
/mmfs1/gscratch/stf/elizap/MiniNeptuneGrid26_PostBac/Installation&Setup_Instructions/picasofiles/reference
/mmfs1/gscratch/stf/elizap/MiniNeptuneGrid26_PostBac/Installation&Setup_Instructions/picasofiles/grp/redcat/trds
The stellar flux file already exists
This is the input list: [1.6e+00 5.0e-01 2.0e+01 1.0e+01 1.0e-02]
Was able to successfully find your input parameters in the PICASO TP profile grid!
/mmfs1/gscratch/stf/elizap/MiniNeptuneGrid26_PostBac/Installation&Setup_Instructions/picasofiles/reference
/mmfs1/gscratch/stf/elizap/MiniNeptuneGrid26_PostBac/Installation&Setup_Instructions/picasofiles/grp/redcat/trds
The stellar flux file already exists
This is the input list: [1.6e+00 3.5e+00 2.0e+01 3.0e-01 1.0e-02]
Was able to successfully find your input parameters in the PICASO TP profile grid!
/mmfs1/gscratch/stf/elizap/MiniNeptuneGrid26_PostBac/Installation&Setup_Instructions/picasofiles/reference
/mmfs1/gscratch/stf/elizap/MiniNeptuneGrid26_PostBac/Installation&Setup_Instructions/picasofiles/grp/redcat/trds
The stellar flux file already exists
This is the input list: [1.6e+00 3.5e+00 2.0e+01 3.0e-01 1.0e-02]
Was able to successfully find your input parameters in the PICASO TP profile grid!
/mmfs1/gscratch/stf/elizap/MiniNeptuneGrid26_PostBac/Installation&Setup_Instructions/picasofiles/reference
/mmfs1/gscratch/stf/elizap/MiniNeptuneGrid26_PostBac/Installation&Setup_Instructions/picasofiles/grp/redcat/trds
The stellar flux file already exists
This is the input list: [1.6e+00 3.5e+00 2.0e+01 1.0e+01 1.0e-02]
Was able to successfully find your input parameters in the PICASO TP profile grid!
/mmfs1/gscratch/stf/elizap/MiniNeptuneGrid26_PostBac/Installation&Setup_Instructions/picasofiles/reference
/mmfs1/gscratch/stf/elizap/MiniNeptuneGrid26_PostBac/Installation&Setup_Instructions/picasofiles/grp/redcat/trds
The stellar flux file already exists
This is the input list: [ 1.6  3.5 20.  10.   1. ]
Was able to successfully find your input parameters in the PICASO TP profile grid!
/mmfs1/gscratch/stf/elizap/MiniNeptuneGrid26_PostBac/Installation&Setup_Instructions/picasofiles/reference
/mmfs1/gscratch/stf/elizap/MiniNeptuneGrid26_PostBac/Installation&Setup_Instructions/picasofiles/grp/redcat/trds
The stellar flux file already exists
This is the input list: [ 1.6  3.5 20.  10.   1. ]
Was able to successfully find your input parameters in the PICASO TP profile grid!

===================================================================================
=   BAD TERMINATION OF ONE OF YOUR APPLICATION PROCESSES
=   PID 15777 RUNNING AT n3441
=   EXIT CODE: 9
=   CLEANING UP REMAINING PROCESSES
=   YOU CAN IGNORE THE BELOW CLEANUP MESSAGES
===================================================================================
YOUR APPLICATION TERMINATED WITH THE EXIT STRING: Segmentation fault (signal 11)
This typically refers to a problem with your application.
Please see the FAQ page for debugging suggestions
