/mmfs1/gscratch/vsm/elizap/MiniNeptuneGrid26_PostBac/Installation&Setup_Instructions/picasofiles/reference
/mmfs1/gscratch/vsm/elizap/MiniNeptuneGrid26_PostBac/Installation&Setup_Instructions/picasofiles/grp/redcat/trds
[21] Was able to successfully find your input parameters in the PICASO TP profile grid!
[21] nsteps = 100  longdy = 5.7e-01  max_dT = 4.5e+00  max_dlog10edd = 0.0e+00  TOA_pressure = 1.3e-07
[21] nsteps = 200  longdy = 2.2e+00  max_dT = 4.5e+00  max_dlog10edd = 0.0e+00  TOA_pressure = 1.3e-07
[21] nsteps = 300  longdy = 3.8e+01  max_dT = 4.7e+00  max_dlog10edd = 0.0e+00  TOA_pressure = 1.3e-07
[21] nsteps = 400  longdy = 5.8e-01  max_dT = 5.0e+00  max_dlog10edd = 0.0e+00  TOA_pressure = 1.3e-07
[21] nsteps = 500  longdy = 5.9e-02  max_dT = 5.1e+00  max_dlog10edd = 0.0e+00  TOA_pressure = 1.3e-07
[21] nsteps = 600  longdy = 3.3e-02  max_dT = 5.1e+00  max_dlog10edd = 0.0e+00  TOA_pressure = 1.3e-07
[21] nsteps = 639  longdy = 3.0e-02  max_dT = 5.1e+00  max_dlog10edd = 0.0e+00  TOA_pressure = 1.3e-07
[21] nsteps = 739  longdy = 2.5e-02  max_dT = 5.0e-01  max_dlog10edd = 0.0e+00  TOA_pressure = 1.4e-07
[21] nsteps = 839  longdy = 2.9e-02  max_dT = 5.0e-01  max_dlog10edd = 0.0e+00  TOA_pressure = 1.4e-07
[21] nsteps = 939  longdy = 3.1e-03  max_dT = 5.0e-01  max_dlog10edd = 0.0e+00  TOA_pressure = 1.4e-07
[21] nsteps = 940  longdy = 6.0e-03  max_dT = 5.0e-01  max_dlog10edd = 0.0e+00  TOA_pressure = 1.4e-07
[21] This is for the input value of planet radius:2.0, metal:0.5, tint:50.0, semi major:0.7, ctoO: 0.2575, log_Kzz: 9.0
[21] Was able to successfully find your input parameters in the PICASO TP profile grid!
[21] nsteps = 100  longdy = 5.1e-01  max_dT = 3.2e+00  max_dlog10edd = 0.0e+00  TOA_pressure = 1.2e-07
[21] nsteps = 200  longdy = 2.9e+00  max_dT = 3.2e+00  max_dlog10edd = 0.0e+00  TOA_pressure = 1.2e-07
[21] nsteps = 300  longdy = 2.4e+02  max_dT = 3.2e+00  max_dlog10edd = 0.0e+00  TOA_pressure = 1.2e-07
[21] nsteps = 400  longdy = 1.4e+02  max_dT = 3.2e+00  max_dlog10edd = 0.0e+00  TOA_pressure = 1.2e-07
[21] nsteps = 500  longdy = 4.3e+01  max_dT = 3.2e+00  max_dlog10edd = 0.0e+00  TOA_pressure = 1.3e-07
[21] nsteps = 600  longdy = 6.7e+00  max_dT = 3.2e+00  max_dlog10edd = 0.0e+00  TOA_pressure = 1.3e-07
[21] nsteps = 700  longdy = 5.9e-02  max_dT = 3.2e+00  max_dlog10edd = 0.0e+00  TOA_pressure = 1.4e-07
[21] nsteps = 800  longdy = 4.9e-02  max_dT = 3.2e+00  max_dlog10edd = 0.0e+00  TOA_pressure = 1.4e-07
[21] nsteps = 803  longdy = 2.5e-02  max_dT = 3.2e+00  max_dlog10edd = 0.0e+00  TOA_pressure = 1.4e-07
[21] This is for the input value of planet radius:2.0, metal:0.5, tint:100.0, semi major:0.7, ctoO: 0.2575, log_Kzz: 7.0
[21] Was able to successfully find your input parameters in the PICASO TP profile grid!
[21] nsteps = 100  longdy = 8.5e-01  max_dT = 2.9e+00  max_dlog10edd = 0.0e+00  TOA_pressure = 1.2e-07
[21] nsteps = 200  longdy = 2.4e+00  max_dT = 2.9e+00  max_dlog10edd = 0.0e+00  TOA_pressure = 1.2e-07
[21] nsteps = 300  longdy = 9.9e-01  max_dT = 2.9e+00  max_dlog10edd = 0.0e+00  TOA_pressure = 1.2e-07
[21] nsteps = 400  longdy = 8.6e+02  max_dT = 3.4e+00  max_dlog10edd = 0.0e+00  TOA_pressure = 1.2e-07
[21] nsteps = 500  longdy = 2.1e+01  max_dT = 3.9e+00  max_dlog10edd = 0.0e+00  TOA_pressure = 1.3e-07
[21] nsteps = 600  longdy = 2.2e+00  max_dT = 3.8e+00  max_dlog10edd = 0.0e+00  TOA_pressure = 1.3e-07
[21] nsteps = 700  longdy = 3.7e-01  max_dT = 2.6e+00  max_dlog10edd = 0.0e+00  TOA_pressure = 1.3e-07
[21] nsteps = 800  longdy = 3.5e-01  max_dT = 2.5e+00  max_dlog10edd = 0.0e+00  TOA_pressure = 1.3e-07
[21] nsteps = 900  longdy = 2.5e-01  max_dT = 2.5e+00  max_dlog10edd = 0.0e+00  TOA_pressure = 1.3e-07
[21] nsteps = 1000  longdy = 1.6e-01  max_dT = 2.4e+00  max_dlog10edd = 0.0e+00  TOA_pressure = 1.3e-07
[21] nsteps = 1100  longdy = 6.4e-02  max_dT = 7.6e-01  max_dlog10edd = 0.0e+00  TOA_pressure = 1.4e-07
[21] nsteps = 1200  longdy = 7.1e-01  max_dT = 9.5e-01  max_dlog10edd = 0.0e+00  TOA_pressure = 1.4e-07
[21] nsteps = 1300  longdy = 1.6e+00  max_dT = 9.0e-01  max_dlog10edd = 0.0e+00  TOA_pressure = 1.4e-07
[21] nsteps = 1400  longdy = 5.4e-01  max_dT = 8.8e-01  max_dlog10edd = 0.0e+00  TOA_pressure = 1.4e-07
[21] nsteps = 1500  longdy = 5.8e-01  max_dT = 8.8e-01  max_dlog10edd = 0.0e+00  TOA_pressure = 1.4e-07
[21] nsteps = 1600  longdy = 5.9e-01  max_dT = 8.8e-01  max_dlog10edd = 0.0e+00  TOA_pressure = 1.4e-07
[21] nsteps = 1700  longdy = 6.1e-01  max_dT = 8.8e-01  max_dlog10edd = 0.0e+00  TOA_pressure = 1.4e-07
[21] nsteps = 1800  longdy = 6.2e-01  max_dT = 8.9e-01  max_dlog10edd = 0.0e+00  TOA_pressure = 1.4e-07
[21] nsteps = 1900  longdy = 6.2e-01  max_dT = 8.9e-01  max_dlog10edd = 0.0e+00  TOA_pressure = 1.4e-07
[21] nsteps = 2000  longdy = 6.3e-01  max_dT = 8.9e-01  max_dlog10edd = 0.0e+00  TOA_pressure = 1.4e-07
[21] nsteps = 2100  longdy = 2.4e-02  max_dT = 3.2e-01  max_dlog10edd = 0.0e+00  TOA_pressure = 1.4e-07
[21] nsteps = 2200  longdy = 1.9e-02  max_dT = 3.2e-01  max_dlog10edd = 0.0e+00  TOA_pressure = 1.4e-07
[21] nsteps = 2300  longdy = 1.4e-02  max_dT = 3.2e-01  max_dlog10edd = 0.0e+00  TOA_pressure = 1.4e-07
[21] nsteps = 2301  longdy = 8.3e-03  max_dT = 3.2e-01  max_dlog10edd = 0.0e+00  TOA_pressure = 1.4e-07
[21] This is for the input value of planet radius:2.0, metal:0.5, tint:100.0, semi major:2.0, ctoO: 0.01, log_Kzz: 7.0
[21] Was able to successfully find your input parameters in the PICASO TP profile grid!
[21] nsteps = 100  longdy = 5.7e-01  max_dT = 2.6e+00  max_dlog10edd = 0.0e+00  TOA_pressure = 1.2e-07
[21] nsteps = 200  longdy = 6.1e+00  max_dT = 2.6e+00  max_dlog10edd = 0.0e+00  TOA_pressure = 1.2e-07
[21] nsteps = 300  longdy = 9.1e+02  max_dT = 2.6e+00  max_dlog10edd = 0.0e+00  TOA_pressure = 1.2e-07
[21] nsteps = 400  longdy = 6.2e+02  max_dT = 2.6e+00  max_dlog10edd = 0.0e+00  TOA_pressure = 1.2e-07
[21] nsteps = 500  longdy = 1.2e+02  max_dT = 2.7e+00  max_dlog10edd = 0.0e+00  TOA_pressure = 1.2e-07
[21] nsteps = 600  longdy = 3.0e+01  max_dT = 2.9e+00  max_dlog10edd = 0.0e+00  TOA_pressure = 1.3e-07
[21] nsteps = 700  longdy = 3.0e+00  max_dT = 3.2e+00  max_dlog10edd = 0.0e+00  TOA_pressure = 1.4e-07
[21] nsteps = 800  longdy = 4.6e-01  max_dT = 2.5e+00  max_dlog10edd = 0.0e+00  TOA_pressure = 1.4e-07
[21] nsteps = 900  longdy = 4.4e-01  max_dT = 2.5e+00  max_dlog10edd = 0.0e+00  TOA_pressure = 1.4e-07
[21] nsteps = 1000  longdy = 3.6e-01  max_dT = 2.5e+00  max_dlog10edd = 0.0e+00  TOA_pressure = 1.4e-07
[21] nsteps = 1100  longdy = 1.3e-01  max_dT = 1.7e+00  max_dlog10edd = 0.0e+00  TOA_pressure = 1.1e-07
[21] nsteps = 1200  longdy = 4.0e-02  max_dT = 1.8e+00  max_dlog10edd = 0.0e+00  TOA_pressure = 1.1e-07
[21] nsteps = 1300  longdy = 3.5e-02  max_dT = 1.8e+00  max_dlog10edd = 0.0e+00  TOA_pressure = 1.1e-07
[21] nsteps = 1303  longdy = 2.6e-02  max_dT = 1.8e+00  max_dlog10edd = 0.0e+00  TOA_pressure = 1.1e-07
[21] This is for the input value of planet radius:2.0, metal:0.5, tint:150.0, semi major:0.7, ctoO: 0.01, log_Kzz: 7.0
[21] Was able to successfully find your input parameters in the PICASO TP profile grid!
[21] nsteps = 100  longdy = 5.0e-01  max_dT = 1.7e+00  max_dlog10edd = 0.0e+00  TOA_pressure = 1.2e-07
[21] nsteps = 200  longdy = 8.7e-01  max_dT = 1.7e+00  max_dlog10edd = 0.0e+00  TOA_pressure = 1.2e-07
[21] nsteps = 300  longdy = 1.3e+00  max_dT = 1.7e+00  max_dlog10edd = 0.0e+00  TOA_pressure = 1.2e-07
[21] nsteps = 400  longdy = 9.8e-01  max_dT = 1.8e+00  max_dlog10edd = 0.0e+00  TOA_pressure = 1.3e-07
[21] nsteps = 500  longdy = 9.9e-01  max_dT = 2.4e+00  max_dlog10edd = 0.0e+00  TOA_pressure = 1.3e-07
[21] nsteps = 600  longdy = 1.0e+00  max_dT = 2.4e+00  max_dlog10edd = 0.0e+00  TOA_pressure = 1.2e-07
[21] nsteps = 700  longdy = 8.6e-01  max_dT = 1.5e+00  max_dlog10edd = 0.0e+00  TOA_pressure = 1.2e-07
[21] nsteps = 800  longdy = 2.7e-01  max_dT = 1.4e+00  max_dlog10edd = 0.0e+00  TOA_pressure = 1.2e-07
[21] nsteps = 900  longdy = 6.2e-02  max_dT = 1.4e+00  max_dlog10edd = 0.0e+00  TOA_pressure = 1.2e-07
[21] nsteps = 945  longdy = 3.0e-02  max_dT = 1.4e+00  max_dlog10edd = 0.0e+00  TOA_pressure = 1.2e-07
[21] This is for the input value of planet radius:2.0, metal:0.5, tint:150.0, semi major:2.0, ctoO: 1.0, log_Kzz: 9.0/mmfs1/gscratch/vsm/elizap/MiniNeptuneGrid26_PostBac/Installation&Setup_Instructions/picasofiles/reference
/mmfs1/gscratch/vsm/elizap/MiniNeptuneGrid26_PostBac/Installation&Setup_Instructions/picasofiles/grp/redcat/trds
[65] Was able to successfully find your input parameters in the PICASO TP profile grid!
[65] nsteps = 100  longdy = 6.6e-01  max_dT = 1.7e+00  max_dlog10edd = 0.0e+00  TOA_pressure = 1.3e-07
[65] nsteps = 200  longdy = 1.2e+00  max_dT = 1.7e+00  max_dlog10edd = 0.0e+00  TOA_pressure = 1.3e-07
[65] nsteps = 300  longdy = 1.4e+00  max_dT = 1.7e+00  max_dlog10edd = 0.0e+00  TOA_pressure = 1.3e-07
[65] nsteps = 400  longdy = 9.5e+02  max_dT = 1.8e+00  max_dlog10edd = 0.0e+00  TOA_pressure = 1.3e-07
[65] nsteps = 500  longdy = 6.8e+01  max_dT = 1.8e+00  max_dlog10edd = 0.0e+00  TOA_pressure = 1.3e-07
[65] nsteps = 600  longdy = 2.7e+01  max_dT = 2.0e+00  max_dlog10edd = 0.0e+00  TOA_pressure = 1.3e-07
[65] nsteps = 700  longdy = 1.5e+00  max_dT = 2.0e+00  max_dlog10edd = 0.0e+00  TOA_pressure = 1.3e-07
[65] nsteps = 800  longdy = 9.2e-02  max_dT = 1.8e+00  max_dlog10edd = 0.0e+00  TOA_pressure = 1.3e-07
[65] nsteps = 900  longdy = 7.1e-02  max_dT = 1.8e+00  max_dlog10edd = 0.0e+00  TOA_pressure = 1.3e-07
[65] nsteps = 1000  longdy = 5.4e-02  max_dT = 1.8e+00  max_dlog10edd = 0.0e+00  TOA_pressure = 1.3e-07
[65] nsteps = 1100  longdy = 9.2e-02  max_dT = 3.0e-01  max_dlog10edd = 0.0e+00  TOA_pressure = 1.4e-07
[65] nsteps = 1200  longdy = 3.5e-02  max_dT = 3.2e-01  max_dlog10edd = 0.0e+00  TOA_pressure = 1.4e-07
[65] nsteps = 1300  longdy = 1.2e-02  max_dT = 3.2e-01  max_dlog10edd = 0.0e+00  TOA_pressure = 1.4e-07
[65] nsteps = 1302  longdy = 2.4e-02  max_dT = 3.2e-01  max_dlog10edd = 0.0e+00  TOA_pressure = 1.4e-07
[65] This is for the input value of planet radius:2.0, metal:0.5, tint:50.0, semi major:2.0, ctoO: 0.2575, log_Kzz: 7.0
[65] Was able to successfully find your input parameters in the PICASO TP profile grid!
[65] nsteps = 100  longdy = 8.5e-01  max_dT = 2.5e+00  max_dlog10edd = 0.0e+00  TOA_pressure = 1.2e-07
[65] nsteps = 200  longdy = 1.0e+00  max_dT = 2.5e+00  max_dlog10edd = 0.0e+00  TOA_pressure = 1.2e-07
[65] nsteps = 300  longdy = 1.8e+03  max_dT = 2.5e+00  max_dlog10edd = 0.0e+00  TOA_pressure = 1.2e-07
[65] nsteps = 400  longdy = 2.0e+02  max_dT = 2.5e+00  max_dlog10edd = 0.0e+00  TOA_pressure = 1.2e-07
[65] nsteps = 500  longdy = 6.2e+01  max_dT = 2.5e+00  max_dlog10edd = 0.0e+00  TOA_pressure = 1.2e-07
[65] nsteps = 600  longdy = 2.4e+00  max_dT = 2.5e+00  max_dlog10edd = 0.0e+00  TOA_pressure = 1.3e-07
[65] nsteps = 700  longdy = 1.5e+01  max_dT = 2.5e+00  max_dlog10edd = 0.0e+00  TOA_pressure = 1.3e-07
[65] nsteps = 800  longdy = 4.8e-01  max_dT = 2.5e+00  max_dlog10edd = 0.0e+00  TOA_pressure = 1.3e-07
[65] nsteps = 900  longdy = 5.5e-01  max_dT = 2.5e+00  max_dlog10edd = 0.0e+00  TOA_pressure = 1.3e-07
[65] nsteps = 1000  longdy = 7.9e-01  max_dT = 2.4e+00  max_dlog10edd = 0.0e+00  TOA_pressure = 1.3e-07
[65] nsteps = 1100  longdy = 8.0e-01  max_dT = 4.5e-01  max_dlog10edd = 0.0e+00  TOA_pressure = 1.3e-07
[65] nsteps = 1200  longdy = 3.1e-01  max_dT = 4.5e-01  max_dlog10edd = 0.0e+00  TOA_pressure = 1.3e-07
[65] nsteps = 1300  longdy = 2.9e-01  max_dT = 4.6e-01  max_dlog10edd = 0.0e+00  TOA_pressure = 1.3e-07
[65] nsteps = 1400  longdy = 3.7e-01  max_dT = 4.6e-01  max_dlog10edd = 0.0e+00  TOA_pressure = 1.3e-07
[65] nsteps = 1500  longdy = 3.3e-01  max_dT = 4.5e-01  max_dlog10edd = 0.0e+00  TOA_pressure = 1.3e-07
[65] nsteps = 1600  longdy = 3.3e-01  max_dT = 4.5e-01  max_dlog10edd = 0.0e+00  TOA_pressure = 1.3e-07
[65] nsteps = 1700  longdy = 2.7e-01  max_dT = 4.5e-01  max_dlog10edd = 0.0e+00  TOA_pressure = 1.3e-07
[65] nsteps = 1800  longdy = 1.6e-01  max_dT = 4.5e-01  max_dlog10edd = 0.0e+00  TOA_pressure = 1.3e-07
[65] nsteps = 1900  longdy = 1.1e-01  max_dT = 4.5e-01  max_dlog10edd = 0.0e+00  TOA_pressure = 1.3e-07
[65] nsteps = 2000  longdy = 1.1e-01  max_dT = 4.5e-01  max_dlog10edd = 0.0e+00  TOA_pressure = 1.3e-07
[65] nsteps = 2100  longdy = 1.4e-01  max_dT = 3.7e-01  max_dlog10edd = 0.0e+00  TOA_pressure = 1.3e-07
[65] nsteps = 2200  longdy = 8.9e-02  max_dT = 3.7e-01  max_dlog10edd = 0.0e+00  TOA_pressure = 1.3e-07
[65] nsteps = 2300  longdy = 4.7e-03  max_dT = 3.7e-01  max_dlog10edd = 0.0e+00  TOA_pressure = 1.3e-07
[65] nsteps = 2301  longdy = 1.4e-02  max_dT = 3.7e-01  max_dlog10edd = 0.0e+00  TOA_pressure = 1.3e-07
[65] This is for the input value of planet radius:2.0, metal:0.5, tint:100.0, semi major:1.0, ctoO: 0.01, log_Kzz: 7.0
[65] Was able to successfully find your input parameters in the PICASO TP profile grid!
[65] nsteps = 100  longdy = 9.0e-01  max_dT = 3.9e+00  max_dlog10edd = 0.0e+00  TOA_pressure = 1.2e-07
[65] nsteps = 200  longdy = 1.7e+01  max_dT = 3.9e+00  max_dlog10edd = 0.0e+00  TOA_pressure = 1.2e-07
[65] nsteps = 300  longdy = 7.6e+02  max_dT = 3.9e+00  max_dlog10edd = 0.0e+00  TOA_pressure = 1.2e-07
[65] nsteps = 400  longdy = 1.1e+02  max_dT = 3.9e+00  max_dlog10edd = 0.0e+00  TOA_pressure = 1.2e-07
[65] nsteps = 500  longdy = 4.4e+01  max_dT = 3.9e+00  max_dlog10edd = 0.0e+00  TOA_pressure = 1.2e-07
[65] nsteps = 600  longdy = 8.6e+02  max_dT = 3.9e+00  max_dlog10edd = 0.0e+00  TOA_pressure = 1.4e-07
[65] nsteps = 700  longdy = 2.3e+00  max_dT = 3.8e+00  max_dlog10edd = 0.0e+00  TOA_pressure = 1.8e-07
[65] nsteps = 775  longdy = 2.4e-02  max_dT = 3.7e+00  max_dlog10edd = 0.0e+00  TOA_pressure = 1.8e-07
[65] This is for the input value of planet radius:2.0, metal:0.5, tint:150.0, semi major:0.3, ctoO: 0.01, log_Kzz: 7.0
[65] Was able to successfully find your input parameters in the PICASO TP profile grid!
[65] nsteps = 100  longdy = 5.2e-01  max_dT = 1.4e+00  max_dlog10edd = 0.0e+00  TOA_pressure = 1.2e-07
[65] nsteps = 200  longdy = 4.8e+00  max_dT = 1.4e+00  max_dlog10edd = 0.0e+00  TOA_pressure = 1.2e-07
[65] nsteps = 300  longdy = 7.9e+01  max_dT = 1.4e+00  max_dlog10edd = 0.0e+00  TOA_pressure = 1.2e-07
[65] nsteps = 400  longdy = 2.9e+02  max_dT = 1.4e+00  max_dlog10edd = 0.0e+00  TOA_pressure = 1.2e-07
[65] nsteps = 500  longdy = 2.6e+03  max_dT = 1.4e+00  max_dlog10edd = 0.0e+00  TOA_pressure = 1.2e-07
[65] nsteps = 600  longdy = 5.7e+03  max_dT = 1.5e+00  max_dlog10edd = 0.0e+00  TOA_pressure = 1.2e-07
[65] nsteps = 700  longdy = 3.4e+03  max_dT = 1.5e+00  max_dlog10edd = 0.0e+00  TOA_pressure = 1.2e-07
[65] nsteps = 800  longdy = 2.0e+04  max_dT = 1.5e+00  max_dlog10edd = 0.0e+00  TOA_pressure = 1.2e-07
[65] nsteps = 900  longdy = 2.5e+04  max_dT = 1.5e+00  max_dlog10edd = 0.0e+00  TOA_pressure = 1.3e-07
[65] nsteps = 1000  longdy = 4.8e+04  max_dT = 1.5e+00  max_dlog10edd = 0.0e+00  TOA_pressure = 1.3e-07
[65] nsteps = 1100  longdy = 2.5e-01  max_dT = 1.1e+00  max_dlog10edd = 0.0e+00  TOA_pressure = 1.1e-07
[65] nsteps = 1200  longdy = 7.7e+01  max_dT = 1.0e+00  max_dlog10edd = 0.0e+00  TOA_pressure = 1.1e-07
[65] nsteps = 1300  longdy = 3.7e+02  max_dT = 9.9e-01  max_dlog10edd = 0.0e+00  TOA_pressure = 1.1e-07
[65] nsteps = 1400  longdy = 1.3e+02  max_dT = 8.7e-01  max_dlog10edd = 0.0e+00  TOA_pressure = 1.1e-07
[65] nsteps = 1500  longdy = 3.2e+02  max_dT = 5.8e-01  max_dlog10edd = 0.0e+00  TOA_pressure = 1.2e-07
[65] nsteps = 1600  longdy = 8.3e+01  max_dT = 9.1e-01  max_dlog10edd = 0.0e+00  TOA_pressure = 1.3e-07
[65] nsteps = 1700  longdy = 7.9e+01  max_dT = 2.6e+00  max_dlog10edd = 0.0e+00  TOA_pressure = 1.4e-07
[65] nsteps = 1800  longdy = 1.0e+00  max_dT = 5.7e+00  max_dlog10edd = 0.0e+00  TOA_pressure = 1.6e-07
[65] nsteps = 1861  longdy = 2.9e-02  max_dT = 5.3e+00  max_dlog10edd = 0.0e+00  TOA_pressure = 1.5e-07
[65] nsteps = 1961  longdy = 7.0e-01  max_dT = 5.9e-01  max_dlog10edd = 0.0e+00  TOA_pressure = 1.1e-07
[65] nsteps = 2061  longdy = 5.0e-02  max_dT = 5.4e-01  max_dlog10edd = 0.0e+00  TOA_pressure = 1.1e-07
[65] nsteps = 2161  longdy = 1.4e-02  max_dT = 5.4e-01  max_dlog10edd = 0.0e+00  TOA_pressure = 1.1e-07
[65] nsteps = 2162  longdy = 7.3e-03  max_dT = 5.4e-01  max_dlog10edd = 0.0e+00  TOA_pressure = 1.1e-07
[65] This is for the input value of planet radius:2.0, metal:0.5, tint:150.0, semi major:1.0, ctoO: 0.2575, log_Kzz: 5.0
/mmfs1/gscratch/vsm/elizap/MiniNeptuneGrid26_PostBac/Installation&Setup_Instructions/picasofiles/reference
/mmfs1/gscratch/vsm/elizap/MiniNeptuneGrid26_PostBac/Installation&Setup_Instructions/picasofiles/grp/redcat/trds
[7] Was able to successfully find your input parameters in the PICASO TP profile grid!
[7] nsteps = 100  longdy = 9.0e-01  max_dT = 4.8e+00  max_dlog10edd = 0.0e+00  TOA_pressure = 1.2e-07
[7] nsteps = 200  longdy = 1.0e+01  max_dT = 4.8e+00  max_dlog10edd = 0.0e+00  TOA_pressure = 1.2e-07
[7] nsteps = 300  longdy = 2.7e+02  max_dT = 4.8e+00  max_dlog10edd = 0.0e+00  TOA_pressure = 1.2e-07
[7] nsteps = 400  longdy = 2.7e+02  max_dT = 4.8e+00  max_dlog10edd = 0.0e+00  TOA_pressure = 1.2e-07
[7] nsteps = 500  longdy = 8.5e+01  max_dT = 4.8e+00  max_dlog10edd = 0.0e+00  TOA_pressure = 1.2e-07
[7] nsteps = 600  longdy = 1.9e+03  max_dT = 4.8e+00  max_dlog10edd = 0.0e+00  TOA_pressure = 1.3e-07
[7] nsteps = 700  longdy = 7.2e+02  max_dT = 4.8e+00  max_dlog10edd = 0.0e+00  TOA_pressure = 1.5e-07
[7] nsteps = 800  longdy = 2.5e+02  max_dT = 4.8e+00  max_dlog10edd = 0.0e+00  TOA_pressure = 1.6e-07
[7] nsteps = 900  longdy = 1.0e+02  max_dT = 4.8e+00  max_dlog10edd = 0.0e+00  TOA_pressure = 1.7e-07
[7] nsteps = 1000  longdy = 1.1e+02  max_dT = 4.8e+00  max_dlog10edd = 0.0e+00  TOA_pressure = 1.6e-07
[7] nsteps = 1100  longdy = 7.7e-02  max_dT = 8.9e-01  max_dlog10edd = 0.0e+00  TOA_pressure = 1.2e-07
[7] nsteps = 1200  longdy = 1.3e+02  max_dT = 2.0e+00  max_dlog10edd = 0.0e+00  TOA_pressure = 1.2e-07
[7] nsteps = 1300  longdy = 3.1e+03  max_dT = 3.9e+00  max_dlog10edd = 0.0e+00  TOA_pressure = 1.3e-07
[7] nsteps = 1400  longdy = 8.0e+02  max_dT = 5.7e+00  max_dlog10edd = 0.0e+00  TOA_pressure = 1.4e-07
[7] nsteps = 1500  longdy = 1.6e+00  max_dT = 6.7e+00  max_dlog10edd = 0.0e+00  TOA_pressure = 1.6e-07
[7] nsteps = 1600  longdy = 6.0e-01  max_dT = 6.8e+00  max_dlog10edd = 0.0e+00  TOA_pressure = 1.6e-07
[7] nsteps = 1700  longdy = 4.1e-01  max_dT = 6.8e+00  max_dlog10edd = 0.0e+00  TOA_pressure = 1.6e-07
[7] nsteps = 1800  longdy = 3.6e-01  max_dT = 6.8e+00  max_dlog10edd = 0.0e+00  TOA_pressure = 1.6e-07
[7] nsteps = 1900  longdy = 3.2e-01  max_dT = 6.8e+00  max_dlog10edd = 0.0e+00  TOA_pressure = 1.6e-07
[7] nsteps = 2000  longdy = 2.9e-01  max_dT = 6.8e+00  max_dlog10edd = 0.0e+00  TOA_pressure = 1.6e-07
[7] nsteps = 2100  longdy = 6.6e-02  max_dT = 1.7e+00  max_dlog10edd = 0.0e+00  TOA_pressure = 1.1e-07
[7] nsteps = 2200  longdy = 1.2e-01  max_dT = 1.8e+00  max_dlog10edd = 0.0e+00  TOA_pressure = 1.1e-07
[7] nsteps = 2300  longdy = 1.1e-01  max_dT = 1.9e+00  max_dlog10edd = 0.0e+00  TOA_pressure = 1.1e-07
[7] nsteps = 2304  longdy = 2.4e-02  max_dT = 1.9e+00  max_dlog10edd = 0.0e+00  TOA_pressure = 1.1e-07
[7] This is for the input value of planet radius:2.0, metal:0.5, tint:50.0, semi major:0.3, ctoO: 0.505, log_Kzz: 5.0
[7] Was able to successfully find your input parameters in the PICASO TP profile grid!
[7] nsteps = 100  longdy = 5.4e-01  max_dT = 1.3e+00  max_dlog10edd = 0.0e+00  TOA_pressure = 1.3e-07
[7] nsteps = 200  longdy = 4.2e+00  max_dT = 1.3e+00  max_dlog10edd = 0.0e+00  TOA_pressure = 1.3e-07
[7] nsteps = 300  longdy = 1.4e+00  max_dT = 1.3e+00  max_dlog10edd = 0.0e+00  TOA_pressure = 1.3e-07
[7] nsteps = 400  longdy = 3.1e+00  max_dT = 2.0e+00  max_dlog10edd = 0.0e+00  TOA_pressure = 1.3e-07
[7] nsteps = 500  longdy = 1.8e+02  max_dT = 2.6e+00  max_dlog10edd = 0.0e+00  TOA_pressure = 1.3e-07
[7] nsteps = 600  longdy = 1.6e+01  max_dT = 3.1e+00  max_dlog10edd = 0.0e+00  TOA_pressure = 1.3e-07
[7] nsteps = 700  longdy = 5.0e+03  max_dT = 3.4e+00  max_dlog10edd = 0.0e+00  TOA_pressure = 1.3e-07
[7] nsteps = 800  longdy = 1.0e+00  max_dT = 3.5e+00  max_dlog10edd = 0.0e+00  TOA_pressure = 1.3e-07
[7] nsteps = 900  longdy = 1.0e+00  max_dT = 2.7e+00  max_dlog10edd = 0.0e+00  TOA_pressure = 1.3e-07
[7] nsteps = 1000  longdy = 1.0e+00  max_dT = 2.7e+00  max_dlog10edd = 0.0e+00  TOA_pressure = 1.3e-07
[7] nsteps = 1100  longdy = 2.9e-01  max_dT = 1.5e+00  max_dlog10edd = 0.0e+00  TOA_pressure = 1.6e-07
[7] nsteps = 1200  longdy = 5.3e-01  max_dT = 1.5e+00  max_dlog10edd = 0.0e+00  TOA_pressure = 1.6e-07
[7] nsteps = 1300  longdy = 5.0e-01  max_dT = 1.5e+00  max_dlog10edd = 0.0e+00  TOA_pressure = 1.6e-07
[7] nsteps = 1400  longdy = 4.9e-01  max_dT = 1.5e+00  max_dlog10edd = 0.0e+00  TOA_pressure = 1.6e-07
[7] nsteps = 1500  longdy = 4.8e-01  max_dT = 1.5e+00  max_dlog10edd = 0.0e+00  TOA_pressure = 1.6e-07
[7] nsteps = 1600  longdy = 4.7e-01  max_dT = 1.5e+00  max_dlog10edd = 0.0e+00  TOA_pressure = 1.6e-07
[7] nsteps = 1700  longdy = 4.7e-01  max_dT = 1.5e+00  max_dlog10edd = 0.0e+00  TOA_pressure = 1.6e-07
[7] nsteps = 1800  longdy = 4.6e-01  max_dT = 1.5e+00  max_dlog10edd = 0.0e+00  TOA_pressure = 1.6e-07
[7] nsteps = 1900  longdy = 4.4e-01  max_dT = 1.5e+00  max_dlog10edd = 0.0e+00  TOA_pressure = 1.6e-07
[7] nsteps = 2000  longdy = 3.9e-01  max_dT = 1.5e+00  max_dlog10edd = 0.0e+00  TOA_pressure = 1.6e-07
[7] nsteps = 2100  longdy = 3.7e-02  max_dT = 4.8e-01  max_dlog10edd = 0.0e+00  TOA_pressure = 1.6e-07
[7] nsteps = 2200  longdy = 5.0e-02  max_dT = 4.8e-01  max_dlog10edd = 0.0e+00  TOA_pressure = 1.6e-07
[7] nsteps = 2300  longdy = 6.6e-02  max_dT = 4.8e-01  max_dlog10edd = 0.0e+00  TOA_pressure = 1.6e-07
[7] nsteps = 2400  longdy = 8.5e-02  max_dT = 4.8e-01  max_dlog10edd = 0.0e+00  TOA_pressure = 1.6e-07
[7] nsteps = 2500  longdy = 1.0e-01  max_dT = 4.8e-01  max_dlog10edd = 0.0e+00  TOA_pressure = 1.6e-07
[7] nsteps = 2600  longdy = 1.2e-01  max_dT = 4.8e-01  max_dlog10edd = 0.0e+00  TOA_pressure = 1.6e-07
[7] nsteps = 2700  longdy = 1.3e-01  max_dT = 4.8e-01  max_dlog10edd = 0.0e+00  TOA_pressure = 1.6e-07
[7] nsteps = 2800  longdy = 1.4e-01  max_dT = 4.8e-01  max_dlog10edd = 0.0e+00  TOA_pressure = 1.6e-07
[7] nsteps = 2900  longdy = 1.5e-01  max_dT = 4.8e-01  max_dlog10edd = 0.0e+00  TOA_pressure = 1.6e-07
[7] nsteps = 3000  longdy = 1.6e-01  max_dT = 4.8e-01  max_dlog10edd = 0.0e+00  TOA_pressure = 1.6e-07
[7] nsteps = 3100  longdy = 3.9e-01  max_dT = 1.7e+00  max_dlog10edd = 0.0e+00  TOA_pressure = 1.6e-07
[7] nsteps = 3165  longdy = 8.5e-05  max_dT = 1.7e+00  max_dlog10edd = 0.0e+00  TOA_pressure = 1.6e-07
[7] This is for the input value of planet radius:2.0, metal:0.5, tint:100.0, semi major:3.0, ctoO: 0.01, log_Kzz: 9.0
[7] Was able to successfully find your input parameters in the PICASO TP profile grid!
[7] nsteps = 100  longdy = 5.3e-01  max_dT = 1.7e+00  max_dlog10edd = 0.0e+00  TOA_pressure = 1.2e-07
[7] nsteps = 200  longdy = 8.7e-01  max_dT = 1.7e+00  max_dlog10edd = 0.0e+00  TOA_pressure = 1.2e-07
[7] nsteps = 300  longdy = 9.4e-01  max_dT = 1.8e+00  max_dlog10edd = 0.0e+00  TOA_pressure = 1.3e-07
[7] nsteps = 400  longdy = 9.9e-01  max_dT = 3.0e+00  max_dlog10edd = 0.0e+00  TOA_pressure = 1.3e-07
[7] nsteps = 500  longdy = 1.0e+00  max_dT = 2.2e+00  max_dlog10edd = 0.0e+00  TOA_pressure = 1.2e-07
[7] nsteps = 600  longdy = 9.5e-01  max_dT = 1.7e+00  max_dlog10edd = 0.0e+00  TOA_pressure = 1.2e-07
[7] nsteps = 700  longdy = 8.1e-01  max_dT = 1.5e+00  max_dlog10edd = 0.0e+00  TOA_pressure = 1.2e-07
[7] nsteps = 720  longdy = 2.3e-02  max_dT = 1.5e+00  max_dlog10edd = 0.0e+00  TOA_pressure = 1.2e-07
[7] This is for the input value of planet radius:2.0, metal:0.5, tint:150.0, semi major:2.0, ctoO: 0.2575, log_Kzz: 9.0
[7] Was able to successfully find your input parameters in the PICASO TP profile grid!
[7] nsteps = 100  longdy = 8.5e-01  max_dT = 1.8e+00  max_dlog10edd = 0.0e+00  TOA_pressure = 1.3e-07
[7] nsteps = 200  longdy = 1.4e+00  max_dT = 1.8e+00  max_dlog10edd = 0.0e+00  TOA_pressure = 1.3e-07
[7] nsteps = 300  longdy = 9.0e-01  max_dT = 1.8e+00  max_dlog10edd = 0.0e+00  TOA_pressure = 1.3e-07
[7] nsteps = 400  longdy = 1.0e+00  max_dT = 1.9e+00  max_dlog10edd = 0.0e+00  TOA_pressure = 1.3e-07
[7] nsteps = 500  longdy = 3.0e+01  max_dT = 2.1e+00  max_dlog10edd = 0.0e+00  TOA_pressure = 1.3e-07
[7] nsteps = 600  longdy = 2.0e+03  max_dT = 2.2e+00  max_dlog10edd = 0.0e+00  TOA_pressure = 1.3e-07
[7] nsteps = 700  longdy = 1.1e+04  max_dT = 2.2e+00  max_dlog10edd = 0.0e+00  TOA_pressure = 1.3e-07/mmfs1/gscratch/vsm/elizap/MiniNeptuneGrid26_PostBac/Installation&Setup_Instructions/picasofiles/reference
/mmfs1/gscratch/vsm/elizap/MiniNeptuneGrid26_PostBac/Installation&Setup_Instructions/picasofiles/grp/redcat/trds
[42] Was able to successfully find your input parameters in the PICASO TP profile grid!
[42] nsteps = 100  longdy = 5.3e-01  max_dT = 5.3e+00  max_dlog10edd = 0.0e+00  TOA_pressure = 1.3e-07
[42] nsteps = 200  longdy = 1.5e+00  max_dT = 5.3e+00  max_dlog10edd = 0.0e+00  TOA_pressure = 1.3e-07
[42] nsteps = 300  longdy = 2.3e+00  max_dT = 5.5e+00  max_dlog10edd = 0.0e+00  TOA_pressure = 1.3e-07
[42] nsteps = 400  longdy = 4.9e+00  max_dT = 5.7e+00  max_dlog10edd = 0.0e+00  TOA_pressure = 1.3e-07
[42] nsteps = 500  longdy = 9.9e-01  max_dT = 6.6e+00  max_dlog10edd = 0.0e+00  TOA_pressure = 1.3e-07
[42] nsteps = 600  longdy = 9.4e-01  max_dT = 6.3e+00  max_dlog10edd = 0.0e+00  TOA_pressure = 1.3e-07
[42] nsteps = 700  longdy = 3.0e+00  max_dT = 6.3e+00  max_dlog10edd = 0.0e+00  TOA_pressure = 1.3e-07
[42] nsteps = 800  longdy = 9.4e-01  max_dT = 6.3e+00  max_dlog10edd = 0.0e+00  TOA_pressure = 1.3e-07
[42] nsteps = 900  longdy = 9.4e-01  max_dT = 6.3e+00  max_dlog10edd = 0.0e+00  TOA_pressure = 1.3e-07
[42] nsteps = 1000  longdy = 9.2e-01  max_dT = 6.3e+00  max_dlog10edd = 0.0e+00  TOA_pressure = 1.3e-07
[42] nsteps = 1100  longdy = 7.6e-02  max_dT = 6.4e-01  max_dlog10edd = 0.0e+00  TOA_pressure = 1.4e-07
[42] nsteps = 1200  longdy = 2.0e-02  max_dT = 7.6e-01  max_dlog10edd = 0.0e+00  TOA_pressure = 1.4e-07
[42] nsteps = 1300  longdy = 5.0e-03  max_dT = 7.6e-01  max_dlog10edd = 0.0e+00  TOA_pressure = 1.4e-07
[42] nsteps = 1301  longdy = 1.5e-02  max_dT = 7.6e-01  max_dlog10edd = 0.0e+00  TOA_pressure = 1.4e-07
[42] This is for the input value of planet radius:2.0, metal:0.5, tint:50.0, semi major:1.0, ctoO: 0.7525, log_Kzz: 9.0
[42] Was able to successfully find your input parameters in the PICASO TP profile grid!
[42] nsteps = 100  longdy = 5.4e-01  max_dT = 5.4e+00  max_dlog10edd = 0.0e+00  TOA_pressure = 1.2e-07
[42] nsteps = 200  longdy = 4.9e+00  max_dT = 5.4e+00  max_dlog10edd = 0.0e+00  TOA_pressure = 1.2e-07
[42] nsteps = 300  longdy = 6.0e+00  max_dT = 5.5e+00  max_dlog10edd = 0.0e+00  TOA_pressure = 1.3e-07
[42] nsteps = 400  longdy = 3.7e+00  max_dT = 5.7e+00  max_dlog10edd = 0.0e+00  TOA_pressure = 1.3e-07
[42] nsteps = 500  longdy = 1.0e+00  max_dT = 6.6e+00  max_dlog10edd = 0.0e+00  TOA_pressure = 1.3e-07
[42] nsteps = 600  longdy = 1.0e+00  max_dT = 6.3e+00  max_dlog10edd = 0.0e+00  TOA_pressure = 1.2e-07
[42] nsteps = 700  longdy = 9.9e-01  max_dT = 6.3e+00  max_dlog10edd = 0.0e+00  TOA_pressure = 1.2e-07
[42] nsteps = 800  longdy = 9.9e-01  max_dT = 5.9e+00  max_dlog10edd = 0.0e+00  TOA_pressure = 1.2e-07
[42] nsteps = 900  longdy = 1.7e+00  max_dT = 5.6e+00  max_dlog10edd = 0.0e+00  TOA_pressure = 1.3e-07
[42] nsteps = 1000  longdy = 9.5e-01  max_dT = 5.6e+00  max_dlog10edd = 0.0e+00  TOA_pressure = 1.3e-07
[42] nsteps = 1100  longdy = 1.1e-01  max_dT = 9.8e-01  max_dlog10edd = 0.0e+00  TOA_pressure = 1.4e-07
[42] nsteps = 1200  longdy = 3.6e-01  max_dT = 1.0e+00  max_dlog10edd = 0.0e+00  TOA_pressure = 1.4e-07
[42] nsteps = 1300  longdy = 1.6e-01  max_dT = 1.1e+00  max_dlog10edd = 0.0e+00  TOA_pressure = 1.4e-07
[42] nsteps = 1400  longdy = 1.9e-01  max_dT = 1.1e+00  max_dlog10edd = 0.0e+00  TOA_pressure = 1.4e-07
[42] nsteps = 1500  longdy = 2.2e-01  max_dT = 1.1e+00  max_dlog10edd = 0.0e+00  TOA_pressure = 1.3e-07
[42] nsteps = 1600  longdy = 2.3e-01  max_dT = 1.2e+00  max_dlog10edd = 0.0e+00  TOA_pressure = 1.3e-07
[42] nsteps = 1700  longdy = 2.5e-01  max_dT = 1.2e+00  max_dlog10edd = 0.0e+00  TOA_pressure = 1.3e-07
[42] nsteps = 1800  longdy = 2.4e-01  max_dT = 1.2e+00  max_dlog10edd = 0.0e+00  TOA_pressure = 1.3e-07
[42] nsteps = 1900  longdy = 4.4e-01  max_dT = 1.2e+00  max_dlog10edd = 0.0e+00  TOA_pressure = 1.3e-07
[42] nsteps = 1985  longdy = 2.8e-02  max_dT = 1.1e+00  max_dlog10edd = 0.0e+00  TOA_pressure = 1.3e-07
[42] This is for the input value of planet radius:2.0, metal:0.5, tint:100.0, semi major:1.0, ctoO: 0.7525, log_Kzz: 9.0
[42] Was able to successfully find your input parameters in the PICASO TP profile grid!
[42] nsteps = 100  longdy = 4.8e-01  max_dT = 4.7e+00  max_dlog10edd = 0.0e+00  TOA_pressure = 1.2e-07
[42] nsteps = 200  longdy = 3.1e+00  max_dT = 4.7e+00  max_dlog10edd = 0.0e+00  TOA_pressure = 1.2e-07
[42] nsteps = 300  longdy = 7.1e+01  max_dT = 4.7e+00  max_dlog10edd = 0.0e+00  TOA_pressure = 1.2e-07
[42] nsteps = 400  longdy = 3.2e+02  max_dT = 4.7e+00  max_dlog10edd = 0.0e+00  TOA_pressure = 1.2e-07
[42] nsteps = 500  longdy = 1.1e+01  max_dT = 4.7e+00  max_dlog10edd = 0.0e+00  TOA_pressure = 1.2e-07
[42] nsteps = 600  longdy = 9.7e-02  max_dT = 4.6e+00  max_dlog10edd = 0.0e+00  TOA_pressure = 1.3e-07
[42] nsteps = 615  longdy = 2.6e-02  max_dT = 4.6e+00  max_dlog10edd = 0.0e+00  TOA_pressure = 1.3e-07
[42] This is for the input value of planet radius:2.0, metal:0.5, tint:150.0, semi major:0.3, ctoO: 0.01, log_Kzz: 9.0
[42] Was able to successfully find your input parameters in the PICASO TP profile grid!
[42] nsteps = 100  longdy = 5.2e-01  max_dT = 2.3e+00  max_dlog10edd = 0.0e+00  TOA_pressure = 1.2e-07
[42] nsteps = 200  longdy = 6.4e+00  max_dT = 2.3e+00  max_dlog10edd = 0.0e+00  TOA_pressure = 1.2e-07
[42] nsteps = 300  longdy = 7.1e+01  max_dT = 2.3e+00  max_dlog10edd = 0.0e+00  TOA_pressure = 1.2e-07
[42] nsteps = 400  longdy = 6.6e+01  max_dT = 2.3e+00  max_dlog10edd = 0.0e+00  TOA_pressure = 1.2e-07
[42] nsteps = 500  longdy = 2.9e+02  max_dT = 2.3e+00  max_dlog10edd = 0.0e+00  TOA_pressure = 1.2e-07
[42] nsteps = 600  longdy = 1.0e+02  max_dT = 2.3e+00  max_dlog10edd = 0.0e+00  TOA_pressure = 1.2e-07
[42] nsteps = 700  longdy = 4.5e+00  max_dT = 2.3e+00  max_dlog10edd = 0.0e+00  TOA_pressure = 1.3e-07
[42] nsteps = 800  longdy = 4.2e+00  max_dT = 2.3e+00  max_dlog10edd = 0.0e+00  TOA_pressure = 1.3e-07
[42] nsteps = 900  longdy = 3.8e+00  max_dT = 2.3e+00  max_dlog10edd = 0.0e+00  TOA_pressure = 1.3e-07
[42] nsteps = 1000  longdy = 2.8e+00  max_dT = 2.3e+00  max_dlog10edd = 0.0e+00  TOA_pressure = 1.3e-07
[42] nsteps = 1100  longdy = 2.5e-01  max_dT = 1.4e+00  max_dlog10edd = 0.0e+00  TOA_pressure = 1.2e-07
[42] nsteps = 1200  longdy = 4.6e-01  max_dT = 1.4e+00  max_dlog10edd = 0.0e+00  TOA_pressure = 1.2e-07
[42] nsteps = 1300  longdy = 2.1e-01  max_dT = 1.4e+00  max_dlog10edd = 0.0e+00  TOA_pressure = 1.2e-07
[42] nsteps = 1400  longdy = 1.8e-01  max_dT = 1.4e+00  max_dlog10edd = 0.0e+00  TOA_pressure = 1.2e-07
[42] nsteps = 1500  longdy = 9.5e-02  max_dT = 1.4e+00  max_dlog10edd = 0.0e+00  TOA_pressure = 1.2e-07
[42] nsteps = 1600  longdy = 1.5e-01  max_dT = 1.4e+00  max_dlog10edd = 0.0e+00  TOA_pressure = 1.2e-07
[42] nsteps = 1700  longdy = 4.4e-02  max_dT = 1.4e+00  max_dlog10edd = 0.0e+00  TOA_pressure = 1.2e-07
[42] nsteps = 1714  longdy = 1.5e-02  max_dT = 1.4e+00  max_dlog10edd = 0.0e+00  TOA_pressure = 1.2e-07
[42] This is for the input value of planet radius:2.0, metal:0.5, tint:150.0, semi major:0.7, ctoO: 0.7525, log_Kzz: 7.0
[42] Was able to successfully find your input parameters in the PICASO TP profile grid!
[42] nsteps = 100  longdy = 5.1e-01  max_dT = 1.5e+00  max_dlog10edd = 0.0e+00  TOA_pressure = 1.3e-07
[42] nsteps = 200  longdy = 1.0e+00  max_dT = 1.5e+00  max_dlog10edd = 0.0e+00  TOA_pressure = 1.3e-07
[42] nsteps = 300  longdy = 1.4e+00  max_dT = 1.5e+00  max_dlog10edd = 0.0e+00  TOA_pressure = 1.3e-07
[42] nsteps = 400  longdy = 1.1e+01  max_dT = 2.2e+00  max_dlog10edd = 0.0e+00  TOA_pressure = 1.3e-07
[42] nsteps = 500  longdy = 5.3e+02  max_dT = 2.6e+00  max_dlog10edd = 0.0e+00  TOA_pressure = 1.3e-07
[42] nsteps = 600  longdy = 2.2e+01  max_dT = 2.8e+00  max_dlog10edd = 0.0e+00  TOA_pressure = 1.3e-07
[42] nsteps = 700  longdy = 1.0e+00  max_dT = 2.9e+00  max_dlog10edd = 0.0e+00  TOA_pressure = 1.3e-07
[42] nsteps = 800  longdy = 1.0e+00  max_dT = 2.9e+00  max_dlog10edd = 0.0e+00  TOA_pressure = 1.3e-07
[42] nsteps = 900  longdy = 1.0e+00  max_dT = 2.9e+00  max_dlog10edd = 0.0e+00  TOA_pressure = 1.3e-07
[42] nsteps = 1000  longdy = 1.0e+00  max_dT = 2.9e+00  max_dlog10edd = 0.0e+00  TOA_pressure = 1.3e-07/mmfs1/gscratch/vsm/elizap/MiniNeptuneGrid26_PostBac/Installation&Setup_Instructions/picasofiles/reference
/mmfs1/gscratch/vsm/elizap/MiniNeptuneGrid26_PostBac/Installation&Setup_Instructions/picasofiles/grp/redcat/trds
[68] Was able to successfully find your input parameters in the PICASO TP profile grid!
[68] nsteps = 100  longdy = 6.5e-01  max_dT = 1.7e+00  max_dlog10edd = 0.0e+00  TOA_pressure = 1.3e-07
[68] nsteps = 200  longdy = 1.7e+00  max_dT = 1.7e+00  max_dlog10edd = 0.0e+00  TOA_pressure = 1.3e-07
[68] nsteps = 300  longdy = 4.1e+00  max_dT = 1.7e+00  max_dlog10edd = 0.0e+00  TOA_pressure = 1.3e-07
[68] nsteps = 400  longdy = 2.1e+02  max_dT = 1.8e+00  max_dlog10edd = 0.0e+00  TOA_pressure = 1.3e-07
[68] nsteps = 500  longdy = 4.8e+01  max_dT = 1.9e+00  max_dlog10edd = 0.0e+00  TOA_pressure = 1.3e-07
[68] nsteps = 600  longdy = 5.7e-01  max_dT = 2.0e+00  max_dlog10edd = 0.0e+00  TOA_pressure = 1.3e-07
[68] nsteps = 700  longdy = 8.2e-02  max_dT = 1.8e+00  max_dlog10edd = 0.0e+00  TOA_pressure = 1.3e-07
[68] nsteps = 800  longdy = 6.3e-02  max_dT = 1.8e+00  max_dlog10edd = 0.0e+00  TOA_pressure = 1.3e-07
[68] nsteps = 900  longdy = 6.4e-02  max_dT = 1.8e+00  max_dlog10edd = 0.0e+00  TOA_pressure = 1.3e-07
[68] nsteps = 1000  longdy = 4.3e-02  max_dT = 1.8e+00  max_dlog10edd = 0.0e+00  TOA_pressure = 1.3e-07
[68] nsteps = 1100  longdy = 7.0e-02  max_dT = 4.4e-01  max_dlog10edd = 0.0e+00  TOA_pressure = 1.4e-07
[68] nsteps = 1200  longdy = 2.2e-01  max_dT = 4.7e-01  max_dlog10edd = 0.0e+00  TOA_pressure = 1.4e-07
[68] nsteps = 1300  longdy = 2.8e-02  max_dT = 4.7e-01  max_dlog10edd = 0.0e+00  TOA_pressure = 1.4e-07
[68] nsteps = 1301  longdy = 2.3e-02  max_dT = 4.7e-01  max_dlog10edd = 0.0e+00  TOA_pressure = 1.4e-07
[68] This is for the input value of planet radius:2.0, metal:0.5, tint:50.0, semi major:2.0, ctoO: 0.505, log_Kzz: 7.0
[68] Was able to successfully find your input parameters in the PICASO TP profile grid!
[68] nsteps = 100  longdy = 4.9e-01  max_dT = 3.9e+00  max_dlog10edd = 0.0e+00  TOA_pressure = 1.2e-07
[68] nsteps = 200  longdy = 5.0e+00  max_dT = 3.9e+00  max_dlog10edd = 0.0e+00  TOA_pressure = 1.2e-07
[68] nsteps = 300  longdy = 6.9e+01  max_dT = 3.9e+00  max_dlog10edd = 0.0e+00  TOA_pressure = 1.2e-07
[68] nsteps = 400  longdy = 4.7e-01  max_dT = 3.9e+00  max_dlog10edd = 0.0e+00  TOA_pressure = 1.2e-07
[68] nsteps = 460  longdy = 2.8e-02  max_dT = 3.9e+00  max_dlog10edd = 0.0e+00  TOA_pressure = 1.2e-07
[68] This is for the input value of planet radius:2.0, metal:0.5, tint:100.0, semi major:0.7, ctoO: 1.0, log_Kzz: 9.0
[68] Was able to successfully find your input parameters in the PICASO TP profile grid!
[68] nsteps = 100  longdy = 6.1e-01  max_dT = 3.4e+00  max_dlog10edd = 0.0e+00  TOA_pressure = 1.2e-07
[68] nsteps = 200  longdy = 8.5e-01  max_dT = 3.4e+00  max_dlog10edd = 0.0e+00  TOA_pressure = 1.2e-07
[68] nsteps = 300  longdy = 5.0e+02  max_dT = 3.4e+00  max_dlog10edd = 0.0e+00  TOA_pressure = 1.2e-07
[68] nsteps = 400  longdy = 2.7e+03  max_dT = 3.4e+00  max_dlog10edd = 0.0e+00  TOA_pressure = 1.2e-07
[68] nsteps = 500  longdy = 6.4e+03  max_dT = 3.4e+00  max_dlog10edd = 0.0e+00  TOA_pressure = 1.2e-07
[68] nsteps = 600  longdy = 1.1e+04  max_dT = 3.4e+00  max_dlog10edd = 0.0e+00  TOA_pressure = 1.2e-07
[68] nsteps = 700  longdy = 1.1e+04  max_dT = 3.4e+00  max_dlog10edd = 0.0e+00  TOA_pressure = 1.3e-07
[68] nsteps = 800  longdy = 2.5e+03  max_dT = 3.4e+00  max_dlog10edd = 0.0e+00  TOA_pressure = 1.3e-07
[68] nsteps = 900  longdy = 3.7e+04  max_dT = 3.4e+00  max_dlog10edd = 0.0e+00  TOA_pressure = 1.3e-07
[68] nsteps = 1000  longdy = 5.0e+03  max_dT = 3.4e+00  max_dlog10edd = 0.0e+00  TOA_pressure = 1.4e-07
[68] nsteps = 1100  longdy = 7.9e-01  max_dT = 4.1e+00  max_dlog10edd = 0.0e+00  TOA_pressure = 1.1e-07
[68] nsteps = 1200  longdy = 1.3e+00  max_dT = 4.1e+00  max_dlog10edd = 0.0e+00  TOA_pressure = 1.1e-07
[68] nsteps = 1300  longdy = 1.6e+02  max_dT = 4.1e+00  max_dlog10edd = 0.0e+00  TOA_pressure = 1.2e-07
[68] nsteps = 1400  longdy = 3.4e+02  max_dT = 4.2e+00  max_dlog10edd = 0.0e+00  TOA_pressure = 1.2e-07
[68] nsteps = 1500  longdy = 3.1e+02  max_dT = 4.2e+00  max_dlog10edd = 0.0e+00  TOA_pressure = 1.3e-07
[68] nsteps = 1600  longdy = 1.6e+02  max_dT = 4.3e+00  max_dlog10edd = 0.0e+00  TOA_pressure = 1.4e-07
[68] nsteps = 1700  longdy = 1.0e+02  max_dT = 4.3e+00  max_dlog10edd = 0.0e+00  TOA_pressure = 1.5e-07
[68] nsteps = 1800  longdy = 2.3e+00  max_dT = 4.6e+00  max_dlog10edd = 0.0e+00  TOA_pressure = 1.5e-07
[68] nsteps = 1900  longdy = 6.5e-01  max_dT = 4.6e+00  max_dlog10edd = 0.0e+00  TOA_pressure = 1.5e-07
[68] nsteps = 2000  longdy = 5.7e-01  max_dT = 4.6e+00  max_dlog10edd = 0.0e+00  TOA_pressure = 1.5e-07
[68] nsteps = 2100  longdy = 2.9e-01  max_dT = 3.6e+00  max_dlog10edd = 0.0e+00  TOA_pressure = 1.2e-07
[68] nsteps = 2200  longdy = 2.2e-01  max_dT = 3.7e+00  max_dlog10edd = 0.0e+00  TOA_pressure = 1.2e-07
[68] nsteps = 2300  longdy = 1.6e-01  max_dT = 3.7e+00  max_dlog10edd = 0.0e+00  TOA_pressure = 1.2e-07
[68] nsteps = 2400  longdy = 3.7e-01  max_dT = 3.7e+00  max_dlog10edd = 0.0e+00  TOA_pressure = 1.2e-07
[68] nsteps = 2500  longdy = 1.4e-01  max_dT = 3.7e+00  max_dlog10edd = 0.0e+00  TOA_pressure = 1.2e-07
[68] nsteps = 2600  longdy = 1.3e-01  max_dT = 3.7e+00  max_dlog10edd = 0.0e+00  TOA_pressure = 1.2e-07
[68] nsteps = 2700  longdy = 1.7e-01  max_dT = 3.7e+00  max_dlog10edd = 0.0e+00  TOA_pressure = 1.2e-07
[68] nsteps = 2800  longdy = 7.3e-02  max_dT = 3.7e+00  max_dlog10edd = 0.0e+00  TOA_pressure = 1.2e-07
[68] nsteps = 2900  longdy = 8.0e-02  max_dT = 3.7e+00  max_dlog10edd = 0.0e+00  TOA_pressure = 1.2e-07
[68] nsteps = 2980  longdy = 3.0e-02  max_dT = 3.7e+00  max_dlog10edd = 0.0e+00  TOA_pressure = 1.2e-07
[68] This is for the input value of planet radius:2.0, metal:0.5, tint:100.0, semi major:1.5, ctoO: 1.0, log_Kzz: 5.0
[68] Was able to successfully find your input parameters in the PICASO TP profile grid!
[68] nsteps = 100  longdy = 6.7e-01  max_dT = 1.3e+00  max_dlog10edd = 0.0e+00  TOA_pressure = 1.2e-07
[68] nsteps = 200  longdy = 2.0e+00  max_dT = 1.3e+00  max_dlog10edd = 0.0e+00  TOA_pressure = 1.2e-07
[68] nsteps = 300  longdy = 1.6e+01  max_dT = 1.3e+00  max_dlog10edd = 0.0e+00  TOA_pressure = 1.2e-07
[68] nsteps = 400  longdy = 7.0e+01  max_dT = 1.5e+00  max_dlog10edd = 0.0e+00  TOA_pressure = 1.2e-07
[68] nsteps = 500  longdy = 2.9e+01  max_dT = 1.5e+00  max_dlog10edd = 0.0e+00  TOA_pressure = 1.3e-07
[68] nsteps = 600  longdy = 5.3e-01  max_dT = 1.3e+00  max_dlog10edd = 0.0e+00  TOA_pressure = 1.3e-07
[68] nsteps = 700  longdy = 6.3e-01  max_dT = 1.3e+00  max_dlog10edd = 0.0e+00  TOA_pressure = 1.3e-07
[68] nsteps = 800  longdy = 6.0e-01  max_dT = 1.3e+00  max_dlog10edd = 0.0e+00  TOA_pressure = 1.3e-07
[68] nsteps = 900  longdy = 8.1e-01  max_dT = 1.3e+00  max_dlog10edd = 0.0e+00  TOA_pressure = 1.3e-07
[68] nsteps = 1000  longdy = 8.9e-01  max_dT = 1.3e+00  max_dlog10edd = 0.0e+00  TOA_pressure = 1.3e-07
[68] nsteps = 1100  longdy = 8.8e-02  max_dT = 1.7e-01  max_dlog10edd = 0.0e+00  TOA_pressure = 1.3e-07
[68] nsteps = 1200  longdy = 4.7e-02  max_dT = 1.9e-01  max_dlog10edd = 0.0e+00  TOA_pressure = 1.3e-07
[68] nsteps = 1300  longdy = 3.0e-02  max_dT = 1.9e-01  max_dlog10edd = 0.0e+00  TOA_pressure = 1.3e-07
[68] nsteps = 1301  longdy = 3.0e-02  max_dT = 1.9e-01  max_dlog10edd = 0.0e+00  TOA_pressure = 1.3e-07
[68] This is for the input value of planet radius:2.0, metal:0.5, tint:150.0, semi major:2.0, ctoO: 0.2575, log_Kzz: 7.0
[68] Was able to successfully find your input parameters in the PICASO TP profile grid!
[68] nsteps = 100  longdy = 5.0e-01  max_dT = 1.9e+00  max_dlog10edd = 0.0e+00  TOA_pressure = 1.3e-07
[68] nsteps = 200  longdy = 1.3e+00  max_dT = 1.9e+00  max_dlog10edd = 0.0e+00  TOA_pressure = 1.3e-07
[68] nsteps = 300  longdy = 9.3e-01  max_dT = 1.9e+00  max_dlog10edd = 0.0e+00  TOA_pressure = 1.3e-07
[68] nsteps = 400  longdy = 1.8e+01  max_dT = 2.2e+00  max_dlog10edd = 0.0e+00  TOA_pressure = 1.3e-07
[68] nsteps = 500  longdy = 2.2e+02  max_dT = 2.2e+00  max_dlog10edd = 0.0e+00  TOA_pressure = 1.3e-07
[68] nsteps = 600  longdy = 2.2e+03  max_dT = 2.3e+00  max_dlog10edd = 0.0e+00  TOA_pressure = 1.3e-07/mmfs1/gscratch/vsm/elizap/MiniNeptuneGrid26_PostBac/Installation&Setup_Instructions/picasofiles/reference
/mmfs1/gscratch/vsm/elizap/MiniNeptuneGrid26_PostBac/Installation&Setup_Instructions/picasofiles/grp/redcat/trds
[59] Was able to successfully find your input parameters in the PICASO TP profile grid!
[59] nsteps = 100  longdy = 6.7e-01  max_dT = 3.2e+00  max_dlog10edd = 0.0e+00  TOA_pressure = 1.3e-07
[59] nsteps = 200  longdy = 1.2e+00  max_dT = 3.2e+00  max_dlog10edd = 0.0e+00  TOA_pressure = 1.3e-07
[59] nsteps = 300  longdy = 1.4e+01  max_dT = 3.2e+00  max_dlog10edd = 0.0e+00  TOA_pressure = 1.3e-07
[59] nsteps = 400  longdy = 7.5e+02  max_dT = 3.3e+00  max_dlog10edd = 0.0e+00  TOA_pressure = 1.3e-07
[59] nsteps = 500  longdy = 5.4e+01  max_dT = 3.3e+00  max_dlog10edd = 0.0e+00  TOA_pressure = 1.3e-07
[59] nsteps = 600  longdy = 2.3e+02  max_dT = 3.4e+00  max_dlog10edd = 0.0e+00  TOA_pressure = 1.3e-07
[59] nsteps = 700  longdy = 2.2e+00  max_dT = 3.5e+00  max_dlog10edd = 0.0e+00  TOA_pressure = 1.3e-07
[59] nsteps = 755  longdy = 1.7e-02  max_dT = 3.5e+00  max_dlog10edd = 0.0e+00  TOA_pressure = 1.3e-07
[59] This is for the input value of planet radius:2.0, metal:0.5, tint:50.0, semi major:1.5, ctoO: 1.0, log_Kzz: 7.0
[59] Was able to successfully find your input parameters in the PICASO TP profile grid!
[59] nsteps = 100  longdy = 5.5e-01  max_dT = 5.8e+00  max_dlog10edd = 0.0e+00  TOA_pressure = 1.2e-07
[59] nsteps = 200  longdy = 4.5e+00  max_dT = 5.8e+00  max_dlog10edd = 0.0e+00  TOA_pressure = 1.2e-07
[59] nsteps = 300  longdy = 6.3e+01  max_dT = 5.8e+00  max_dlog10edd = 0.0e+00  TOA_pressure = 1.2e-07
[59] nsteps = 400  longdy = 2.6e+02  max_dT = 5.8e+00  max_dlog10edd = 0.0e+00  TOA_pressure = 1.2e-07
[59] nsteps = 500  longdy = 5.4e+01  max_dT = 5.8e+00  max_dlog10edd = 0.0e+00  TOA_pressure = 1.3e-07
[59] nsteps = 600  longdy = 7.8e+02  max_dT = 5.8e+00  max_dlog10edd = 0.0e+00  TOA_pressure = 1.4e-07
[59] nsteps = 700  longdy = 5.1e+01  max_dT = 5.8e+00  max_dlog10edd = 0.0e+00  TOA_pressure = 1.6e-07
[59] nsteps = 800  longdy = 6.0e-01  max_dT = 5.7e+00  max_dlog10edd = 0.0e+00  TOA_pressure = 1.7e-07
[59] nsteps = 900  longdy = 3.2e-01  max_dT = 5.6e+00  max_dlog10edd = 0.0e+00  TOA_pressure = 1.7e-07
[59] nsteps = 1000  longdy = 2.7e-01  max_dT = 5.6e+00  max_dlog10edd = 0.0e+00  TOA_pressure = 1.7e-07
[59] nsteps = 1100  longdy = 1.3e-01  max_dT = 1.2e+00  max_dlog10edd = 0.0e+00  TOA_pressure = 1.1e-07
[59] nsteps = 1200  longdy = 3.0e-02  max_dT = 1.2e+00  max_dlog10edd = 0.0e+00  TOA_pressure = 1.1e-07
[59] nsteps = 1300  longdy = 4.7e-02  max_dT = 1.2e+00  max_dlog10edd = 0.0e+00  TOA_pressure = 1.1e-07
[59] nsteps = 1301  longdy = 2.9e-02  max_dT = 1.2e+00  max_dlog10edd = 0.0e+00  TOA_pressure = 1.1e-07
[59] This is for the input value of planet radius:2.0, metal:0.5, tint:100.0, semi major:0.3, ctoO: 0.505, log_Kzz: 7.0
[59] Was able to successfully find your input parameters in the PICASO TP profile grid!
[59] nsteps = 100  longdy = 5.6e-01  max_dT = 1.2e+00  max_dlog10edd = 0.0e+00  TOA_pressure = 1.2e-07
[59] nsteps = 200  longdy = 2.2e+00  max_dT = 1.2e+00  max_dlog10edd = 0.0e+00  TOA_pressure = 1.2e-07
[59] nsteps = 300  longdy = 9.7e-01  max_dT = 1.2e+00  max_dlog10edd = 0.0e+00  TOA_pressure = 1.2e-07
[59] nsteps = 400  longdy = 3.2e+01  max_dT = 1.3e+00  max_dlog10edd = 0.0e+00  TOA_pressure = 1.2e-07
[59] nsteps = 500  longdy = 2.2e+01  max_dT = 1.5e+00  max_dlog10edd = 0.0e+00  TOA_pressure = 1.3e-07
[59] nsteps = 600  longdy = 8.9e+00  max_dT = 1.5e+00  max_dlog10edd = 0.0e+00  TOA_pressure = 1.3e-07
[59] nsteps = 700  longdy = 7.4e-01  max_dT = 1.2e+00  max_dlog10edd = 0.0e+00  TOA_pressure = 1.3e-07
[59] nsteps = 800  longdy = 1.0e+00  max_dT = 1.2e+00  max_dlog10edd = 0.0e+00  TOA_pressure = 1.3e-07
[59] nsteps = 900  longdy = 1.7e+00  max_dT = 1.2e+00  max_dlog10edd = 0.0e+00  TOA_pressure = 1.3e-07
[59] nsteps = 1000  longdy = 1.5e+01  max_dT = 1.2e+00  max_dlog10edd = 0.0e+00  TOA_pressure = 1.3e-07
[59] nsteps = 1100  longdy = 2.6e+00  max_dT = 7.2e-01  max_dlog10edd = 0.0e+00  TOA_pressure = 1.4e-07
[59] nsteps = 1200  longdy = 1.7e+02  max_dT = 7.2e-01  max_dlog10edd = 0.0e+00  TOA_pressure = 1.4e-07
[59] nsteps = 1300  longdy = 1.7e-01  max_dT = 7.2e-01  max_dlog10edd = 0.0e+00  TOA_pressure = 1.4e-07
[59] nsteps = 1400  longdy = 2.7e-01  max_dT = 7.2e-01  max_dlog10edd = 0.0e+00  TOA_pressure = 1.4e-07
[59] nsteps = 1500  longdy = 3.0e-01  max_dT = 7.2e-01  max_dlog10edd = 0.0e+00  TOA_pressure = 1.4e-07
[59] nsteps = 1600  longdy = 2.9e-01  max_dT = 7.2e-01  max_dlog10edd = 0.0e+00  TOA_pressure = 1.4e-07
[59] nsteps = 1700  longdy = 1.0e+00  max_dT = 7.2e-01  max_dlog10edd = 0.0e+00  TOA_pressure = 1.4e-07
[59] nsteps = 1800  longdy = 1.0e+00  max_dT = 7.2e-01  max_dlog10edd = 0.0e+00  TOA_pressure = 1.4e-07
[59] nsteps = 1900  longdy = 1.6e-01  max_dT = 7.2e-01  max_dlog10edd = 0.0e+00  TOA_pressure = 1.4e-07
[59] nsteps = 1921  longdy = 2.8e-02  max_dT = 7.2e-01  max_dlog10edd = 0.0e+00  TOA_pressure = 1.4e-07
[59] This is for the input value of planet radius:2.0, metal:0.5, tint:100.0, semi major:3.0, ctoO: 0.2575, log_Kzz: 7.0
[59] Was able to successfully find your input parameters in the PICASO TP profile grid!
[59] nsteps = 100  longdy = 4.7e-01  max_dT = 3.0e+00  max_dlog10edd = 0.0e+00  TOA_pressure = 1.2e-07
[59] nsteps = 200  longdy = 5.7e+00  max_dT = 3.0e+00  max_dlog10edd = 0.0e+00  TOA_pressure = 1.2e-07
[59] nsteps = 300  longdy = 3.6e+01  max_dT = 3.1e+00  max_dlog10edd = 0.0e+00  TOA_pressure = 1.2e-07
[59] nsteps = 400  longdy = 1.2e+00  max_dT = 3.1e+00  max_dlog10edd = 0.0e+00  TOA_pressure = 1.2e-07
[59] nsteps = 454  longdy = 2.5e-02  max_dT = 3.2e+00  max_dlog10edd = 0.0e+00  TOA_pressure = 1.2e-07
[59] This is for the input value of planet radius:2.0, metal:0.5, tint:150.0, semi major:0.7, ctoO: 0.7525, log_Kzz: 9.0
[59] Was able to successfully find your input parameters in the PICASO TP profile grid!
[59] nsteps = 100  longdy = 5.0e-01  max_dT = 2.1e+00  max_dlog10edd = 0.0e+00  TOA_pressure = 1.2e-07
[59] nsteps = 200  longdy = 2.9e+00  max_dT = 2.1e+00  max_dlog10edd = 0.0e+00  TOA_pressure = 1.2e-07
[59] nsteps = 300  longdy = 5.4e+01  max_dT = 2.2e+00  max_dlog10edd = 0.0e+00  TOA_pressure = 1.2e-07
[59] nsteps = 400  longdy = 9.9e-01  max_dT = 2.2e+00  max_dlog10edd = 0.0e+00  TOA_pressure = 1.2e-07
[59] nsteps = 500  longdy = 9.9e-01  max_dT = 2.2e+00  max_dlog10edd = 0.0e+00  TOA_pressure = 1.2e-07
[59] nsteps = 600  longdy = 9.9e-01  max_dT = 2.2e+00  max_dlog10edd = 0.0e+00  TOA_pressure = 1.2e-07
[59] nsteps = 700  longdy = 9.9e-01  max_dT = 2.2e+00  max_dlog10edd = 0.0e+00  TOA_pressure = 1.2e-07
[59] nsteps = 800  longdy = 9.9e-01  max_dT = 2.2e+00  max_dlog10edd = 0.0e+00  TOA_pressure = 1.2e-07
[59] nsteps = 900  longdy = 9.9e-01  max_dT = 2.2e+00  max_dlog10edd = 0.0e+00  TOA_pressure = 1.2e-07
[59] nsteps = 1000  longdy = 1.8e+00  max_dT = 2.1e+00  max_dlog10edd = 0.0e+00  TOA_pressure = 1.2e-07
[59] nsteps = 1100  longdy = 5.5e-01  max_dT = 3.3e-01  max_dlog10edd = 0.0e+00  TOA_pressure = 1.3e-07
[59] nsteps = 1200  longdy = 2.5e-01  max_dT = 4.2e-01  max_dlog10edd = 0.0e+00  TOA_pressure = 1.3e-07
[59] nsteps = 1300  longdy = 2.3e-01  max_dT = 4.4e-01  max_dlog10edd = 0.0e+00  TOA_pressure = 1.3e-07
[59] nsteps = 1400  longdy = 2.3e-01  max_dT = 4.5e-01  max_dlog10edd = 0.0e+00  TOA_pressure = 1.3e-07
[59] nsteps = 1500  longdy = 2.4e-01  max_dT = 4.6e-01  max_dlog10edd = 0.0e+00  TOA_pressure = 1.3e-07
[59] nsteps = 1600  longdy = 2.3e-01  max_dT = 4.7e-01  max_dlog10edd = 0.0e+00  TOA_pressure = 1.3e-07
[59] nsteps = 1700  longdy = 2.8e-01  max_dT = 4.7e-01  max_dlog10edd = 0.0e+00  TOA_pressure = 1.3e-07
[59] nsteps = 1800  longdy = 1.8e-01  max_dT = 4.7e-01  max_dlog10edd = 0.0e+00  TOA_pressure = 1.3e-07
[59] nsteps = 1900  longdy = 1.4e-01  max_dT = 4.8e-01  max_dlog10edd = 0.0e+00  TOA_pressure = 1.3e-07
[59] nsteps = 2000  longdy = 1.3e-01  max_dT = 4.8e-01  max_dlog10edd = 0.0e+00  TOA_pressure = 1.3e-07
[59] nsteps = 2100  longdy = 1.4e+00  max_dT = 1.1e+00  max_dlog10edd = 0.0e+00  TOA_pressure = 1.3e-07
[59] nsteps = 2200  longdy = 8.5e-01  max_dT = 1.7e-01  max_dlog10edd = 0.0e+00  TOA_pressure = 1.3e-07/mmfs1/gscratch/vsm/elizap/MiniNeptuneGrid26_PostBac/Installation&Setup_Instructions/picasofiles/reference
/mmfs1/gscratch/vsm/elizap/MiniNeptuneGrid26_PostBac/Installation&Setup_Instructions/picasofiles/grp/redcat/trds
[32] Was able to successfully find your input parameters in the PICASO TP profile grid!
[32] nsteps = 100  longdy = 5.0e-01  max_dT = 3.4e+00  max_dlog10edd = 0.0e+00  TOA_pressure = 1.3e-07
[32] nsteps = 200  longdy = 2.0e+00  max_dT = 3.4e+00  max_dlog10edd = 0.0e+00  TOA_pressure = 1.3e-07
[32] nsteps = 300  longdy = 1.3e+02  max_dT = 3.4e+00  max_dlog10edd = 0.0e+00  TOA_pressure = 1.3e-07
[32] nsteps = 400  longdy = 3.3e+02  max_dT = 3.4e+00  max_dlog10edd = 0.0e+00  TOA_pressure = 1.3e-07
[32] nsteps = 500  longdy = 9.4e+01  max_dT = 3.4e+00  max_dlog10edd = 0.0e+00  TOA_pressure = 1.3e-07
[32] nsteps = 600  longdy = 8.2e+00  max_dT = 3.5e+00  max_dlog10edd = 0.0e+00  TOA_pressure = 1.3e-07
[32] nsteps = 700  longdy = 3.0e-01  max_dT = 3.7e+00  max_dlog10edd = 0.0e+00  TOA_pressure = 1.3e-07
[32] nsteps = 800  longdy = 3.3e-01  max_dT = 3.7e+00  max_dlog10edd = 0.0e+00  TOA_pressure = 1.3e-07
[32] nsteps = 900  longdy = 3.4e-01  max_dT = 3.7e+00  max_dlog10edd = 0.0e+00  TOA_pressure = 1.3e-07
[32] nsteps = 1000  longdy = 3.0e-01  max_dT = 3.7e+00  max_dlog10edd = 0.0e+00  TOA_pressure = 1.3e-07
[32] nsteps = 1100  longdy = 7.5e-01  max_dT = 1.4e-01  max_dlog10edd = 0.0e+00  TOA_pressure = 1.4e-07
[32] nsteps = 1200  longdy = 2.3e-01  max_dT = 1.4e-01  max_dlog10edd = 0.0e+00  TOA_pressure = 1.4e-07
[32] nsteps = 1300  longdy = 2.6e-02  max_dT = 1.5e-01  max_dlog10edd = 0.0e+00  TOA_pressure = 1.4e-07
[32] nsteps = 1301  longdy = 2.6e-02  max_dT = 1.5e-01  max_dlog10edd = 0.0e+00  TOA_pressure = 1.4e-07
[32] This is for the input value of planet radius:2.0, metal:0.5, tint:50.0, semi major:1.0, ctoO: 0.01, log_Kzz: 7.0
[32] Was able to successfully find your input parameters in the PICASO TP profile grid!
[32] nsteps = 100  longdy = 6.2e-01  max_dT = 3.3e+00  max_dlog10edd = 0.0e+00  TOA_pressure = 1.2e-07
[32] nsteps = 200  longdy = 2.5e+00  max_dT = 3.3e+00  max_dlog10edd = 0.0e+00  TOA_pressure = 1.2e-07
[32] nsteps = 300  longdy = 1.9e+02  max_dT = 3.3e+00  max_dlog10edd = 0.0e+00  TOA_pressure = 1.2e-07
[32] nsteps = 400  longdy = 9.0e+01  max_dT = 3.3e+00  max_dlog10edd = 0.0e+00  TOA_pressure = 1.2e-07
[32] nsteps = 500  longdy = 5.9e+01  max_dT = 3.3e+00  max_dlog10edd = 0.0e+00  TOA_pressure = 1.3e-07
[32] nsteps = 600  longdy = 1.9e+01  max_dT = 3.4e+00  max_dlog10edd = 0.0e+00  TOA_pressure = 1.3e-07
[32] nsteps = 700  longdy = 3.0e-01  max_dT = 3.4e+00  max_dlog10edd = 0.0e+00  TOA_pressure = 1.3e-07
[32] nsteps = 788  longdy = 2.4e-02  max_dT = 3.3e+00  max_dlog10edd = 0.0e+00  TOA_pressure = 1.3e-07
[32] This is for the input value of planet radius:2.0, metal:0.5, tint:100.0, semi major:0.7, ctoO: 1.0, log_Kzz: 7.0
[32] Was able to successfully find your input parameters in the PICASO TP profile grid!
[32] nsteps = 100  longdy = 5.0e-01  max_dT = 1.3e+00  max_dlog10edd = 0.0e+00  TOA_pressure = 1.2e-07
[32] nsteps = 200  longdy = 8.9e-01  max_dT = 1.3e+00  max_dlog10edd = 0.0e+00  TOA_pressure = 1.2e-07
[32] nsteps = 300  longdy = 9.7e-01  max_dT = 1.8e+00  max_dlog10edd = 0.0e+00  TOA_pressure = 1.3e-07
[32] nsteps = 400  longdy = 2.2e+01  max_dT = 2.9e+00  max_dlog10edd = 0.0e+00  TOA_pressure = 1.3e-07
[32] nsteps = 500  longdy = 1.0e+03  max_dT = 2.1e+00  max_dlog10edd = 0.0e+00  TOA_pressure = 1.3e-07
[32] nsteps = 600  longdy = 1.7e+01  max_dT = 2.0e+00  max_dlog10edd = 0.0e+00  TOA_pressure = 1.3e-07
[32] nsteps = 700  longdy = 9.9e+00  max_dT = 2.0e+00  max_dlog10edd = 0.0e+00  TOA_pressure = 1.3e-07
[32] nsteps = 800  longdy = 1.4e+00  max_dT = 1.5e+00  max_dlog10edd = 0.0e+00  TOA_pressure = 1.3e-07
[32] nsteps = 900  longdy = 1.0e+00  max_dT = 1.5e+00  max_dlog10edd = 0.0e+00  TOA_pressure = 1.3e-07
[32] nsteps = 1000  longdy = 9.5e-01  max_dT = 1.3e+00  max_dlog10edd = 0.0e+00  TOA_pressure = 1.2e-07
[32] nsteps = 1100  longdy = 1.0e-02  max_dT = 8.9e-01  max_dlog10edd = 0.0e+00  TOA_pressure = 1.5e-07
[32] nsteps = 1200  longdy = 8.7e-02  max_dT = 8.3e-01  max_dlog10edd = 0.0e+00  TOA_pressure = 1.5e-07
[32] nsteps = 1273  longdy = 2.2e-05  max_dT = 1.1e+00  max_dlog10edd = 0.0e+00  TOA_pressure = 1.5e-07
[32] This is for the input value of planet radius:2.0, metal:0.5, tint:100.0, semi major:3.0, ctoO: 0.2575, log_Kzz: 9.0
[32] Was able to successfully find your input parameters in the PICASO TP profile grid!
[32] nsteps = 100  longdy = 5.2e-01  max_dT = 5.5e+00  max_dlog10edd = 0.0e+00  TOA_pressure = 1.2e-07
[32] nsteps = 200  longdy = 2.5e+00  max_dT = 5.5e+00  max_dlog10edd = 0.0e+00  TOA_pressure = 1.2e-07
[32] nsteps = 300  longdy = 4.1e+00  max_dT = 5.5e+00  max_dlog10edd = 0.0e+00  TOA_pressure = 1.2e-07
[32] nsteps = 400  longdy = 3.5e+01  max_dT = 5.5e+00  max_dlog10edd = 0.0e+00  TOA_pressure = 1.2e-07
[32] nsteps = 500  longdy = 1.1e+02  max_dT = 5.5e+00  max_dlog10edd = 0.0e+00  TOA_pressure = 1.2e-07
[32] nsteps = 600  longdy = 5.1e+00  max_dT = 5.5e+00  max_dlog10edd = 0.0e+00  TOA_pressure = 1.2e-07
[32] nsteps = 684  longdy = 2.6e-02  max_dT = 5.5e+00  max_dlog10edd = 0.0e+00  TOA_pressure = 1.3e-07
[32] nsteps = 784  longdy = 4.3e-02  max_dT = 1.4e+00  max_dlog10edd = 0.0e+00  TOA_pressure = 1.2e-07
[32] nsteps = 884  longdy = 5.6e-03  max_dT = 1.4e+00  max_dlog10edd = 0.0e+00  TOA_pressure = 1.2e-07
[32] nsteps = 971  longdy = 1.5e-04  max_dT = 1.4e+00  max_dlog10edd = 0.0e+00  TOA_pressure = 1.2e-07
[32] This is for the input value of planet radius:2.0, metal:0.5, tint:150.0, semi major:0.3, ctoO: 0.505, log_Kzz: 9.0
[32] Was able to successfully find your input parameters in the PICASO TP profile grid!
[32] nsteps = 100  longdy = 7.5e-01  max_dT = 1.7e+00  max_dlog10edd = 0.0e+00  TOA_pressure = 1.2e-07
[32] nsteps = 200  longdy = 1.5e+00  max_dT = 1.7e+00  max_dlog10edd = 0.0e+00  TOA_pressure = 1.2e-07
[32] nsteps = 300  longdy = 2.0e+00  max_dT = 2.3e+00  max_dlog10edd = 0.0e+00  TOA_pressure = 1.2e-07
[32] nsteps = 400  longdy = 1.0e+00  max_dT = 3.5e+00  max_dlog10edd = 0.0e+00  TOA_pressure = 1.3e-07
[32] nsteps = 500  longdy = 1.0e+00  max_dT = 3.4e+00  max_dlog10edd = 0.0e+00  TOA_pressure = 1.3e-07
[32] nsteps = 600  longdy = 1.0e+00  max_dT = 3.4e+00  max_dlog10edd = 0.0e+00  TOA_pressure = 1.3e-07
[32] nsteps = 700  longdy = 1.0e+00  max_dT = 3.3e+00  max_dlog10edd = 0.0e+00  TOA_pressure = 1.3e-07
[32] nsteps = 800  longdy = 1.0e+00  max_dT = 3.3e+00  max_dlog10edd = 0.0e+00  TOA_pressure = 1.3e-07
[32] nsteps = 900  longdy = 1.0e+00  max_dT = 2.9e+00  max_dlog10edd = 0.0e+00  TOA_pressure = 1.2e-07
[32] nsteps = 1000  longdy = 9.4e-01  max_dT = 1.7e+00  max_dlog10edd = 0.0e+00  TOA_pressure = 1.2e-07
[32] nsteps = 1100  longdy = 1.2e-01  max_dT = 9.5e-01  max_dlog10edd = 0.0e+00  TOA_pressure = 1.3e-07
[32] nsteps = 1188  longdy = 2.2e-04  max_dT = 9.7e-01  max_dlog10edd = 0.0e+00  TOA_pressure = 1.3e-07
[32] This is for the input value of planet radius:2.0, metal:0.5, tint:150.0, semi major:1.5, ctoO: 0.01, log_Kzz: 9.0
[32] Was able to successfully find your input parameters in the PICASO TP profile grid!
[32] nsteps = 100  longdy = 4.8e-01  max_dT = 1.1e+00  max_dlog10edd = 0.0e+00  TOA_pressure = 1.2e-07
[32] nsteps = 200  longdy = 1.2e+00  max_dT = 1.1e+00  max_dlog10edd = 0.0e+00  TOA_pressure = 1.2e-07
[32] nsteps = 300  longdy = 9.2e-01  max_dT = 1.1e+00  max_dlog10edd = 0.0e+00  TOA_pressure = 1.2e-07
[32] nsteps = 400  longdy = 4.8e+00  max_dT = 1.2e+00  max_dlog10edd = 0.0e+00  TOA_pressure = 1.3e-07
[32] nsteps = 500  longdy = 2.6e+03  max_dT = 1.3e+00  max_dlog10edd = 0.0e+00  TOA_pressure = 1.3e-07
[32] nsteps = 600  longdy = 2.5e+03  max_dT = 1.3e+00  max_dlog10edd = 0.0e+00  TOA_pressure = 1.3e-07
[32] nsteps = 700  longdy = 1.5e+03  max_dT = 1.3e+00  max_dlog10edd = 0.0e+00  TOA_pressure = 1.3e-07
[32] nsteps = 800  longdy = 7.9e+02  max_dT = 1.3e+00  max_dlog10edd = 0.0e+00  TOA_pressure = 1.3e-07
[32] nsteps = 900  longdy = 6.7e+04  max_dT = 1.3e+00  max_dlog10edd = 0.0e+00  TOA_pressure = 1.3e-07
[32] nsteps = 1000  longdy = 4.2e+05  max_dT = 1.3e+00  max_dlog10edd = 0.0e+00  TOA_pressure = 1.4e-07/mmfs1/gscratch/vsm/elizap/MiniNeptuneGrid26_PostBac/Installation&Setup_Instructions/picasofiles/reference
/mmfs1/gscratch/vsm/elizap/MiniNeptuneGrid26_PostBac/Installation&Setup_Instructions/picasofiles/grp/redcat/trds
[29] Was able to successfully find your input parameters in the PICASO TP profile grid!
[29] nsteps = 100  longdy = 6.3e-01  max_dT = 4.2e+00  max_dlog10edd = 0.0e+00  TOA_pressure = 1.2e-07
[29] nsteps = 200  longdy = 2.7e+00  max_dT = 4.2e+00  max_dlog10edd = 0.0e+00  TOA_pressure = 1.2e-07
[29] nsteps = 300  longdy = 3.0e+02  max_dT = 4.2e+00  max_dlog10edd = 0.0e+00  TOA_pressure = 1.2e-07
[29] nsteps = 400  longdy = 1.9e+02  max_dT = 4.2e+00  max_dlog10edd = 0.0e+00  TOA_pressure = 1.3e-07
[29] nsteps = 500  longdy = 6.6e+01  max_dT = 4.2e+00  max_dlog10edd = 0.0e+00  TOA_pressure = 1.3e-07
[29] nsteps = 600  longdy = 2.3e+01  max_dT = 4.3e+00  max_dlog10edd = 0.0e+00  TOA_pressure = 1.3e-07
[29] nsteps = 700  longdy = 4.8e-01  max_dT = 4.6e+00  max_dlog10edd = 0.0e+00  TOA_pressure = 1.3e-07
[29] nsteps = 800  longdy = 4.6e-01  max_dT = 4.8e+00  max_dlog10edd = 0.0e+00  TOA_pressure = 1.4e-07
[29] nsteps = 900  longdy = 3.7e-01  max_dT = 4.8e+00  max_dlog10edd = 0.0e+00  TOA_pressure = 1.4e-07
[29] nsteps = 1000  longdy = 2.5e-01  max_dT = 4.8e+00  max_dlog10edd = 0.0e+00  TOA_pressure = 1.4e-07
[29] nsteps = 1100  longdy = 3.3e-02  max_dT = 1.9e+00  max_dlog10edd = 0.0e+00  TOA_pressure = 1.3e-07
[29] nsteps = 1200  longdy = 2.5e-01  max_dT = 1.9e+00  max_dlog10edd = 0.0e+00  TOA_pressure = 1.3e-07
[29] nsteps = 1300  longdy = 3.4e-01  max_dT = 1.9e+00  max_dlog10edd = 0.0e+00  TOA_pressure = 1.3e-07
[29] nsteps = 1400  longdy = 1.2e-01  max_dT = 1.9e+00  max_dlog10edd = 0.0e+00  TOA_pressure = 1.3e-07
[29] nsteps = 1500  longdy = 4.8e-02  max_dT = 1.9e+00  max_dlog10edd = 0.0e+00  TOA_pressure = 1.3e-07
[29] nsteps = 1573  longdy = 2.5e-02  max_dT = 1.9e+00  max_dlog10edd = 0.0e+00  TOA_pressure = 1.3e-07
[29] This is for the input value of planet radius:2.0, metal:0.5, tint:50.0, semi major:0.7, ctoO: 1.0, log_Kzz: 7.0
[29] Was able to successfully find your input parameters in the PICASO TP profile grid!
[29] nsteps = 100  longdy = 9.0e-01  max_dT = 1.9e+00  max_dlog10edd = 0.0e+00  TOA_pressure = 1.2e-07
[29] nsteps = 200  longdy = 4.9e+00  max_dT = 1.9e+00  max_dlog10edd = 0.0e+00  TOA_pressure = 1.2e-07
[29] nsteps = 300  longdy = 4.4e+02  max_dT = 1.9e+00  max_dlog10edd = 0.0e+00  TOA_pressure = 1.2e-07
[29] nsteps = 400  longdy = 2.0e+03  max_dT = 1.9e+00  max_dlog10edd = 0.0e+00  TOA_pressure = 1.2e-07
[29] nsteps = 500  longdy = 4.9e+03  max_dT = 1.9e+00  max_dlog10edd = 0.0e+00  TOA_pressure = 1.2e-07
[29] nsteps = 600  longdy = 1.1e+04  max_dT = 1.9e+00  max_dlog10edd = 0.0e+00  TOA_pressure = 1.2e-07
[29] nsteps = 700  longdy = 1.3e+04  max_dT = 1.9e+00  max_dlog10edd = 0.0e+00  TOA_pressure = 1.3e-07
[29] nsteps = 800  longdy = 1.4e+04  max_dT = 1.9e+00  max_dlog10edd = 0.0e+00  TOA_pressure = 1.3e-07
[29] nsteps = 900  longdy = 9.6e+03  max_dT = 1.9e+00  max_dlog10edd = 0.0e+00  TOA_pressure = 1.3e-07
[29] nsteps = 1000  longdy = 4.1e+04  max_dT = 1.9e+00  max_dlog10edd = 0.0e+00  TOA_pressure = 1.3e-07
[29] nsteps = 1100  longdy = 1.6e-01  max_dT = 1.2e+00  max_dlog10edd = 0.0e+00  TOA_pressure = 1.1e-07
[29] nsteps = 1200  longdy = 8.6e+00  max_dT = 1.2e+00  max_dlog10edd = 0.0e+00  TOA_pressure = 1.1e-07
[29] nsteps = 1300  longdy = 4.2e+02  max_dT = 1.2e+00  max_dlog10edd = 0.0e+00  TOA_pressure = 1.1e-07
[29] nsteps = 1400  longdy = 3.7e+02  max_dT = 1.2e+00  max_dlog10edd = 0.0e+00  TOA_pressure = 1.1e-07
[29] nsteps = 1500  longdy = 2.9e+02  max_dT = 1.3e+00  max_dlog10edd = 0.0e+00  TOA_pressure = 1.2e-07
[29] nsteps = 1600  longdy = 3.7e+02  max_dT = 1.6e+00  max_dlog10edd = 0.0e+00  TOA_pressure = 1.2e-07
[29] nsteps = 1700  longdy = 7.6e+02  max_dT = 1.6e+00  max_dlog10edd = 0.0e+00  TOA_pressure = 1.2e-07
[29] nsteps = 1800  longdy = 7.2e+02  max_dT = 1.9e+00  max_dlog10edd = 0.0e+00  TOA_pressure = 1.3e-07
[29] nsteps = 1900  longdy = 5.0e+02  max_dT = 2.4e+00  max_dlog10edd = 0.0e+00  TOA_pressure = 1.4e-07
[29] nsteps = 2000  longdy = 4.9e+00  max_dT = 3.6e+00  max_dlog10edd = 0.0e+00  TOA_pressure = 1.6e-07
[29] nsteps = 2100  longdy = 2.7e-01  max_dT = 1.1e+00  max_dlog10edd = 0.0e+00  TOA_pressure = 1.1e-07
[29] nsteps = 2200  longdy = 7.5e-02  max_dT = 9.9e-01  max_dlog10edd = 0.0e+00  TOA_pressure = 1.2e-07
[29] nsteps = 2300  longdy = 1.3e-02  max_dT = 9.9e-01  max_dlog10edd = 0.0e+00  TOA_pressure = 1.2e-07
[29] nsteps = 2301  longdy = 6.9e-03  max_dT = 9.9e-01  max_dlog10edd = 0.0e+00  TOA_pressure = 1.2e-07
[29] This is for the input value of planet radius:2.0, metal:0.5, tint:100.0, semi major:1.0, ctoO: 0.505, log_Kzz: 5.0
[29] Was able to successfully find your input parameters in the PICASO TP profile grid!
[29] nsteps = 100  longdy = 5.4e-01  max_dT = 2.4e+00  max_dlog10edd = 0.0e+00  TOA_pressure = 1.2e-07
[29] nsteps = 200  longdy = 4.9e+00  max_dT = 2.4e+00  max_dlog10edd = 0.0e+00  TOA_pressure = 1.2e-07
[29] nsteps = 300  longdy = 8.6e+01  max_dT = 2.4e+00  max_dlog10edd = 0.0e+00  TOA_pressure = 1.2e-07
[29] nsteps = 400  longdy = 6.5e+01  max_dT = 2.4e+00  max_dlog10edd = 0.0e+00  TOA_pressure = 1.2e-07
[29] nsteps = 500  longdy = 2.8e+02  max_dT = 2.4e+00  max_dlog10edd = 0.0e+00  TOA_pressure = 1.2e-07
[29] nsteps = 600  longdy = 1.3e+01  max_dT = 2.4e+00  max_dlog10edd = 0.0e+00  TOA_pressure = 1.3e-07
[29] nsteps = 700  longdy = 5.8e-01  max_dT = 2.3e+00  max_dlog10edd = 0.0e+00  TOA_pressure = 1.3e-07
[29] nsteps = 800  longdy = 9.9e-02  max_dT = 2.3e+00  max_dlog10edd = 0.0e+00  TOA_pressure = 1.3e-07
[29] nsteps = 900  longdy = 1.1e-01  max_dT = 2.3e+00  max_dlog10edd = 0.0e+00  TOA_pressure = 1.3e-07
[29] nsteps = 1000  longdy = 1.1e-01  max_dT = 2.3e+00  max_dlog10edd = 0.0e+00  TOA_pressure = 1.3e-07
[29] nsteps = 1100  longdy = 1.9e-01  max_dT = 1.5e+00  max_dlog10edd = 0.0e+00  TOA_pressure = 1.2e-07
[29] nsteps = 1200  longdy = 8.7e-02  max_dT = 1.5e+00  max_dlog10edd = 0.0e+00  TOA_pressure = 1.2e-07
[29] nsteps = 1300  longdy = 8.4e-02  max_dT = 1.5e+00  max_dlog10edd = 0.0e+00  TOA_pressure = 1.2e-07
[29] nsteps = 1388  longdy = 1.8e-02  max_dT = 1.6e+00  max_dlog10edd = 0.0e+00  TOA_pressure = 1.2e-07
[29] This is for the input value of planet radius:2.0, metal:0.5, tint:150.0, semi major:0.7, ctoO: 0.505, log_Kzz: 7.0
[29] Was able to successfully find your input parameters in the PICASO TP profile grid!
[29] nsteps = 100  longdy = 6.4e-01  max_dT = 1.3e+00  max_dlog10edd = 0.0e+00  TOA_pressure = 1.2e-07
[29] nsteps = 200  longdy = 1.7e+00  max_dT = 1.3e+00  max_dlog10edd = 0.0e+00  TOA_pressure = 1.2e-07
[29] nsteps = 300  longdy = 9.7e-01  max_dT = 1.3e+00  max_dlog10edd = 0.0e+00  TOA_pressure = 1.2e-07
[29] nsteps = 400  longdy = 4.5e+02  max_dT = 1.4e+00  max_dlog10edd = 0.0e+00  TOA_pressure = 1.3e-07
[29] nsteps = 500  longdy = 7.6e+00  max_dT = 1.6e+00  max_dlog10edd = 0.0e+00  TOA_pressure = 1.3e-07
[29] nsteps = 600  longdy = 6.0e+00  max_dT = 1.4e+00  max_dlog10edd = 0.0e+00  TOA_pressure = 1.3e-07
[29] nsteps = 692  longdy = 2.9e-02  max_dT = 1.2e+00  max_dlog10edd = 0.0e+00  TOA_pressure = 1.3e-07
[29] This is for the input value of planet radius:2.0, metal:0.5, tint:150.0, semi major:3.0, ctoO: 0.2575, log_Kzz: 7.0
[29] Was able to successfully find your input parameters in the PICASO TP profile grid!
[29] nsteps = 100  longdy = 5.1e-01  max_dT = 1.9e+00  max_dlog10edd = 0.0e+00  TOA_pressure = 1.3e-07
[29] nsteps = 200  longdy = 9.1e-01  max_dT = 1.9e+00  max_dlog10edd = 0.0e+00  TOA_pressure = 1.3e-07
[29] nsteps = 300  longdy = 1.0e+00  max_dT = 1.9e+00  max_dlog10edd = 0.0e+00  TOA_pressure = 1.3e-07
[29] nsteps = 400  longdy = 1.3e+01  max_dT = 2.2e+00  max_dlog10edd = 0.0e+00  TOA_pressure = 1.3e-07
[29] nsteps = 500  longdy = 3.4e+01  max_dT = 2.2e+00  max_dlog10edd = 0.0e+00  TOA_pressure = 1.3e-07
[29] nsteps = 600  longdy = 1.2e+03  max_dT = 2.2e+00  max_dlog10edd = 0.0e+00  TOA_pressure = 1.3e-07
[29] nsteps = 700  longdy = 3.3e+03  max_dT = 2.2e+00  max_dlog10edd = 0.0e+00  TOA_pressure = 1.3e-07
[29] nsteps = 800  longdy = 3.0e+04  max_dT = 2.2e+00  max_dlog10edd = 0.0e+00  TOA_pressure = 1.3e-07/mmfs1/gscratch/vsm/elizap/MiniNeptuneGrid26_PostBac/Installation&Setup_Instructions/picasofiles/reference
/mmfs1/gscratch/vsm/elizap/MiniNeptuneGrid26_PostBac/Installation&Setup_Instructions/picasofiles/grp/redcat/trds
[60] Was able to successfully find your input parameters in the PICASO TP profile grid!
[60] nsteps = 100  longdy = 5.0e-01  max_dT = 3.2e+00  max_dlog10edd = 0.0e+00  TOA_pressure = 1.3e-07
[60] nsteps = 200  longdy = 1.1e+00  max_dT = 3.2e+00  max_dlog10edd = 0.0e+00  TOA_pressure = 1.3e-07
[60] nsteps = 300  longdy = 9.6e-01  max_dT = 3.3e+00  max_dlog10edd = 0.0e+00  TOA_pressure = 1.3e-07
[60] nsteps = 400  longdy = 9.9e-01  max_dT = 4.1e+00  max_dlog10edd = 0.0e+00  TOA_pressure = 1.3e-07
[60] nsteps = 500  longdy = 9.9e-01  max_dT = 3.9e+00  max_dlog10edd = 0.0e+00  TOA_pressure = 1.3e-07
[60] nsteps = 600  longdy = 9.4e-01  max_dT = 3.5e+00  max_dlog10edd = 0.0e+00  TOA_pressure = 1.3e-07
[60] nsteps = 700  longdy = 9.4e-01  max_dT = 3.5e+00  max_dlog10edd = 0.0e+00  TOA_pressure = 1.3e-07
[60] nsteps = 800  longdy = 9.4e-01  max_dT = 3.5e+00  max_dlog10edd = 0.0e+00  TOA_pressure = 1.3e-07
[60] nsteps = 859  longdy = 2.3e-02  max_dT = 3.4e+00  max_dlog10edd = 0.0e+00  TOA_pressure = 1.3e-07
[60] This is for the input value of planet radius:2.0, metal:0.5, tint:50.0, semi major:1.5, ctoO: 1.0, log_Kzz: 9.0
[60] Was able to successfully find your input parameters in the PICASO TP profile grid!
[60] nsteps = 100  longdy = 6.3e-01  max_dT = 7.0e+00  max_dlog10edd = 0.0e+00  TOA_pressure = 1.2e-07
[60] nsteps = 200  longdy = 4.4e+00  max_dT = 7.0e+00  max_dlog10edd = 0.0e+00  TOA_pressure = 1.2e-07
[60] nsteps = 300  longdy = 1.1e+02  max_dT = 7.0e+00  max_dlog10edd = 0.0e+00  TOA_pressure = 1.2e-07
[60] nsteps = 400  longdy = 3.0e+02  max_dT = 7.0e+00  max_dlog10edd = 0.0e+00  TOA_pressure = 1.2e-07
[60] nsteps = 500  longdy = 8.6e+00  max_dT = 6.8e+00  max_dlog10edd = 0.0e+00  TOA_pressure = 1.3e-07
[60] nsteps = 580  longdy = 2.8e-02  max_dT = 6.3e+00  max_dlog10edd = 0.0e+00  TOA_pressure = 1.3e-07
[60] nsteps = 680  longdy = 5.1e-02  max_dT = 1.8e+00  max_dlog10edd = 0.0e+00  TOA_pressure = 1.2e-07
[60] nsteps = 780  longdy = 1.8e-02  max_dT = 1.8e+00  max_dlog10edd = 0.0e+00  TOA_pressure = 1.2e-07
[60] nsteps = 880  longdy = 1.8e-02  max_dT = 1.8e+00  max_dlog10edd = 0.0e+00  TOA_pressure = 1.2e-07
[60] nsteps = 881  longdy = 6.3e-03  max_dT = 1.8e+00  max_dlog10edd = 0.0e+00  TOA_pressure = 1.2e-07
[60] This is for the input value of planet radius:2.0, metal:0.5, tint:100.0, semi major:0.3, ctoO: 0.7525, log_Kzz: 9.0
[60] Was able to successfully find your input parameters in the PICASO TP profile grid!
[60] nsteps = 100  longdy = 9.0e-01  max_dT = 1.1e+00  max_dlog10edd = 0.0e+00  TOA_pressure = 1.2e-07
[60] nsteps = 200  longdy = 8.6e-01  max_dT = 1.1e+00  max_dlog10edd = 0.0e+00  TOA_pressure = 1.2e-07
[60] nsteps = 300  longdy = 9.1e+02  max_dT = 1.1e+00  max_dlog10edd = 0.0e+00  TOA_pressure = 1.2e-07
[60] nsteps = 400  longdy = 2.0e+04  max_dT = 1.1e+00  max_dlog10edd = 0.0e+00  TOA_pressure = 1.2e-07
[60] nsteps = 500  longdy = 4.0e+04  max_dT = 1.1e+00  max_dlog10edd = 0.0e+00  TOA_pressure = 1.2e-07
[60] nsteps = 600  longdy = 3.7e+03  max_dT = 1.1e+00  max_dlog10edd = 0.0e+00  TOA_pressure = 1.2e-07
[60] nsteps = 700  longdy = 5.9e+04  max_dT = 1.1e+00  max_dlog10edd = 0.0e+00  TOA_pressure = 1.3e-07
[60] nsteps = 800  longdy = 3.9e+04  max_dT = 1.1e+00  max_dlog10edd = 0.0e+00  TOA_pressure = 1.3e-07
[60] nsteps = 900  longdy = 1.4e+04  max_dT = 1.1e+00  max_dlog10edd = 0.0e+00  TOA_pressure = 1.4e-07
[60] nsteps = 1000  longdy = 4.5e+02  max_dT = 1.4e+00  max_dlog10edd = 0.0e+00  TOA_pressure = 1.5e-07
[60] nsteps = 1100  longdy = 3.7e+00  max_dT = 7.9e-01  max_dlog10edd = 0.0e+00  TOA_pressure = 1.1e-07
[60] nsteps = 1200  longdy = 6.3e+00  max_dT = 7.9e-01  max_dlog10edd = 0.0e+00  TOA_pressure = 1.1e-07
[60] nsteps = 1300  longdy = 2.6e+01  max_dT = 9.6e-01  max_dlog10edd = 0.0e+00  TOA_pressure = 1.2e-07
[60] nsteps = 1400  longdy = 6.3e-01  max_dT = 1.7e+00  max_dlog10edd = 0.0e+00  TOA_pressure = 1.3e-07
[60] nsteps = 1448  longdy = 2.7e-02  max_dT = 1.5e+00  max_dlog10edd = 0.0e+00  TOA_pressure = 1.3e-07
[60] This is for the input value of planet radius:2.0, metal:0.5, tint:100.0, semi major:2.0, ctoO: 0.2575, log_Kzz: 5.0
[60] Was able to successfully find your input parameters in the PICASO TP profile grid!
[60] nsteps = 100  longdy = 6.5e-01  max_dT = 4.7e+00  max_dlog10edd = 0.0e+00  TOA_pressure = 1.2e-07
[60] nsteps = 200  longdy = 2.2e+00  max_dT = 4.7e+00  max_dlog10edd = 0.0e+00  TOA_pressure = 1.2e-07
[60] nsteps = 300  longdy = 4.5e+00  max_dT = 4.7e+00  max_dlog10edd = 0.0e+00  TOA_pressure = 1.2e-07
[60] nsteps = 400  longdy = 1.4e+02  max_dT = 4.7e+00  max_dlog10edd = 0.0e+00  TOA_pressure = 1.2e-07
[60] nsteps = 500  longdy = 1.8e+02  max_dT = 4.7e+00  max_dlog10edd = 0.0e+00  TOA_pressure = 1.2e-07
[60] nsteps = 600  longdy = 5.5e+01  max_dT = 4.7e+00  max_dlog10edd = 0.0e+00  TOA_pressure = 1.2e-07
[60] nsteps = 700  longdy = 6.3e+01  max_dT = 4.7e+00  max_dlog10edd = 0.0e+00  TOA_pressure = 1.4e-07
[60] nsteps = 800  longdy = 3.2e+00  max_dT = 4.7e+00  max_dlog10edd = 0.0e+00  TOA_pressure = 1.6e-07
[60] nsteps = 877  longdy = 2.8e-02  max_dT = 4.9e+00  max_dlog10edd = 0.0e+00  TOA_pressure = 1.6e-07
[60] This is for the input value of planet radius:2.0, metal:0.5, tint:150.0, semi major:0.3, ctoO: 0.7525, log_Kzz: 7.0
[60] Was able to successfully find your input parameters in the PICASO TP profile grid!
[60] nsteps = 100  longdy = 5.2e-01  max_dT = 1.7e+00  max_dlog10edd = 0.0e+00  TOA_pressure = 1.2e-07
[60] nsteps = 200  longdy = 3.7e+00  max_dT = 1.7e+00  max_dlog10edd = 0.0e+00  TOA_pressure = 1.2e-07
[60] nsteps = 300  longdy = 1.0e+02  max_dT = 1.7e+00  max_dlog10edd = 0.0e+00  TOA_pressure = 1.2e-07
[60] nsteps = 400  longdy = 6.6e+01  max_dT = 1.7e+00  max_dlog10edd = 0.0e+00  TOA_pressure = 1.2e-07
[60] nsteps = 500  longdy = 1.2e+02  max_dT = 1.7e+00  max_dlog10edd = 0.0e+00  TOA_pressure = 1.2e-07
[60] nsteps = 600  longdy = 3.4e+00  max_dT = 1.7e+00  max_dlog10edd = 0.0e+00  TOA_pressure = 1.3e-07
[60] nsteps = 700  longdy = 5.5e-01  max_dT = 1.6e+00  max_dlog10edd = 0.0e+00  TOA_pressure = 1.3e-07
[60] nsteps = 800  longdy = 4.4e-01  max_dT = 1.6e+00  max_dlog10edd = 0.0e+00  TOA_pressure = 1.3e-07
[60] nsteps = 900  longdy = 3.9e-01  max_dT = 1.6e+00  max_dlog10edd = 0.0e+00  TOA_pressure = 1.3e-07
[60] nsteps = 1000  longdy = 3.0e-01  max_dT = 1.5e+00  max_dlog10edd = 0.0e+00  TOA_pressure = 1.3e-07
[60] nsteps = 1100  longdy = 1.4e-01  max_dT = 1.0e+00  max_dlog10edd = 0.0e+00  TOA_pressure = 1.2e-07
[60] nsteps = 1200  longdy = 6.8e-02  max_dT = 1.1e+00  max_dlog10edd = 0.0e+00  TOA_pressure = 1.2e-07
[60] nsteps = 1300  longdy = 3.0e-01  max_dT = 1.1e+00  max_dlog10edd = 0.0e+00  TOA_pressure = 1.2e-07
[60] nsteps = 1400  longdy = 2.6e-01  max_dT = 1.1e+00  max_dlog10edd = 0.0e+00  TOA_pressure = 1.2e-07
[60] nsteps = 1500  longdy = 1.9e-01  max_dT = 1.1e+00  max_dlog10edd = 0.0e+00  TOA_pressure = 1.2e-07
[60] nsteps = 1541  longdy = 2.8e-02  max_dT = 1.1e+00  max_dlog10edd = 0.0e+00  TOA_pressure = 1.2e-07
[60] This is for the input value of planet radius:2.0, metal:0.5, tint:150.0, semi major:1.0, ctoO: 1.0, log_Kzz: 7.0
[60] Was able to successfully find your input parameters in the PICASO TP profile grid!
[60] nsteps = 100  longdy = 5.1e-01  max_dT = 1.5e+00  max_dlog10edd = 0.0e+00  TOA_pressure = 1.3e-07
[60] nsteps = 200  longdy = 4.7e+00  max_dT = 1.5e+00  max_dlog10edd = 0.0e+00  TOA_pressure = 1.3e-07
[60] nsteps = 300  longdy = 9.5e+00  max_dT = 1.6e+00  max_dlog10edd = 0.0e+00  TOA_pressure = 1.3e-07
[60] nsteps = 400  longdy = 1.6e+02  max_dT = 1.8e+00  max_dlog10edd = 0.0e+00  TOA_pressure = 1.3e-07
[60] nsteps = 500  longdy = 4.4e+02  max_dT = 1.8e+00  max_dlog10edd = 0.0e+00  TOA_pressure = 1.3e-07
[60] nsteps = 600  longdy = 4.2e+02  max_dT = 1.8e+00  max_dlog10edd = 0.0e+00  TOA_pressure = 1.3e-07
[60] nsteps = 700  longdy = 2.8e+01  max_dT = 1.9e+00  max_dlog10edd = 0.0e+00  TOA_pressure = 1.3e-07
[60] nsteps = 800  longdy = 1.1e+02  max_dT = 1.9e+00  max_dlog10edd = 0.0e+00  TOA_pressure = 1.3e-07/mmfs1/gscratch/vsm/elizap/MiniNeptuneGrid26_PostBac/Installation&Setup_Instructions/picasofiles/reference
/mmfs1/gscratch/vsm/elizap/MiniNeptuneGrid26_PostBac/Installation&Setup_Instructions/picasofiles/grp/redcat/trds
[114] Was able to successfully find your input parameters in the PICASO TP profile grid!
[114] nsteps = 100  longdy = 5.1e-01  max_dT = 1.7e+00  max_dlog10edd = 0.0e+00  TOA_pressure = 1.3e-07
[114] nsteps = 200  longdy = 4.4e+00  max_dT = 2.0e+00  max_dlog10edd = 0.0e+00  TOA_pressure = 1.3e-07
[114] nsteps = 300  longdy = 1.2e+00  max_dT = 2.1e+00  max_dlog10edd = 0.0e+00  TOA_pressure = 1.3e-07
[114] nsteps = 400  longdy = 4.4e+00  max_dT = 2.3e+00  max_dlog10edd = 0.0e+00  TOA_pressure = 1.3e-07
[114] nsteps = 500  longdy = 3.8e+04  max_dT = 2.6e+00  max_dlog10edd = 0.0e+00  TOA_pressure = 1.3e-07
[114] nsteps = 600  longdy = 1.9e+01  max_dT = 2.8e+00  max_dlog10edd = 0.0e+00  TOA_pressure = 1.4e-07
[114] nsteps = 700  longdy = 2.2e+01  max_dT = 2.9e+00  max_dlog10edd = 0.0e+00  TOA_pressure = 1.4e-07
[114] nsteps = 800  longdy = 4.1e+01  max_dT = 2.9e+00  max_dlog10edd = 0.0e+00  TOA_pressure = 1.4e-07
[114] nsteps = 900  longdy = 7.2e+01  max_dT = 3.0e+00  max_dlog10edd = 0.0e+00  TOA_pressure = 1.4e-07
[114] nsteps = 1000  longdy = 7.4e+01  max_dT = 3.0e+00  max_dlog10edd = 0.0e+00  TOA_pressure = 1.4e-07
[114] nsteps = 1100  longdy = 2.4e+00  max_dT = 1.4e+00  max_dlog10edd = 0.0e+00  TOA_pressure = 1.9e-07
[114] nsteps = 1200  longdy = 2.7e-01  max_dT = 1.4e+00  max_dlog10edd = 0.0e+00  TOA_pressure = 1.9e-07
[114] nsteps = 1300  longdy = 7.3e+00  max_dT = 1.4e+00  max_dlog10edd = 0.0e+00  TOA_pressure = 1.9e-07
[114] nsteps = 1400  longdy = 2.3e+01  max_dT = 1.4e+00  max_dlog10edd = 0.0e+00  TOA_pressure = 1.9e-07
[114] nsteps = 1500  longdy = 5.3e+01  max_dT = 1.4e+00  max_dlog10edd = 0.0e+00  TOA_pressure = 1.9e-07
[114] nsteps = 1600  longdy = 7.5e+01  max_dT = 1.4e+00  max_dlog10edd = 0.0e+00  TOA_pressure = 1.9e-07
[114] nsteps = 1700  longdy = 1.0e+02  max_dT = 1.4e+00  max_dlog10edd = 0.0e+00  TOA_pressure = 1.9e-07
[114] nsteps = 1800  longdy = 8.7e+01  max_dT = 1.4e+00  max_dlog10edd = 0.0e+00  TOA_pressure = 1.9e-07
[114] nsteps = 1900  longdy = 9.3e+00  max_dT = 1.4e+00  max_dlog10edd = 0.0e+00  TOA_pressure = 1.9e-07
[114] nsteps = 2000  longdy = 4.9e+00  max_dT = 1.4e+00  max_dlog10edd = 0.0e+00  TOA_pressure = 1.9e-07
[114] nsteps = 2100  longdy = 1.3e-01  max_dT = 1.0e+00  max_dlog10edd = 0.0e+00  TOA_pressure = 1.7e-07
[114] nsteps = 2200  longdy = 3.3e+00  max_dT = 1.0e+00  max_dlog10edd = 0.0e+00  TOA_pressure = 1.7e-07
[114] nsteps = 2300  longdy = 3.6e+00  max_dT = 1.0e+00  max_dlog10edd = 0.0e+00  TOA_pressure = 1.7e-07
[114] nsteps = 2400  longdy = 4.2e+00  max_dT = 1.0e+00  max_dlog10edd = 0.0e+00  TOA_pressure = 1.7e-07
[114] nsteps = 2500  longdy = 5.1e+00  max_dT = 1.0e+00  max_dlog10edd = 0.0e+00  TOA_pressure = 1.7e-07
[114] nsteps = 2600  longdy = 6.5e+00  max_dT = 1.0e+00  max_dlog10edd = 0.0e+00  TOA_pressure = 1.7e-07
[114] nsteps = 2700  longdy = 5.5e+00  max_dT = 1.0e+00  max_dlog10edd = 0.0e+00  TOA_pressure = 1.7e-07
[114] nsteps = 2800  longdy = 1.2e+01  max_dT = 1.0e+00  max_dlog10edd = 0.0e+00  TOA_pressure = 1.7e-07
[114] nsteps = 2900  longdy = 4.6e+01  max_dT = 1.0e+00  max_dlog10edd = 0.0e+00  TOA_pressure = 1.7e-07
[114] nsteps = 3000  longdy = 7.6e+01  max_dT = 1.0e+00  max_dlog10edd = 0.0e+00  TOA_pressure = 1.7e-07
[114] nsteps = 3100  longdy = 3.3e-01  max_dT = 1.9e-02  max_dlog10edd = 0.0e+00  TOA_pressure = 1.7e-07
[114] nsteps = 3200  longdy = 3.6e-01  max_dT = 2.0e-02  max_dlog10edd = 0.0e+00  TOA_pressure = 1.7e-07
[114] nsteps = 3300  longdy = 3.8e-01  max_dT = 3.5e-02  max_dlog10edd = 0.0e+00  TOA_pressure = 1.7e-07
[114] nsteps = 3400  longdy = 4.0e-01  max_dT = 3.7e-02  max_dlog10edd = 0.0e+00  TOA_pressure = 1.7e-07
[114] nsteps = 3500  longdy = 4.0e-01  max_dT = 3.7e-02  max_dlog10edd = 0.0e+00  TOA_pressure = 1.7e-07
[114] nsteps = 3600  longdy = 4.1e-01  max_dT = 3.8e-02  max_dlog10edd = 0.0e+00  TOA_pressure = 1.7e-07
[114] nsteps = 3700  longdy = 4.1e-01  max_dT = 3.9e-02  max_dlog10edd = 0.0e+00  TOA_pressure = 1.7e-07
[114] nsteps = 3800  longdy = 1.2e-01  max_dT = 3.9e-02  max_dlog10edd = 0.0e+00  TOA_pressure = 1.7e-07
[114] nsteps = 3900  longdy = 9.5e-02  max_dT = 4.0e-02  max_dlog10edd = 0.0e+00  TOA_pressure = 1.7e-07
[114] nsteps = 4000  longdy = 9.4e-02  max_dT = 4.1e-02  max_dlog10edd = 0.0e+00  TOA_pressure = 1.7e-07
[114] nsteps = 4100  longdy = 9.6e-01  max_dT = 1.5e-01  max_dlog10edd = 0.0e+00  TOA_pressure = 1.7e-07
[114] nsteps = 4200  longdy = 7.1e-01  max_dT = 1.6e-01  max_dlog10edd = 0.0e+00  TOA_pressure = 1.7e-07
[114] nsteps = 4300  longdy = 7.1e-01  max_dT = 1.6e-01  max_dlog10edd = 0.0e+00  TOA_pressure = 1.7e-07
[114] nsteps = 4400  longdy = 7.2e-01  max_dT = 1.6e-01  max_dlog10edd = 0.0e+00  TOA_pressure = 1.7e-07
[114] nsteps = 4500  longdy = 7.2e-01  max_dT = 1.6e-01  max_dlog10edd = 0.0e+00  TOA_pressure = 1.7e-07
[114] nsteps = 4600  longdy = 9.1e-02  max_dT = 1.6e-01  max_dlog10edd = 0.0e+00  TOA_pressure = 1.7e-07
[114] nsteps = 4700  longdy = 8.6e-02  max_dT = 1.6e-01  max_dlog10edd = 0.0e+00  TOA_pressure = 1.7e-07
[114] nsteps = 4800  longdy = 8.6e-02  max_dT = 1.6e-01  max_dlog10edd = 0.0e+00  TOA_pressure = 1.7e-07
[114] nsteps = 4900  longdy = 8.6e-02  max_dT = 1.7e-01  max_dlog10edd = 0.0e+00  TOA_pressure = 1.7e-07
[114] nsteps = 5000  longdy = 8.5e-02  max_dT = 1.7e-01  max_dlog10edd = 0.0e+00  TOA_pressure = 1.7e-07
[114] nsteps = 5100  longdy = 7.8e-01  max_dT = 3.5e-01  max_dlog10edd = 0.0e+00  TOA_pressure = 1.7e-07
[114] nsteps = 5200  longdy = 7.8e-01  max_dT = 3.6e-01  max_dlog10edd = 0.0e+00  TOA_pressure = 1.7e-07
[114] nsteps = 5300  longdy = 7.8e-01  max_dT = 3.6e-01  max_dlog10edd = 0.0e+00  TOA_pressure = 1.7e-07
[114] nsteps = 5400  longdy = 7.8e-01  max_dT = 3.6e-01  max_dlog10edd = 0.0e+00  TOA_pressure = 1.7e-07
[114] nsteps = 5500  longdy = 7.8e-01  max_dT = 3.6e-01  max_dlog10edd = 0.0e+00  TOA_pressure = 1.7e-07
[114] nsteps = 5600  longdy = 4.0e-02  max_dT = 3.6e-01  max_dlog10edd = 0.0e+00  TOA_pressure = 1.7e-07
[114] nsteps = 5660  longdy = 3.0e-02  max_dT = 3.6e-01  max_dlog10edd = 0.0e+00  TOA_pressure = 1.7e-07
[114] This is for the input value of planet radius:2.0, metal:0.5, tint:50.0, semi major:5.0, ctoO: 0.505, log_Kzz: 9.0
[114] Was able to successfully find your input parameters in the PICASO TP profile grid!
[114] nsteps = 100  longdy = 8.8e-01  max_dT = 1.0e+00  max_dlog10edd = 0.0e+00  TOA_pressure = 1.2e-07
[114] nsteps = 200  longdy = 8.6e-01  max_dT = 1.0e+00  max_dlog10edd = 0.0e+00  TOA_pressure = 1.2e-07
[114] nsteps = 300  longdy = 2.2e+01  max_dT = 1.0e+00  max_dlog10edd = 0.0e+00  TOA_pressure = 1.2e-07
[114] nsteps = 400  longdy = 2.6e+04  max_dT = 1.0e+00  max_dlog10edd = 0.0e+00  TOA_pressure = 1.2e-07
[114] nsteps = 500  longdy = 1.8e+04  max_dT = 1.0e+00  max_dlog10edd = 0.0e+00  TOA_pressure = 1.3e-07
[114] nsteps = 600  longdy = 1.8e+03  max_dT = 1.0e+00  max_dlog10edd = 0.0e+00  TOA_pressure = 1.3e-07
[114] nsteps = 700  longdy = 2.4e+04  max_dT = 1.0e+00  max_dlog10edd = 0.0e+00  TOA_pressure = 1.3e-07
[114] nsteps = 800  longdy = 4.0e+02  max_dT = 1.0e+00  max_dlog10edd = 0.0e+00  TOA_pressure = 1.4e-07
[114] nsteps = 900  longdy = 2.7e+02  max_dT = 1.2e+00  max_dlog10edd = 0.0e+00  TOA_pressure = 1.5e-07
[114] nsteps = 1000  longdy = 2.3e+02  max_dT = 2.0e+00  max_dlog10edd = 0.0e+00  TOA_pressure = 1.6e-07
[114] nsteps = 1100  longdy = 1.6e+00  max_dT = 6.0e-01  max_dlog10edd = 0.0e+00  TOA_pressure = 1.1e-07
[114] nsteps = 1200  longdy = 1.6e+00  max_dT = 4.5e-01  max_dlog10edd = 0.0e+00  TOA_pressure = 1.2e-07
[114] nsteps = 1300  longdy = 2.4e+01  max_dT = 7.4e-01  max_dlog10edd = 0.0e+00  TOA_pressure = 1.2e-07
[114] nsteps = 1400  longdy = 7.6e+01  max_dT = 7.2e-01  max_dlog10edd = 0.0e+00  TOA_pressure = 1.2e-07
[114] nsteps = 1429  longdy = 2.8e-02  max_dT = 6.8e-01  max_dlog10edd = 0.0e+00  TOA_pressure = 1.2e-07
[114] This is for the input value of planet radius:2.0, metal:0.5, tint:150.0, semi major:3.0, ctoO: 0.2575, log_Kzz: 5.0
[114] Was able to successfully find your input parameters in the PICASO TP profile grid!