/mmfs1/gscratch/vsm/elizap/MiniNeptuneGrid26_PostBac/Installation&Setup_Instructions/picasofiles/reference
/mmfs1/gscratch/vsm/elizap/MiniNeptuneGrid26_PostBac/Installation&Setup_Instructions/picasofiles/grp/redcat/trds
[0] (array([2]), array([0.5  , 0.875, 1.25 , 1.625, 2.   , 2.375, 2.75 , 3.125, 3.5  ]), array([ 50., 100., 150., 200., 250., 300., 350., 400.]), array([ 0.3,  0.7,  1. ,  1.5,  2. ,  3. ,  4. ,  5. ,  6. ,  8. , 10. ]), array([0.01  , 0.2575, 0.505 , 0.7525, 1.    ]), array([5, 7, 9]))
[0] This is the gridshape used: (1, 9, 8, 11, 5, 3)
[0] Calculations completed/total: 7840/11880.
[0] Restarting calculations...
/mmfs1/gscratch/vsm/elizap/MiniNeptuneGrid26_PostBac/Installation&Setup_Instructions/picasofiles/reference
/mmfs1/gscratch/vsm/elizap/MiniNeptuneGrid26_PostBac/Installation&Setup_Instructions/picasofiles/grp/redcat/trds
[128] Was able to successfully find your input parameters in the PICASO TP profile grid!
[128] nsteps = 100  longdy = 4.9e-01  max_dT = 9.5e+01  max_dlog10edd = 0.0e+00  TOA_pressure = 1.5e-07
[128] nsteps = 200  longdy = 1.3e+00  max_dT = 1.3e+02  max_dlog10edd = 0.0e+00  TOA_pressure = 1.6e-07
[128] nsteps = 300  longdy = 1.9e+00  max_dT = 9.6e+01  max_dlog10edd = 0.0e+00  TOA_pressure = 1.8e-07
[128] nsteps = 400  longdy = 3.1e+01  max_dT = 1.2e+02  max_dlog10edd = 0.0e+00  TOA_pressure = 1.7e-07
[128] nsteps = 500  longdy = 6.3e+03  max_dT = 1.3e+02  max_dlog10edd = 0.0e+00  TOA_pressure = 5.4e-08
[128] nsteps = 600  longdy = 6.7e+02  max_dT = 1.3e+02  max_dlog10edd = 0.0e+00  TOA_pressure = 4.2e-08
[128] nsteps = 700  longdy = 3.2e+07  max_dT = 1.3e+02  max_dlog10edd = 0.0e+00  TOA_pressure = 3.4e-09
[128] nsteps = 800  longdy = 1.4e+04  max_dT = 1.3e+02  max_dlog10edd = 0.0e+00  TOA_pressure = 1.1e-09
[128] nsteps = 900  longdy = 6.7e+04  max_dT = 1.3e+02  max_dlog10edd = 0.0e+00  TOA_pressure = 3.6e-10
[128] nsteps = 1000  longdy = 3.3e+04  max_dT = 1.3e+02  max_dlog10edd = 0.0e+00  TOA_pressure = 4.0e-10
[128] nsteps = 1100  longdy = 4.5e-01  max_dT = 8.8e+01  max_dlog10edd = 0.0e+00  TOA_pressure = 1.3e-06
[128] nsteps = 1200  longdy = 4.2e+00  max_dT = 3.8e+01  max_dlog10edd = 0.0e+00  TOA_pressure = 1.1e-06
[128] nsteps = 1300  longdy = 2.2e+01  max_dT = 4.6e+01  max_dlog10edd = 0.0e+00  TOA_pressure = 8.7e-07
[128] nsteps = 1400  longdy = 6.6e+02  max_dT = 6.1e+01  max_dlog10edd = 0.0e+00  TOA_pressure = 7.3e-07
[128] nsteps = 1500  longdy = 1.9e+03  max_dT = 7.3e+01  max_dlog10edd = 0.0e+00  TOA_pressure = 7.0e-07
[128] nsteps = 1600  longdy = 1.4e+03  max_dT = 7.3e+01  max_dlog10edd = 0.0e+00  TOA_pressure = 6.6e-07
[128] nsteps = 1700  longdy = 2.7e+00  max_dT = 7.3e+01  max_dlog10edd = 0.0e+00  TOA_pressure = 5.7e-07
[128] nsteps = 1800  longdy = 8.8e+00  max_dT = 8.0e+01  max_dlog10edd = 0.0e+00  TOA_pressure = 5.3e-07
[128] nsteps = 1900  longdy = 3.9e+00  max_dT = 7.3e+01  max_dlog10edd = 0.0e+00  TOA_pressure = 6.1e-07
[128] nsteps = 2000  longdy = 4.0e+00  max_dT = 7.3e+01  max_dlog10edd = 0.0e+00  TOA_pressure = 5.9e-07
[128] nsteps = 2100  longdy = 1.2e-01  max_dT = 6.6e+01  max_dlog10edd = 0.0e+00  TOA_pressure = 2.5e-07
[128] nsteps = 2200  longdy = 1.2e+00  max_dT = 6.4e+01  max_dlog10edd = 0.0e+00  TOA_pressure = 2.8e-07
[128] nsteps = 2300  longdy = 1.2e+00  max_dT = 7.1e+01  max_dlog10edd = 0.0e+00  TOA_pressure = 2.5e-07
[128] nsteps = 2400  longdy = 1.2e+00  max_dT = 7.8e+01  max_dlog10edd = 0.0e+00  TOA_pressure = 2.2e-07
[128] nsteps = 2500  longdy = 5.5e-01  max_dT = 7.8e+01  max_dlog10edd = 0.0e+00  TOA_pressure = 2.1e-07
[128] nsteps = 2564  longdy = 3.0e-03  max_dT = 7.8e+01  max_dlog10edd = 0.0e+00  TOA_pressure = 2.1e-07
[128] nsteps = 2664  longdy = 1.0e+00  max_dT = 7.9e+01  max_dlog10edd = 0.0e+00  TOA_pressure = 4.6e-07
[128] nsteps = 2764  longdy = 5.5e-01  max_dT = 7.9e+01  max_dlog10edd = 0.0e+00  TOA_pressure = 4.6e-07
[128] nsteps = 2864  longdy = 4.9e-01  max_dT = 7.9e+01  max_dlog10edd = 0.0e+00  TOA_pressure = 4.6e-07
[128] nsteps = 2964  longdy = 4.5e-01  max_dT = 7.9e+01  max_dlog10edd = 0.0e+00  TOA_pressure = 4.6e-07
[128] nsteps = 3064  longdy = 4.2e-01  max_dT = 7.9e+01  max_dlog10edd = 0.0e+00  TOA_pressure = 4.6e-07
[128] nsteps = 3164  longdy = 3.9e-01  max_dT = 7.9e+01  max_dlog10edd = 0.0e+00  TOA_pressure = 4.6e-07
[128] nsteps = 3264  longdy = 3.6e-01  max_dT = 7.9e+01  max_dlog10edd = 0.0e+00  TOA_pressure = 4.6e-07
[128] nsteps = 3364  longdy = 3.3e-01  max_dT = 7.9e+01  max_dlog10edd = 0.0e+00  TOA_pressure = 4.6e-07
[128] nsteps = 3464  longdy = 3.0e-01  max_dT = 7.9e+01  max_dlog10edd = 0.0e+00  TOA_pressure = 4.6e-07
[128] nsteps = 3564  longdy = 2.8e-01  max_dT = 7.9e+01  max_dlog10edd = 0.0e+00  TOA_pressure = 4.6e-07
[128] nsteps = 3664  longdy = 1.8e-01  max_dT = 7.9e+01  max_dlog10edd = 0.0e+00  TOA_pressure = 4.6e-07
[128] nsteps = 3708  longdy = 4.1e-05  max_dT = 7.9e+01  max_dlog10edd = 0.0e+00  TOA_pressure = 4.6e-07
[128] nsteps = 3805  longdy = 1.1e-05  max_dT = 7.9e+01  max_dlog10edd = 0.0e+00  TOA_pressure = 4.5e-07
[128] nsteps = 3874  longdy = 7.6e-05  max_dT = 7.9e+01  max_dlog10edd = 0.0e+00  TOA_pressure = 4.5e-07
[128] nsteps = 3937  longdy = 4.5e-05  max_dT = 7.9e+01  max_dlog10edd = 0.0e+00  TOA_pressure = 4.5e-07
[128] nsteps = 3984  longdy = 1.3e-05  max_dT = 7.9e+01  max_dlog10edd = 0.0e+00  TOA_pressure = 4.5e-07
[128] nsteps = 4025  longdy = 5.9e-06  max_dT = 7.9e+01  max_dlog10edd = 0.0e+00  TOA_pressure = 4.5e-07
[128] nsteps = 4063  longdy = 1.2e-05  max_dT = 7.9e+01  max_dlog10edd = 0.0e+00  TOA_pressure = 4.5e-07
[128] nsteps = 4102  longdy = 1.0e-04  max_dT = 7.9e+01  max_dlog10edd = 0.0e+00  TOA_pressure = 4.5e-07
[128] nsteps = 4140  longdy = 4.2e-05  max_dT = 7.9e+01  max_dlog10edd = 0.0e+00  TOA_pressure = 4.5e-07
[128] nsteps = 4178  longdy = 4.3e-05  max_dT = 7.9e+01  max_dlog10edd = 0.0e+00  TOA_pressure = 4.5e-07
[128] nsteps = 4215  longdy = 4.3e-05  max_dT = 7.9e+01  max_dlog10edd = 0.0e+00  TOA_pressure = 4.5e-07
[128] nsteps = 4254  longdy = 1.3e-05  max_dT = 7.9e+01  max_dlog10edd = 0.0e+00  TOA_pressure = 4.5e-07
[128] nsteps = 4292  longdy = 1.6e-05  max_dT = 7.9e+01  max_dlog10edd = 0.0e+00  TOA_pressure = 4.5e-07
[128] nsteps = 4330  longdy = 4.6e-05  max_dT = 7.9e+01  max_dlog10edd = 0.0e+00  TOA_pressure = 4.5e-07
[128] nsteps = 4364  longdy = 5.6e-05  max_dT = 7.9e+01  max_dlog10edd = 0.0e+00  TOA_pressure = 4.5e-07
[128] nsteps = 4398  longdy = 6.5e-05  max_dT = 7.9e+01  max_dlog10edd = 0.0e+00  TOA_pressure = 4.5e-07
[128] nsteps = 4436  longdy = 1.1e-05  max_dT = 7.9e+01  max_dlog10edd = 0.0e+00  TOA_pressure = 4.5e-07
[128] nsteps = 4474  longdy = 9.4e-06  max_dT = 7.9e+01  max_dlog10edd = 0.0e+00  TOA_pressure = 4.5e-07
[128] nsteps = 4512  longdy = 2.2e-05  max_dT = 7.9e+01  max_dlog10edd = 0.0e+00  TOA_pressure = 4.5e-07
[128] nsteps = 4548  longdy = 8.2e-05  max_dT = 7.9e+01  max_dlog10edd = 0.0e+00  TOA_pressure = 4.5e-07
[128] nsteps = 4586  longdy = 1.2e-05  max_dT = 7.9e+01  max_dlog10edd = 0.0e+00  TOA_pressure = 4.5e-07
[128] nsteps = 4622  longdy = 3.6e-05  max_dT = 7.9e+01  max_dlog10edd = 0.0e+00  TOA_pressure = 4.5e-07
[128] nsteps = 4659  longdy = 7.7e-06  max_dT = 7.9e+01  max_dlog10edd = 0.0e+00  TOA_pressure = 4.5e-07
[128] nsteps = 4697  longdy = 2.6e-05  max_dT = 7.9e+01  max_dlog10edd = 0.0e+00  TOA_pressure = 4.5e-07
[128] nsteps = 4734  longdy = 1.5e-05  max_dT = 7.9e+01  max_dlog10edd = 0.0e+00  TOA_pressure = 4.5e-07
[128] nsteps = 4770  longdy = 3.9e-06  max_dT = 7.9e+01  max_dlog10edd = 0.0e+00  TOA_pressure = 4.5e-07
[128] nsteps = 4809  longdy = 1.5e-05  max_dT = 7.9e+01  max_dlog10edd = 0.0e+00  TOA_pressure = 4.5e-07
[128] nsteps = 4847  longdy = 9.3e-06  max_dT = 7.9e+01  max_dlog10edd = 0.0e+00  TOA_pressure = 4.5e-07
[128] nsteps = 4889  longdy = 1.5e-05  max_dT = 7.9e+01  max_dlog10edd = 0.0e+00  TOA_pressure = 4.5e-07
[128] nsteps = 4928  longdy = 4.0e-05  max_dT = 7.9e+01  max_dlog10edd = 0.0e+00  TOA_pressure = 4.5e-07
[128] nsteps = 4963  longdy = 1.7e-05  max_dT = 7.9e+01  max_dlog10edd = 0.0e+00  TOA_pressure = 4.5e-07
[128] nsteps = 5005  longdy = 3.6e-05  max_dT = 7.9e+01  max_dlog10edd = 0.0e+00  TOA_pressure = 4.5e-07
[128] nsteps = 5043  longdy = 2.2e-05  max_dT = 7.9e+01  max_dlog10edd = 0.0e+00  TOA_pressure = 4.5e-07
[128] nsteps = 5085  longdy = 9.9e-06  max_dT = 7.9e+01  max_dlog10edd = 0.0e+00  TOA_pressure = 4.5e-07
[128] nsteps = 5122  longdy = 2.5e-05  max_dT = 7.9e+01  max_dlog10edd = 0.0e+00  TOA_pressure = 4.5e-07
[128] nsteps = 5159  longdy = 1.6e-05  max_dT = 7.9e+01  max_dlog10edd = 0.0e+00  TOA_pressure = 4.5e-07
[128] nsteps = 5195  longdy = 5.1e-05  max_dT = 7.9e+01  max_dlog10edd = 0.0e+00  TOA_pressure = 4.5e-07
[128] nsteps = 5231  longdy = 6.6e-06  max_dT = 7.9e+01  max_dlog10edd = 0.0e+00  TOA_pressure = 4.5e-07
[128] nsteps = 5270  longdy = 2.4e-05  max_dT = 7.9e+01  max_dlog10edd = 0.0e+00  TOA_pressure = 4.5e-07/mmfs1/gscratch/vsm/elizap/MiniNeptuneGrid26_PostBac/Installation&Setup_Instructions/picasofiles/reference
/mmfs1/gscratch/vsm/elizap/MiniNeptuneGrid26_PostBac/Installation&Setup_Instructions/picasofiles/grp/redcat/trds
[112] Was able to successfully find your input parameters in the PICASO TP profile grid!
[112] nsteps = 100  longdy = 5.3e-01  max_dT = 3.0e+01  max_dlog10edd = 0.0e+00  TOA_pressure = 1.4e-07
[112] nsteps = 200  longdy = 2.0e+00  max_dT = 3.3e+01  max_dlog10edd = 0.0e+00  TOA_pressure = 1.4e-07
[112] nsteps = 300  longdy = 2.9e+00  max_dT = 3.8e+01  max_dlog10edd = 0.0e+00  TOA_pressure = 1.5e-07
[112] nsteps = 400  longdy = 9.2e+02  max_dT = 3.6e+01  max_dlog10edd = 0.0e+00  TOA_pressure = 1.6e-07
[112] nsteps = 500  longdy = 4.8e+03  max_dT = 3.4e+01  max_dlog10edd = 0.0e+00  TOA_pressure = 1.8e-07
[112] nsteps = 600  longdy = 2.2e+03  max_dT = 2.8e+01  max_dlog10edd = 0.0e+00  TOA_pressure = 2.1e-07
[112] nsteps = 700  longdy = 4.1e+02  max_dT = 2.3e+01  max_dlog10edd = 0.0e+00  TOA_pressure = 2.4e-07
[112] nsteps = 800  longdy = 3.1e+02  max_dT = 2.0e+01  max_dlog10edd = 0.0e+00  TOA_pressure = 4.1e-07
[112] nsteps = 900  longdy = 2.8e+02  max_dT = 2.2e+01  max_dlog10edd = 0.0e+00  TOA_pressure = 5.0e-07
[112] nsteps = 1000  longdy = 1.3e+03  max_dT = 4.3e+01  max_dlog10edd = 0.0e+00  TOA_pressure = 3.6e-07
[112] nsteps = 1100  longdy = 5.0e-01  max_dT = 5.5e+00  max_dlog10edd = 0.0e+00  TOA_pressure = 8.8e-08
[112] nsteps = 1200  longdy = 1.5e+00  max_dT = 3.7e+00  max_dlog10edd = 0.0e+00  TOA_pressure = 8.4e-08
[112] nsteps = 1300  longdy = 2.1e+00  max_dT = 8.1e+00  max_dlog10edd = 0.0e+00  TOA_pressure = 8.0e-08
[112] nsteps = 1400  longdy = 7.1e+01  max_dT = 2.1e+01  max_dlog10edd = 0.0e+00  TOA_pressure = 6.6e-08
[112] nsteps = 1500  longdy = 1.1e+02  max_dT = 2.6e+01  max_dlog10edd = 0.0e+00  TOA_pressure = 4.3e-08
[112] nsteps = 1600  longdy = 4.4e+01  max_dT = 4.2e+01  max_dlog10edd = 0.0e+00  TOA_pressure = 1.6e-08
[112] nsteps = 1700  longdy = 2.0e+03  max_dT = 4.3e+01  max_dlog10edd = 0.0e+00  TOA_pressure = 3.1e-08
[112] nsteps = 1800  longdy = 4.7e-01  max_dT = 4.3e+01  max_dlog10edd = 0.0e+00  TOA_pressure = 3.6e-08
[112] nsteps = 1900  longdy = 9.9e-02  max_dT = 4.3e+01  max_dlog10edd = 0.0e+00  TOA_pressure = 3.6e-08
[112] nsteps = 2000  longdy = 4.0e-02  max_dT = 4.3e+01  max_dlog10edd = 0.0e+00  TOA_pressure = 3.6e-08
[112] nsteps = 2100  longdy = 2.7e-01  max_dT = 3.8e+00  max_dlog10edd = 0.0e+00  TOA_pressure = 6.5e-07
[112] nsteps = 2200  longdy = 2.0e+00  max_dT = 3.7e+01  max_dlog10edd = 0.0e+00  TOA_pressure = 9.5e-07
[112] nsteps = 2300  longdy = 3.8e+00  max_dT = 4.1e+01  max_dlog10edd = 0.0e+00  TOA_pressure = 9.1e-07
[112] nsteps = 2389  longdy = 2.1e-02  max_dT = 3.9e+01  max_dlog10edd = 0.0e+00  TOA_pressure = 7.9e-07
[112] nsteps = 2489  longdy = 1.1e-01  max_dT = 1.1e+01  max_dlog10edd = 0.0e+00  TOA_pressure = 3.9e-07
[112] nsteps = 2589  longdy = 7.0e-01  max_dT = 1.9e+01  max_dlog10edd = 0.0e+00  TOA_pressure = 3.3e-07
[112] nsteps = 2689  longdy = 1.0e+00  max_dT = 2.6e+01  max_dlog10edd = 0.0e+00  TOA_pressure = 3.4e-07
[112] nsteps = 2717  longdy = 2.0e-02  max_dT = 2.7e+01  max_dlog10edd = 0.0e+00  TOA_pressure = 3.6e-07
[112] nsteps = 2817  longdy = 2.8e-01  max_dT = 1.1e+01  max_dlog10edd = 0.0e+00  TOA_pressure = 4.4e-07
[112] nsteps = 2917  longdy = 5.5e-01  max_dT = 1.8e+01  max_dlog10edd = 0.0e+00  TOA_pressure = 4.6e-07
[112] nsteps = 3017  longdy = 1.6e-02  max_dT = 1.8e+01  max_dlog10edd = 0.0e+00  TOA_pressure = 4.5e-07
[112] nsteps = 3020  longdy = 1.8e-02  max_dT = 1.8e+01  max_dlog10edd = 0.0e+00  TOA_pressure = 4.5e-07
[112] nsteps = 3120  longdy = 3.6e-01  max_dT = 3.9e+00  max_dlog10edd = 0.0e+00  TOA_pressure = 3.9e-07
[112] nsteps = 3220  longdy = 2.4e-01  max_dT = 3.9e+00  max_dlog10edd = 0.0e+00  TOA_pressure = 3.9e-07
[112] nsteps = 3320  longdy = 1.2e-01  max_dT = 4.3e+00  max_dlog10edd = 0.0e+00  TOA_pressure = 3.9e-07
[112] nsteps = 3322  longdy = 2.4e-02  max_dT = 4.3e+00  max_dlog10edd = 0.0e+00  TOA_pressure = 3.9e-07
[112] nsteps = 3422  longdy = 1.8e-01  max_dT = 4.0e+00  max_dlog10edd = 0.0e+00  TOA_pressure = 4.1e-07
[112] nsteps = 3522  longdy = 2.1e-02  max_dT = 4.0e+00  max_dlog10edd = 0.0e+00  TOA_pressure = 4.1e-07
[112] nsteps = 3622  longdy = 1.0e-01  max_dT = 4.0e+00  max_dlog10edd = 0.0e+00  TOA_pressure = 4.1e-07
[112] nsteps = 3625  longdy = 2.6e-02  max_dT = 4.0e+00  max_dlog10edd = 0.0e+00  TOA_pressure = 4.1e-07
[112] nsteps = 3725  longdy = 6.6e-02  max_dT = 1.5e+00  max_dlog10edd = 0.0e+00  TOA_pressure = 4.1e-07
[112] nsteps = 3825  longdy = 5.6e-02  max_dT = 1.5e+00  max_dlog10edd = 0.0e+00  TOA_pressure = 4.1e-07
[112] nsteps = 3925  longdy = 3.6e-02  max_dT = 1.5e+00  max_dlog10edd = 0.0e+00  TOA_pressure = 4.1e-07
[112] nsteps = 3928  longdy = 2.5e-02  max_dT = 1.5e+00  max_dlog10edd = 0.0e+00  TOA_pressure = 4.1e-07
[112] nsteps = 4028  longdy = 1.6e-02  max_dT = 2.1e+00  max_dlog10edd = 0.0e+00  TOA_pressure = 4.0e-07
[112] nsteps = 4128  longdy = 1.8e-02  max_dT = 2.1e+00  max_dlog10edd = 0.0e+00  TOA_pressure = 4.0e-07
[112] nsteps = 4228  longdy = 3.2e-02  max_dT = 2.1e+00  max_dlog10edd = 0.0e+00  TOA_pressure = 4.0e-07
[112] nsteps = 4229  longdy = 2.5e-02  max_dT = 2.1e+00  max_dlog10edd = 0.0e+00  TOA_pressure = 4.0e-07
[112] nsteps = 4329  longdy = 2.9e-02  max_dT = 2.2e+00  max_dlog10edd = 0.0e+00  TOA_pressure = 4.1e-07
[112] nsteps = 4429  longdy = 8.2e-02  max_dT = 2.1e+00  max_dlog10edd = 0.0e+00  TOA_pressure = 4.1e-07
[112] nsteps = 4529  longdy = 5.1e-03  max_dT = 2.1e+00  max_dlog10edd = 0.0e+00  TOA_pressure = 4.1e-07
[112] nsteps = 4530  longdy = 1.5e-03  max_dT = 2.1e+00  max_dlog10edd = 0.0e+00  TOA_pressure = 4.1e-07
[112] nsteps = 4630  longdy = 9.0e-02  max_dT = 5.2e-01  max_dlog10edd = 0.0e+00  TOA_pressure = 4.0e-07
[112] nsteps = 4730  longdy = 1.1e-01  max_dT = 4.5e-01  max_dlog10edd = 0.0e+00  TOA_pressure = 4.0e-07
[112] nsteps = 4830  longdy = 1.0e-01  max_dT = 4.5e-01  max_dlog10edd = 0.0e+00  TOA_pressure = 4.0e-07
[112] nsteps = 4833  longdy = 2.1e-02  max_dT = 4.5e-01  max_dlog10edd = 0.0e+00  TOA_pressure = 4.0e-07
[112] nsteps = 4933  longdy = 1.3e-02  max_dT = 5.7e-01  max_dlog10edd = 0.0e+00  TOA_pressure = 4.0e-07
[112] nsteps = 5033  longdy = 9.5e-03  max_dT = 5.8e-01  max_dlog10edd = 0.0e+00  TOA_pressure = 4.0e-07
[112] nsteps = 5133  longdy = 5.6e-02  max_dT = 5.7e-01  max_dlog10edd = 0.0e+00  TOA_pressure = 4.0e-07
[112] nsteps = 5135  longdy = 1.6e-02  max_dT = 5.7e-01  max_dlog10edd = 0.0e+00  TOA_pressure = 4.0e-07
[112] nsteps = 5235  longdy = 2.5e-02  max_dT = 7.6e-01  max_dlog10edd = 0.0e+00  TOA_pressure = 4.1e-07
[112] nsteps = 5335  longdy = 4.5e-02  max_dT = 7.5e-01  max_dlog10edd = 0.0e+00  TOA_pressure = 4.1e-07
[112] nsteps = 5435  longdy = 3.6e-02  max_dT = 7.5e-01  max_dlog10edd = 0.0e+00  TOA_pressure = 4.1e-07
[112] nsteps = 5436  longdy = 2.4e-02  max_dT = 7.5e-01  max_dlog10edd = 0.0e+00  TOA_pressure = 4.1e-07
[112] nsteps = 5536  longdy = 4.5e-02  max_dT = 1.5e-01  max_dlog10edd = 0.0e+00  TOA_pressure = 4.1e-07
[112] nsteps = 5636  longdy = 2.3e-02  max_dT = 1.5e-01  max_dlog10edd = 0.0e+00  TOA_pressure = 4.1e-07
[112] nsteps = 5736  longdy = 2.5e-02  max_dT = 1.6e-01  max_dlog10edd = 0.0e+00  TOA_pressure = 4.1e-07
[112] nsteps = 5737  longdy = 2.6e-02  max_dT = 2.0e-01  max_dlog10edd = 0.0e+00  TOA_pressure = 4.1e-07
[112] nsteps = 5837  longdy = 3.6e-02  max_dT = 2.7e-01  max_dlog10edd = 0.0e+00  TOA_pressure = 4.0e-07
[112] nsteps = 5937  longdy = 5.6e-03  max_dT = 2.7e-01  max_dlog10edd = 0.0e+00  TOA_pressure = 4.0e-07
[112] nsteps = 6037  longdy = 1.5e-02  max_dT = 2.8e-01  max_dlog10edd = 0.0e+00  TOA_pressure = 4.0e-07
[112] nsteps = 6041  longdy = 1.1e-02  max_dT = 2.8e-01  max_dlog10edd = 0.0e+00  TOA_pressure = 4.0e-07
[112] nsteps = 6141  longdy = 4.0e-02  max_dT = 4.4e-01  max_dlog10edd = 0.0e+00  TOA_pressure = 4.1e-07
[112] nsteps = 6241  longdy = 6.7e-02  max_dT = 4.4e-01  max_dlog10edd = 0.0e+00  TOA_pressure = 4.1e-07
[112] nsteps = 6341  longdy = 9.3e-02  max_dT = 4.4e-01  max_dlog10edd = 0.0e+00  TOA_pressure = 4.1e-07
[112] nsteps = 6358  longdy = 2.3e-02  max_dT = 4.4e-01  max_dlog10edd = 0.0e+00  TOA_pressure = 4.1e-07/mmfs1/gscratch/vsm/elizap/MiniNeptuneGrid26_PostBac/Installation&Setup_Instructions/picasofiles/reference
/mmfs1/gscratch/vsm/elizap/MiniNeptuneGrid26_PostBac/Installation&Setup_Instructions/picasofiles/grp/redcat/trds
[99] Was able to successfully find your input parameters in the PICASO TP profile grid!
[99] nsteps = 100  longdy = 4.8e-01  max_dT = 1.4e+01  max_dlog10edd = 0.0e+00  TOA_pressure = 1.3e-07
[99] nsteps = 200  longdy = 9.7e-01  max_dT = 1.4e+01  max_dlog10edd = 0.0e+00  TOA_pressure = 1.3e-07
[99] nsteps = 300  longdy = 1.1e+00  max_dT = 4.9e+01  max_dlog10edd = 0.0e+00  TOA_pressure = 2.3e-07
[99] nsteps = 400  longdy = 4.1e+00  max_dT = 4.9e+01  max_dlog10edd = 0.0e+00  TOA_pressure = 6.6e-07
[99] nsteps = 500  longdy = 2.4e+02  max_dT = 7.7e+01  max_dlog10edd = 0.0e+00  TOA_pressure = 1.2e-07
[99] nsteps = 600  longdy = 1.0e+00  max_dT = 8.1e+01  max_dlog10edd = 0.0e+00  TOA_pressure = 5.1e-08
[99] nsteps = 700  longdy = 1.0e+00  max_dT = 8.1e+01  max_dlog10edd = 0.0e+00  TOA_pressure = 5.0e-08
[99] nsteps = 800  longdy = 1.0e+00  max_dT = 8.2e+01  max_dlog10edd = 0.0e+00  TOA_pressure = 4.7e-08
[99] nsteps = 900  longdy = 9.9e-01  max_dT = 8.4e+01  max_dlog10edd = 0.0e+00  TOA_pressure = 4.3e-08
[99] nsteps = 1000  longdy = 9.9e-01  max_dT = 8.4e+01  max_dlog10edd = 0.0e+00  TOA_pressure = 4.3e-08
[99] nsteps = 1100  longdy = 1.4e+00  max_dT = 1.1e+01  max_dlog10edd = 0.0e+00  TOA_pressure = 9.4e-07
[99] nsteps = 1200  longdy = 2.9e+03  max_dT = 1.5e+01  max_dlog10edd = 0.0e+00  TOA_pressure = 9.9e-07
[99] nsteps = 1300  longdy = 8.3e+00  max_dT = 1.9e+01  max_dlog10edd = 0.0e+00  TOA_pressure = 1.1e-06
[99] nsteps = 1372  longdy = 2.9e-02  max_dT = 1.5e+01  max_dlog10edd = 0.0e+00  TOA_pressure = 9.9e-07
[99] nsteps = 1472  longdy = 3.3e-01  max_dT = 6.4e+00  max_dlog10edd = 0.0e+00  TOA_pressure = 4.5e-07
[99] nsteps = 1572  longdy = 2.9e-01  max_dT = 6.1e+00  max_dlog10edd = 0.0e+00  TOA_pressure = 4.5e-07
[99] nsteps = 1672  longdy = 6.5e-03  max_dT = 5.7e+00  max_dlog10edd = 0.0e+00  TOA_pressure = 4.4e-07
[99] nsteps = 1673  longdy = 6.3e-03  max_dT = 5.7e+00  max_dlog10edd = 0.0e+00  TOA_pressure = 4.4e-07
[99] nsteps = 1773  longdy = 1.1e-01  max_dT = 3.1e-01  max_dlog10edd = 0.0e+00  TOA_pressure = 4.4e-07
[99] nsteps = 1873  longdy = 4.9e-04  max_dT = 7.6e-01  max_dlog10edd = 0.0e+00  TOA_pressure = 4.4e-07
[99] nsteps = 1909  longdy = 5.0e-04  max_dT = 7.6e-01  max_dlog10edd = 0.0e+00  TOA_pressure = 4.4e-07
[99] nsteps = 2009  longdy = 3.9e-04  max_dT = 1.5e+00  max_dlog10edd = 0.0e+00  TOA_pressure = 4.4e-07
[99] nsteps = 2104  longdy = 4.8e-04  max_dT = 1.5e+00  max_dlog10edd = 0.0e+00  TOA_pressure = 4.4e-07
[99] nsteps = 2204  longdy = 3.7e-04  max_dT = 2.3e+00  max_dlog10edd = 0.0e+00  TOA_pressure = 4.5e-07
[99] nsteps = 2245  longdy = 6.2e-05  max_dT = 2.3e+00  max_dlog10edd = 0.0e+00  TOA_pressure = 4.5e-07
[99] nsteps = 2345  longdy = 6.2e-02  max_dT = 1.4e+00  max_dlog10edd = 0.0e+00  TOA_pressure = 4.4e-07
[99] nsteps = 2445  longdy = 4.8e-04  max_dT = 1.7e+00  max_dlog10edd = 0.0e+00  TOA_pressure = 4.4e-07
[99] nsteps = 2452  longdy = 4.8e-04  max_dT = 1.7e+00  max_dlog10edd = 0.0e+00  TOA_pressure = 4.4e-07
[99] nsteps = 2552  longdy = 3.2e-04  max_dT = 2.8e+00  max_dlog10edd = 0.0e+00  TOA_pressure = 4.5e-07
[99] nsteps = 2586  longdy = 5.6e-05  max_dT = 2.8e+00  max_dlog10edd = 0.0e+00  TOA_pressure = 4.5e-07
[99] nsteps = 2686  longdy = 6.8e-02  max_dT = 1.4e+00  max_dlog10edd = 0.0e+00  TOA_pressure = 4.4e-07
[99] nsteps = 2786  longdy = 4.8e-04  max_dT = 1.8e+00  max_dlog10edd = 0.0e+00  TOA_pressure = 4.4e-07
[99] nsteps = 2809  longdy = 4.7e-04  max_dT = 1.8e+00  max_dlog10edd = 0.0e+00  TOA_pressure = 4.4e-07
[99] nsteps = 2909  longdy = 2.7e-04  max_dT = 3.0e+00  max_dlog10edd = 0.0e+00  TOA_pressure = 4.5e-07
[99] nsteps = 2942  longdy = 1.1e-05  max_dT = 3.0e+00  max_dlog10edd = 0.0e+00  TOA_pressure = 4.5e-07
[99] nsteps = 3042  longdy = 6.9e-02  max_dT = 2.0e+00  max_dlog10edd = 0.0e+00  TOA_pressure = 4.5e-07
[99] nsteps = 3142  longdy = 4.7e-04  max_dT = 1.9e+00  max_dlog10edd = 0.0e+00  TOA_pressure = 4.4e-07
[99] nsteps = 3182  longdy = 4.7e-04  max_dT = 1.9e+00  max_dlog10edd = 0.0e+00  TOA_pressure = 4.4e-07
[99] nsteps = 3282  longdy = 8.1e-05  max_dT = 3.2e+00  max_dlog10edd = 0.0e+00  TOA_pressure = 4.5e-07
[99] nsteps = 3323  longdy = 1.7e-05  max_dT = 3.2e+00  max_dlog10edd = 0.0e+00  TOA_pressure = 4.5e-07
[99] nsteps = 3423  longdy = 4.0e-02  max_dT = 1.9e+00  max_dlog10edd = 0.0e+00  TOA_pressure = 4.4e-07
[99] nsteps = 3523  longdy = 4.7e-04  max_dT = 2.0e+00  max_dlog10edd = 0.0e+00  TOA_pressure = 4.3e-07
[99] nsteps = 3534  longdy = 4.7e-04  max_dT = 2.0e+00  max_dlog10edd = 0.0e+00  TOA_pressure = 4.3e-07
[99] nsteps = 3634  longdy = 3.0e-02  max_dT = 3.4e+00  max_dlog10edd = 0.0e+00  TOA_pressure = 4.5e-07
[99] nsteps = 3706  longdy = 4.7e-06  max_dT = 3.3e+00  max_dlog10edd = 0.0e+00  TOA_pressure = 4.5e-07
[99] nsteps = 3806  longdy = 5.6e-02  max_dT = 1.9e+00  max_dlog10edd = 0.0e+00  TOA_pressure = 4.4e-07
[99] nsteps = 3906  longdy = 5.1e-02  max_dT = 2.0e+00  max_dlog10edd = 0.0e+00  TOA_pressure = 4.3e-07
[99] nsteps = 4006  longdy = 4.8e-04  max_dT = 2.1e+00  max_dlog10edd = 0.0e+00  TOA_pressure = 4.3e-07
[99] nsteps = 4007  longdy = 4.7e-04  max_dT = 2.1e+00  max_dlog10edd = 0.0e+00  TOA_pressure = 4.3e-07
[99] nsteps = 4107  longdy = 8.9e-03  max_dT = 3.5e+00  max_dlog10edd = 0.0e+00  TOA_pressure = 4.5e-07
[99] nsteps = 4175  longdy = 9.1e-06  max_dT = 3.5e+00  max_dlog10edd = 0.0e+00  TOA_pressure = 4.5e-07
[99] nsteps = 4275  longdy = 4.9e-01  max_dT = 1.9e+00  max_dlog10edd = 0.0e+00  TOA_pressure = 4.4e-07
[99] nsteps = 4375  longdy = 7.4e-02  max_dT = 1.6e+00  max_dlog10edd = 0.0e+00  TOA_pressure = 4.4e-07
[99] nsteps = 4475  longdy = 4.7e-04  max_dT = 2.2e+00  max_dlog10edd = 0.0e+00  TOA_pressure = 4.3e-07
[99] nsteps = 4575  longdy = 3.3e-04  max_dT = 3.6e+00  max_dlog10edd = 0.0e+00  TOA_pressure = 4.5e-07
[99] nsteps = 4604  longdy = 8.7e-06  max_dT = 3.6e+00  max_dlog10edd = 0.0e+00  TOA_pressure = 4.5e-07
[99] nsteps = 4704  longdy = 4.3e-01  max_dT = 1.9e+00  max_dlog10edd = 0.0e+00  TOA_pressure = 4.4e-07
[99] nsteps = 4804  longdy = 2.7e-01  max_dT = 1.7e+00  max_dlog10edd = 0.0e+00  TOA_pressure = 4.4e-07
[99] nsteps = 4904  longdy = 1.5e-01  max_dT = 1.7e+00  max_dlog10edd = 0.0e+00  TOA_pressure = 4.4e-07
[99] nsteps = 5004  longdy = 4.0e-02  max_dT = 2.2e+00  max_dlog10edd = 0.0e+00  TOA_pressure = 4.3e-07
[99] nsteps = 5013  longdy = 2.8e-02  max_dT = 2.2e+00  max_dlog10edd = 0.0e+00  TOA_pressure = 4.3e-07
[99] nsteps = 5113  longdy = 1.3e-02  max_dT = 3.7e+00  max_dlog10edd = 0.0e+00  TOA_pressure = 4.5e-07
[99] nsteps = 5172  longdy = 8.7e-06  max_dT = 3.7e+00  max_dlog10edd = 0.0e+00  TOA_pressure = 4.5e-07
[99] nsteps = 5272  longdy = 4.9e-01  max_dT = 2.0e+00  max_dlog10edd = 0.0e+00  TOA_pressure = 4.4e-07
[99] nsteps = 5372  longdy = 7.6e-02  max_dT = 1.8e+00  max_dlog10edd = 0.0e+00  TOA_pressure = 4.4e-07
[99] nsteps = 5472  longdy = 6.0e-02  max_dT = 2.0e+00  max_dlog10edd = 0.0e+00  TOA_pressure = 4.3e-07
[99] nsteps = 5572  longdy = 5.7e-02  max_dT = 2.5e+00  max_dlog10edd = 0.0e+00  TOA_pressure = 4.3e-07
[99] nsteps = 5672  longdy = 5.6e-02  max_dT = 2.4e+00  max_dlog10edd = 0.0e+00  TOA_pressure = 4.3e-07
[99] nsteps = 5762  longdy = 2.8e-02  max_dT = 2.3e+00  max_dlog10edd = 0.0e+00  TOA_pressure = 4.3e-07
[99] nsteps = 5862  longdy = 2.7e-04  max_dT = 3.7e+00  max_dlog10edd = 0.0e+00  TOA_pressure = 4.5e-07
[99] nsteps = 5897  longdy = 1.4e-05  max_dT = 3.7e+00  max_dlog10edd = 0.0e+00  TOA_pressure = 4.5e-07
[99] nsteps = 5997  longdy = 4.6e-01  max_dT = 2.0e+00  max_dlog10edd = 0.0e+00  TOA_pressure = 4.4e-07
[99] nsteps = 6097  longdy = 4.6e-04  max_dT = 2.3e+00  max_dlog10edd = 0.0e+00  TOA_pressure = 4.3e-07
[99] nsteps = 6173  longdy = 4.8e-04  max_dT = 2.3e+00  max_dlog10edd = 0.0e+00  TOA_pressure = 4.3e-07
[99] nsteps = 6273  longdy = 2.1e-04  max_dT = 3.7e+00  max_dlog10edd = 0.0e+00  TOA_pressure = 4.5e-07
[99] nsteps = 6318  longdy = 1.6e-05  max_dT = 3.7e+00  max_dlog10edd = 0.0e+00  TOA_pressure = 4.5e-07/mmfs1/gscratch/vsm/elizap/MiniNeptuneGrid26_PostBac/Installation&Setup_Instructions/picasofiles/reference
/mmfs1/gscratch/vsm/elizap/MiniNeptuneGrid26_PostBac/Installation&Setup_Instructions/picasofiles/grp/redcat/trds
[113] Was able to successfully find your input parameters in the PICASO TP profile grid!
[113] nsteps = 100  longdy = 5.3e-01  max_dT = 3.0e+01  max_dlog10edd = 0.0e+00  TOA_pressure = 1.4e-07
[113] nsteps = 200  longdy = 3.3e+00  max_dT = 3.8e+01  max_dlog10edd = 0.0e+00  TOA_pressure = 1.5e-07
[113] nsteps = 300  longdy = 9.6e-01  max_dT = 2.5e+01  max_dlog10edd = 0.0e+00  TOA_pressure = 2.1e-07
[113] nsteps = 400  longdy = 9.5e+00  max_dT = 6.0e+01  max_dlog10edd = 0.0e+00  TOA_pressure = 1.2e-07
[113] nsteps = 500  longdy = 1.8e+01  max_dT = 6.9e+01  max_dlog10edd = 0.0e+00  TOA_pressure = 2.0e-08
[113] nsteps = 600  longdy = 1.0e+00  max_dT = 6.7e+01  max_dlog10edd = 0.0e+00  TOA_pressure = 1.2e-08
[113] nsteps = 700  longdy = 1.0e+00  max_dT = 6.7e+01  max_dlog10edd = 0.0e+00  TOA_pressure = 1.2e-08
[113] nsteps = 800  longdy = 1.0e+00  max_dT = 6.8e+01  max_dlog10edd = 0.0e+00  TOA_pressure = 1.2e-08
[113] nsteps = 900  longdy = 1.0e+00  max_dT = 6.7e+01  max_dlog10edd = 0.0e+00  TOA_pressure = 1.2e-08
[113] nsteps = 1000  longdy = 1.0e+00  max_dT = 6.7e+01  max_dlog10edd = 0.0e+00  TOA_pressure = 1.2e-08
[113] nsteps = 1100  longdy = 1.6e-01  max_dT = 5.9e+00  max_dlog10edd = 0.0e+00  TOA_pressure = 1.5e-06
[113] nsteps = 1200  longdy = 1.9e+02  max_dT = 3.7e+01  max_dlog10edd = 0.0e+00  TOA_pressure = 1.1e-06
[113] nsteps = 1300  longdy = 1.0e+01  max_dT = 4.9e+01  max_dlog10edd = 0.0e+00  TOA_pressure = 9.9e-07
[113] nsteps = 1400  longdy = 2.3e+00  max_dT = 3.7e+01  max_dlog10edd = 0.0e+00  TOA_pressure = 1.1e-06
[113] nsteps = 1500  longdy = 2.3e+00  max_dT = 3.7e+01  max_dlog10edd = 0.0e+00  TOA_pressure = 1.1e-06
[113] nsteps = 1600  longdy = 2.3e+00  max_dT = 3.6e+01  max_dlog10edd = 0.0e+00  TOA_pressure = 1.1e-06
[113] nsteps = 1700  longdy = 2.4e+00  max_dT = 3.6e+01  max_dlog10edd = 0.0e+00  TOA_pressure = 1.1e-06
[113] nsteps = 1800  longdy = 2.4e+00  max_dT = 3.6e+01  max_dlog10edd = 0.0e+00  TOA_pressure = 1.1e-06
[113] nsteps = 1900  longdy = 1.1e-01  max_dT = 3.6e+01  max_dlog10edd = 0.0e+00  TOA_pressure = 1.1e-06
[113] nsteps = 2000  longdy = 1.1e-01  max_dT = 3.6e+01  max_dlog10edd = 0.0e+00  TOA_pressure = 1.1e-06
[113] nsteps = 2100  longdy = 2.3e-01  max_dT = 2.5e+01  max_dlog10edd = 0.0e+00  TOA_pressure = 4.1e-07
[113] nsteps = 2200  longdy = 3.6e-01  max_dT = 6.0e+01  max_dlog10edd = 0.0e+00  TOA_pressure = 5.8e-07
[113] nsteps = 2300  longdy = 1.2e+02  max_dT = 6.8e+01  max_dlog10edd = 0.0e+00  TOA_pressure = 6.6e-07
[113] nsteps = 2400  longdy = 8.9e-01  max_dT = 6.4e+01  max_dlog10edd = 0.0e+00  TOA_pressure = 6.2e-07
[113] nsteps = 2500  longdy = 6.3e-01  max_dT = 6.2e+01  max_dlog10edd = 0.0e+00  TOA_pressure = 6.0e-07
[113] nsteps = 2559  longdy = 1.1e-02  max_dT = 5.7e+01  max_dlog10edd = 0.0e+00  TOA_pressure = 5.6e-07
[113] nsteps = 2659  longdy = 7.4e-01  max_dT = 3.1e+01  max_dlog10edd = 0.0e+00  TOA_pressure = 3.3e-07
[113] nsteps = 2759  longdy = 8.4e-01  max_dT = 3.6e+01  max_dlog10edd = 0.0e+00  TOA_pressure = 3.2e-07
[113] nsteps = 2859  longdy = 1.0e+00  max_dT = 4.1e+01  max_dlog10edd = 0.0e+00  TOA_pressure = 3.0e-07
[113] nsteps = 2959  longdy = 3.7e-01  max_dT = 4.4e+01  max_dlog10edd = 0.0e+00  TOA_pressure = 3.0e-07
[113] nsteps = 3005  longdy = 2.0e-02  max_dT = 4.4e+01  max_dlog10edd = 0.0e+00  TOA_pressure = 3.0e-07
[113] nsteps = 3105  longdy = 1.5e+00  max_dT = 2.6e+01  max_dlog10edd = 0.0e+00  TOA_pressure = 5.7e-07
[113] nsteps = 3205  longdy = 6.1e+01  max_dT = 3.1e+01  max_dlog10edd = 0.0e+00  TOA_pressure = 5.9e-07
[113] nsteps = 3305  longdy = 6.4e-02  max_dT = 2.9e+01  max_dlog10edd = 0.0e+00  TOA_pressure = 5.8e-07
[113] nsteps = 3321  longdy = 1.4e-02  max_dT = 2.9e+01  max_dlog10edd = 0.0e+00  TOA_pressure = 5.8e-07
[113] nsteps = 3421  longdy = 2.3e-01  max_dT = 9.9e+00  max_dlog10edd = 0.0e+00  TOA_pressure = 3.9e-07
[113] nsteps = 3521  longdy = 1.0e-01  max_dT = 1.2e+01  max_dlog10edd = 0.0e+00  TOA_pressure = 3.9e-07
[113] nsteps = 3561  longdy = 4.2e-05  max_dT = 1.2e+01  max_dlog10edd = 0.0e+00  TOA_pressure = 3.8e-07
[113] nsteps = 3661  longdy = 1.3e+00  max_dT = 1.0e+01  max_dlog10edd = 0.0e+00  TOA_pressure = 4.8e-07
[113] nsteps = 3761  longdy = 1.7e-01  max_dT = 1.1e+01  max_dlog10edd = 0.0e+00  TOA_pressure = 4.8e-07
[113] nsteps = 3861  longdy = 7.3e-03  max_dT = 1.1e+01  max_dlog10edd = 0.0e+00  TOA_pressure = 4.8e-07
[113] nsteps = 3862  longdy = 2.0e-03  max_dT = 1.1e+01  max_dlog10edd = 0.0e+00  TOA_pressure = 4.8e-07
[113] nsteps = 3962  longdy = 1.0e+00  max_dT = 1.0e+01  max_dlog10edd = 0.0e+00  TOA_pressure = 4.2e-07
[113] nsteps = 4062  longdy = 4.4e-01  max_dT = 8.5e+00  max_dlog10edd = 0.0e+00  TOA_pressure = 4.3e-07
[113] nsteps = 4162  longdy = 3.7e-01  max_dT = 8.3e+00  max_dlog10edd = 0.0e+00  TOA_pressure = 4.3e-07
[113] nsteps = 4262  longdy = 3.5e-01  max_dT = 8.4e+00  max_dlog10edd = 0.0e+00  TOA_pressure = 4.3e-07
[113] nsteps = 4362  longdy = 3.3e-01  max_dT = 8.4e+00  max_dlog10edd = 0.0e+00  TOA_pressure = 4.3e-07
[113] nsteps = 4462  longdy = 3.5e-01  max_dT = 8.3e+00  max_dlog10edd = 0.0e+00  TOA_pressure = 4.3e-07
[113] nsteps = 4562  longdy = 3.3e-01  max_dT = 8.3e+00  max_dlog10edd = 0.0e+00  TOA_pressure = 4.3e-07
[113] nsteps = 4662  longdy = 1.4e-01  max_dT = 8.3e+00  max_dlog10edd = 0.0e+00  TOA_pressure = 4.3e-07
[113] nsteps = 4762  longdy = 1.3e-01  max_dT = 8.3e+00  max_dlog10edd = 0.0e+00  TOA_pressure = 4.3e-07
[113] nsteps = 4862  longdy = 1.2e-01  max_dT = 8.2e+00  max_dlog10edd = 0.0e+00  TOA_pressure = 4.3e-07
[113] nsteps = 4962  longdy = 3.0e-01  max_dT = 5.2e+00  max_dlog10edd = 0.0e+00  TOA_pressure = 4.6e-07
[113] nsteps = 5062  longdy = 4.8e-03  max_dT = 7.0e+00  max_dlog10edd = 0.0e+00  TOA_pressure = 4.2e-07
[113] nsteps = 5162  longdy = 4.6e-03  max_dT = 7.0e+00  max_dlog10edd = 0.0e+00  TOA_pressure = 4.2e-07
[113] nsteps = 5163  longdy = 2.2e-03  max_dT = 7.0e+00  max_dlog10edd = 0.0e+00  TOA_pressure = 4.2e-07
[113] nsteps = 5263  longdy = 3.6e-01  max_dT = 1.0e+01  max_dlog10edd = 0.0e+00  TOA_pressure = 4.7e-07
[113] nsteps = 5363  longdy = 9.7e-02  max_dT = 1.1e+01  max_dlog10edd = 0.0e+00  TOA_pressure = 4.7e-07
[113] nsteps = 5395  longdy = 2.3e-05  max_dT = 1.1e+01  max_dlog10edd = 0.0e+00  TOA_pressure = 4.7e-07
[113] nsteps = 5495  longdy = 5.5e-01  max_dT = 1.1e+01  max_dlog10edd = 0.0e+00  TOA_pressure = 4.2e-07
[113] nsteps = 5595  longdy = 1.0e+00  max_dT = 1.2e+01  max_dlog10edd = 0.0e+00  TOA_pressure = 4.2e-07
[113] nsteps = 5687  longdy = 3.5e-05  max_dT = 1.2e+01  max_dlog10edd = 0.0e+00  TOA_pressure = 4.2e-07
[113] nsteps = 5787  longdy = 9.6e-02  max_dT = 5.0e+00  max_dlog10edd = 0.0e+00  TOA_pressure = 4.5e-07
[113] nsteps = 5887  longdy = 6.3e-01  max_dT = 6.8e+00  max_dlog10edd = 0.0e+00  TOA_pressure = 4.6e-07
[113] nsteps = 5987  longdy = 2.4e+01  max_dT = 9.8e+00  max_dlog10edd = 0.0e+00  TOA_pressure = 4.7e-07
[113] nsteps = 6087  longdy = 2.5e-01  max_dT = 9.1e+00  max_dlog10edd = 0.0e+00  TOA_pressure = 4.7e-07
[113] nsteps = 6187  longdy = 2.3e-01  max_dT = 7.4e+00  max_dlog10edd = 0.0e+00  TOA_pressure = 4.6e-07
[113] nsteps = 6287  longdy = 2.1e-01  max_dT = 7.0e+00  max_dlog10edd = 0.0e+00  TOA_pressure = 4.6e-07
[113] nsteps = 6387  longdy = 2.1e-01  max_dT = 6.7e+00  max_dlog10edd = 0.0e+00  TOA_pressure = 4.6e-07
[113] nsteps = 6487  longdy = 2.0e-01  max_dT = 6.6e+00  max_dlog10edd = 0.0e+00  TOA_pressure = 4.6e-07
[113] nsteps = 6587  longdy = 1.7e-01  max_dT = 6.4e+00  max_dlog10edd = 0.0e+00  TOA_pressure = 4.6e-07
[113] nsteps = 6687  longdy = 1.2e-01  max_dT = 6.4e+00  max_dlog10edd = 0.0e+00  TOA_pressure = 4.6e-07
[113] nsteps = 6787  longdy = 3.8e-01  max_dT = 8.0e+00  max_dlog10edd = 0.0e+00  TOA_pressure = 4.2e-07
[113] nsteps = 6887  longdy = 4.4e-01  max_dT = 8.1e+00  max_dlog10edd = 0.0e+00  TOA_pressure = 4.2e-07
[113] nsteps = 6987  longdy = 4.5e-01  max_dT = 8.2e+00  max_dlog10edd = 0.0e+00  TOA_pressure = 4.2e-07
[113] nsteps = 7087  longdy = 4.5e-01  max_dT = 8.2e+00  max_dlog10edd = 0.0e+00  TOA_pressure = 4.2e-07/mmfs1/gscratch/vsm/elizap/MiniNeptuneGrid26_PostBac/Installation&Setup_Instructions/picasofiles/reference
/mmfs1/gscratch/vsm/elizap/MiniNeptuneGrid26_PostBac/Installation&Setup_Instructions/picasofiles/grp/redcat/trds
[9] Was able to successfully find your input parameters in the PICASO TP profile grid!
[9] nsteps = 100  longdy = 5.6e-01  max_dT = 1.7e+01  max_dlog10edd = 0.0e+00  TOA_pressure = 1.4e-07
[9] nsteps = 200  longdy = 2.2e+00  max_dT = 1.7e+01  max_dlog10edd = 0.0e+00  TOA_pressure = 1.4e-07
[9] nsteps = 300  longdy = 3.0e+00  max_dT = 1.7e+01  max_dlog10edd = 0.0e+00  TOA_pressure = 2.5e-07
[9] nsteps = 400  longdy = 6.5e+00  max_dT = 2.1e+01  max_dlog10edd = 0.0e+00  TOA_pressure = 3.1e-07
[9] nsteps = 500  longdy = 1.9e+00  max_dT = 3.0e+01  max_dlog10edd = 0.0e+00  TOA_pressure = 5.6e-07
[9] nsteps = 600  longdy = 5.1e+01  max_dT = 3.5e+01  max_dlog10edd = 0.0e+00  TOA_pressure = 1.1e-06
[9] nsteps = 700  longdy = 3.2e+01  max_dT = 3.9e+01  max_dlog10edd = 0.0e+00  TOA_pressure = 2.4e-06
[9] nsteps = 800  longdy = 3.4e+01  max_dT = 4.8e+01  max_dlog10edd = 0.0e+00  TOA_pressure = 5.5e-06
[9] nsteps = 900  longdy = 2.4e+02  max_dT = 5.2e+01  max_dlog10edd = 0.0e+00  TOA_pressure = 9.3e-06
[9] nsteps = 1000  longdy = 2.2e+01  max_dT = 5.5e+01  max_dlog10edd = 0.0e+00  TOA_pressure = 1.4e-05
[9] nsteps = 1100  longdy = 5.3e-01  max_dT = 2.7e+01  max_dlog10edd = 0.0e+00  TOA_pressure = 1.1e-06
[9] nsteps = 1200  longdy = 6.7e+00  max_dT = 2.7e+01  max_dlog10edd = 0.0e+00  TOA_pressure = 1.2e-06
[9] nsteps = 1300  longdy = 9.2e+00  max_dT = 2.6e+01  max_dlog10edd = 0.0e+00  TOA_pressure = 1.2e-06
[9] nsteps = 1400  longdy = 7.6e+01  max_dT = 2.4e+01  max_dlog10edd = 0.0e+00  TOA_pressure = 1.3e-06
[9] nsteps = 1500  longdy = 9.7e+01  max_dT = 2.2e+01  max_dlog10edd = 0.0e+00  TOA_pressure = 1.6e-06
[9] nsteps = 1600  longdy = 4.4e+01  max_dT = 2.2e+01  max_dlog10edd = 0.0e+00  TOA_pressure = 1.6e-06
[9] nsteps = 1700  longdy = 5.7e+00  max_dT = 2.9e+01  max_dlog10edd = 0.0e+00  TOA_pressure = 1.4e-06
[9] nsteps = 1800  longdy = 1.5e+02  max_dT = 4.6e+01  max_dlog10edd = 0.0e+00  TOA_pressure = 1.5e-06
[9] nsteps = 1900  longdy = 1.6e+01  max_dT = 9.5e+01  max_dlog10edd = 0.0e+00  TOA_pressure = 1.8e-06
[9] nsteps = 2000  longdy = 2.9e+00  max_dT = 1.3e+02  max_dlog10edd = 0.0e+00  TOA_pressure = 2.3e-06
[9] nsteps = 2100  longdy = 1.5e-01  max_dT = 1.3e+02  max_dlog10edd = 0.0e+00  TOA_pressure = 1.3e-07
[9] nsteps = 2200  longdy = 9.4e-01  max_dT = 1.3e+02  max_dlog10edd = 0.0e+00  TOA_pressure = 1.4e-07
[9] nsteps = 2300  longdy = 2.5e+00  max_dT = 1.3e+02  max_dlog10edd = 0.0e+00  TOA_pressure = 1.5e-07
[9] nsteps = 2400  longdy = 1.1e+00  max_dT = 1.3e+02  max_dlog10edd = 0.0e+00  TOA_pressure = 2.1e-07
[9] nsteps = 2500  longdy = 5.2e-01  max_dT = 1.5e+02  max_dlog10edd = 0.0e+00  TOA_pressure = 2.4e-07
[9] nsteps = 2600  longdy = 2.2e-01  max_dT = 1.6e+02  max_dlog10edd = 0.0e+00  TOA_pressure = 2.5e-07
[9] nsteps = 2630  longdy = 3.0e-02  max_dT = 1.6e+02  max_dlog10edd = 0.0e+00  TOA_pressure = 2.5e-07
[9] nsteps = 2730  longdy = 1.7e+00  max_dT = 1.5e+02  max_dlog10edd = 0.0e+00  TOA_pressure = 1.3e-07
[9] nsteps = 2830  longdy = 8.6e-01  max_dT = 1.5e+02  max_dlog10edd = 0.0e+00  TOA_pressure = 1.3e-07
[9] nsteps = 2930  longdy = 4.3e-02  max_dT = 1.5e+02  max_dlog10edd = 0.0e+00  TOA_pressure = 1.3e-07
[9] nsteps = 2937  longdy = 2.9e-02  max_dT = 1.5e+02  max_dlog10edd = 0.0e+00  TOA_pressure = 1.3e-07
[9] nsteps = 3037  longdy = 1.4e-03  max_dT = 1.5e+02  max_dlog10edd = 0.0e+00  TOA_pressure = 1.3e-07
[9] nsteps = 3137  longdy = 5.8e-04  max_dT = 1.5e+02  max_dlog10edd = 0.0e+00  TOA_pressure = 1.3e-07
[9] nsteps = 3160  longdy = 4.1e-04  max_dT = 1.5e+02  max_dlog10edd = 0.0e+00  TOA_pressure = 1.3e-07
[9] nsteps = 3260  longdy = 7.4e-04  max_dT = 1.5e+02  max_dlog10edd = 0.0e+00  TOA_pressure = 1.3e-07
[9] nsteps = 3360  longdy = 2.1e-03  max_dT = 1.5e+02  max_dlog10edd = 0.0e+00  TOA_pressure = 1.3e-07
[9] nsteps = 3431  longdy = 5.8e-04  max_dT = 1.5e+02  max_dlog10edd = 0.0e+00  TOA_pressure = 1.3e-07
[9] nsteps = 3531  longdy = 9.7e-04  max_dT = 1.5e+02  max_dlog10edd = 0.0e+00  TOA_pressure = 1.3e-07
[9] nsteps = 3550  longdy = 8.9e-04  max_dT = 1.5e+02  max_dlog10edd = 0.0e+00  TOA_pressure = 1.3e-07
[9] nsteps = 3650  longdy = 1.0e-03  max_dT = 1.5e+02  max_dlog10edd = 0.0e+00  TOA_pressure = 1.3e-07
[9] nsteps = 3678  longdy = 1.0e-03  max_dT = 1.5e+02  max_dlog10edd = 0.0e+00  TOA_pressure = 1.3e-07
[9] nsteps = 3778  longdy = 6.9e-04  max_dT = 1.5e+02  max_dlog10edd = 0.0e+00  TOA_pressure = 1.3e-07
[9] nsteps = 3818  longdy = 3.6e-04  max_dT = 1.5e+02  max_dlog10edd = 0.0e+00  TOA_pressure = 1.3e-07
[9] nsteps = 3918  longdy = 5.9e-04  max_dT = 1.5e+02  max_dlog10edd = 0.0e+00  TOA_pressure = 1.3e-07
[9] nsteps = 3986  longdy = 1.1e-03  max_dT = 1.5e+02  max_dlog10edd = 0.0e+00  TOA_pressure = 1.3e-07
[9] nsteps = 4086  longdy = 6.5e-04  max_dT = 1.5e+02  max_dlog10edd = 0.0e+00  TOA_pressure = 1.3e-07
[9] nsteps = 4186  longdy = 5.2e-04  max_dT = 1.5e+02  max_dlog10edd = 0.0e+00  TOA_pressure = 1.3e-07
[9] nsteps = 4188  longdy = 3.0e-04  max_dT = 1.5e+02  max_dlog10edd = 0.0e+00  TOA_pressure = 1.3e-07
[9] nsteps = 4288  longdy = 1.4e-03  max_dT = 1.5e+02  max_dlog10edd = 0.0e+00  TOA_pressure = 1.3e-07
[9] nsteps = 4336  longdy = 3.5e-04  max_dT = 1.5e+02  max_dlog10edd = 0.0e+00  TOA_pressure = 1.3e-07
[9] nsteps = 4436  longdy = 1.3e-03  max_dT = 1.5e+02  max_dlog10edd = 0.0e+00  TOA_pressure = 1.3e-07
[9] nsteps = 4470  longdy = 4.1e-04  max_dT = 1.5e+02  max_dlog10edd = 0.0e+00  TOA_pressure = 1.3e-07
[9] nsteps = 4570  longdy = 7.6e-04  max_dT = 1.5e+02  max_dlog10edd = 0.0e+00  TOA_pressure = 1.3e-07
[9] nsteps = 4590  longdy = 6.6e-04  max_dT = 1.5e+02  max_dlog10edd = 0.0e+00  TOA_pressure = 1.3e-07
[9] nsteps = 4690  longdy = 1.1e-03  max_dT = 1.5e+02  max_dlog10edd = 0.0e+00  TOA_pressure = 1.3e-07
[9] nsteps = 4790  longdy = 5.1e-04  max_dT = 1.5e+02  max_dlog10edd = 0.0e+00  TOA_pressure = 1.3e-07
[9] nsteps = 4796  longdy = 1.3e-03  max_dT = 1.5e+02  max_dlog10edd = 0.0e+00  TOA_pressure = 1.3e-07
[9] nsteps = 4896  longdy = 6.7e-04  max_dT = 1.5e+02  max_dlog10edd = 0.0e+00  TOA_pressure = 1.3e-07
[9] nsteps = 4941  longdy = 4.7e-04  max_dT = 1.5e+02  max_dlog10edd = 0.0e+00  TOA_pressure = 1.3e-07
[9] nsteps = 5041  longdy = 3.0e-04  max_dT = 1.5e+02  max_dlog10edd = 0.0e+00  TOA_pressure = 1.3e-07
[9] nsteps = 5048  longdy = 9.1e-04  max_dT = 1.5e+02  max_dlog10edd = 0.0e+00  TOA_pressure = 1.3e-07
[9] nsteps = 5148  longdy = 1.4e-03  max_dT = 1.5e+02  max_dlog10edd = 0.0e+00  TOA_pressure = 1.3e-07
[9] nsteps = 5157  longdy = 1.3e-03  max_dT = 1.5e+02  max_dlog10edd = 0.0e+00  TOA_pressure = 1.3e-07
[9] nsteps = 5257  longdy = 3.5e-04  max_dT = 1.5e+02  max_dlog10edd = 0.0e+00  TOA_pressure = 1.3e-07
[9] nsteps = 5267  longdy = 9.5e-04  max_dT = 1.5e+02  max_dlog10edd = 0.0e+00  TOA_pressure = 1.3e-07
[9] nsteps = 5367  longdy = 2.1e-03  max_dT = 1.5e+02  max_dlog10edd = 0.0e+00  TOA_pressure = 1.3e-07
[9] nsteps = 5385  longdy = 7.1e-04  max_dT = 1.5e+02  max_dlog10edd = 0.0e+00  TOA_pressure = 1.3e-07
[9] nsteps = 5485  longdy = 4.3e-04  max_dT = 1.5e+02  max_dlog10edd = 0.0e+00  TOA_pressure = 1.3e-07
[9] nsteps = 5554  longdy = 5.1e-04  max_dT = 1.5e+02  max_dlog10edd = 0.0e+00  TOA_pressure = 1.3e-07
[9] nsteps = 5654  longdy = 5.6e-04  max_dT = 1.5e+02  max_dlog10edd = 0.0e+00  TOA_pressure = 1.3e-07
[9] nsteps = 5722  longdy = 2.4e-04  max_dT = 1.5e+02  max_dlog10edd = 0.0e+00  TOA_pressure = 1.3e-07
[9] nsteps = 5822  longdy = 1.0e-03  max_dT = 1.5e+02  max_dlog10edd = 0.0e+00  TOA_pressure = 1.3e-07
[9] nsteps = 5911  longdy = 1.4e-03  max_dT = 1.5e+02  max_dlog10edd = 0.0e+00  TOA_pressure = 1.3e-07
[9] nsteps = 6011  longdy = 1.1e-03  max_dT = 1.5e+02  max_dlog10edd = 0.0e+00  TOA_pressure = 1.3e-07
[9] nsteps = 6024  longdy = 3.4e-04  max_dT = 1.5e+02  max_dlog10edd = 0.0e+00  TOA_pressure = 1.3e-07
[9] nsteps = 6124  longdy = 1.1e-03  max_dT = 1.5e+02  max_dlog10edd = 0.0e+00  TOA_pressure = 1.3e-07
[9] nsteps = 6224  longdy = 5.6e-04  max_dT = 1.5e+02  max_dlog10edd = 0.0e+00  TOA_pressure = 1.3e-07