[1] 2026-03-21 08:32:11,189 INFO [rank=1 host=n3007]: starting climate model for inputs: [2.00e+00 2.75e+00 2.00e+02 1.00e+01 1.00e-02]
[2] 2026-03-21 08:32:11,189 INFO [rank=2 host=n3007]: starting climate model for inputs: [2.00e+00 2.75e+00 3.50e+02 1.00e+01 1.00e-02]
[4] 2026-03-21 08:32:11,189 INFO [rank=4 host=n3007]: starting climate model for inputs: [  2.      3.125 200.      6.      0.505]
[8] 2026-03-21 08:32:11,189 INFO [rank=8 host=n3007]: starting climate model for inputs: [  2.      3.125 200.     10.      1.   ]
[40] 2026-03-21 08:32:11,190 INFO [rank=40 host=n3367]: starting climate model for inputs: [  2.       3.5    200.       8.       0.7525]
[10] 2026-03-21 08:32:11,189 INFO [rank=10 host=n3007]: starting climate model for inputs: [  2.      3.125 250.      3.      1.   ]
[41] 2026-03-21 08:32:11,190 INFO [rank=41 host=n3367]: starting climate model for inputs: [  2.    3.5 200.    8.    1. ]
[12] 2026-03-21 08:32:11,189 INFO [rank=12 host=n3007]: starting climate model for inputs: [  2.       3.125  250.       4.       0.7525]
[42] 2026-03-21 08:32:11,190 INFO [rank=42 host=n3367]: starting climate model for inputs: [  2.    3.5 200.   10.    1. ]
[13] 2026-03-21 08:32:11,189 INFO [rank=13 host=n3007]: starting climate model for inputs: [  2.      3.125 250.      4.      1.   ]
[43] 2026-03-21 08:32:11,190 INFO [rank=43 host=n3367]: starting climate model for inputs: [  2.       3.5    250.       0.7      0.2575]
[23] 2026-03-21 08:32:11,189 INFO [rank=23 host=n3007]: starting climate model for inputs: [2.000e+00 3.125e+00 3.000e+02 7.000e-01 1.000e-02]
[24] 2026-03-21 08:32:11,189 INFO [rank=24 host=n3007]: starting climate model for inputs: [2.000e+00 3.125e+00 3.000e+02 7.000e-01 2.575e-01]
[45] 2026-03-21 08:32:11,190 INFO [rank=45 host=n3367]: starting climate model for inputs: [  2.    3.5 250.    4.    1. ]
[46] 2026-03-21 08:32:11,190 INFO [rank=46 host=n3367]: starting climate model for inputs: [  2.       3.5    250.       5.       0.7525]
[9] 2026-03-21 08:32:11,190 INFO [rank=9 host=n3007]: starting climate model for inputs: [  2.       3.125  250.       3.       0.7525]
[48] 2026-03-21 08:32:11,190 INFO [rank=48 host=n3367]: starting climate model for inputs: [  2.       3.5    250.      10.       0.7525]
[11] 2026-03-21 08:32:11,190 INFO [rank=11 host=n3007]: starting climate model for inputs: [  2.      3.125 250.      4.      0.505]
[50] 2026-03-21 08:32:11,190 INFO [rank=50 host=n3367]: starting climate model for inputs: [2.0e+00 3.5e+00 3.0e+02 1.5e+00 1.0e-02]
[51] 2026-03-21 08:32:11,191 INFO [rank=51 host=n3367]: starting climate model for inputs: [  2.      3.5   300.      3.      0.505]
[30] 2026-03-21 08:32:11,190 INFO [rank=30 host=n3007]: starting climate model for inputs: [2.000e+00 3.125e+00 3.500e+02 4.000e+00 1.000e-02]
[52] 2026-03-21 08:32:11,190 INFO [rank=52 host=n3367]: starting climate model for inputs: [  2.    3.5 300.    5.    1. ]
[6] 2026-03-21 08:32:11,190 INFO [rank=6 host=n3007]: starting climate model for inputs: [  2.      3.125 200.      6.      1.   ]
[53] 2026-03-21 08:32:11,190 INFO [rank=53 host=n3367]: starting climate model for inputs: [  2.    3.5 300.   10.    1. ]
[18] 2026-03-21 08:32:11,190 INFO [rank=18 host=n3007]: starting climate model for inputs: [  2.      3.125 250.      8.      0.505]
[54] 2026-03-21 08:32:11,190 INFO [rank=54 host=n3367]: starting climate model for inputs: [2.000e+00 3.500e+00 3.500e+02 4.000e+00 2.575e-01]
[19] 2026-03-21 08:32:11,190 INFO [rank=19 host=n3007]: starting climate model for inputs: [  2.       3.125  250.       8.       0.7525]
[58] 2026-03-21 08:32:11,191 INFO [rank=58 host=n3367]: starting climate model for inputs: [  2.      3.5   350.      8.      0.505]
[22] 2026-03-21 08:32:11,190 INFO [rank=22 host=n3007]: starting climate model for inputs: [  2.       3.125  250.      10.       0.7525]
[34] 2026-03-21 08:32:11,190 INFO [rank=34 host=n3007]: starting climate model for inputs: [2.000e+00 3.125e+00 4.000e+02 1.500e+00 1.000e-02]
[44] 2026-03-21 08:32:11,191 INFO [rank=44 host=n3367]: starting climate model for inputs: [  2.    3.5 250.    3.    1. ]
[37] 2026-03-21 08:32:11,190 INFO [rank=37 host=n3007]: starting climate model for inputs: [  2.    3.5 100.    5.    1. ]
[47] 2026-03-21 08:32:11,191 INFO [rank=47 host=n3367]: starting climate model for inputs: [  2.       3.5    250.       6.       0.7525]
[3] 2026-03-21 08:32:11,190 INFO [rank=3 host=n3007]: starting climate model for inputs: [  2.       3.125  200.       3.       0.2575]
[57] 2026-03-21 08:32:11,191 INFO [rank=57 host=n3367]: starting climate model for inputs: [2.000e+00 3.500e+00 3.500e+02 8.000e+00 2.575e-01]
[7] 2026-03-21 08:32:11,190 INFO [rank=7 host=n3007]: starting climate model for inputs: [  2.      3.125 200.      8.      0.505]
[63] 2026-03-21 08:32:11,191 INFO [rank=63 host=n3367]: starting climate model for inputs: [  2.      3.5   400.      0.7     0.505]
[14] 2026-03-21 08:32:11,190 INFO [rank=14 host=n3007]: starting climate model for inputs: [  2.      3.125 250.      5.      0.505]
[60] 2026-03-21 08:32:11,191 INFO [rank=60 host=n3367]: starting climate model for inputs: [  2.      3.5   350.     10.      0.505]
[26] 2026-03-21 08:32:11,190 INFO [rank=26 host=n3007]: starting climate model for inputs: [2.000e+00 3.125e+00 3.500e+02 7.000e-01 1.000e-02]
[65] 2026-03-21 08:32:11,191 INFO [rank=65 host=n3367]: starting climate model for inputs: [2.000e+00 3.500e+00 4.000e+02 1.000e+00 2.575e-01]
[15] 2026-03-21 08:32:11,190 INFO [rank=15 host=n3007]: starting climate model for inputs: [  2.       3.125  250.       5.       0.7525]
[27] 2026-03-21 08:32:11,190 INFO [rank=27 host=n3007]: starting climate model for inputs: [2.000e+00 3.125e+00 3.500e+02 7.000e-01 2.575e-01]
[64] 2026-03-21 08:32:11,191 INFO [rank=64 host=n3367]: starting climate model for inputs: [2.0e+00 3.5e+00 4.0e+02 1.0e+00 1.0e-02]
[16] 2026-03-21 08:32:11,190 INFO [rank=16 host=n3007]: starting climate model for inputs: [  2.      3.125 250.      6.      0.505]
[28] 2026-03-21 08:32:11,190 INFO [rank=28 host=n3007]: starting climate model for inputs: [2.000e+00 3.125e+00 3.500e+02 1.000e+00 1.000e-02]
[55] 2026-03-21 08:32:11,191 INFO [rank=55 host=n3367]: starting climate model for inputs: [2.000e+00 3.500e+00 3.500e+02 6.000e+00 2.575e-01]
[56] 2026-03-21 08:32:11,191 INFO [rank=56 host=n3367]: starting climate model for inputs: [  2.      3.5   350.      6.      0.505]
[59] 2026-03-21 08:32:11,191 INFO [rank=59 host=n3367]: starting climate model for inputs: [2.000e+00 3.500e+00 3.500e+02 1.000e+01 2.575e-01]
[17] 2026-03-21 08:32:11,190 INFO [rank=17 host=n3007]: starting climate model for inputs: [  2.       3.125  250.       6.       0.7525]
[61] 2026-03-21 08:32:11,191 INFO [rank=61 host=n3367]: starting climate model for inputs: [2.0e+00 3.5e+00 4.0e+02 7.0e-01 1.0e-02]
[33] 2026-03-21 08:32:11,190 INFO [rank=33 host=n3007]: starting climate model for inputs: [2.000e+00 3.125e+00 4.000e+02 1.000e+00 1.000e-02]
[36] 2026-03-21 08:32:11,190 INFO [rank=36 host=n3007]: starting climate model for inputs: [ 2.   3.5 50.   6.   1. ]
[66] 2026-03-21 08:32:11,191 INFO [rank=66 host=n3367]: starting climate model for inputs: [  2.      3.5   400.      1.      0.505]
[68] 2026-03-21 08:32:11,191 INFO [rank=68 host=n3367]: starting climate model for inputs: [2.000e+00 3.500e+00 4.000e+02 1.500e+00 2.575e-01]
[25] 2026-03-21 08:32:11,190 INFO [rank=25 host=n3007]: starting climate model for inputs: [2.000e+00 3.125e+00 3.000e+02 4.000e+00 1.000e-02]
[69] 2026-03-21 08:32:11,191 INFO [rank=69 host=n3367]: starting climate model for inputs: [  2.      3.5   400.      1.5     0.505]
[31] 2026-03-21 08:32:11,190 INFO [rank=31 host=n3007]: starting climate model for inputs: [2.000e+00 3.125e+00 3.500e+02 5.000e+00 2.575e-01]
[70] 2026-03-21 08:32:11,191 INFO [rank=70 host=n3367]: starting climate model for inputs: [2.0e+00 3.5e+00 4.0e+02 2.0e+00 1.0e-02]
[39] 2026-03-21 08:32:11,190 INFO [rank=39 host=n3007]: starting climate model for inputs: [  2.    3.5 200.    5.    1. ]
[5] 2026-03-21 08:32:11,190 INFO [rank=5 host=n3007]: starting climate model for inputs: [  2.       3.125  200.       6.       0.7525]
[71] 2026-03-21 08:32:11,191 INFO [rank=71 host=n3367]: starting climate model for inputs: [2.000e+00 3.500e+00 4.000e+02 2.000e+00 2.575e-01]
[32] 2026-03-21 08:32:11,190 INFO [rank=32 host=n3007]: starting climate model for inputs: [2.000e+00 3.125e+00 4.000e+02 7.000e-01 1.000e-02]
[72] 2026-03-21 08:32:11,191 INFO [rank=72 host=n3367]: starting climate model for inputs: [  2.      3.5   400.      2.      0.505]
[35] 2026-03-21 08:32:11,190 INFO [rank=35 host=n3007]: starting climate model for inputs: [2.000e+00 3.125e+00 4.000e+02 8.000e+00 2.575e-01]
[73] 2026-03-21 08:32:11,191 INFO [rank=73 host=n3367]: starting climate model for inputs: [2.0e+00 3.5e+00 4.0e+02 3.0e+00 1.0e-02]
[75] 2026-03-21 08:32:11,191 INFO [rank=75 host=n3367]: starting climate model for inputs: [  2.      3.5   400.      3.      0.505]
[76] 2026-03-21 08:32:11,191 INFO [rank=76 host=n3367]: starting climate model for inputs: [2.0e+00 3.5e+00 4.0e+02 4.0e+00 1.0e-02]
[77] 2026-03-21 08:32:11,192 INFO [rank=77 host=n3367]: starting climate model for inputs: [2.000e+00 3.500e+00 4.000e+02 4.000e+00 2.575e-01]
[38] 2026-03-21 08:32:11,190 INFO [rank=38 host=n3007]: starting climate model for inputs: [  2.       3.5    150.       4.       0.7525]
[20] 2026-03-21 08:32:11,190 INFO [rank=20 host=n3007]: starting climate model for inputs: [  2.      3.125 250.      8.      1.   ]
[78] 2026-03-21 08:32:11,191 INFO [rank=78 host=n3367]: starting climate model for inputs: [  2.      3.5   400.      4.      0.505]
[29] 2026-03-21 08:32:11,191 INFO [rank=29 host=n3007]: starting climate model for inputs: [2.000e+00 3.125e+00 3.500e+02 1.500e+00 1.000e-02]
[21] 2026-03-21 08:32:11,191 INFO [rank=21 host=n3007]: starting climate model for inputs: [  2.      3.125 250.     10.      0.505]
[79] 2026-03-21 08:32:11,191 INFO [rank=79 host=n3367]: starting climate model for inputs: [2.0e+00 3.5e+00 4.0e+02 5.0e+00 1.0e-02]
[74] 2026-03-21 08:32:11,192 INFO [rank=74 host=n3367]: starting climate model for inputs: [2.000e+00 3.500e+00 4.000e+02 3.000e+00 2.575e-01]
[62] 2026-03-21 08:32:11,192 INFO [rank=62 host=n3367]: starting climate model for inputs: [2.000e+00 3.500e+00 4.000e+02 7.000e-01 2.575e-01]
[49] 2026-03-21 08:32:11,192 INFO [rank=49 host=n3367]: starting climate model for inputs: [2.000e+00 3.500e+00 3.000e+02 7.000e-01 2.575e-01]
[67] 2026-03-21 08:32:11,194 INFO [rank=67 host=n3367]: starting climate model for inputs: [2.0e+00 3.5e+00 4.0e+02 1.5e+00 1.0e-02]
[61] 2026-03-21 08:32:11,237 INFO [rank=61 host=n3367]: Loading opacity table (first call in this process)...
[68] 2026-03-21 08:32:11,237 INFO [rank=68 host=n3367]: Loading opacity table (first call in this process)...
[57] 2026-03-21 08:32:11,238 INFO [rank=57 host=n3367]: Loading opacity table (first call in this process)...
[39] 2026-03-21 08:32:11,241 INFO [rank=39 host=n3007]: Loading opacity table (first call in this process)...
[27] 2026-03-21 08:32:11,241 INFO [rank=27 host=n3007]: Loading opacity table (first call in this process)...
[48] 2026-03-21 08:32:11,238 INFO [rank=48 host=n3367]: Loading opacity table (first call in this process)...
[12] 2026-03-21 08:32:11,241 INFO [rank=12 host=n3007]: Loading opacity table (first call in this process)...
[56] 2026-03-21 08:32:11,239 INFO [rank=56 host=n3367]: Loading opacity table (first call in this process)...
[33] 2026-03-21 08:32:11,241 INFO [rank=33 host=n3007]: Loading opacity table (first call in this process)...
[19] 2026-03-21 08:32:11,241 INFO [rank=19 host=n3007]: Loading opacity table (first call in this process)...
[4] 2026-03-21 08:32:11,242 INFO [rank=4 host=n3007]: Loading opacity table (first call in this process)...
[18] 2026-03-21 08:32:11,243 INFO [rank=18 host=n3007]: Loading opacity table (first call in this process)...
[6] 2026-03-21 08:32:11,243 INFO [rank=6 host=n3007]: Loading opacity table (first call in this process)...
[2] 2026-03-21 08:32:11,245 INFO [rank=2 host=n3007]: Loading opacity table (first call in this process)...
[34] 2026-03-21 08:32:11,246 INFO [rank=34 host=n3007]: Loading opacity table (first call in this process)...
[20] 2026-03-21 08:32:11,247 INFO [rank=20 host=n3007]: Loading opacity table (first call in this process)...
[28] 2026-03-21 08:32:11,247 INFO [rank=28 host=n3007]: Loading opacity table (first call in this process)...
[53] 2026-03-21 08:32:11,243 INFO [rank=53 host=n3367]: Loading opacity table (first call in this process)...
[58] 2026-03-21 08:32:11,247 INFO [rank=58 host=n3367]: Loading opacity table (first call in this process)...
[62] 2026-03-21 08:32:11,241 INFO [rank=62 host=n3367]: Loading opacity table (first call in this process)...
[63] 2026-03-21 08:32:11,244 INFO [rank=63 host=n3367]: Loading opacity table (first call in this process)...
[64] 2026-03-21 08:32:11,247 INFO [rank=64 host=n3367]: Loading opacity table (first call in this process)...
[67] 2026-03-21 08:32:11,242 INFO [rank=67 host=n3367]: Loading opacity table (first call in this process)...
[70] 2026-03-21 08:32:11,241 INFO [rank=70 host=n3367]: Loading opacity table (first call in this process)...
[75] 2026-03-21 08:32:11,246 INFO [rank=75 host=n3367]: Loading opacity table (first call in this process)...
[13] 2026-03-21 08:32:11,249 INFO [rank=13 host=n3007]: Loading opacity table (first call in this process)...
[78] 2026-03-21 08:32:11,248 INFO [rank=78 host=n3367]: Loading opacity table (first call in this process)...
[46] 2026-03-21 08:32:11,248 INFO [rank=46 host=n3367]: Loading opacity table (first call in this process)...
[65] 2026-03-21 08:32:11,249 INFO [rank=65 host=n3367]: Loading opacity table (first call in this process)...
[66] 2026-03-21 08:32:11,249 INFO [rank=66 host=n3367]: Loading opacity table (first call in this process)...
[42] 2026-03-21 08:32:11,250 INFO [rank=42 host=n3367]: Loading opacity table (first call in this process)...
[5] 2026-03-21 08:32:11,251 INFO [rank=5 host=n3007]: Loading opacity table (first call in this process)...
[7] 2026-03-21 08:32:11,252 INFO [rank=7 host=n3007]: Loading opacity table (first call in this process)...
[73] 2026-03-21 08:32:11,252 INFO [rank=73 host=n3367]: Loading opacity table (first call in this process)...
[21] 2026-03-21 08:32:11,252 INFO [rank=21 host=n3007]: Loading opacity table (first call in this process)...
[52] 2026-03-21 08:32:11,253 INFO [rank=52 host=n3367]: Loading opacity table (first call in this process)...
[71] 2026-03-21 08:32:11,254 INFO [rank=71 host=n3367]: Loading opacity table (first call in this process)...
[69] 2026-03-21 08:32:11,254 INFO [rank=69 host=n3367]: Loading opacity table (first call in this process)...
[16] 2026-03-21 08:32:11,252 INFO [rank=16 host=n3007]: Loading opacity table (first call in this process)...
[3] 2026-03-21 08:32:11,253 INFO [rank=3 host=n3007]: Loading opacity table (first call in this process)...
[9] 2026-03-21 08:32:11,254 INFO [rank=9 host=n3007]: Loading opacity table (first call in this process)...
[59] 2026-03-21 08:32:11,257 INFO [rank=59 host=n3367]: Loading opacity table (first call in this process)...
[77] 2026-03-21 08:32:11,258 INFO [rank=77 host=n3367]: Loading opacity table (first call in this process)...
[25] 2026-03-21 08:32:11,254 INFO [rank=25 host=n3007]: Loading opacity table (first call in this process)...
[31] 2026-03-21 08:32:11,252 INFO [rank=31 host=n3007]: Loading opacity table (first call in this process)...
[37] 2026-03-21 08:32:11,254 INFO [rank=37 host=n3007]: Loading opacity table (first call in this process)...
[38] 2026-03-21 08:32:11,252 INFO [rank=38 host=n3007]: Loading opacity table (first call in this process)...
[23] 2026-03-21 08:32:11,255 INFO [rank=23 host=n3007]: Loading opacity table (first call in this process)...
[26] 2026-03-21 08:32:11,256 INFO [rank=26 host=n3007]: Loading opacity table (first call in this process)...
[29] 2026-03-21 08:32:11,256 INFO [rank=29 host=n3007]: Loading opacity table (first call in this process)...
[54] 2026-03-21 08:32:11,259 INFO [rank=54 host=n3367]: Loading opacity table (first call in this process)...
[36] 2026-03-21 08:32:11,256 INFO [rank=36 host=n3007]: Loading opacity table (first call in this process)...
[30] 2026-03-21 08:32:11,256 INFO [rank=30 host=n3007]: Loading opacity table (first call in this process)...
[15] 2026-03-21 08:32:11,256 INFO [rank=15 host=n3007]: Loading opacity table (first call in this process)...
[32] 2026-03-21 08:32:11,257 INFO [rank=32 host=n3007]: Loading opacity table (first call in this process)...
[24] 2026-03-21 08:32:11,257 INFO [rank=24 host=n3007]: Loading opacity table (first call in this process)...
[8] 2026-03-21 08:32:11,257 INFO [rank=8 host=n3007]: Loading opacity table (first call in this process)...
[14] 2026-03-21 08:32:11,258 INFO [rank=14 host=n3007]: Loading opacity table (first call in this process)...
[1] 2026-03-21 08:32:11,258 INFO [rank=1 host=n3007]: Loading opacity table (first call in this process)...
[35] 2026-03-21 08:32:11,258 INFO [rank=35 host=n3007]: Loading opacity table (first call in this process)...
[22] 2026-03-21 08:32:11,259 INFO [rank=22 host=n3007]: Loading opacity table (first call in this process)...
[11] 2026-03-21 08:32:11,259 INFO [rank=11 host=n3007]: Loading opacity table (first call in this process)...
[17] 2026-03-21 08:32:11,260 INFO [rank=17 host=n3007]: Loading opacity table (first call in this process)...
[40] 2026-03-21 08:32:11,260 INFO [rank=40 host=n3367]: Loading opacity table (first call in this process)...
[43] 2026-03-21 08:32:11,261 INFO [rank=43 host=n3367]: Loading opacity table (first call in this process)...
[79] 2026-03-21 08:32:11,261 INFO [rank=79 host=n3367]: Loading opacity table (first call in this process)...
[72] 2026-03-21 08:32:11,261 INFO [rank=72 host=n3367]: Loading opacity table (first call in this process)...
[49] 2026-03-21 08:32:11,261 INFO [rank=49 host=n3367]: Loading opacity table (first call in this process)...
[74] 2026-03-21 08:32:11,262 INFO [rank=74 host=n3367]: Loading opacity table (first call in this process)...
[41] 2026-03-21 08:32:11,262 INFO [rank=41 host=n3367]: Loading opacity table (first call in this process)...
[60] 2026-03-21 08:32:11,262 INFO [rank=60 host=n3367]: Loading opacity table (first call in this process)...
[76] 2026-03-21 08:32:11,262 INFO [rank=76 host=n3367]: Loading opacity table (first call in this process)...
[45] 2026-03-21 08:32:11,263 INFO [rank=45 host=n3367]: Loading opacity table (first call in this process)...
[55] 2026-03-21 08:32:11,263 INFO [rank=55 host=n3367]: Loading opacity table (first call in this process)...
[47] 2026-03-21 08:32:11,263 INFO [rank=47 host=n3367]: Loading opacity table (first call in this process)...
[51] 2026-03-21 08:32:11,264 INFO [rank=51 host=n3367]: Loading opacity table (first call in this process)...
[44] 2026-03-21 08:32:11,265 INFO [rank=44 host=n3367]: Loading opacity table (first call in this process)...
[50] 2026-03-21 08:32:11,273 INFO [rank=50 host=n3367]: Loading opacity table (first call in this process)...
[10] 2026-03-21 08:32:11,289 INFO [rank=10 host=n3007]: Loading opacity table (first call in this process)...
[52] 2026-03-21 14:18:20,006 INFO [rank=52 host=n3367]: Loading opacity table (first call in this process)...
[66] 2026-03-21 16:02:43,443 INFO [rank=66 host=n3367]: starting climate model for inputs: [2.000e+00 3.500e+00 4.000e+02 5.000e+00 2.575e-01]
[66] 2026-03-21 16:02:43,491 INFO [rank=66 host=n3367]: Loading opacity table (first call in this process)...
[25] 2026-03-21 16:09:55,072 INFO [rank=25 host=n3007]: Loading opacity table (first call in this process)...
[35] 2026-03-21 16:38:41,284 INFO [rank=35 host=n3007]: Loading opacity table (first call in this process)...
[65] 2026-03-21 16:41:01,852 INFO [rank=65 host=n3367]: starting climate model for inputs: [  2.      3.5   400.      5.      0.505]
[65] 2026-03-21 16:41:01,895 INFO [rank=65 host=n3367]: Loading opacity table (first call in this process)...
[79] 2026-03-21 16:55:39,056 INFO [rank=79 host=n3367]: starting climate model for inputs: [2.0e+00 3.5e+00 4.0e+02 6.0e+00 1.0e-02]
[79] 2026-03-21 16:55:39,103 INFO [rank=79 host=n3367]: Loading opacity table (first call in this process)...
[73] 2026-03-21 17:16:37,185 INFO [rank=73 host=n3367]: starting climate model for inputs: [2.000e+00 3.500e+00 4.000e+02 6.000e+00 2.575e-01]
[73] 2026-03-21 17:16:37,234 INFO [rank=73 host=n3367]: Loading opacity table (first call in this process)...
[71] 2026-03-21 17:39:05,481 INFO [rank=71 host=n3367]: starting climate model for inputs: [  2.      3.5   400.      6.      0.505]
[71] 2026-03-21 17:39:05,526 INFO [rank=71 host=n3367]: Loading opacity table (first call in this process)...
[75] 2026-03-21 17:43:17,508 INFO [rank=75 host=n3367]: starting climate model for inputs: [  2.       3.5    400.       6.       0.7525]
[75] 2026-03-21 17:43:17,550 INFO [rank=75 host=n3367]: Loading opacity table (first call in this process)...
[63] 2026-03-21 17:48:23,823 INFO [rank=63 host=n3367]: starting climate model for inputs: [  2.    3.5 400.    6.    1. ]
[63] 2026-03-21 17:48:23,871 INFO [rank=63 host=n3367]: Loading opacity table (first call in this process)...
[57] 2026-03-21 17:57:36,823 INFO [rank=57 host=n3367]: starting climate model for inputs: [2.0e+00 3.5e+00 4.0e+02 8.0e+00 1.0e-02]
[57] 2026-03-21 17:57:36,865 INFO [rank=57 host=n3367]: Loading opacity table (first call in this process)...
[72] 2026-03-21 17:59:54,077 INFO [rank=72 host=n3367]: starting climate model for inputs: [2.000e+00 3.500e+00 4.000e+02 8.000e+00 2.575e-01]
[72] 2026-03-21 17:59:54,118 INFO [rank=72 host=n3367]: Loading opacity table (first call in this process)...
[74] 2026-03-21 18:00:18,955 INFO [rank=74 host=n3367]: starting climate model for inputs: [  2.      3.5   400.      8.      0.505]
[74] 2026-03-21 18:00:19,065 INFO [rank=74 host=n3367]: Loading opacity table (first call in this process)...
[50] 2026-03-21 18:10:50,819 INFO [rank=50 host=n3367]: Loading opacity table (first call in this process)...
[68] 2026-03-21 18:17:04,647 INFO [rank=68 host=n3367]: starting climate model for inputs: [  2.       3.5    400.       8.       0.7525]
[68] 2026-03-21 18:17:04,689 INFO [rank=68 host=n3367]: Loading opacity table (first call in this process)...
[76] 2026-03-21 18:17:22,041 INFO [rank=76 host=n3367]: starting climate model for inputs: [  2.    3.5 400.    8.    1. ]
[76] 2026-03-21 18:17:22,086 INFO [rank=76 host=n3367]: Loading opacity table (first call in this process)...
[67] 2026-03-21 18:20:42,546 INFO [rank=67 host=n3367]: starting climate model for inputs: [2.0e+00 3.5e+00 4.0e+02 1.0e+01 1.0e-02]
[67] 2026-03-21 18:20:42,593 INFO [rank=67 host=n3367]: Loading opacity table (first call in this process)...
[51] 2026-03-21 18:21:39,857 INFO [rank=51 host=n3367]: Loading opacity table (first call in this process)...
[70] 2026-03-21 18:23:43,842 INFO [rank=70 host=n3367]: starting climate model for inputs: [2.000e+00 3.500e+00 4.000e+02 1.000e+01 2.575e-01]
[70] 2026-03-21 18:23:43,883 INFO [rank=70 host=n3367]: Loading opacity table (first call in this process)...
[3] 2026-03-21 18:36:47,954 INFO [rank=3 host=n3007]: Loading opacity table (first call in this process)...
[69] 2026-03-21 18:44:43,336 INFO [rank=69 host=n3367]: starting climate model for inputs: [  2.      3.5   400.     10.      0.505]
[69] 2026-03-21 18:44:43,382 INFO [rank=69 host=n3367]: Loading opacity table (first call in this process)...
[54] 2026-03-21 18:47:51,588 INFO [rank=54 host=n3367]: starting climate model for inputs: [  2.       3.5    400.      10.       0.7525]
[54] 2026-03-21 18:47:51,630 INFO [rank=54 host=n3367]: Loading opacity table (first call in this process)...
[36] 2026-03-21 18:49:13,895 INFO [rank=36 host=n3007]: Loading opacity table (first call in this process)...
[78] 2026-03-21 19:02:11,990 INFO [rank=78 host=n3367]: starting climate model for inputs: [  2.    3.5 400.   10.    1. ]
[78] 2026-03-21 19:02:12,033 INFO [rank=78 host=n3367]: Loading opacity table (first call in this process)...
[10] 2026-03-21 19:54:00,349 INFO [rank=10 host=n3007]: Loading opacity table (first call in this process)...
[37] 2026-03-21 20:28:39,764 INFO [rank=37 host=n3007]: Loading opacity table (first call in this process)...
[2026-03-21T20:31:20.264] error: *** STEP 33975232.0 ON n3007 CANCELLED AT 2026-03-21T20:31:20 DUE TO TIME LIMIT ***
[2026-03-21T20:31:20.286] error: *** JOB 33975232 ON n3007 CANCELLED AT 2026-03-21T20:31:20 DUE TO TIME LIMIT ***
