[1] 2026-03-22 22:02:56,374 INFO [rank=1 host=n3240]: starting climate model for inputs: [2.00e+00 2.75e+00 2.00e+02 1.00e+01 1.00e-02]
[2] 2026-03-22 22:02:56,374 INFO [rank=2 host=n3240]: starting climate model for inputs: [2.00e+00 2.75e+00 3.50e+02 1.00e+01 1.00e-02]
[3] 2026-03-22 22:02:56,374 INFO [rank=3 host=n3240]: starting climate model for inputs: [  2.       3.125  200.       3.       0.2575]
[4] 2026-03-22 22:02:56,374 INFO [rank=4 host=n3240]: starting climate model for inputs: [  2.      3.125 200.      6.      0.505]
[40] 2026-03-22 22:02:56,376 INFO [rank=40 host=n3241]: starting climate model for inputs: [  2.    3.5 200.    8.    1. ]
[5] 2026-03-22 22:02:56,374 INFO [rank=5 host=n3240]: starting climate model for inputs: [  2.       3.125  200.       6.       0.7525]
[41] 2026-03-22 22:02:56,376 INFO [rank=41 host=n3241]: starting climate model for inputs: [  2.    3.5 200.   10.    1. ]
[6] 2026-03-22 22:02:56,374 INFO [rank=6 host=n3240]: starting climate model for inputs: [  2.      3.125 200.      6.      1.   ]
[42] 2026-03-22 22:02:56,376 INFO [rank=42 host=n3241]: starting climate model for inputs: [  2.    3.5 250.    3.    1. ]
[43] 2026-03-22 22:02:56,377 INFO [rank=43 host=n3241]: starting climate model for inputs: [  2.    3.5 250.    4.    1. ]
[8] 2026-03-22 22:02:56,374 INFO [rank=8 host=n3240]: starting climate model for inputs: [  2.      3.125 200.     10.      1.   ]
[44] 2026-03-22 22:02:56,376 INFO [rank=44 host=n3241]: starting climate model for inputs: [  2.       3.5    250.       5.       0.7525]
[11] 2026-03-22 22:02:56,374 INFO [rank=11 host=n3240]: starting climate model for inputs: [  2.      3.125 250.      4.      0.505]
[14] 2026-03-22 22:02:56,374 INFO [rank=14 host=n3240]: starting climate model for inputs: [  2.      3.125 250.      5.      0.505]
[45] 2026-03-22 22:02:56,376 INFO [rank=45 host=n3241]: starting climate model for inputs: [  2.       3.5    250.       6.       0.7525]
[23] 2026-03-22 22:02:56,374 INFO [rank=23 host=n3240]: starting climate model for inputs: [2.000e+00 3.125e+00 3.000e+02 7.000e-01 1.000e-02]
[24] 2026-03-22 22:02:56,374 INFO [rank=24 host=n3240]: starting climate model for inputs: [2.000e+00 3.125e+00 3.000e+02 7.000e-01 2.575e-01]
[46] 2026-03-22 22:02:56,376 INFO [rank=46 host=n3241]: starting climate model for inputs: [  2.       3.5    250.      10.       0.7525]
[48] 2026-03-22 22:02:56,376 INFO [rank=48 host=n3241]: starting climate model for inputs: [  2.      3.5   300.      3.      0.505]
[7] 2026-03-22 22:02:56,374 INFO [rank=7 host=n3240]: starting climate model for inputs: [  2.      3.125 200.      8.      0.505]
[9] 2026-03-22 22:02:56,374 INFO [rank=9 host=n3240]: starting climate model for inputs: [  2.       3.125  250.       3.       0.7525]
[49] 2026-03-22 22:02:56,376 INFO [rank=49 host=n3241]: starting climate model for inputs: [  2.    3.5 300.    5.    1. ]
[10] 2026-03-22 22:02:56,374 INFO [rank=10 host=n3240]: starting climate model for inputs: [  2.      3.125 250.      3.      1.   ]
[50] 2026-03-22 22:02:56,376 INFO [rank=50 host=n3241]: starting climate model for inputs: [  2.    3.5 300.   10.    1. ]
[47] 2026-03-22 22:02:56,376 INFO [rank=47 host=n3241]: starting climate model for inputs: [2.0e+00 3.5e+00 3.0e+02 1.5e+00 1.0e-02]
[15] 2026-03-22 22:02:56,374 INFO [rank=15 host=n3240]: starting climate model for inputs: [  2.       3.125  250.       5.       0.7525]
[20] 2026-03-22 22:02:56,374 INFO [rank=20 host=n3240]: starting climate model for inputs: [  2.      3.125 250.      8.      1.   ]
[27] 2026-03-22 22:02:56,374 INFO [rank=27 host=n3240]: starting climate model for inputs: [2.000e+00 3.125e+00 3.500e+02 7.000e-01 2.575e-01]
[33] 2026-03-22 22:02:56,374 INFO [rank=33 host=n3240]: starting climate model for inputs: [2.000e+00 3.125e+00 4.000e+02 1.000e+00 1.000e-02]
[13] 2026-03-22 22:02:56,374 INFO [rank=13 host=n3240]: starting climate model for inputs: [  2.      3.125 250.      4.      1.   ]
[26] 2026-03-22 22:02:56,374 INFO [rank=26 host=n3240]: starting climate model for inputs: [2.000e+00 3.125e+00 3.500e+02 7.000e-01 1.000e-02]
[36] 2026-03-22 22:02:56,374 INFO [rank=36 host=n3240]: starting climate model for inputs: [ 2.   3.5 50.   6.   1. ]
[25] 2026-03-22 22:02:56,374 INFO [rank=25 host=n3240]: starting climate model for inputs: [2.000e+00 3.125e+00 3.000e+02 4.000e+00 1.000e-02]
[22] 2026-03-22 22:02:56,375 INFO [rank=22 host=n3240]: starting climate model for inputs: [  2.       3.125  250.      10.       0.7525]
[31] 2026-03-22 22:02:56,375 INFO [rank=31 host=n3240]: starting climate model for inputs: [2.000e+00 3.125e+00 3.500e+02 5.000e+00 2.575e-01]
[16] 2026-03-22 22:02:56,375 INFO [rank=16 host=n3240]: starting climate model for inputs: [  2.      3.125 250.      6.      0.505]
[39] 2026-03-22 22:02:56,375 INFO [rank=39 host=n3240]: starting climate model for inputs: [  2.       3.5    200.       8.       0.7525]
[32] 2026-03-22 22:02:56,375 INFO [rank=32 host=n3240]: starting climate model for inputs: [2.000e+00 3.125e+00 4.000e+02 7.000e-01 1.000e-02]
[29] 2026-03-22 22:02:56,375 INFO [rank=29 host=n3240]: starting climate model for inputs: [2.000e+00 3.125e+00 3.500e+02 1.500e+00 1.000e-02]
[21] 2026-03-22 22:02:56,375 INFO [rank=21 host=n3240]: starting climate model for inputs: [  2.      3.125 250.     10.      0.505]
[35] 2026-03-22 22:02:56,375 INFO [rank=35 host=n3240]: starting climate model for inputs: [2.000e+00 3.125e+00 4.000e+02 8.000e+00 2.575e-01]
[34] 2026-03-22 22:02:56,375 INFO [rank=34 host=n3240]: starting climate model for inputs: [2.000e+00 3.125e+00 4.000e+02 1.500e+00 1.000e-02]
[12] 2026-03-22 22:02:56,375 INFO [rank=12 host=n3240]: starting climate model for inputs: [  2.       3.125  250.       4.       0.7525]
[18] 2026-03-22 22:02:56,374 INFO [rank=18 host=n3240]: starting climate model for inputs: [  2.      3.125 250.      8.      0.505]
[19] 2026-03-22 22:02:56,375 INFO [rank=19 host=n3240]: starting climate model for inputs: [  2.       3.125  250.       8.       0.7525]
[37] 2026-03-22 22:02:56,375 INFO [rank=37 host=n3240]: starting climate model for inputs: [  2.    3.5 100.    5.    1. ]
[38] 2026-03-22 22:02:56,375 INFO [rank=38 host=n3240]: starting climate model for inputs: [  2.    3.5 200.    5.    1. ]
[28] 2026-03-22 22:02:56,375 INFO [rank=28 host=n3240]: starting climate model for inputs: [2.000e+00 3.125e+00 3.500e+02 1.000e+00 1.000e-02]
[17] 2026-03-22 22:02:56,376 INFO [rank=17 host=n3240]: starting climate model for inputs: [  2.       3.125  250.       6.       0.7525]
[30] 2026-03-22 22:02:56,378 INFO [rank=30 host=n3240]: starting climate model for inputs: [2.000e+00 3.125e+00 3.500e+02 4.000e+00 1.000e-02]
[47] 2026-03-22 22:02:56,428 INFO [rank=47 host=n3241]: Loading opacity table (first call in this process)...
[49] 2026-03-22 22:02:56,429 INFO [rank=49 host=n3241]: Loading opacity table (first call in this process)...
[42] 2026-03-22 22:02:56,434 INFO [rank=42 host=n3241]: Loading opacity table (first call in this process)...
[45] 2026-03-22 22:02:56,432 INFO [rank=45 host=n3241]: Loading opacity table (first call in this process)...
[46] 2026-03-22 22:02:56,431 INFO [rank=46 host=n3241]: Loading opacity table (first call in this process)...
[48] 2026-03-22 22:02:56,434 INFO [rank=48 host=n3241]: Loading opacity table (first call in this process)...
[40] 2026-03-22 22:02:56,436 INFO [rank=40 host=n3241]: Loading opacity table (first call in this process)...
[43] 2026-03-22 22:02:56,436 INFO [rank=43 host=n3241]: Loading opacity table (first call in this process)...
[41] 2026-03-22 22:02:56,436 INFO [rank=41 host=n3241]: Loading opacity table (first call in this process)...
[44] 2026-03-22 22:02:56,437 INFO [rank=44 host=n3241]: Loading opacity table (first call in this process)...
[3] 2026-03-22 22:02:56,443 INFO [rank=3 host=n3240]: Loading opacity table (first call in this process)...
[19] 2026-03-22 22:02:56,445 INFO [rank=19 host=n3240]: Loading opacity table (first call in this process)...
[30] 2026-03-22 22:02:56,446 INFO [rank=30 host=n3240]: Loading opacity table (first call in this process)...
[17] 2026-03-22 22:02:56,446 INFO [rank=17 host=n3240]: Loading opacity table (first call in this process)...
[35] 2026-03-22 22:02:56,450 INFO [rank=35 host=n3240]: Loading opacity table (first call in this process)...
[37] 2026-03-22 22:02:56,450 INFO [rank=37 host=n3240]: Loading opacity table (first call in this process)...
[39] 2026-03-22 22:02:56,452 INFO [rank=39 host=n3240]: Loading opacity table (first call in this process)...
[12] 2026-03-22 22:02:56,453 INFO [rank=12 host=n3240]: Loading opacity table (first call in this process)...
[38] 2026-03-22 22:02:56,454 INFO [rank=38 host=n3240]: Loading opacity table (first call in this process)...
[50] 2026-03-22 22:02:56,458 INFO [rank=50 host=n3241]: Loading opacity table (first call in this process)...
[23] 2026-03-22 22:02:56,459 INFO [rank=23 host=n3240]: Loading opacity table (first call in this process)...
[21] 2026-03-22 22:02:56,459 INFO [rank=21 host=n3240]: Loading opacity table (first call in this process)...
[31] 2026-03-22 22:02:56,459 INFO [rank=31 host=n3240]: Loading opacity table (first call in this process)...
[15] 2026-03-22 22:02:56,459 INFO [rank=15 host=n3240]: Loading opacity table (first call in this process)...
[22] 2026-03-22 22:02:56,459 INFO [rank=22 host=n3240]: Loading opacity table (first call in this process)...
[18] 2026-03-22 22:02:56,463 INFO [rank=18 host=n3240]: Loading opacity table (first call in this process)...
[14] 2026-03-22 22:02:56,464 INFO [rank=14 host=n3240]: Loading opacity table (first call in this process)...
[24] 2026-03-22 22:02:56,465 INFO [rank=24 host=n3240]: Loading opacity table (first call in this process)...
[36] 2026-03-22 22:02:56,465 INFO [rank=36 host=n3240]: Loading opacity table (first call in this process)...
[4] 2026-03-22 22:02:56,465 INFO [rank=4 host=n3240]: Loading opacity table (first call in this process)...
[13] 2026-03-22 22:02:56,466 INFO [rank=13 host=n3240]: Loading opacity table (first call in this process)...
[34] 2026-03-22 22:02:56,466 INFO [rank=34 host=n3240]: Loading opacity table (first call in this process)...
[6] 2026-03-22 22:02:56,466 INFO [rank=6 host=n3240]: Loading opacity table (first call in this process)...
[20] 2026-03-22 22:02:56,466 INFO [rank=20 host=n3240]: Loading opacity table (first call in this process)...
[25] 2026-03-22 22:02:56,467 INFO [rank=25 host=n3240]: Loading opacity table (first call in this process)...
[9] 2026-03-22 22:02:56,467 INFO [rank=9 host=n3240]: Loading opacity table (first call in this process)...
[1] 2026-03-22 22:02:56,467 INFO [rank=1 host=n3240]: Loading opacity table (first call in this process)...
[2] 2026-03-22 22:02:56,468 INFO [rank=2 host=n3240]: Loading opacity table (first call in this process)...
[26] 2026-03-22 22:02:56,468 INFO [rank=26 host=n3240]: Loading opacity table (first call in this process)...
[33] 2026-03-22 22:02:56,468 INFO [rank=33 host=n3240]: Loading opacity table (first call in this process)...
[11] 2026-03-22 22:02:56,469 INFO [rank=11 host=n3240]: Loading opacity table (first call in this process)...
[7] 2026-03-22 22:02:56,469 INFO [rank=7 host=n3240]: Loading opacity table (first call in this process)...
[27] 2026-03-22 22:02:56,469 INFO [rank=27 host=n3240]: Loading opacity table (first call in this process)...
[8] 2026-03-22 22:02:56,469 INFO [rank=8 host=n3240]: Loading opacity table (first call in this process)...
[32] 2026-03-22 22:02:56,469 INFO [rank=32 host=n3240]: Loading opacity table (first call in this process)...
[28] 2026-03-22 22:02:56,470 INFO [rank=28 host=n3240]: Loading opacity table (first call in this process)...
[16] 2026-03-22 22:02:56,470 INFO [rank=16 host=n3240]: Loading opacity table (first call in this process)...
[29] 2026-03-22 22:02:56,471 INFO [rank=29 host=n3240]: Loading opacity table (first call in this process)...
[5] 2026-03-22 22:02:56,472 INFO [rank=5 host=n3240]: Loading opacity table (first call in this process)...
[10] 2026-03-22 22:02:56,480 INFO [rank=10 host=n3240]: Loading opacity table (first call in this process)...
[49] 2026-03-23 01:40:02,759 INFO [rank=49 host=n3241]: Loading opacity table (first call in this process)...
[47] 2026-03-23 04:09:34,591 INFO [rank=47 host=n3241]: Loading opacity table (first call in this process)...
[48] 2026-03-23 04:20:48,398 INFO [rank=48 host=n3241]: Loading opacity table (first call in this process)...
[25] 2026-03-23 05:37:18,334 INFO [rank=25 host=n3240]: Loading opacity table (first call in this process)...
[35] 2026-03-23 06:01:56,347 INFO [rank=35 host=n3240]: Loading opacity table (first call in this process)...
[45] 2026-03-23 06:02:31,025 INFO [rank=45 host=n3241]: Loading opacity table (first call in this process)...
[50] An exception was raised in PICASO_PT_Planet: ValueError: Convection zone grew to Top of atmosphere, Need to Stop
[3] 2026-03-23 07:47:56,384 INFO [rank=3 host=n3240]: Loading opacity table (first call in this process)...
[46] 2026-03-23 07:49:06,374 INFO [rank=46 host=n3241]: Loading opacity table (first call in this process)...
[2026-03-23T08:01:28.022] error: *** STEP 34052353.0 ON n3240 CANCELLED AT 2026-03-23T08:01:28 DUE TO TIME LIMIT ***
[2026-03-23T08:01:28.044] error: *** JOB 34052353 ON n3240 CANCELLED AT 2026-03-23T08:01:28 DUE TO TIME LIMIT ***
