[1] 2026-03-18 20:31:56,453 INFO [rank=1 host=n3004]: starting climate model for inputs: [  2.       2.75   100.      10.       0.7525]
[2] 2026-03-18 20:31:56,453 INFO [rank=2 host=n3004]: starting climate model for inputs: [2.00e+00 2.75e+00 2.00e+02 1.00e+01 1.00e-02]
[3] 2026-03-18 20:31:56,453 INFO [rank=3 host=n3004]: starting climate model for inputs: [2.00e+00 2.75e+00 3.50e+02 1.00e+01 1.00e-02]
[4] 2026-03-18 20:31:56,454 INFO [rank=4 host=n3004]: starting climate model for inputs: [  2.       3.125  200.       3.       0.2575]
[5] 2026-03-18 20:31:56,454 INFO [rank=5 host=n3004]: starting climate model for inputs: [  2.      3.125 200.      6.      0.505]
[6] 2026-03-18 20:31:56,453 INFO [rank=6 host=n3004]: starting climate model for inputs: [  2.       3.125  200.       6.       0.7525]
[8] 2026-03-18 20:31:56,453 INFO [rank=8 host=n3004]: starting climate model for inputs: [  2.      3.125 200.      8.      0.505]
[10] 2026-03-18 20:31:56,454 INFO [rank=10 host=n3004]: starting climate model for inputs: [  2.       3.125  250.       3.       0.7525]
[11] 2026-03-18 20:31:56,454 INFO [rank=11 host=n3004]: starting climate model for inputs: [  2.      3.125 250.      3.      1.   ]
[12] 2026-03-18 20:31:56,453 INFO [rank=12 host=n3004]: starting climate model for inputs: [  2.      3.125 250.      4.      0.505]
[15] 2026-03-18 20:31:56,453 INFO [rank=15 host=n3004]: starting climate model for inputs: [  2.      3.125 250.      5.      0.505]
[16] 2026-03-18 20:31:56,453 INFO [rank=16 host=n3004]: starting climate model for inputs: [  2.       3.125  250.       5.       0.7525]
[17] 2026-03-18 20:31:56,453 INFO [rank=17 host=n3004]: starting climate model for inputs: [  2.      3.125 250.      6.      0.505]
[18] 2026-03-18 20:31:56,453 INFO [rank=18 host=n3004]: starting climate model for inputs: [  2.       3.125  250.       6.       0.7525]
[19] 2026-03-18 20:31:56,454 INFO [rank=19 host=n3004]: starting climate model for inputs: [  2.      3.125 250.      8.      0.505]
[20] 2026-03-18 20:31:56,453 INFO [rank=20 host=n3004]: starting climate model for inputs: [  2.       3.125  250.       8.       0.7525]
[21] 2026-03-18 20:31:56,454 INFO [rank=21 host=n3004]: starting climate model for inputs: [  2.      3.125 250.      8.      1.   ]
[22] 2026-03-18 20:31:56,453 INFO [rank=22 host=n3004]: starting climate model for inputs: [  2.      3.125 250.     10.      0.505]
[23] 2026-03-18 20:31:56,453 INFO [rank=23 host=n3004]: starting climate model for inputs: [  2.       3.125  250.      10.       0.7525]
[24] 2026-03-18 20:31:56,454 INFO [rank=24 host=n3004]: starting climate model for inputs: [2.000e+00 3.125e+00 3.000e+02 7.000e-01 1.000e-02]
[25] 2026-03-18 20:31:56,454 INFO [rank=25 host=n3004]: starting climate model for inputs: [2.000e+00 3.125e+00 3.000e+02 7.000e-01 2.575e-01]
[27] 2026-03-18 20:31:56,453 INFO [rank=27 host=n3004]: starting climate model for inputs: [2.000e+00 3.125e+00 3.500e+02 7.000e-01 1.000e-02]
[28] 2026-03-18 20:31:56,453 INFO [rank=28 host=n3004]: starting climate model for inputs: [2.000e+00 3.125e+00 3.500e+02 7.000e-01 2.575e-01]
[29] 2026-03-18 20:31:56,453 INFO [rank=29 host=n3004]: starting climate model for inputs: [2.000e+00 3.125e+00 3.500e+02 1.000e+00 1.000e-02]
[30] 2026-03-18 20:31:56,453 INFO [rank=30 host=n3004]: starting climate model for inputs: [2.000e+00 3.125e+00 3.500e+02 1.500e+00 1.000e-02]
[31] 2026-03-18 20:31:56,453 INFO [rank=31 host=n3004]: starting climate model for inputs: [2.000e+00 3.125e+00 3.500e+02 4.000e+00 1.000e-02]
[32] 2026-03-18 20:31:56,454 INFO [rank=32 host=n3004]: starting climate model for inputs: [2.000e+00 3.125e+00 3.500e+02 5.000e+00 2.575e-01]
[34] 2026-03-18 20:31:56,454 INFO [rank=34 host=n3004]: starting climate model for inputs: [2.000e+00 3.125e+00 4.000e+02 1.000e+00 1.000e-02]
[35] 2026-03-18 20:31:56,454 INFO [rank=35 host=n3004]: starting climate model for inputs: [2.000e+00 3.125e+00 4.000e+02 1.500e+00 1.000e-02]
[37] 2026-03-18 20:31:56,454 INFO [rank=37 host=n3004]: starting climate model for inputs: [2.000e+00 3.125e+00 4.000e+02 6.000e+00 1.000e-02]
[13] 2026-03-18 20:31:56,454 INFO [rank=13 host=n3004]: starting climate model for inputs: [  2.       3.125  250.       4.       0.7525]
[26] 2026-03-18 20:31:56,454 INFO [rank=26 host=n3004]: starting climate model for inputs: [2.000e+00 3.125e+00 3.000e+02 4.000e+00 1.000e-02]
[36] 2026-03-18 20:31:56,454 INFO [rank=36 host=n3004]: starting climate model for inputs: [2.000e+00 3.125e+00 4.000e+02 5.000e+00 2.575e-01]
[38] 2026-03-18 20:31:56,454 INFO [rank=38 host=n3004]: starting climate model for inputs: [2.000e+00 3.125e+00 4.000e+02 6.000e+00 2.575e-01]
[39] 2026-03-18 20:31:56,454 INFO [rank=39 host=n3004]: starting climate model for inputs: [2.000e+00 3.125e+00 4.000e+02 8.000e+00 1.000e-02]
[14] 2026-03-18 20:31:56,455 INFO [rank=14 host=n3004]: starting climate model for inputs: [  2.      3.125 250.      4.      1.   ]
[33] 2026-03-18 20:31:56,455 INFO [rank=33 host=n3004]: starting climate model for inputs: [2.000e+00 3.125e+00 4.000e+02 7.000e-01 1.000e-02]
[9] 2026-03-18 20:31:56,455 INFO [rank=9 host=n3004]: starting climate model for inputs: [  2.      3.125 200.     10.      1.   ]
[7] 2026-03-18 20:31:56,458 INFO [rank=7 host=n3004]: starting climate model for inputs: [  2.      3.125 200.      6.      1.   ]
[15] 2026-03-18 20:31:56,501 INFO [rank=15 host=n3004]: Loading opacity table (first call in this process)...
[29] 2026-03-18 20:31:56,503 INFO [rank=29 host=n3004]: Loading opacity table (first call in this process)...
[22] 2026-03-18 20:31:56,504 INFO [rank=22 host=n3004]: Loading opacity table (first call in this process)...
[24] 2026-03-18 20:31:56,504 INFO [rank=24 host=n3004]: Loading opacity table (first call in this process)...
[8] 2026-03-18 20:31:56,504 INFO [rank=8 host=n3004]: Loading opacity table (first call in this process)...
[20] 2026-03-18 20:31:56,504 INFO [rank=20 host=n3004]: Loading opacity table (first call in this process)...
[3] 2026-03-18 20:31:56,504 INFO [rank=3 host=n3004]: Loading opacity table (first call in this process)...
[25] 2026-03-18 20:31:56,505 INFO [rank=25 host=n3004]: Loading opacity table (first call in this process)...
[27] 2026-03-18 20:31:56,505 INFO [rank=27 host=n3004]: Loading opacity table (first call in this process)...
[26] 2026-03-18 20:31:56,507 INFO [rank=26 host=n3004]: Loading opacity table (first call in this process)...
[12] 2026-03-18 20:31:56,507 INFO [rank=12 host=n3004]: Loading opacity table (first call in this process)...
[19] 2026-03-18 20:31:56,509 INFO [rank=19 host=n3004]: Loading opacity table (first call in this process)...
[2] 2026-03-18 20:31:56,510 INFO [rank=2 host=n3004]: Loading opacity table (first call in this process)...
[39] 2026-03-18 20:31:56,511 INFO [rank=39 host=n3004]: Loading opacity table (first call in this process)...
[37] 2026-03-18 20:31:56,512 INFO [rank=37 host=n3004]: Loading opacity table (first call in this process)...
[23] 2026-03-18 20:31:56,512 INFO [rank=23 host=n3004]: Loading opacity table (first call in this process)...
[31] 2026-03-18 20:31:56,514 INFO [rank=31 host=n3004]: Loading opacity table (first call in this process)...
[21] 2026-03-18 20:31:56,515 INFO [rank=21 host=n3004]: Loading opacity table (first call in this process)...
[1] 2026-03-18 20:31:56,518 INFO [rank=1 host=n3004]: Loading opacity table (first call in this process)...
[4] 2026-03-18 20:31:56,516 INFO [rank=4 host=n3004]: Loading opacity table (first call in this process)...
[6] 2026-03-18 20:31:56,515 INFO [rank=6 host=n3004]: Loading opacity table (first call in this process)...
[13] 2026-03-18 20:31:56,516 INFO [rank=13 host=n3004]: Loading opacity table (first call in this process)...
[14] 2026-03-18 20:31:56,515 INFO [rank=14 host=n3004]: Loading opacity table (first call in this process)...
[17] 2026-03-18 20:31:56,515 INFO [rank=17 host=n3004]: Loading opacity table (first call in this process)...
[28] 2026-03-18 20:31:56,518 INFO [rank=28 host=n3004]: Loading opacity table (first call in this process)...
[30] 2026-03-18 20:31:56,516 INFO [rank=30 host=n3004]: Loading opacity table (first call in this process)...
[32] 2026-03-18 20:31:56,515 INFO [rank=32 host=n3004]: Loading opacity table (first call in this process)...
[33] 2026-03-18 20:31:56,518 INFO [rank=33 host=n3004]: Loading opacity table (first call in this process)...
[35] 2026-03-18 20:31:56,516 INFO [rank=35 host=n3004]: Loading opacity table (first call in this process)...
[36] 2026-03-18 20:31:56,518 INFO [rank=36 host=n3004]: Loading opacity table (first call in this process)...
[38] 2026-03-18 20:31:56,516 INFO [rank=38 host=n3004]: Loading opacity table (first call in this process)...
[16] 2026-03-18 20:31:56,518 INFO [rank=16 host=n3004]: Loading opacity table (first call in this process)...
[34] 2026-03-18 20:31:56,519 INFO [rank=34 host=n3004]: Loading opacity table (first call in this process)...
[9] 2026-03-18 20:31:56,519 INFO [rank=9 host=n3004]: Loading opacity table (first call in this process)...
[7] 2026-03-18 20:31:56,520 INFO [rank=7 host=n3004]: Loading opacity table (first call in this process)...
[18] 2026-03-18 20:31:56,521 INFO [rank=18 host=n3004]: Loading opacity table (first call in this process)...
[5] 2026-03-18 20:31:56,521 INFO [rank=5 host=n3004]: Loading opacity table (first call in this process)...
[11] 2026-03-18 20:31:56,541 INFO [rank=11 host=n3004]: Loading opacity table (first call in this process)...
[10] 2026-03-18 20:31:56,543 INFO [rank=10 host=n3004]: Loading opacity table (first call in this process)...
[80] 2026-03-18 20:31:58,523 INFO [rank=80 host=n3019]: starting climate model for inputs: [ 2.      3.5    50.     10.      0.2575]
[87] 2026-03-18 20:31:58,523 INFO [rank=87 host=n3019]: starting climate model for inputs: [  2.       3.5    100.       0.7      0.7525]
[91] 2026-03-18 20:31:58,523 INFO [rank=91 host=n3019]: starting climate model for inputs: [  2.       3.5    100.       1.5      0.7525]
[99] 2026-03-18 20:31:58,523 INFO [rank=99 host=n3019]: starting climate model for inputs: [  2.       3.5    100.       5.       0.7525]
[100] 2026-03-18 20:31:58,523 INFO [rank=100 host=n3019]: starting climate model for inputs: [  2.    3.5 100.    5.    1. ]
[106] 2026-03-18 20:31:58,523 INFO [rank=106 host=n3019]: starting climate model for inputs: [  2.       3.5    150.       0.7      0.2575]
[107] 2026-03-18 20:31:58,523 INFO [rank=107 host=n3019]: starting climate model for inputs: [  2.      3.5   150.      0.7     0.505]
[110] 2026-03-18 20:31:58,523 INFO [rank=110 host=n3019]: starting climate model for inputs: [2.0e+00 3.5e+00 1.5e+02 1.0e+00 1.0e-02]
[111] 2026-03-18 20:31:58,523 INFO [rank=111 host=n3019]: starting climate model for inputs: [  2.       3.5    150.       1.       0.2575]
[112] 2026-03-18 20:31:58,523 INFO [rank=112 host=n3019]: starting climate model for inputs: [  2.      3.5   150.      1.      0.505]
[114] 2026-03-18 20:31:58,523 INFO [rank=114 host=n3019]: starting climate model for inputs: [  2.    3.5 150.    1.    1. ]
[82] 2026-03-18 20:31:58,524 INFO [rank=82 host=n3019]: starting climate model for inputs: [ 2.      3.5    50.     10.      0.7525]
[89] 2026-03-18 20:31:58,524 INFO [rank=89 host=n3019]: starting climate model for inputs: [  2.       3.5    100.       1.       0.7525]
[96] 2026-03-18 20:31:58,524 INFO [rank=96 host=n3019]: starting climate model for inputs: [  2.    3.5 100.    3.    1. ]
[85] 2026-03-18 20:31:58,524 INFO [rank=85 host=n3019]: starting climate model for inputs: [  2.       3.5    100.       0.7      0.2575]
[98] 2026-03-18 20:31:58,524 INFO [rank=98 host=n3019]: starting climate model for inputs: [  2.    3.5 100.    4.    1. ]
[81] 2026-03-18 20:31:58,525 INFO [rank=81 host=n3019]: starting climate model for inputs: [ 2.     3.5   50.    10.     0.505]
[83] 2026-03-18 20:31:58,524 INFO [rank=83 host=n3019]: starting climate model for inputs: [ 2.   3.5 50.  10.   1. ]
[86] 2026-03-18 20:31:58,525 INFO [rank=86 host=n3019]: starting climate model for inputs: [  2.      3.5   100.      0.7     0.505]
[88] 2026-03-18 20:31:58,525 INFO [rank=88 host=n3019]: starting climate model for inputs: [  2.    3.5 100.    0.7   1. ]
[95] 2026-03-18 20:31:58,525 INFO [rank=95 host=n3019]: starting climate model for inputs: [  2.       3.5    100.       3.       0.7525]
[101] 2026-03-18 20:31:58,525 INFO [rank=101 host=n3019]: starting climate model for inputs: [  2.       3.5    100.       6.       0.7525]
[105] 2026-03-18 20:31:58,525 INFO [rank=105 host=n3019]: starting climate model for inputs: [2.0e+00 3.5e+00 1.5e+02 7.0e-01 1.0e-02]
[108] 2026-03-18 20:31:58,524 INFO [rank=108 host=n3019]: starting climate model for inputs: [  2.       3.5    150.       0.7      0.7525]
[116] 2026-03-18 20:31:58,525 INFO [rank=116 host=n3019]: starting climate model for inputs: [  2.       3.5    150.       1.5      0.2575]
[84] 2026-03-18 20:31:58,525 INFO [rank=84 host=n3019]: starting climate model for inputs: [2.0e+00 3.5e+00 1.0e+02 7.0e-01 1.0e-02]
[113] 2026-03-18 20:31:58,525 INFO [rank=113 host=n3019]: starting climate model for inputs: [  2.       3.5    150.       1.       0.7525]
[115] 2026-03-18 20:31:58,525 INFO [rank=115 host=n3019]: starting climate model for inputs: [2.0e+00 3.5e+00 1.5e+02 1.5e+00 1.0e-02]
[118] 2026-03-18 20:31:58,525 INFO [rank=118 host=n3019]: starting climate model for inputs: [  2.       3.5    150.       1.5      0.7525]
[90] 2026-03-18 20:31:58,525 INFO [rank=90 host=n3019]: starting climate model for inputs: [  2.    3.5 100.    1.    1. ]
[93] 2026-03-18 20:31:58,525 INFO [rank=93 host=n3019]: starting climate model for inputs: [  2.       3.5    100.       2.       0.7525]
[94] 2026-03-18 20:31:58,525 INFO [rank=94 host=n3019]: starting climate model for inputs: [  2.    3.5 100.    2.    1. ]
[102] 2026-03-18 20:31:58,525 INFO [rank=102 host=n3019]: starting climate model for inputs: [  2.       3.5    100.       8.       0.7525]
[117] 2026-03-18 20:31:58,526 INFO [rank=117 host=n3019]: starting climate model for inputs: [  2.      3.5   150.      1.5     0.505]
[92] 2026-03-18 20:31:58,526 INFO [rank=92 host=n3019]: starting climate model for inputs: [  2.    3.5 100.    1.5   1. ]
[97] 2026-03-18 20:31:58,526 INFO [rank=97 host=n3019]: starting climate model for inputs: [  2.       3.5    100.       4.       0.7525]
[109] 2026-03-18 20:31:58,526 INFO [rank=109 host=n3019]: starting climate model for inputs: [  2.    3.5 150.    0.7   1. ]
[104] 2026-03-18 20:31:58,526 INFO [rank=104 host=n3019]: starting climate model for inputs: [  2.    3.5 100.   10.    1. ]
[103] 2026-03-18 20:31:58,526 INFO [rank=103 host=n3019]: starting climate model for inputs: [  2.       3.5    100.      10.       0.7525]
[119] 2026-03-18 20:31:58,527 INFO [rank=119 host=n3019]: starting climate model for inputs: [  2.    3.5 150.    1.5   1. ]
[99] 2026-03-18 20:31:59,147 INFO [rank=99 host=n3019]: Loading opacity table (first call in this process)...
[105] 2026-03-18 20:31:59,148 INFO [rank=105 host=n3019]: Loading opacity table (first call in this process)...
[102] 2026-03-18 20:31:59,148 INFO [rank=102 host=n3019]: Loading opacity table (first call in this process)...
[108] 2026-03-18 20:31:59,148 INFO [rank=108 host=n3019]: Loading opacity table (first call in this process)...
[103] 2026-03-18 20:31:59,148 INFO [rank=103 host=n3019]: Loading opacity table (first call in this process)...
[93] 2026-03-18 20:31:59,149 INFO [rank=93 host=n3019]: Loading opacity table (first call in this process)...
[98] 2026-03-18 20:31:59,149 INFO [rank=98 host=n3019]: Loading opacity table (first call in this process)...
[91] 2026-03-18 20:31:59,149 INFO [rank=91 host=n3019]: Loading opacity table (first call in this process)...
[89] 2026-03-18 20:31:59,149 INFO [rank=89 host=n3019]: Loading opacity table (first call in this process)...
[96] 2026-03-18 20:31:59,149 INFO [rank=96 host=n3019]: Loading opacity table (first call in this process)...
[92] 2026-03-18 20:31:59,149 INFO [rank=92 host=n3019]: Loading opacity table (first call in this process)...
[87] 2026-03-18 20:31:59,149 INFO [rank=87 host=n3019]: Loading opacity table (first call in this process)...
[106] 2026-03-18 20:31:59,149 INFO [rank=106 host=n3019]: Loading opacity table (first call in this process)...
[94] 2026-03-18 20:31:59,150 INFO [rank=94 host=n3019]: Loading opacity table (first call in this process)...
[101] 2026-03-18 20:31:59,150 INFO [rank=101 host=n3019]: Loading opacity table (first call in this process)...
[80] 2026-03-18 20:31:59,151 INFO [rank=80 host=n3019]: Loading opacity table (first call in this process)...
[117] 2026-03-18 20:31:59,150 INFO [rank=117 host=n3019]: Loading opacity table (first call in this process)...
[83] 2026-03-18 20:31:59,154 INFO [rank=83 host=n3019]: Loading opacity table (first call in this process)...
[112] 2026-03-18 20:31:59,153 INFO [rank=112 host=n3019]: Loading opacity table (first call in this process)...
[113] 2026-03-18 20:31:59,155 INFO [rank=113 host=n3019]: Loading opacity table (first call in this process)...
[86] 2026-03-18 20:31:59,156 INFO [rank=86 host=n3019]: Loading opacity table (first call in this process)...
[97] 2026-03-18 20:31:59,156 INFO [rank=97 host=n3019]: Loading opacity table (first call in this process)...
[88] 2026-03-18 20:31:59,158 INFO [rank=88 host=n3019]: Loading opacity table (first call in this process)...
[110] 2026-03-18 20:31:59,160 INFO [rank=110 host=n3019]: Loading opacity table (first call in this process)...
[84] 2026-03-18 20:31:59,160 INFO [rank=84 host=n3019]: Loading opacity table (first call in this process)...
[119] 2026-03-18 20:31:59,161 INFO [rank=119 host=n3019]: Loading opacity table (first call in this process)...
[95] 2026-03-18 20:31:59,162 INFO [rank=95 host=n3019]: Loading opacity table (first call in this process)...
[114] 2026-03-18 20:31:59,162 INFO [rank=114 host=n3019]: Loading opacity table (first call in this process)...
[109] 2026-03-18 20:31:59,162 INFO [rank=109 host=n3019]: Loading opacity table (first call in this process)...
[111] 2026-03-18 20:31:59,162 INFO [rank=111 host=n3019]: Loading opacity table (first call in this process)...
[100] 2026-03-18 20:31:59,162 INFO [rank=100 host=n3019]: Loading opacity table (first call in this process)...
[118] 2026-03-18 20:31:59,162 INFO [rank=118 host=n3019]: Loading opacity table (first call in this process)...
[85] 2026-03-18 20:31:59,162 INFO [rank=85 host=n3019]: Loading opacity table (first call in this process)...
[116] 2026-03-18 20:31:59,163 INFO [rank=116 host=n3019]: Loading opacity table (first call in this process)...
[107] 2026-03-18 20:31:59,163 INFO [rank=107 host=n3019]: Loading opacity table (first call in this process)...
[115] 2026-03-18 20:31:59,163 INFO [rank=115 host=n3019]: Loading opacity table (first call in this process)...
[104] 2026-03-18 20:31:59,163 INFO [rank=104 host=n3019]: Loading opacity table (first call in this process)...
[82] 2026-03-18 20:31:59,164 INFO [rank=82 host=n3019]: Loading opacity table (first call in this process)...
[81] 2026-03-18 20:31:59,166 INFO [rank=81 host=n3019]: Loading opacity table (first call in this process)...
[90] 2026-03-18 20:31:59,183 INFO [rank=90 host=n3019]: Loading opacity table (first call in this process)...
[120] 2026-03-18 20:31:59,332 INFO [rank=120 host=n3241]: starting climate model for inputs: [2.0e+00 3.5e+00 1.5e+02 2.0e+00 1.0e-02]
[121] 2026-03-18 20:31:59,332 INFO [rank=121 host=n3241]: starting climate model for inputs: [  2.       3.5    150.       2.       0.2575]
[126] 2026-03-18 20:31:59,331 INFO [rank=126 host=n3241]: starting climate model for inputs: [  2.      3.5   150.      3.      0.505]
[136] 2026-03-18 20:31:59,332 INFO [rank=136 host=n3241]: starting climate model for inputs: [  2.      3.5   150.      6.      0.505]
[141] 2026-03-18 20:31:59,332 INFO [rank=141 host=n3241]: starting climate model for inputs: [  2.       3.5    150.      10.       0.7525]
[142] 2026-03-18 20:31:59,331 INFO [rank=142 host=n3241]: starting climate model for inputs: [  2.       3.5    200.       0.7      0.2575]
[147] 2026-03-18 20:31:59,331 INFO [rank=147 host=n3241]: starting climate model for inputs: [  2.       3.5    200.       1.       0.2575]
[148] 2026-03-18 20:31:59,331 INFO [rank=148 host=n3241]: starting climate model for inputs: [  2.      3.5   200.      1.      0.505]
[149] 2026-03-18 20:31:59,332 INFO [rank=149 host=n3241]: starting climate model for inputs: [  2.       3.5    200.       1.       0.7525]
[154] 2026-03-18 20:31:59,332 INFO [rank=154 host=n3241]: starting climate model for inputs: [  2.       3.5    200.       1.5      0.7525]
[156] 2026-03-18 20:31:59,331 INFO [rank=156 host=n3241]: starting climate model for inputs: [2.0e+00 3.5e+00 2.0e+02 2.0e+00 1.0e-02]
[125] 2026-03-18 20:31:59,333 INFO [rank=125 host=n3241]: starting climate model for inputs: [  2.       3.5    150.       3.       0.2575]
[127] 2026-03-18 20:31:59,333 INFO [rank=127 host=n3241]: starting climate model for inputs: [  2.       3.5    150.       3.       0.7525]
[145] 2026-03-18 20:31:59,333 INFO [rank=145 host=n3241]: starting climate model for inputs: [  2.    3.5 200.    0.7   1. ]
[151] 2026-03-18 20:31:59,333 INFO [rank=151 host=n3241]: starting climate model for inputs: [2.0e+00 3.5e+00 2.0e+02 1.5e+00 1.0e-02]
[152] 2026-03-18 20:31:59,333 INFO [rank=152 host=n3241]: starting climate model for inputs: [  2.       3.5    200.       1.5      0.2575]
[130] 2026-03-18 20:31:59,333 INFO [rank=130 host=n3241]: starting climate model for inputs: [  2.       3.5    150.       4.       0.7525]
[153] 2026-03-18 20:31:59,333 INFO [rank=153 host=n3241]: starting climate model for inputs: [  2.      3.5   200.      1.5     0.505]
[133] 2026-03-18 20:31:59,333 INFO [rank=133 host=n3241]: starting climate model for inputs: [  2.      3.5   150.      5.      0.505]
[135] 2026-03-18 20:31:59,333 INFO [rank=135 host=n3241]: starting climate model for inputs: [  2.    3.5 150.    5.    1. ]
[137] 2026-03-18 20:31:59,333 INFO [rank=137 host=n3241]: starting climate model for inputs: [  2.       3.5    150.       6.       0.7525]
[158] 2026-03-18 20:31:59,333 INFO [rank=158 host=n3241]: starting climate model for inputs: [  2.       3.5    200.       2.       0.7525]
[143] 2026-03-18 20:31:59,333 INFO [rank=143 host=n3241]: starting climate model for inputs: [  2.      3.5   200.      0.7     0.505]
[144] 2026-03-18 20:31:59,333 INFO [rank=144 host=n3241]: starting climate model for inputs: [  2.       3.5    200.       0.7      0.7525]
[157] 2026-03-18 20:31:59,333 INFO [rank=157 host=n3241]: starting climate model for inputs: [  2.      3.5   200.      2.      0.505]
[131] 2026-03-18 20:31:59,334 INFO [rank=131 host=n3241]: starting climate model for inputs: [  2.    3.5 150.    4.    1. ]
[132] 2026-03-18 20:31:59,334 INFO [rank=132 host=n3241]: starting climate model for inputs: [2.0e+00 3.5e+00 1.5e+02 5.0e+00 1.0e-02]
[122] 2026-03-18 20:31:59,334 INFO [rank=122 host=n3241]: starting climate model for inputs: [  2.      3.5   150.      2.      0.505]
[134] 2026-03-18 20:31:59,334 INFO [rank=134 host=n3241]: starting climate model for inputs: [  2.       3.5    150.       5.       0.7525]
[124] 2026-03-18 20:31:59,334 INFO [rank=124 host=n3241]: starting climate model for inputs: [2.0e+00 3.5e+00 1.5e+02 3.0e+00 1.0e-02]
[129] 2026-03-18 20:31:59,334 INFO [rank=129 host=n3241]: starting climate model for inputs: [2.0e+00 3.5e+00 1.5e+02 4.0e+00 1.0e-02]
[146] 2026-03-18 20:31:59,334 INFO [rank=146 host=n3241]: starting climate model for inputs: [2.0e+00 3.5e+00 2.0e+02 1.0e+00 1.0e-02]
[123] 2026-03-18 20:31:59,334 INFO [rank=123 host=n3241]: starting climate model for inputs: [  2.       3.5    150.       2.       0.7525]
[128] 2026-03-18 20:31:59,335 INFO [rank=128 host=n3241]: starting climate model for inputs: [  2.    3.5 150.    3.    1. ]
[138] 2026-03-18 20:31:59,335 INFO [rank=138 host=n3241]: starting climate model for inputs: [  2.    3.5 150.    6.    1. ]
[139] 2026-03-18 20:31:59,335 INFO [rank=139 host=n3241]: starting climate model for inputs: [  2.       3.5    150.       8.       0.7525]
[159] 2026-03-18 20:31:59,335 INFO [rank=159 host=n3241]: starting climate model for inputs: [  2.    3.5 200.    2.    1. ]
[140] 2026-03-18 20:31:59,335 INFO [rank=140 host=n3241]: starting climate model for inputs: [2.0e+00 3.5e+00 1.5e+02 1.0e+01 1.0e-02]
[155] 2026-03-18 20:31:59,335 INFO [rank=155 host=n3241]: starting climate model for inputs: [  2.    3.5 200.    1.5   1. ]
[150] 2026-03-18 20:31:59,339 INFO [rank=150 host=n3241]: starting climate model for inputs: [  2.    3.5 200.    1.    1. ]
[128] 2026-03-18 20:31:59,885 INFO [rank=128 host=n3241]: Loading opacity table (first call in this process)...
[121] 2026-03-18 20:31:59,886 INFO [rank=121 host=n3241]: Loading opacity table (first call in this process)...
[142] 2026-03-18 20:31:59,887 INFO [rank=142 host=n3241]: Loading opacity table (first call in this process)...
[137] 2026-03-18 20:31:59,887 INFO [rank=137 host=n3241]: Loading opacity table (first call in this process)...
[143] 2026-03-18 20:31:59,887 INFO [rank=143 host=n3241]: Loading opacity table (first call in this process)...
[159] 2026-03-18 20:31:59,888 INFO [rank=159 host=n3241]: Loading opacity table (first call in this process)...
[138] 2026-03-18 20:31:59,889 INFO [rank=138 host=n3241]: Loading opacity table (first call in this process)...
[124] 2026-03-18 20:31:59,889 INFO [rank=124 host=n3241]: Loading opacity table (first call in this process)...
[146] 2026-03-18 20:31:59,891 INFO [rank=146 host=n3241]: Loading opacity table (first call in this process)...
[120] 2026-03-18 20:31:59,892 INFO [rank=120 host=n3241]: Loading opacity table (first call in this process)...
[148] 2026-03-18 20:31:59,895 INFO [rank=148 host=n3241]: Loading opacity table (first call in this process)...
[122] 2026-03-18 20:31:59,895 INFO [rank=122 host=n3241]: Loading opacity table (first call in this process)...
[127] 2026-03-18 20:31:59,895 INFO [rank=127 host=n3241]: Loading opacity table (first call in this process)...
[149] 2026-03-18 20:31:59,896 INFO [rank=149 host=n3241]: Loading opacity table (first call in this process)...
[147] 2026-03-18 20:31:59,897 INFO [rank=147 host=n3241]: Loading opacity table (first call in this process)...
[145] 2026-03-18 20:31:59,897 INFO [rank=145 host=n3241]: Loading opacity table (first call in this process)...
[133] 2026-03-18 20:31:59,897 INFO [rank=133 host=n3241]: Loading opacity table (first call in this process)...
[154] 2026-03-18 20:31:59,898 INFO [rank=154 host=n3241]: Loading opacity table (first call in this process)...
[135] 2026-03-18 20:31:59,898 INFO [rank=135 host=n3241]: Loading opacity table (first call in this process)...
[136] 2026-03-18 20:31:59,899 INFO [rank=136 host=n3241]: Loading opacity table (first call in this process)...
[153] 2026-03-18 20:31:59,899 INFO [rank=153 host=n3241]: Loading opacity table (first call in this process)...
[150] 2026-03-18 20:31:59,900 INFO [rank=150 host=n3241]: Loading opacity table (first call in this process)...
[139] 2026-03-18 20:31:59,900 INFO [rank=139 host=n3241]: Loading opacity table (first call in this process)...
[134] 2026-03-18 20:31:59,900 INFO [rank=134 host=n3241]: Loading opacity table (first call in this process)...
[140] 2026-03-18 20:31:59,901 INFO [rank=140 host=n3241]: Loading opacity table (first call in this process)...
[144] 2026-03-18 20:31:59,902 INFO [rank=144 host=n3241]: Loading opacity table (first call in this process)...
[141] 2026-03-18 20:31:59,902 INFO [rank=141 host=n3241]: Loading opacity table (first call in this process)...
[126] 2026-03-18 20:31:59,902 INFO [rank=126 host=n3241]: Loading opacity table (first call in this process)...
[129] 2026-03-18 20:31:59,903 INFO [rank=129 host=n3241]: Loading opacity table (first call in this process)...
[131] 2026-03-18 20:31:59,903 INFO [rank=131 host=n3241]: Loading opacity table (first call in this process)...
[158] 2026-03-18 20:31:59,904 INFO [rank=158 host=n3241]: Loading opacity table (first call in this process)...
[132] 2026-03-18 20:31:59,905 INFO [rank=132 host=n3241]: Loading opacity table (first call in this process)...
[152] 2026-03-18 20:31:59,906 INFO [rank=152 host=n3241]: Loading opacity table (first call in this process)...
[123] 2026-03-18 20:31:59,906 INFO [rank=123 host=n3241]: Loading opacity table (first call in this process)...
[156] 2026-03-18 20:31:59,907 INFO [rank=156 host=n3241]: Loading opacity table (first call in this process)...
[155] 2026-03-18 20:31:59,907 INFO [rank=155 host=n3241]: Loading opacity table (first call in this process)...
[151] 2026-03-18 20:31:59,907 INFO [rank=151 host=n3241]: Loading opacity table (first call in this process)...
[125] 2026-03-18 20:31:59,907 INFO [rank=125 host=n3241]: Loading opacity table (first call in this process)...
[157] 2026-03-18 20:31:59,908 INFO [rank=157 host=n3241]: Loading opacity table (first call in this process)...
[130] 2026-03-18 20:31:59,913 INFO [rank=130 host=n3241]: Loading opacity table (first call in this process)...
[43] 2026-03-18 20:32:00,365 INFO [rank=43 host=n3006]: starting climate model for inputs: [2.000e+00 3.125e+00 4.000e+02 1.000e+01 2.575e-01]
[47] 2026-03-18 20:32:00,365 INFO [rank=47 host=n3006]: starting climate model for inputs: [ 2.      3.5    50.      0.7     0.2575]
[53] 2026-03-18 20:32:00,365 INFO [rank=53 host=n3006]: starting climate model for inputs: [ 2.   3.5 50.   1.5  1. ]
[54] 2026-03-18 20:32:00,365 INFO [rank=54 host=n3006]: starting climate model for inputs: [ 2.      3.5    50.      2.      0.7525]
[78] 2026-03-18 20:32:00,365 INFO [rank=78 host=n3006]: starting climate model for inputs: [ 2.   3.5 50.   8.   1. ]
[79] 2026-03-18 20:32:00,365 INFO [rank=79 host=n3006]: starting climate model for inputs: [2.0e+00 3.5e+00 5.0e+01 1.0e+01 1.0e-02]
[67] 2026-03-18 20:32:00,365 INFO [rank=67 host=n3006]: starting climate model for inputs: [ 2.     3.5   50.     5.     0.505]
[68] 2026-03-18 20:32:00,365 INFO [rank=68 host=n3006]: starting climate model for inputs: [ 2.      3.5    50.      5.      0.7525]
[58] 2026-03-18 20:32:00,365 INFO [rank=58 host=n3006]: starting climate model for inputs: [ 2.      3.5    50.      3.      0.7525]
[63] 2026-03-18 20:32:00,366 INFO [rank=63 host=n3006]: starting climate model for inputs: [ 2.      3.5    50.      4.      0.7525]
[74] 2026-03-18 20:32:00,366 INFO [rank=74 host=n3006]: starting climate model for inputs: [2.0e+00 3.5e+00 5.0e+01 8.0e+00 1.0e-02]
[55] 2026-03-18 20:32:00,366 INFO [rank=55 host=n3006]: starting climate model for inputs: [ 2.   3.5 50.   2.   1. ]
[61] 2026-03-18 20:32:00,366 INFO [rank=61 host=n3006]: starting climate model for inputs: [ 2.      3.5    50.      4.      0.2575]
[66] 2026-03-18 20:32:00,366 INFO [rank=66 host=n3006]: starting climate model for inputs: [ 2.      3.5    50.      5.      0.2575]
[69] 2026-03-18 20:32:00,366 INFO [rank=69 host=n3006]: starting climate model for inputs: [ 2.   3.5 50.   5.   1. ]
[73] 2026-03-18 20:32:00,366 INFO [rank=73 host=n3006]: starting climate model for inputs: [ 2.   3.5 50.   6.   1. ]
[48] 2026-03-18 20:32:00,366 INFO [rank=48 host=n3006]: starting climate model for inputs: [ 2.     3.5   50.     0.7    0.505]
[59] 2026-03-18 20:32:00,366 INFO [rank=59 host=n3006]: starting climate model for inputs: [ 2.   3.5 50.   3.   1. ]
[72] 2026-03-18 20:32:00,366 INFO [rank=72 host=n3006]: starting climate model for inputs: [ 2.      3.5    50.      6.      0.7525]
[76] 2026-03-18 20:32:00,366 INFO [rank=76 host=n3006]: starting climate model for inputs: [ 2.     3.5   50.     8.     0.505]
[49] 2026-03-18 20:32:00,366 INFO [rank=49 host=n3006]: starting climate model for inputs: [ 2.     3.5   50.     1.     0.505]
[44] 2026-03-18 20:32:00,366 INFO [rank=44 host=n3006]: starting climate model for inputs: [  2.      3.125 400.     10.      0.505]
[45] 2026-03-18 20:32:00,366 INFO [rank=45 host=n3006]: starting climate model for inputs: [  2.       3.125  400.      10.       0.7525]
[50] 2026-03-18 20:32:00,366 INFO [rank=50 host=n3006]: starting climate model for inputs: [ 2.      3.5    50.      1.      0.7525]
[52] 2026-03-18 20:32:00,366 INFO [rank=52 host=n3006]: starting climate model for inputs: [ 2.      3.5    50.      1.5     0.7525]
[57] 2026-03-18 20:32:00,366 INFO [rank=57 host=n3006]: starting climate model for inputs: [ 2.     3.5   50.     3.     0.505]
[64] 2026-03-18 20:32:00,366 INFO [rank=64 host=n3006]: starting climate model for inputs: [ 2.   3.5 50.   4.   1. ]
[65] 2026-03-18 20:32:00,366 INFO [rank=65 host=n3006]: starting climate model for inputs: [2.0e+00 3.5e+00 5.0e+01 5.0e+00 1.0e-02]
[77] 2026-03-18 20:32:00,366 INFO [rank=77 host=n3006]: starting climate model for inputs: [ 2.      3.5    50.      8.      0.7525]
[40] 2026-03-18 20:32:00,367 INFO [rank=40 host=n3006]: starting climate model for inputs: [2.000e+00 3.125e+00 4.000e+02 8.000e+00 2.575e-01]
[75] 2026-03-18 20:32:00,367 INFO [rank=75 host=n3006]: starting climate model for inputs: [ 2.      3.5    50.      8.      0.2575]
[42] 2026-03-18 20:32:00,367 INFO [rank=42 host=n3006]: starting climate model for inputs: [2.000e+00 3.125e+00 4.000e+02 1.000e+01 1.000e-02]
[51] 2026-03-18 20:32:00,367 INFO [rank=51 host=n3006]: starting climate model for inputs: [ 2.   3.5 50.   1.   1. ]
[62] 2026-03-18 20:32:00,367 INFO [rank=62 host=n3006]: starting climate model for inputs: [ 2.     3.5   50.     4.     0.505]
[41] 2026-03-18 20:32:00,367 INFO [rank=41 host=n3006]: starting climate model for inputs: [  2.      3.125 400.      8.      1.   ]
[60] 2026-03-18 20:32:00,367 INFO [rank=60 host=n3006]: starting climate model for inputs: [2.0e+00 3.5e+00 5.0e+01 4.0e+00 1.0e-02]
[71] 2026-03-18 20:32:00,367 INFO [rank=71 host=n3006]: starting climate model for inputs: [ 2.      3.5    50.      6.      0.2575]
[56] 2026-03-18 20:32:00,368 INFO [rank=56 host=n3006]: starting climate model for inputs: [2.0e+00 3.5e+00 5.0e+01 3.0e+00 1.0e-02]
[70] 2026-03-18 20:32:00,369 INFO [rank=70 host=n3006]: starting climate model for inputs: [2.0e+00 3.5e+00 5.0e+01 6.0e+00 1.0e-02]
[46] 2026-03-18 20:32:00,370 INFO [rank=46 host=n3006]: starting climate model for inputs: [  2.      3.125 400.     10.      1.   ]
[49] 2026-03-18 20:32:00,858 INFO [rank=49 host=n3006]: Loading opacity table (first call in this process)...
[65] 2026-03-18 20:32:00,857 INFO [rank=65 host=n3006]: Loading opacity table (first call in this process)...
[54] 2026-03-18 20:32:00,859 INFO [rank=54 host=n3006]: Loading opacity table (first call in this process)...
[63] 2026-03-18 20:32:00,859 INFO [rank=63 host=n3006]: Loading opacity table (first call in this process)...
[53] 2026-03-18 20:32:00,860 INFO [rank=53 host=n3006]: Loading opacity table (first call in this process)...
[72] 2026-03-18 20:32:00,861 INFO [rank=72 host=n3006]: Loading opacity table (first call in this process)...
[48] 2026-03-18 20:32:00,862 INFO [rank=48 host=n3006]: Loading opacity table (first call in this process)...
[51] 2026-03-18 20:32:00,862 INFO [rank=51 host=n3006]: Loading opacity table (first call in this process)...
[61] 2026-03-18 20:32:00,865 INFO [rank=61 host=n3006]: Loading opacity table (first call in this process)...
[55] 2026-03-18 20:32:00,866 INFO [rank=55 host=n3006]: Loading opacity table (first call in this process)...
[70] 2026-03-18 20:32:00,866 INFO [rank=70 host=n3006]: Loading opacity table (first call in this process)...
[79] 2026-03-18 20:32:00,866 INFO [rank=79 host=n3006]: Loading opacity table (first call in this process)...
[60] 2026-03-18 20:32:00,866 INFO [rank=60 host=n3006]: Loading opacity table (first call in this process)...
[42] 2026-03-18 20:32:00,867 INFO [rank=42 host=n3006]: Loading opacity table (first call in this process)...
[58] 2026-03-18 20:32:00,868 INFO [rank=58 host=n3006]: Loading opacity table (first call in this process)...
[68] 2026-03-18 20:32:00,872 INFO [rank=68 host=n3006]: Loading opacity table (first call in this process)...
[62] 2026-03-18 20:32:00,873 INFO [rank=62 host=n3006]: Loading opacity table (first call in this process)...
[73] 2026-03-18 20:32:00,873 INFO [rank=73 host=n3006]: Loading opacity table (first call in this process)...
[52] 2026-03-18 20:32:00,873 INFO [rank=52 host=n3006]: Loading opacity table (first call in this process)...
[77] 2026-03-18 20:32:00,874 INFO [rank=77 host=n3006]: Loading opacity table (first call in this process)...
[45] 2026-03-18 20:32:00,874 INFO [rank=45 host=n3006]: Loading opacity table (first call in this process)...
[66] 2026-03-18 20:32:00,875 INFO [rank=66 host=n3006]: Loading opacity table (first call in this process)...
[59] 2026-03-18 20:32:00,875 INFO [rank=59 host=n3006]: Loading opacity table (first call in this process)...
[74] 2026-03-18 20:32:00,875 INFO [rank=74 host=n3006]: Loading opacity table (first call in this process)...
[75] 2026-03-18 20:32:00,875 INFO [rank=75 host=n3006]: Loading opacity table (first call in this process)...
[56] 2026-03-18 20:32:00,876 INFO [rank=56 host=n3006]: Loading opacity table (first call in this process)...
[41] 2026-03-18 20:32:00,876 INFO [rank=41 host=n3006]: Loading opacity table (first call in this process)...
[47] 2026-03-18 20:32:00,876 INFO [rank=47 host=n3006]: Loading opacity table (first call in this process)...
[67] 2026-03-18 20:32:00,877 INFO [rank=67 host=n3006]: Loading opacity table (first call in this process)...
[57] 2026-03-18 20:32:00,877 INFO [rank=57 host=n3006]: Loading opacity table (first call in this process)...
[44] 2026-03-18 20:32:00,877 INFO [rank=44 host=n3006]: Loading opacity table (first call in this process)...
[69] 2026-03-18 20:32:00,877 INFO [rank=69 host=n3006]: Loading opacity table (first call in this process)...
[71] 2026-03-18 20:32:00,877 INFO [rank=71 host=n3006]: Loading opacity table (first call in this process)...
[64] 2026-03-18 20:32:00,877 INFO [rank=64 host=n3006]: Loading opacity table (first call in this process)...
[76] 2026-03-18 20:32:00,878 INFO [rank=76 host=n3006]: Loading opacity table (first call in this process)...
[40] 2026-03-18 20:32:00,878 INFO [rank=40 host=n3006]: Loading opacity table (first call in this process)...
[43] 2026-03-18 20:32:00,878 INFO [rank=43 host=n3006]: Loading opacity table (first call in this process)...
[78] 2026-03-18 20:32:00,878 INFO [rank=78 host=n3006]: Loading opacity table (first call in this process)...
[46] 2026-03-18 20:32:00,879 INFO [rank=46 host=n3006]: Loading opacity table (first call in this process)...
[50] 2026-03-18 20:32:00,885 INFO [rank=50 host=n3006]: Loading opacity table (first call in this process)...
[2026-03-19T07:25:59.497] error: *** STEP 33926866.0 ON n3004 CANCELLED AT 2026-03-19T07:25:59 DUE TO TIME LIMIT ***
[2026-03-19T07:25:59.498] error: *** JOB 33926866 ON n3004 CANCELLED AT 2026-03-19T07:25:59 DUE TO TIME LIMIT ***
