[1] 2026-03-06 12:04:33,545 INFO [rank=1 host=n3022]: starting climate model for inputs: [  2.       2.75   100.      10.       0.7525]
[2] 2026-03-06 12:04:33,545 INFO [rank=2 host=n3022]: starting climate model for inputs: [2.00e+00 2.75e+00 2.00e+02 1.00e+01 1.00e-02]
[3] 2026-03-06 12:04:33,544 INFO [rank=3 host=n3022]: starting climate model for inputs: [2.00e+00 2.75e+00 3.50e+02 1.00e+01 1.00e-02]
[5] 2026-03-06 12:04:33,544 INFO [rank=5 host=n3022]: starting climate model for inputs: [  2.      3.125 200.      6.      0.505]
[6] 2026-03-06 12:04:33,544 INFO [rank=6 host=n3022]: starting climate model for inputs: [  2.       3.125  200.       6.       0.7525]
[8] 2026-03-06 12:04:33,544 INFO [rank=8 host=n3022]: starting climate model for inputs: [  2.      3.125 200.      8.      0.505]
[10] 2026-03-06 12:04:33,544 INFO [rank=10 host=n3022]: starting climate model for inputs: [  2.       3.125  250.       3.       0.7525]
[11] 2026-03-06 12:04:33,545 INFO [rank=11 host=n3022]: starting climate model for inputs: [  2.      3.125 250.      3.      1.   ]
[12] 2026-03-06 12:04:33,544 INFO [rank=12 host=n3022]: starting climate model for inputs: [  2.      3.125 250.      4.      0.505]
[13] 2026-03-06 12:04:33,544 INFO [rank=13 host=n3022]: starting climate model for inputs: [  2.       3.125  250.       4.       0.7525]
[14] 2026-03-06 12:04:33,545 INFO [rank=14 host=n3022]: starting climate model for inputs: [  2.      3.125 250.      4.      1.   ]
[16] 2026-03-06 12:04:33,545 INFO [rank=16 host=n3022]: starting climate model for inputs: [  2.       3.125  250.       5.       0.7525]
[18] 2026-03-06 12:04:33,545 INFO [rank=18 host=n3022]: starting climate model for inputs: [  2.       3.125  250.       6.       0.7525]
[20] 2026-03-06 12:04:33,545 INFO [rank=20 host=n3022]: starting climate model for inputs: [  2.       3.125  250.       8.       0.7525]
[21] 2026-03-06 12:04:33,545 INFO [rank=21 host=n3022]: starting climate model for inputs: [  2.      3.125 250.      8.      1.   ]
[22] 2026-03-06 12:04:33,545 INFO [rank=22 host=n3022]: starting climate model for inputs: [  2.      3.125 250.     10.      0.505]
[26] 2026-03-06 12:04:33,545 INFO [rank=26 host=n3022]: starting climate model for inputs: [2.000e+00 3.125e+00 3.000e+02 4.000e+00 1.000e-02]
[7] 2026-03-06 12:04:33,545 INFO [rank=7 host=n3022]: starting climate model for inputs: [  2.      3.125 200.      6.      1.   ]
[15] 2026-03-06 12:04:33,545 INFO [rank=15 host=n3022]: starting climate model for inputs: [  2.      3.125 250.      5.      0.505]
[17] 2026-03-06 12:04:33,545 INFO [rank=17 host=n3022]: starting climate model for inputs: [  2.      3.125 250.      6.      0.505]
[19] 2026-03-06 12:04:33,545 INFO [rank=19 host=n3022]: starting climate model for inputs: [  2.      3.125 250.      8.      0.505]
[24] 2026-03-06 12:04:33,545 INFO [rank=24 host=n3022]: starting climate model for inputs: [2.000e+00 3.125e+00 3.000e+02 7.000e-01 1.000e-02]
[25] 2026-03-06 12:04:33,545 INFO [rank=25 host=n3022]: starting climate model for inputs: [2.000e+00 3.125e+00 3.000e+02 7.000e-01 2.575e-01]
[28] 2026-03-06 12:04:33,545 INFO [rank=28 host=n3022]: starting climate model for inputs: [2.000e+00 3.125e+00 3.500e+02 7.000e-01 2.575e-01]
[29] 2026-03-06 12:04:33,545 INFO [rank=29 host=n3022]: starting climate model for inputs: [2.000e+00 3.125e+00 3.500e+02 1.000e+00 1.000e-02]
[31] 2026-03-06 12:04:33,545 INFO [rank=31 host=n3022]: starting climate model for inputs: [2.000e+00 3.125e+00 3.500e+02 4.000e+00 1.000e-02]
[32] 2026-03-06 12:04:33,545 INFO [rank=32 host=n3022]: starting climate model for inputs: [2.000e+00 3.125e+00 3.500e+02 5.000e+00 2.575e-01]
[33] 2026-03-06 12:04:33,545 INFO [rank=33 host=n3022]: starting climate model for inputs: [2.000e+00 3.125e+00 4.000e+02 7.000e-01 1.000e-02]
[34] 2026-03-06 12:04:33,545 INFO [rank=34 host=n3022]: starting climate model for inputs: [2.000e+00 3.125e+00 4.000e+02 1.000e+00 1.000e-02]
[36] 2026-03-06 12:04:33,545 INFO [rank=36 host=n3022]: starting climate model for inputs: [2.000e+00 3.125e+00 4.000e+02 5.000e+00 2.575e-01]
[37] 2026-03-06 12:04:33,545 INFO [rank=37 host=n3022]: starting climate model for inputs: [2.000e+00 3.125e+00 4.000e+02 6.000e+00 1.000e-02]
[38] 2026-03-06 12:04:33,545 INFO [rank=38 host=n3022]: starting climate model for inputs: [2.000e+00 3.125e+00 4.000e+02 6.000e+00 2.575e-01]
[4] 2026-03-06 12:04:33,545 INFO [rank=4 host=n3022]: starting climate model for inputs: [  2.       3.125  200.       3.       0.2575]
[27] 2026-03-06 12:04:33,545 INFO [rank=27 host=n3022]: starting climate model for inputs: [2.000e+00 3.125e+00 3.500e+02 7.000e-01 1.000e-02]
[35] 2026-03-06 12:04:33,545 INFO [rank=35 host=n3022]: starting climate model for inputs: [2.000e+00 3.125e+00 4.000e+02 1.500e+00 1.000e-02]
[39] 2026-03-06 12:04:33,545 INFO [rank=39 host=n3022]: starting climate model for inputs: [2.000e+00 3.125e+00 4.000e+02 8.000e+00 1.000e-02]
[23] 2026-03-06 12:04:33,545 INFO [rank=23 host=n3022]: starting climate model for inputs: [  2.       3.125  250.      10.       0.7525]
[9] 2026-03-06 12:04:33,545 INFO [rank=9 host=n3022]: starting climate model for inputs: [  2.      3.125 200.     10.      1.   ]
[30] 2026-03-06 12:04:33,545 INFO [rank=30 host=n3022]: starting climate model for inputs: [2.000e+00 3.125e+00 3.500e+02 1.500e+00 1.000e-02]
[1] An exception was raised in PICASO_PT_Planet: ValueError: Convection zone grew to Top of atmosphere, Need to Stop
[1] 2026-03-06 21:26:42,636 INFO [rank=1 host=n3022]: starting climate model for inputs: [2.000e+00 3.125e+00 4.000e+02 8.000e+00 2.575e-01]
[39] 2026-03-06 21:29:15,067 INFO [rank=39 host=n3022]: starting climate model for inputs: [  2.      3.125 400.      8.      1.   ]
[38] 2026-03-06 21:58:19,474 INFO [rank=38 host=n3022]: starting climate model for inputs: [2.000e+00 3.125e+00 4.000e+02 1.000e+01 1.000e-02]
[37] 2026-03-06 22:19:15,311 INFO [rank=37 host=n3022]: starting climate model for inputs: [2.000e+00 3.125e+00 4.000e+02 1.000e+01 2.575e-01]
[36] 2026-03-06 22:20:23,965 INFO [rank=36 host=n3022]: starting climate model for inputs: [  2.      3.125 400.     10.      0.505]
[34] 2026-03-07 00:01:39,568 INFO [rank=34 host=n3022]: starting climate model for inputs: [  2.       3.125  400.      10.       0.7525]
[25] 2026-03-07 00:05:10,020 INFO [rank=25 host=n3022]: starting climate model for inputs: [  2.      3.125 400.     10.      1.   ]
[35] 2026-03-07 00:16:36,468 INFO [rank=35 host=n3022]: starting climate model for inputs: [ 2.      3.5    50.      0.7     0.2575]
[28] 2026-03-07 00:20:40,848 INFO [rank=28 host=n3022]: starting climate model for inputs: [ 2.     3.5   50.     0.7    0.505]
[16] 2026-03-07 00:28:54,035 INFO [rank=16 host=n3022]: starting climate model for inputs: [ 2.      3.5    50.      1.      0.2575]
[31] 2026-03-07 00:37:12,851 INFO [rank=31 host=n3022]: starting climate model for inputs: [ 2.     3.5   50.     1.     0.505]
[29] 2026-03-07 00:46:03,141 INFO [rank=29 host=n3022]: starting climate model for inputs: [ 2.      3.5    50.      1.      0.7525]
[12] 2026-03-07 00:50:01,351 INFO [rank=12 host=n3022]: starting climate model for inputs: [ 2.   3.5 50.   1.   1. ]
[20] 2026-03-07 00:55:20,567 INFO [rank=20 host=n3022]: starting climate model for inputs: [ 2.      3.5    50.      1.5     0.7525]
[24] 2026-03-07 01:05:52,092 INFO [rank=24 host=n3022]: starting climate model for inputs: [ 2.   3.5 50.   1.5  1. ]
[13] 2026-03-07 01:14:48,071 INFO [rank=13 host=n3022]: starting climate model for inputs: [ 2.      3.5    50.      2.      0.7525]
[32] 2026-03-07 01:25:57,238 INFO [rank=32 host=n3022]: starting climate model for inputs: [ 2.   3.5 50.   2.   1. ]
[17] 2026-03-07 01:31:38,189 INFO [rank=17 host=n3022]: starting climate model for inputs: [2.0e+00 3.5e+00 5.0e+01 3.0e+00 1.0e-02]
[39] 2026-03-07 01:40:43,185 INFO [rank=39 host=n3022]: starting climate model for inputs: [ 2.     3.5   50.     3.     0.505]
[23] 2026-03-07 01:55:45,990 INFO [rank=23 host=n3022]: starting climate model for inputs: [ 2.      3.5    50.      3.      0.7525]
[18] 2026-03-07 02:05:13,564 INFO [rank=18 host=n3022]: starting climate model for inputs: [ 2.   3.5 50.   3.   1. ]
[8] 2026-03-07 02:12:42,036 INFO [rank=8 host=n3022]: starting climate model for inputs: [2.0e+00 3.5e+00 5.0e+01 4.0e+00 1.0e-02]
[30] 2026-03-07 02:18:17,974 INFO [rank=30 host=n3022]: starting climate model for inputs: [ 2.      3.5    50.      4.      0.2575]
[9] 2026-03-07 02:30:46,213 INFO [rank=9 host=n3022]: starting climate model for inputs: [ 2.     3.5   50.     4.     0.505]
[10] 2026-03-07 02:31:12,851 INFO [rank=10 host=n3022]: starting climate model for inputs: [ 2.      3.5    50.      4.      0.7525]
[33] 2026-03-07 03:03:46,094 INFO [rank=33 host=n3022]: starting climate model for inputs: [ 2.   3.5 50.   4.   1. ]
[36] 2026-03-07 03:12:35,560 INFO [rank=36 host=n3022]: starting climate model for inputs: [2.0e+00 3.5e+00 5.0e+01 5.0e+00 1.0e-02]
[16] Fatal Python error: Segmentation fault
[16] 
[16] Current thread 0x000014a36421d400 (most recent call first):
[16]   File "/gscratch/stf/elizap/envs/subneptune/lib/python3.12/site-packages/picaso/photochem.py", line 361 in equilibrate_atmosphere
[16]   File "/gscratch/stf/elizap/envs/subneptune/lib/python3.12/site-packages/picaso/justdoit.py", line 2921 in chemeq_on_the_fly
[16]   File "/gscratch/stf/elizap/envs/subneptune/lib/python3.12/site-packages/picaso/justdoit.py", line 2157 in chemistry_handler
[16]   File "/gscratch/stf/elizap/envs/subneptune/lib/python3.12/site-packages/picaso/justdoit.py", line 2277 in premix_atmosphere
[16]   File "/gscratch/stf/elizap/envs/subneptune/lib/python3.12/site-packages/picaso/climate.py", line 3228 in profile
[16]   File "/gscratch/stf/elizap/envs/subneptune/lib/python3.12/site-packages/picaso/climate.py", line 2826 in find_strat
[16]   File "/gscratch/stf/elizap/envs/subneptune/lib/python3.12/site-packages/picaso/climate.py", line 387 in run_chemeq_climate_workflow
[16]   File "/gscratch/stf/elizap/envs/subneptune/lib/python3.12/site-packages/picaso/justdoit.py", line 5290 in climate
[16]   File "/mmfs1/gscratch/vsm/elizap/MiniNeptuneGrid26_PostBac/PICASO_Climate_grid_121625.py", line 264 in PICASO_PT_Planet
[16]   File "/mmfs1/gscratch/vsm/elizap/MiniNeptuneGrid26_PostBac/PICASO_Climate_grid_121625.py", line 361 in PICASO_climate_model
[16]   File "/mmfs1/gscratch/vsm/elizap/MiniNeptuneGrid26_PostBac/gridutils.py", line 159 in worker
[16]   File "/mmfs1/gscratch/vsm/elizap/MiniNeptuneGrid26_PostBac/gridutils.py", line 206 in make_grid
[16]   File "/mmfs1/gscratch/vsm/elizap/MiniNeptuneGrid26_PostBac/PICASO_Climate_grid_121625.py", line 520 in <module>
[16] 
[16] Extension modules: numpy.core._multiarray_umath[16] , numpy.core._multiarray_tests, numpy.linalg._umath_linalg, numpy.fft._pocketfft_internal, numpy.random._common, numpy.random.bit_generator, numpy.random._bounded_integers, numpy.random._mt19937, numpy.random.mtrand, numpy.random._philox, numpy.random._pcg64, numpy.random._sfc64, numpy.random._generator, erfa.ufunc, pandas._libs.tslibs.ccalendar, pandas._libs.tslibs.np_datetime, pandas._libs.tslibs.dtypes, pandas._libs.tslibs.base, pandas._libs.tslibs.nattype, pandas._libs.tslibs.timezones, pandas._libs.tslibs.fields, pandas._libs.tslibs.timedeltas, pandas._libs.tslibs.tzconversion, pandas._libs.tslibs.timestamps, pandas._libs.properties, pandas._libs.tslibs.offsets, pandas._libs.tslibs.strptime, pandas._libs.tslibs.parsing, pandas._libs.tslibs.conversion, pandas._libs.tslibs.period, pandas._libs.tslibs.vectorized, pandas._libs.ops_dispatch, pandas._libs.missing, pandas._libs.hashtable, pandas._libs.algos, pandas._libs.interval, pandas._libs.lib, pandas._libs.ops, pandas._libs.hashing, pandas._libs.arrays, pandas._libs.tslib, pandas._libs.sparse, pandas._libs.internals, pandas._libs.indexing, pandas._libs.index, pandas._libs.writers, pandas._libs.join, pandas._libs.window.aggregations, pandas._libs.window.indexers, pandas._libs.reshape, pandas._libs.groupby, pandas._libs.json, pandas._libs.parsers, pandas._libs.testing, scipy._lib._ccallback_c, scipy.special._ufuncs_cxx, scipy.special._ufuncs, scipy.special._specfun, scipy.special._comb, scipy.linalg._fblas, scipy.linalg._flapack, scipy.linalg.cython_lapack, scipy.linalg._cythonized_array_utils, scipy.linalg._solve_toeplitz, scipy.linalg._decomp_lu_cython, scipy.linalg._matfuncs_sqrtm_triu, scipy.linalg.cython_blas, scipy.linalg._matfuncs_expm, scipy.linalg._decomp_update, scipy.sparse._sparsetools, _csparsetools, scipy.sparse._csparsetools, scipy.sparse.linalg._isolve._iterative, scipy.sparse.linalg._dsolve._superlu, scipy.sparse.linalg._eigen.arpack._arpack, scipy.sparse.csgraph._tools, scipy.sparse.csgraph._shortest_path, scipy.sparse.csgraph._traversal, scipy.sparse.csgraph._min_spanning_tree, scipy.sparse.csgraph._flow, scipy.sparse.csgraph._matching, scipy.sparse.csgraph._reordering, scipy.linalg._flinalg, scipy.special._ellip_harm_2, scipy.interpolate._fitpack, scipy.interpolate.dfitpack, scipy.optimize._minpack2, scipy.optimize._group_columns, scipy._lib.messagestream, scipy.optimize._trlib._trlib, scipy.optimize._lbfgsb, _moduleTNC, scipy.optimize._moduleTNC, scipy.optimize._cobyla, scipy.optimize._slsqp, scipy.optimize._minpack, scipy.optimize._lsq.givens_elimination, scipy.optimize._zeros, scipy.optimize.__nnls, scipy.optimize._highs.cython.src._highs_wrapper, scipy.optimize._highs._highs_wrapper, scipy.optimize._highs.cython.src._highs_constants, scipy.optimize._highs._highs_constants, scipy.linalg._interpolative, scipy.optimize._bglu_dense, scipy.optimize._lsap, scipy.spatial._ckdtree, scipy.spatial._qhull, scipy.spatial._voronoi, scipy.spatial._distance_wrap, scipy.spatial._hausdorff, scipy.spatial.transform._rotation, scipy.optimize._direct, scipy.interpolate._bspl, scipy.interpolate._ppoly, scipy.interpolate.interpnd, scipy.interpolate._rbfinterp_pythran, scipy.interpolate._rgi_cython, yaml._yaml, numba.core.typeconv._typeconv, numba._helperlib, numba._dynfunc, numba._dispatcher, numba.core.runtime._nrt_python, numba.np.ufunc._internal, numba.experimental.jitclass._box, scipy.ndimage._nd_image, _ni_label, scipy.ndimage._ni_label, scipy.integrate._odepack, scipy.integrate._quadpack, scipy.integrate._vode, scipy.integrate._dop, scipy.integrate._lsoda, scipy.special.cython_special, scipy.stats._stats, scipy.stats.beta_ufunc, scipy.stats._boost.beta_ufunc, scipy.stats.binom_ufunc, scipy.stats._boost.binom_ufunc, scipy.stats.nbinom_ufunc, scipy.stats._boost.nbinom_ufunc, scipy.stats.hypergeom_ufunc, scipy.stats._boost.hypergeom_ufunc, scipy.stats.ncf_ufunc, scipy.stats._boost.ncf_ufunc, scipy.stats.ncx2_ufunc, scipy.stats._boost.ncx2_ufunc, scipy.stats.nct_ufunc, scipy.stats._boost.nct_ufunc, scipy.stats.skewnorm_ufunc, scipy.stats._boost.skewnorm_ufunc, scipy.stats.invgauss_ufunc, scipy.stats._boost.invgauss_ufunc, scipy.stats._biasedurn, scipy.stats._levy_stable.levyst, scipy.stats._stats_pythran, scipy._lib._uarray._uarray, scipy.stats._statlib, scipy.stats._sobol, scipy.stats._qmc_cy, scipy.stats._mvn, scipy.stats._rcont.rcont, PIL._imaging, markupsafe._speedups, scipy.signal._sigtools, scipy.signal._max_len_seq_inner, scipy.signal._upfirdn_apply, scipy.signal._spline, scipy.signal._sosfilt, scipy.signal._spectral, scipy.signal._peak_finding_utils, astropy.io.fits._utils, astropy.io.fits.hdu.compressed._compression, scipy.io.matlab._mio_utils, scipy.io.matlab._streams, scipy.io.matlab._mio5_utils, h5py._errors, h5py.defs, h5py._objects, h5py.h5, h5py.utils, h5py.h5t, h5py.h5s, h5py.h5ac, h5py.h5p, h5py.h5r, h5py._proxy, h5py._conv, h5py.h5z, h5py.h5a, h5py.h5d, h5py.h5ds, h5py.h5g, h5py.h5i, h5py.h5o, h5py.h5f, h5py.h5fd, h5py.h5pl, h5py.h5l, h5py._selector, kiwisolver._cext, cftime._cftime, astropy.time._parse_times, astropy.table._column_mixins, astropy.table._np_utils, astropy.io.ascii.cparser, astropy.utils.xml._iterparser, astropy.io.votable.tablewriter, astropy.wcs._wcs, astropy.stats._stats, astropy.stats._fast_sigma_clip, synphot.synphot_utils, psutil._psutil_linux, _photochem, photochem._photochem, _equilibrate, photochem._equilibrate, _cffi_backend, _brotli, backports.zstd._zstd, _clima, photochem._clima, mpi4py.MPI (total: 224)
