[1] 2026-03-12 11:54:14,457 INFO [rank=1 host=n3003]: starting climate model for inputs: [  2.       2.75   100.      10.       0.7525]
[2] 2026-03-12 11:54:14,457 INFO [rank=2 host=n3003]: starting climate model for inputs: [2.00e+00 2.75e+00 2.00e+02 1.00e+01 1.00e-02]
[3] 2026-03-12 11:54:14,457 INFO [rank=3 host=n3003]: starting climate model for inputs: [2.00e+00 2.75e+00 3.50e+02 1.00e+01 1.00e-02]
[4] 2026-03-12 11:54:14,457 INFO [rank=4 host=n3003]: starting climate model for inputs: [  2.       3.125  200.       3.       0.2575]
[6] 2026-03-12 11:54:14,457 INFO [rank=6 host=n3003]: starting climate model for inputs: [  2.       3.125  200.       6.       0.7525]
[7] 2026-03-12 11:54:14,457 INFO [rank=7 host=n3003]: starting climate model for inputs: [  2.      3.125 200.      6.      1.   ]
[8] 2026-03-12 11:54:14,457 INFO [rank=8 host=n3003]: starting climate model for inputs: [  2.      3.125 200.      8.      0.505]
[10] 2026-03-12 11:54:14,457 INFO [rank=10 host=n3003]: starting climate model for inputs: [  2.       3.125  250.       3.       0.7525]
[11] 2026-03-12 11:54:14,457 INFO [rank=11 host=n3003]: starting climate model for inputs: [  2.      3.125 250.      3.      1.   ]
[12] 2026-03-12 11:54:14,457 INFO [rank=12 host=n3003]: starting climate model for inputs: [  2.      3.125 250.      4.      0.505]
[14] 2026-03-12 11:54:14,457 INFO [rank=14 host=n3003]: starting climate model for inputs: [  2.      3.125 250.      4.      1.   ]
[15] 2026-03-12 11:54:14,457 INFO [rank=15 host=n3003]: starting climate model for inputs: [  2.      3.125 250.      5.      0.505]
[16] 2026-03-12 11:54:14,457 INFO [rank=16 host=n3003]: starting climate model for inputs: [  2.       3.125  250.       5.       0.7525]
[17] 2026-03-12 11:54:14,457 INFO [rank=17 host=n3003]: starting climate model for inputs: [  2.      3.125 250.      6.      0.505]
[19] 2026-03-12 11:54:14,457 INFO [rank=19 host=n3003]: starting climate model for inputs: [  2.      3.125 250.      8.      0.505]
[20] 2026-03-12 11:54:14,457 INFO [rank=20 host=n3003]: starting climate model for inputs: [  2.       3.125  250.       8.       0.7525]
[21] 2026-03-12 11:54:14,457 INFO [rank=21 host=n3003]: starting climate model for inputs: [  2.      3.125 250.      8.      1.   ]
[22] 2026-03-12 11:54:14,457 INFO [rank=22 host=n3003]: starting climate model for inputs: [  2.      3.125 250.     10.      0.505]
[26] 2026-03-12 11:54:14,457 INFO [rank=26 host=n3003]: starting climate model for inputs: [2.000e+00 3.125e+00 3.000e+02 4.000e+00 1.000e-02]
[31] 2026-03-12 11:54:14,457 INFO [rank=31 host=n3003]: starting climate model for inputs: [2.000e+00 3.125e+00 3.500e+02 4.000e+00 1.000e-02]
[37] 2026-03-12 11:54:14,457 INFO [rank=37 host=n3003]: starting climate model for inputs: [2.000e+00 3.125e+00 4.000e+02 6.000e+00 1.000e-02]
[9] 2026-03-12 11:54:14,458 INFO [rank=9 host=n3003]: starting climate model for inputs: [  2.      3.125 200.     10.      1.   ]
[13] 2026-03-12 11:54:14,458 INFO [rank=13 host=n3003]: starting climate model for inputs: [  2.       3.125  250.       4.       0.7525]
[25] 2026-03-12 11:54:14,458 INFO [rank=25 host=n3003]: starting climate model for inputs: [2.000e+00 3.125e+00 3.000e+02 7.000e-01 2.575e-01]
[29] 2026-03-12 11:54:14,458 INFO [rank=29 host=n3003]: starting climate model for inputs: [2.000e+00 3.125e+00 3.500e+02 1.000e+00 1.000e-02]
[30] 2026-03-12 11:54:14,458 INFO [rank=30 host=n3003]: starting climate model for inputs: [2.000e+00 3.125e+00 3.500e+02 1.500e+00 1.000e-02]
[34] 2026-03-12 11:54:14,458 INFO [rank=34 host=n3003]: starting climate model for inputs: [2.000e+00 3.125e+00 4.000e+02 1.000e+00 1.000e-02]
[38] 2026-03-12 11:54:14,458 INFO [rank=38 host=n3003]: starting climate model for inputs: [2.000e+00 3.125e+00 4.000e+02 6.000e+00 2.575e-01]
[36] 2026-03-12 11:54:14,458 INFO [rank=36 host=n3003]: starting climate model for inputs: [2.000e+00 3.125e+00 4.000e+02 5.000e+00 2.575e-01]
[5] 2026-03-12 11:54:14,457 INFO [rank=5 host=n3003]: starting climate model for inputs: [  2.      3.125 200.      6.      0.505]
[27] 2026-03-12 11:54:14,458 INFO [rank=27 host=n3003]: starting climate model for inputs: [2.000e+00 3.125e+00 3.500e+02 7.000e-01 1.000e-02]
[28] 2026-03-12 11:54:14,458 INFO [rank=28 host=n3003]: starting climate model for inputs: [2.000e+00 3.125e+00 3.500e+02 7.000e-01 2.575e-01]
[35] 2026-03-12 11:54:14,458 INFO [rank=35 host=n3003]: starting climate model for inputs: [2.000e+00 3.125e+00 4.000e+02 1.500e+00 1.000e-02]
[39] 2026-03-12 11:54:14,458 INFO [rank=39 host=n3003]: starting climate model for inputs: [2.000e+00 3.125e+00 4.000e+02 8.000e+00 1.000e-02]
[23] 2026-03-12 11:54:14,458 INFO [rank=23 host=n3003]: starting climate model for inputs: [  2.       3.125  250.      10.       0.7525]
[18] 2026-03-12 11:54:14,458 INFO [rank=18 host=n3003]: starting climate model for inputs: [  2.       3.125  250.       6.       0.7525]
[24] 2026-03-12 11:54:14,458 INFO [rank=24 host=n3003]: starting climate model for inputs: [2.000e+00 3.125e+00 3.000e+02 7.000e-01 1.000e-02]
[33] 2026-03-12 11:54:14,458 INFO [rank=33 host=n3003]: starting climate model for inputs: [2.000e+00 3.125e+00 4.000e+02 7.000e-01 1.000e-02]
[32] 2026-03-12 11:54:14,459 INFO [rank=32 host=n3003]: starting climate model for inputs: [2.000e+00 3.125e+00 3.500e+02 5.000e+00 2.575e-01]
[51] 2026-03-12 11:54:15,444 INFO [rank=51 host=n3004]: starting climate model for inputs: [ 2.   3.5 50.   1.   1. ]
[62] 2026-03-12 11:54:15,444 INFO [rank=62 host=n3004]: starting climate model for inputs: [ 2.     3.5   50.     4.     0.505]
[69] 2026-03-12 11:54:15,444 INFO [rank=69 host=n3004]: starting climate model for inputs: [ 2.   3.5 50.   5.   1. ]
[73] 2026-03-12 11:54:15,444 INFO [rank=73 host=n3004]: starting climate model for inputs: [ 2.   3.5 50.   6.   1. ]
[44] 2026-03-12 11:54:15,444 INFO [rank=44 host=n3004]: starting climate model for inputs: [  2.      3.125 400.     10.      0.505]
[64] 2026-03-12 11:54:15,444 INFO [rank=64 host=n3004]: starting climate model for inputs: [ 2.   3.5 50.   4.   1. ]
[59] 2026-03-12 11:54:15,445 INFO [rank=59 host=n3004]: starting climate model for inputs: [ 2.   3.5 50.   3.   1. ]
[76] 2026-03-12 11:54:15,445 INFO [rank=76 host=n3004]: starting climate model for inputs: [ 2.     3.5   50.     8.     0.505]
[43] 2026-03-12 11:54:15,445 INFO [rank=43 host=n3004]: starting climate model for inputs: [2.000e+00 3.125e+00 4.000e+02 1.000e+01 2.575e-01]
[40] 2026-03-12 11:54:15,445 INFO [rank=40 host=n3004]: starting climate model for inputs: [2.000e+00 3.125e+00 4.000e+02 8.000e+00 2.575e-01]
[66] 2026-03-12 11:54:15,445 INFO [rank=66 host=n3004]: starting climate model for inputs: [ 2.      3.5    50.      5.      0.2575]
[65] 2026-03-12 11:54:15,445 INFO [rank=65 host=n3004]: starting climate model for inputs: [2.0e+00 3.5e+00 5.0e+01 5.0e+00 1.0e-02]
[72] 2026-03-12 11:54:15,445 INFO [rank=72 host=n3004]: starting climate model for inputs: [ 2.      3.5    50.      6.      0.7525]
[70] 2026-03-12 11:54:15,445 INFO [rank=70 host=n3004]: starting climate model for inputs: [2.0e+00 3.5e+00 5.0e+01 6.0e+00 1.0e-02]
[49] 2026-03-12 11:54:15,445 INFO [rank=49 host=n3004]: starting climate model for inputs: [ 2.     3.5   50.     1.     0.505]
[47] 2026-03-12 11:54:15,445 INFO [rank=47 host=n3004]: starting climate model for inputs: [ 2.      3.5    50.      0.7     0.2575]
[60] 2026-03-12 11:54:15,446 INFO [rank=60 host=n3004]: starting climate model for inputs: [2.0e+00 3.5e+00 5.0e+01 4.0e+00 1.0e-02]
[42] 2026-03-12 11:54:15,446 INFO [rank=42 host=n3004]: starting climate model for inputs: [2.000e+00 3.125e+00 4.000e+02 1.000e+01 1.000e-02]
[45] 2026-03-12 11:54:15,446 INFO [rank=45 host=n3004]: starting climate model for inputs: [  2.       3.125  400.      10.       0.7525]
[46] 2026-03-12 11:54:15,446 INFO [rank=46 host=n3004]: starting climate model for inputs: [  2.      3.125 400.     10.      1.   ]
[48] 2026-03-12 11:54:15,446 INFO [rank=48 host=n3004]: starting climate model for inputs: [ 2.     3.5   50.     0.7    0.505]
[50] 2026-03-12 11:54:15,446 INFO [rank=50 host=n3004]: starting climate model for inputs: [ 2.      3.5    50.      1.      0.7525]
[52] 2026-03-12 11:54:15,446 INFO [rank=52 host=n3004]: starting climate model for inputs: [ 2.      3.5    50.      1.5     0.7525]
[55] 2026-03-12 11:54:15,447 INFO [rank=55 host=n3004]: starting climate model for inputs: [ 2.   3.5 50.   2.   1. ]
[56] 2026-03-12 11:54:15,446 INFO [rank=56 host=n3004]: starting climate model for inputs: [2.0e+00 3.5e+00 5.0e+01 3.0e+00 1.0e-02]
[58] 2026-03-12 11:54:15,447 INFO [rank=58 host=n3004]: starting climate model for inputs: [ 2.      3.5    50.      3.      0.7525]
[61] 2026-03-12 11:54:15,446 INFO [rank=61 host=n3004]: starting climate model for inputs: [ 2.      3.5    50.      4.      0.2575]
[63] 2026-03-12 11:54:15,447 INFO [rank=63 host=n3004]: starting climate model for inputs: [ 2.      3.5    50.      4.      0.7525]
[67] 2026-03-12 11:54:15,446 INFO [rank=67 host=n3004]: starting climate model for inputs: [ 2.     3.5   50.     5.     0.505]
[68] 2026-03-12 11:54:15,446 INFO [rank=68 host=n3004]: starting climate model for inputs: [ 2.      3.5    50.      5.      0.7525]
[74] 2026-03-12 11:54:15,446 INFO [rank=74 host=n3004]: starting climate model for inputs: [2.0e+00 3.5e+00 5.0e+01 8.0e+00 1.0e-02]
[75] 2026-03-12 11:54:15,446 INFO [rank=75 host=n3004]: starting climate model for inputs: [ 2.      3.5    50.      8.      0.2575]
[79] 2026-03-12 11:54:15,447 INFO [rank=79 host=n3004]: starting climate model for inputs: [2.0e+00 3.5e+00 5.0e+01 1.0e+01 1.0e-02]
[78] 2026-03-12 11:54:15,447 INFO [rank=78 host=n3004]: starting climate model for inputs: [ 2.   3.5 50.   8.   1. ]
[53] 2026-03-12 11:54:15,448 INFO [rank=53 host=n3004]: starting climate model for inputs: [ 2.   3.5 50.   1.5  1. ]
[54] 2026-03-12 11:54:15,448 INFO [rank=54 host=n3004]: starting climate model for inputs: [ 2.      3.5    50.      2.      0.7525]
[71] 2026-03-12 11:54:15,448 INFO [rank=71 host=n3004]: starting climate model for inputs: [ 2.      3.5    50.      6.      0.2575]
[77] 2026-03-12 11:54:15,448 INFO [rank=77 host=n3004]: starting climate model for inputs: [ 2.      3.5    50.      8.      0.7525]
[57] 2026-03-12 11:54:15,448 INFO [rank=57 host=n3004]: starting climate model for inputs: [ 2.     3.5   50.     3.     0.505]
[41] 2026-03-12 11:54:15,451 INFO [rank=41 host=n3004]: starting climate model for inputs: [  2.      3.125 400.      8.      1.   ]
[2026-03-12T19:55:28.185] error: *** STEP 33820102.0 ON n3003 CANCELLED AT 2026-03-12T19:55:28 DUE to SIGNAL Terminated ***
[2026-03-12T19:55:28.190] error: *** JOB 33820102 ON n3003 CANCELLED AT 2026-03-12T19:55:28 DUE to SIGNAL Terminated ***
