/mmfs1/gscratch/stf/elizap/MiniNeptuneGrid26_PostBac/Installation&Setup_Instructions/picasofiles/reference
/mmfs1/gscratch/stf/elizap/MiniNeptuneGrid26_PostBac/Installation&Setup_Instructions/picasofiles/grp/redcat/trds
/mmfs1/gscratch/stf/elizap/MiniNeptuneGrid26_PostBac/Installation&Setup_Instructions/picasofiles/reference
/mmfs1/gscratch/stf/elizap/MiniNeptuneGrid26_PostBac/Installation&Setup_Instructions/picasofiles/grp/redcat/trds
/mmfs1/gscratch/stf/elizap/MiniNeptuneGrid26_PostBac/Installation&Setup_Instructions/picasofiles/reference
/mmfs1/gscratch/stf/elizap/MiniNeptuneGrid26_PostBac/Installation&Setup_Instructions/picasofiles/grp/redcat/trds
/mmfs1/gscratch/stf/elizap/MiniNeptuneGrid26_PostBac/Installation&Setup_Instructions/picasofiles/reference
/mmfs1/gscratch/stf/elizap/MiniNeptuneGrid26_PostBac/Installation&Setup_Instructions/picasofiles/grp/redcat/trds
/mmfs1/gscratch/stf/elizap/MiniNeptuneGrid26_PostBac/Installation&Setup_Instructions/picasofiles/reference
/mmfs1/gscratch/stf/elizap/MiniNeptuneGrid26_PostBac/Installation&Setup_Instructions/picasofiles/grp/redcat/trds
/mmfs1/gscratch/stf/elizap/MiniNeptuneGrid26_PostBac/Installation&Setup_Instructions/picasofiles/reference
/mmfs1/gscratch/stf/elizap/MiniNeptuneGrid26_PostBac/Installation&Setup_Instructions/picasofiles/grp/redcat/trds
/mmfs1/gscratch/stf/elizap/MiniNeptuneGrid26_PostBac/Installation&Setup_Instructions/picasofiles/reference
/mmfs1/gscratch/stf/elizap/MiniNeptuneGrid26_PostBac/Installation&Setup_Instructions/picasofiles/grp/redcat/trds
/mmfs1/gscratch/stf/elizap/MiniNeptuneGrid26_PostBac/Installation&Setup_Instructions/picasofiles/reference
/mmfs1/gscratch/stf/elizap/MiniNeptuneGrid26_PostBac/Installation&Setup_Instructions/picasofiles/grp/redcat/trds
/mmfs1/gscratch/stf/elizap/MiniNeptuneGrid26_PostBac/Installation&Setup_Instructions/picasofiles/reference
/mmfs1/gscratch/stf/elizap/MiniNeptuneGrid26_PostBac/Installation&Setup_Instructions/picasofiles/grp/redcat/trds
/mmfs1/gscratch/stf/elizap/MiniNeptuneGrid26_PostBac/Installation&Setup_Instructions/picasofiles/reference
/mmfs1/gscratch/stf/elizap/MiniNeptuneGrid26_PostBac/Installation&Setup_Instructions/picasofiles/grp/redcat/trds
/mmfs1/gscratch/stf/elizap/MiniNeptuneGrid26_PostBac/Installation&Setup_Instructions/picasofiles/reference
/mmfs1/gscratch/stf/elizap/MiniNeptuneGrid26_PostBac/Installation&Setup_Instructions/picasofiles/grp/redcat/trds
/mmfs1/gscratch/stf/elizap/MiniNeptuneGrid26_PostBac/Installation&Setup_Instructions/picasofiles/reference
/mmfs1/gscratch/stf/elizap/MiniNeptuneGrid26_PostBac/Installation&Setup_Instructions/picasofiles/grp/redcat/trds
/mmfs1/gscratch/stf/elizap/MiniNeptuneGrid26_PostBac/Installation&Setup_Instructions/picasofiles/reference
/mmfs1/gscratch/stf/elizap/MiniNeptuneGrid26_PostBac/Installation&Setup_Instructions/picasofiles/grp/redcat/trds
/mmfs1/gscratch/stf/elizap/MiniNeptuneGrid26_PostBac/Installation&Setup_Instructions/picasofiles/reference
/mmfs1/gscratch/stf/elizap/MiniNeptuneGrid26_PostBac/Installation&Setup_Instructions/picasofiles/grp/redcat/trds
/mmfs1/gscratch/stf/elizap/MiniNeptuneGrid26_PostBac/Installation&Setup_Instructions/picasofiles/reference
/mmfs1/gscratch/stf/elizap/MiniNeptuneGrid26_PostBac/Installation&Setup_Instructions/picasofiles/grp/redcat/trds
/mmfs1/gscratch/stf/elizap/MiniNeptuneGrid26_PostBac/Installation&Setup_Instructions/picasofiles/reference
/mmfs1/gscratch/stf/elizap/MiniNeptuneGrid26_PostBac/Installation&Setup_Instructions/picasofiles/grp/redcat/trds
/mmfs1/gscratch/stf/elizap/MiniNeptuneGrid26_PostBac/Installation&Setup_Instructions/picasofiles/reference
/mmfs1/gscratch/stf/elizap/MiniNeptuneGrid26_PostBac/Installation&Setup_Instructions/picasofiles/grp/redcat/trds
/mmfs1/gscratch/stf/elizap/MiniNeptuneGrid26_PostBac/Installation&Setup_Instructions/picasofiles/reference
/mmfs1/gscratch/stf/elizap/MiniNeptuneGrid26_PostBac/Installation&Setup_Instructions/picasofiles/grp/redcat/trds
/mmfs1/gscratch/stf/elizap/MiniNeptuneGrid26_PostBac/Installation&Setup_Instructions/picasofiles/reference
/mmfs1/gscratch/stf/elizap/MiniNeptuneGrid26_PostBac/Installation&Setup_Instructions/picasofiles/grp/redcat/trds
/mmfs1/gscratch/stf/elizap/MiniNeptuneGrid26_PostBac/Installation&Setup_Instructions/picasofiles/reference
/mmfs1/gscratch/stf/elizap/MiniNeptuneGrid26_PostBac/Installation&Setup_Instructions/picasofiles/grp/redcat/trds
/mmfs1/gscratch/stf/elizap/MiniNeptuneGrid26_PostBac/Installation&Setup_Instructions/picasofiles/reference
/mmfs1/gscratch/stf/elizap/MiniNeptuneGrid26_PostBac/Installation&Setup_Instructions/picasofiles/grp/redcat/trds
/mmfs1/gscratch/stf/elizap/MiniNeptuneGrid26_PostBac/Installation&Setup_Instructions/picasofiles/reference
/mmfs1/gscratch/stf/elizap/MiniNeptuneGrid26_PostBac/Installation&Setup_Instructions/picasofiles/grp/redcat/trds
/mmfs1/gscratch/stf/elizap/MiniNeptuneGrid26_PostBac/Installation&Setup_Instructions/picasofiles/reference
/mmfs1/gscratch/stf/elizap/MiniNeptuneGrid26_PostBac/Installation&Setup_Instructions/picasofiles/grp/redcat/trds
/mmfs1/gscratch/stf/elizap/MiniNeptuneGrid26_PostBac/Installation&Setup_Instructions/picasofiles/reference
/mmfs1/gscratch/stf/elizap/MiniNeptuneGrid26_PostBac/Installation&Setup_Instructions/picasofiles/grp/redcat/trds
/mmfs1/gscratch/stf/elizap/MiniNeptuneGrid26_PostBac/Installation&Setup_Instructions/picasofiles/reference
/mmfs1/gscratch/stf/elizap/MiniNeptuneGrid26_PostBac/Installation&Setup_Instructions/picasofiles/grp/redcat/trds
/mmfs1/gscratch/stf/elizap/MiniNeptuneGrid26_PostBac/Installation&Setup_Instructions/picasofiles/reference
/mmfs1/gscratch/stf/elizap/MiniNeptuneGrid26_PostBac/Installation&Setup_Instructions/picasofiles/grp/redcat/trds
/mmfs1/gscratch/stf/elizap/MiniNeptuneGrid26_PostBac/Installation&Setup_Instructions/picasofiles/reference
/mmfs1/gscratch/stf/elizap/MiniNeptuneGrid26_PostBac/Installation&Setup_Instructions/picasofiles/grp/redcat/trds
/mmfs1/gscratch/stf/elizap/MiniNeptuneGrid26_PostBac/Installation&Setup_Instructions/picasofiles/reference
/mmfs1/gscratch/stf/elizap/MiniNeptuneGrid26_PostBac/Installation&Setup_Instructions/picasofiles/grp/redcat/trds
/mmfs1/gscratch/stf/elizap/MiniNeptuneGrid26_PostBac/Installation&Setup_Instructions/picasofiles/reference
/mmfs1/gscratch/stf/elizap/MiniNeptuneGrid26_PostBac/Installation&Setup_Instructions/picasofiles/grp/redcat/trds
/mmfs1/gscratch/stf/elizap/MiniNeptuneGrid26_PostBac/Installation&Setup_Instructions/picasofiles/reference
/mmfs1/gscratch/stf/elizap/MiniNeptuneGrid26_PostBac/Installation&Setup_Instructions/picasofiles/grp/redcat/trds
/mmfs1/gscratch/stf/elizap/MiniNeptuneGrid26_PostBac/Installation&Setup_Instructions/picasofiles/reference
/mmfs1/gscratch/stf/elizap/MiniNeptuneGrid26_PostBac/Installation&Setup_Instructions/picasofiles/grp/redcat/trds
/mmfs1/gscratch/stf/elizap/MiniNeptuneGrid26_PostBac/Installation&Setup_Instructions/picasofiles/reference
/mmfs1/gscratch/stf/elizap/MiniNeptuneGrid26_PostBac/Installation&Setup_Instructions/picasofiles/grp/redcat/trds
/mmfs1/gscratch/stf/elizap/MiniNeptuneGrid26_PostBac/Installation&Setup_Instructions/picasofiles/reference
/mmfs1/gscratch/stf/elizap/MiniNeptuneGrid26_PostBac/Installation&Setup_Instructions/picasofiles/grp/redcat/trds
/mmfs1/gscratch/stf/elizap/MiniNeptuneGrid26_PostBac/Installation&Setup_Instructions/picasofiles/reference
/mmfs1/gscratch/stf/elizap/MiniNeptuneGrid26_PostBac/Installation&Setup_Instructions/picasofiles/grp/redcat/trds
/mmfs1/gscratch/stf/elizap/MiniNeptuneGrid26_PostBac/Installation&Setup_Instructions/picasofiles/reference
/mmfs1/gscratch/stf/elizap/MiniNeptuneGrid26_PostBac/Installation&Setup_Instructions/picasofiles/grp/redcat/trds
/mmfs1/gscratch/stf/elizap/MiniNeptuneGrid26_PostBac/Installation&Setup_Instructions/picasofiles/reference
/mmfs1/gscratch/stf/elizap/MiniNeptuneGrid26_PostBac/Installation&Setup_Instructions/picasofiles/grp/redcat/trds
This is the value of [  1.6   3.  100.    9.    1. ] used in the climate model
Input Values: rad_plan=1.6, mh=3.0, tint=100.0, semi_major_AU=9.0, ctoO=1.0
SUMMARY
-------
Clouds: False
quench False
cold_trap False
vol_rainout False
no_ph3 False
Moist Adiabat: False
Iteration number  0 , min , max temp  97.63801035089692 1243.286515544494 , flux balance  11.523225576194113
Iteration number  1 , min , max temp  97.62076506458777 1252.0060851972237 , flux balance  11.519601261946812
Iteration number  2 , min , max temp  97.60267017802622 1260.6245969422187 , flux balance  11.515799968469414
Iteration number  3 , min , max temp  97.58368968953931 1269.145288780315 , flux balance  11.511814367948386
Iteration number  4 , min , max temp  97.56378626892077 1277.571307616808 , flux balance  11.50763687783651
Iteration number  5 , min , max temp  97.54292118834151 1285.8938343630173 , flux balance  11.503259646563727
Iteration number  6 , min , max temp  97.52105420372334 1294.1255336112188 , flux balance  11.498674537809702
Iteration number  7 , min , max temp  97.49814346549493 1302.2697943521225 , flux balance  11.493873113348293
Iteration number  8 , min , max temp  97.47414546803493 1310.3182199872485 , flux balance  11.488846614527386
Iteration number  9 , min , max temp  97.4490148606831 1318.2866920084098 , flux balance  11.483585942474214
Iterations exceeded it_max ! sorry 
Big iteration is  97.4490148606831 0
Iteration number  0 , min , max temp  97.42270437604031 1326.1779422879254 , flux balance  11.47808163717492
Iteration number  1 , min , max temp  97.39516469311172 1333.9946498376821 , flux balance  11.472323855652233
Iteration number  2 , min , max temp  97.36634431723324 1341.7394423982914 , flux balance  11.46630234950147
Iteration number  3 , min , max temp  97.33618944636771 1349.406577621585 , flux balance  11.460006442114489
Iteration number  4 , min , max temp  97.30464380278752 1357.0053099069373 , flux balance  11.453425005958506
Iteration number  5 , min , max temp  97.27164858603973 1364.5389434696885 , flux balance  11.446546440358517
Iteration number  6 , min , max temp  97.23714218834476 1371.9987662086073 , flux balance  11.439358650263642
Iteration number  7 , min , max temp  97.20106027503591 1379.399068284296 , flux balance  11.431849026496437
Iteration number  8 , min , max temp  97.16333548505227 1386.7421275887434 , flux balance  11.424004428086834
Iteration number  9 , min , max temp  97.12389740324251 1394.0185084270313 , flux balance  11.415811167257296
Iterations exceeded it_max ! sorry 
Big iteration is  97.12389740324251 1
Iteration number  0 , min , max temp  97.08267237593246 1401.2402624012232 , flux balance  11.407254997604559
Iteration number  1 , min , max temp  97.03958354609445 1408.4111500594993 , flux balance  11.398321106198729
Iteration number  2 , min , max temp  96.99455069052935 1415.5330980118467 , flux balance  11.388994110002027
Iteration number  3 , min , max temp  96.94749024178527 1422.6079245850303 , flux balance  11.379258057118298
Iteration number  4 , min , max temp  96.89831518981514 1429.6373314084274 , flux balance  11.369096433241756
Iteration number  5 , min , max temp  96.8469351137151 1436.6164717239917 , flux balance  11.358492173421574
Iteration number  6 , min , max temp  96.79325610651772 1443.550612366715 , flux balance  11.347427679187456
Iteration number  7 , min , max temp  96.73718092498692 1450.4436757580972 , flux balance  11.335884840747028
Iteration number  8 , min , max temp  96.67860897891855 1457.29104856411 , flux balance  11.323845063666848
Iteration number  9 , min , max temp  96.6174364009456 1464.0937232662404 , flux balance  11.311289299314844
Iterations exceeded it_max ! sorry 
Big iteration is  96.6174364009456 2
Iteration number  0 , min , max temp  96.55355619111559 1470.8584077344285 , flux balance  11.298198077961812
Iteration number  1 , min , max temp  96.48685800953963 1477.585845816407 , flux balance  11.284551543100934
Iteration number  2 , min , max temp  96.41722855478018 1484.2766481754747 , flux balance  11.270329485602911
Iteration number  3 , min , max temp  96.34455141314244 1490.931300514288 , flux balance  11.255511376005009
Iteration number  4 , min , max temp  96.268707129989 1497.5501742910938 , flux balance  11.24007639320445
Iteration number  5 , min , max temp  96.18957326402357 1504.133539661503 , flux balance  11.22400344809068
Iteration number  6 , min , max temp  96.1070242108411 1510.6764539168414 , flux balance  11.207271200721046
Iteration number  7 , min , max temp  96.02093109641729 1517.1834199442865 , flux balance  11.189858069936232
Iteration number  8 , min , max temp  95.93116165955901 1523.6552396161094 , flux balance  11.171742235000485
Iteration number  9 , min , max temp  95.83758007727258 1530.0854668880233 , flux balance  11.152901628923072
Iterations exceeded it_max ! sorry 
Big iteration is  95.83758007727258 3
Iteration number  0 , min , max temp  95.74004668443196 1536.4787202349332 , flux balance  11.13331392424033
Iteration number  1 , min , max temp  95.63841759856872 1542.8368554660938 , flux balance  11.112956511986145
Iteration number  2 , min , max temp  95.53254433290951 1549.1587383731778 , flux balance  11.091806475599679
Iteration number  3 , min , max temp  95.42227343311343 1555.4359821022513 , flux balance  11.06984056163878
Iteration number  4 , min , max temp  95.30744618306606 1561.6781849288302 , flux balance  11.047035148775658
Iteration number  5 , min , max temp  95.18789783243876 1567.8854191005234 , flux balance  11.023366218727357
Iteration number  6 , min , max temp  95.06345752373133 1574.0577887483998 , flux balance  10.998809329551339
Iteration number  7 , min , max temp  94.93394730366161 1580.1954299537229 , flux balance  10.973339593760052
Iteration number  8 , min , max temp  94.79918201019221 1586.2985086457095 , flux balance  10.946931662127819
Iteration number  9 , min , max temp  94.65896865788595 1592.3672171022 , flux balance  10.919559713317945
Iterations exceeded it_max ! sorry 
Big iteration is  94.65896865788595 4
Iteration number  0 , min , max temp  94.5131058819172 1598.4017694726217 , flux balance  10.891197448841215
Iteration number  1 , min , max temp  94.36138329157934 1604.4004337818842 , flux balance  10.861818091479753
Iteration number  2 , min , max temp  94.20358117285195 1610.3619650406274 , flux balance  10.831394384849991
Iteration number  3 , min , max temp  94.03946914770188 1616.2900826053492 , flux balance  10.79989859023234
Iteration number  4 , min , max temp  93.86880594129275 1622.1850516867025 , flux balance  10.767302476294997
Iteration number  5 , min , max temp  93.69133842334398 1628.0411484180315 , flux balance  10.733577296979902
Iteration number  6 , min , max temp  93.50679992799988 1633.8630938462318 , flux balance  10.698693751588179
Iteration number  7 , min , max temp  93.31490930440894 1639.6527851700844 , flux balance  10.662621922065401
Iteration number  8 , min , max temp  93.11536913506677 1645.4105656241197 , flux balance  10.625331181663174
Iteration number  9 , min , max temp  92.90786366693361 1651.1368212317025 , flux balance  10.586790070517182
Iterations exceeded it_max ! sorry 
Big iteration is  92.90786366693361 5
Iteration number  0 , min , max temp  92.69205628362776 1656.8319950722803 , flux balance  10.546966133877092
Iteration number  1 , min , max temp  92.46758660944958 1662.4966032026139 , flux balance  10.505825720143044
Iteration number  2 , min , max temp  92.23406734863534 1668.131251604221 , flux balance  10.46333373708734
Iteration number  3 , min , max temp  91.9910799887887 1673.7366537691 , flux balance  10.419453366544195
Iteration number  4 , min , max temp  91.73817020108017 1679.3136476399181 , flux balance  10.374145738632471
Iteration number  5 , min , max temp  91.47484272927665 1684.8632116299802 , flux balance  10.327369568753813
Iteration number  6 , min , max temp  91.20055482584864/mmfs1/gscratch/stf/elizap/MiniNeptuneGrid26_PostBac/Installation&Setup_Instructions/picasofiles/reference
/mmfs1/gscratch/stf/elizap/MiniNeptuneGrid26_PostBac/Installation&Setup_Instructions/picasofiles/grp/redcat/trds
This is the value of [1.6e+00 3.0e+00 1.0e+02 9.0e+00 1.0e-02] used in the climate model
Input Values: rad_plan=1.6, mh=3.0, tint=100.0, semi_major_AU=9.0, ctoO=0.01
SUMMARY
-------
Clouds: False
quench False
cold_trap False
vol_rainout False
no_ph3 False
Moist Adiabat: False
Iteration number  0 , min , max temp  97.61005381832787 1226.1046579031508 , flux balance  29.154511719507063
Iteration number  1 , min , max temp  97.5654129956581 1217.7777623556794 , flux balance  28.915646825649027
Iteration number  2 , min , max temp  97.52055743661914 1209.4584854116172 , flux balance  28.67712868008211
Iteration number  3 , min , max temp  97.47576667493223 1201.1589056501596 , flux balance  28.43897630038705
Iteration number  4 , min , max temp  97.43104126031658 1192.8697468385026 , flux balance  28.20089617412678
Iteration number  5 , min , max temp  97.38638131121458 1184.5952419009607 , flux balance  27.963020513411653
Iteration number  6 , min , max temp  97.34178697072774 1176.340135770332 , flux balance  27.72549708174595
Iteration number  7 , min , max temp  97.29725817087429 1168.104282133099 , flux balance  27.488319735769963
Iteration number  8 , min , max temp  97.252794867146 1159.8804922778843 , flux balance  27.25146678491016
Iteration number  9 , min , max temp  97.20839669380489 1151.6682697253452 , flux balance  27.014930350151108
Iterations exceeded it_max ! sorry 
Big iteration is  97.20839669380489 0
Iteration number  0 , min , max temp  97.16406316472677 1143.4749649921037 , flux balance  26.77871975289825
Iteration number  1 , min , max temp  97.11979381332522 1135.2880787794693 , flux balance  26.542801207169557
Iteration number  2 , min , max temp  97.07558792386402 1127.1173025872706 , flux balance  26.307188531523515
Iteration number  3 , min , max temp  97.03144479317629 1118.965091885382 , flux balance  26.07188057800708
Iteration number  4 , min , max temp  96.98736382279232 1110.8302696733563 , flux balance  25.836868356091934
Iteration number  5 , min , max temp  96.94333968275618 1102.7037202639767 , flux balance  25.602102966265548
Iteration number  6 , min , max temp  96.89935336792189 1094.6013835940541 , flux balance  25.367524111510782
Iteration number  7 , min , max temp  96.85542707658738 1086.5116596598707 , flux balance  25.133212218003823
Iteration number  8 , min , max temp  96.8115596417571 1078.4308769965826 , flux balance  24.899151647734218
Iteration number  9 , min , max temp  96.76774996570262 1070.367827565845 , flux balance  24.66535429545596
Iterations exceeded it_max ! sorry 
Big iteration is  96.76774996570262 1
Iteration number  0 , min , max temp  96.72399706946922 1062.3102089200265 , flux balance  24.43144095578699
Iteration number  1 , min , max temp  96.68029957256525 1054.2674986454624 , flux balance  24.19770138287786
Iteration number  2 , min , max temp  96.63665634376554 1046.2421129349507 , flux balance  23.964207919411617
Iteration number  3 , min , max temp  96.59306623562348 1038.2310064136857 , flux balance  23.73094652046328
Iteration number  4 , min , max temp  96.54952799251379 1030.227742820275 , flux balance  23.49789478300298
Iteration number  5 , min , max temp  96.50604016475602 1022.2413514932202 , flux balance  23.26506543708976
Iteration number  6 , min , max temp  96.46260150161258 1014.2625500964776 , flux balance  23.032429652673375
Iteration number  7 , min , max temp  96.41921047806665 1006.2953703597705 , flux balance  22.799988481844025
Iteration number  8 , min , max temp  96.37586577172753 998.3446222262595 , flux balance  22.567745403132214
Iteration number  9 , min , max temp  96.33256604623668 990.4068827164624 , flux balance  22.33568531708438
Iterations exceeded it_max ! sorry 
Big iteration is  96.33256604623668 2
Iteration number  0 , min , max temp  96.28929620060639 982.4835085765526 , flux balance  22.103736769190586
Iteration number  1 , min , max temp  96.24606346107693 974.5775754153683 , flux balance  21.8719412903742
Iteration number  2 , min , max temp  96.20287213526288 966.6781070007812 , flux balance  21.640293744083902
Iteration number  3 , min , max temp  96.15972074639565 958.7917734525163 , flux balance  21.408801933211972
Iteration number  4 , min , max temp  96.11660806860995 950.9166231081826 , flux balance  21.1773353186959
Iteration number  5 , min , max temp  96.07353287929098 943.0473931124245 , flux balance  20.94573636819859
Iteration number  6 , min , max temp  96.03049390570501 935.1935473891687 , flux balance  20.714284747230806
Iteration number  7 , min , max temp  95.98749017717276 927.3533202741086 , flux balance  20.48297110422331
Iteration number  8 , min , max temp  95.94452075824404 919.5213309954111 , flux balance  20.251777525109247
Iteration number  9 , min , max temp  95.9015847650447 911.7045134577206 , flux balance  20.020715965269044
Iterations exceeded it_max ! sorry 
Big iteration is  95.9015847650447 3
Iteration number  0 , min , max temp  95.85868164079798 903.8942823449074 , flux balance  19.78976238541984
Iteration number  1 , min , max temp  95.81581072577814 896.0960861807926 , flux balance  19.558926630577364
Iteration number  2 , min , max temp  95.77297173311933 888.3131362881542 , flux balance  19.328215177914558
Iteration number  3 , min , max temp  95.7301648276769 880.5408600023261 , flux balance  19.09761719475664
Iteration number  4 , min , max temp  95.68737816074666 872.7865534613383 , flux balance  18.86709244486249
Iteration number  5 , min , max temp  95.64462496223723 865.0444225440456 , flux balance  18.636691452197976
Iteration number  6 , min , max temp  95.60190628282298 857.3132438951766 , flux balance  18.40641620611187
Iteration number  7 , min , max temp  95.5592235533703 849.5975824267532 , flux balance  18.17626397799941
Iteration number  8 , min , max temp  95.51657889341737 841.8879353054947 , flux balance  17.945963505051758
Iteration number  9 , min , max temp  95.46786745265649 834.1956666104984 , flux balance  17.715840162528195
Iterations exceeded it_max ! sorry 
Big iteration is  95.46786745265649 4
Iteration number  0 , min , max temp  95.41142263907483 826.519666099077 , flux balance  17.485908056491724
Iteration number  1 , min , max temp  95.35481730524592 818.8586852565757 , flux balance  17.25618417413069
Iteration number  2 , min , max temp  95.2980567582164 811.2173214156609 , flux balance  17.026704146266365
Iteration number  3 , min , max temp  95.2411478527815 803.5884374237648 , flux balance  16.79747895231674
Iteration number  4 , min , max temp  95.18409839203827 795.9816082973889 , flux balance  16.5685655740787
Iteration number  5 , min , max temp  95.12691834781208 788.3971147049399 , flux balance  16.34000473988906
Iteration number  6 , min , max temp  95.06961379068422 780.8374155232556 , flux balance  16.111828135659877
Iteration number  7 , min , max temp  95.01220250903809 773.3042606372868 , flux balance  15.884107707977247
Iteration number  8 , min , max temp  94.95470256791354 765.7956002381924 , flux balance  15.65690569386338
Iteration number  9 , min , max temp  94.89713231306013 758.3183999135625 , flux balance  15.430307692653669
Iterations exceeded it_max ! sorry 
Big iteration is  94.89713231306013 5
Iteration number  0 , min , max temp  94.83951319542152 750.8675676048567 , flux balance  15.204187772342616
Iteration number  1 , min , max temp  94.78186931222591 743.4535353001523 , flux balance  14.9788443806525
Iteration number  2 , min , max temp  94.72422854270215 736.0788719675021 , flux balance  14.754392922865083
Iteration number  3 , min , max temp  94.66662244964859 728.7470970041591 , flux balance  14.530952518645726
Iteration number  4 , min , max temp  94.6090867361675 721.4624229049168 , flux balance  14.308657059323405
Iteration number  5 , min , max temp  94.55166172493716 714.227152233163 , flux balance  14.087649761025277
Iteration number  6 , min , max temp  94.49439268331709 707.0503044801386 , flux balance /mmfs1/gscratch/stf/elizap/MiniNeptuneGrid26_PostBac/Installation&Setup_Instructions/picasofiles/reference
/mmfs1/gscratch/stf/elizap/MiniNeptuneGrid26_PostBac/Installation&Setup_Instructions/picasofiles/grp/redcat/trds
This is the value of [  1.6   3.  100.   10.    1. ] used in the climate model
Input Values: rad_plan=1.6, mh=3.0, tint=100.0, semi_major_AU=10.0, ctoO=1.0
SUMMARY
-------
Clouds: False
quench False
cold_trap False
vol_rainout False
no_ph3 False
Moist Adiabat: False
Iteration number  0 , min , max temp  95.48447348492664 1243.225243153739 , flux balance  11.422798016496362
Iteration number  1 , min , max temp  95.47269285437231 1251.9220511527385 , flux balance  11.419216352388636
Iteration number  2 , min , max temp  95.46033500468327 1260.5185849322795 , flux balance  11.415460151119163
Iteration number  3 , min , max temp  95.44737568593882 1269.0180650943807 , flux balance  11.411522184019836
Iteration number  4 , min , max temp  95.43378978200221 1277.4236229413393 , flux balance  11.407394969089898
Iteration number  5 , min , max temp  95.4195512062528 1285.726710507838 , flux balance  11.403070756655927
Iteration number  6 , min , max temp  95.40463294157192 1293.939444245306 , flux balance  11.398541513610466
Iteration number  7 , min , max temp  95.38900686343005 1302.0658263986645 , flux balance  11.393798906233755
Iteration number  8 , min , max temp  95.37264375292808 1310.0967362817428 , flux balance  11.388834281667748
Iteration number  9 , min , max temp  95.35551316849575 1318.0483855139394 , flux balance  11.383638648119629
Iterations exceeded it_max ! sorry 
Big iteration is  95.35551316849575 0
Iteration number  0 , min , max temp  95.33758343838808 1325.923498199639 , flux balance  11.378202653954485
Iteration number  1 , min , max temp  95.31882152578207 1333.7247464301715 , flux balance  11.372516565892015
Iteration number  2 , min , max temp  95.29919296388589 1341.454751763829 , flux balance  11.36657024655433
Iteration number  3 , min , max temp  95.27866173052847 1349.1081543194923 , flux balance  11.36035313171911
Iteration number  4 , min , max temp  95.25719028612265 1356.6934472425426 , flux balance  11.35385420759975
Iteration number  5 , min , max temp  95.2347394323886 1364.2148477313578 , flux balance  11.347061988626402
Iteration number  6 , min , max temp  95.21126803556224 1371.6625633505778 , flux balance  11.339964496192795
Iteration number  7 , min , max temp  95.18673327378852 1379.0514057509235 , flux balance  11.332549238849259
Iteration number  8 , min , max temp  95.1610903149822 1386.3836492116272 , flux balance  11.324803194579646
Iteration number  9 , min , max temp  95.13429240876609 1393.6505327081484 , flux balance  11.316712795670114
Iterations exceeded it_max ! sorry 
Big iteration is  95.13429240876609 1
Iteration number  0 , min , max temp  95.10629069490645 1400.8627693980795 , flux balance  11.308263916751383
Iteration number  1 , min , max temp  95.07703429321484 1408.024772389634 , flux balance  11.299441866701693
Iteration number  2 , min , max temp  95.04647022376268 1415.1384648457447 , flux balance  11.290231384847237
Iteration number  3 , min , max temp  95.01454320579818 1422.2056614505723 , flux balance  11.280616641949429
Iteration number  4 , min , max temp  94.98119605392009 1429.2280599400199 , flux balance  11.270581246359026
Iteration number  5 , min , max temp  94.94636924418158 1436.2013482990499 , flux balance  11.260108255488145
Iteration number  6 , min , max temp  94.91000129452044 1443.1297206510958 , flux balance  11.249180192575864
Iteration number  7 , min , max temp  94.87202866523057 1450.0176221134382 , flux balance  11.237779068584702
Iteration number  8 , min , max temp  94.83238570854527 1456.8611640779611 , flux balance  11.225886408626533
Iteration number  9 , min , max temp  94.79100494680681 1463.6598803724978 , flux balance  11.21348328213865
Iterations exceeded it_max ! sorry 
Big iteration is  94.79100494680681 2
Iteration number  0 , min , max temp  94.74781698276372 1470.4211904704503 , flux balance  11.200550335843733
Iteration number  1 , min , max temp  94.70275070564338 1477.145828936628 , flux balance  11.187067827994992
Iteration number  2 , min , max temp  94.65573327969408 1483.834395895321 , flux balance  11.173015662572789
Iteration number  3 , min , max temp  94.606690239579 1490.4873651722392 , flux balance  11.158373421701743
Iteration number  4 , min , max temp  94.555545528727 1497.1050949831003 , flux balance  11.143120394640613
Iteration number  5 , min , max temp  94.50222157613572 1503.6878407899278 , flux balance  11.127235601675059
Iteration number  6 , min , max temp  94.4466392447896 1510.2310443503545 , flux balance  11.11069781177158
Iteration number  7 , min , max temp  94.38871789786836 1516.7383920248005 , flux balance  11.09348555254563
Iteration number  8 , min , max temp  94.32837527400879 1523.2110661026713 , flux balance  11.075577112309904
Iteration number  9 , min , max temp  94.2655275338679 1529.643175822888 , flux balance  11.056950533677677
Iterations exceeded it_max ! sorry 
Big iteration is  94.2655275338679 3
Iteration number  0 , min , max temp  94.20008886109088 1536.0381720369662 , flux balance  11.03758359950941
Iteration number  1 , min , max temp  94.13197172095698 1542.3984646342115 , flux balance  11.01745381180087
Iteration number  2 , min , max temp  94.061086333657 1548.7236385223625 , flux balance  10.996538365283946
Iteration number  3 , min , max temp  93.9873408598525 1555.003809671014 , flux balance  10.97481411767532
Iteration number  4 , min , max temp  93.91064091158681 1561.2492983943189 , flux balance  10.952257557761307
Iteration number  5 , min , max temp  93.8308894276627 1567.460160649832 , flux balance  10.928844775413815
Iteration number  6 , min , max temp  93.74798654598973 1573.6364857941574 , flux balance  10.904551433761837
Iteration number  7 , min , max temp  93.66182946093338 1579.7783967566027 , flux balance  10.879352746160908
Iteration number  8 , min , max temp  93.57231218980019 1585.886047946292 , flux balance  10.853223459076045
Iteration number  9 , min , max temp  93.47932533068763 1591.9596216167718 , flux balance  10.826137841013045
Iterations exceeded it_max ! sorry 
Big iteration is  93.47932533068763 4
Iteration number  0 , min , max temp  93.38275604169961 1597.9993232956106 , flux balance  10.798069677470801
Iteration number  1 , min , max temp  93.2824878100792 1604.0037728893406 , flux balance  10.768992269918758
Iteration number  2 , min , max temp  93.17840032418985 1609.9709947037536 , flux balance  10.73887843701785
Iteration number  3 , min , max temp  93.07036956405145 1615.9050637461771 , flux balance  10.707700514218171
Iteration number  4 , min , max temp  92.95826701285146 1621.8062365676549 , flux balance  10.675430347558938
Iteration number  5 , min , max temp  92.84195987716771 1627.6692615634468 , flux balance  10.64203927707104
Iteration number  6 , min , max temp  92.72131065796306 1633.4978746991953 , flux balance  10.607498103868057
Iteration number  7 , min , max temp  92.59617674017365 1639.2944462500277 , flux balance  10.571777035887576
Iteration number  8 , min , max temp  92.46640982136238 1645.0592992665863 , flux balance  10.534845606384895
Iteration number  9 , min , max temp  92.33185516648298 1650.792795011426 , flux balance  10.496672560498492
Iterations exceeded it_max ! sorry 
Big iteration is  92.33185516648298 5
Iteration number  0 , min , max temp  92.19235085496389 1656.4953466810096 , flux balance  10.457225705287842
Iteration number  1 , min , max temp  92.0477267657598 1662.1674350914304 , flux balance  10.41647172017924
Iteration number  2 , min , max temp  91.89780314209546 1667.8096255597486 , flux balance  10.374375925651409
Iteration number  3 , min , max temp  91.74238961543841 1673.4225855579937 , flux balance  10.330902009996414
Iteration number  4 , min , max temp  91.58128298577583 1679.0071020476626 , flux balance  10.286011714718034
Iteration number  5 , min , max temp  91.41426574046959 1684.5640980886565 , flux balance  10.239664481384796
Iteration number  6 , min , max temp  91.24110398132788/mmfs1/gscratch/stf/elizap/MiniNeptuneGrid26_PostBac/Installation&Setup_Instructions/picasofiles/reference
/mmfs1/gscratch/stf/elizap/MiniNeptuneGrid26_PostBac/Installation&Setup_Instructions/picasofiles/grp/redcat/trds
This is the value of [1.6e+00 3.0e+00 1.0e+02 1.0e+01 1.0e-02] used in the climate model
Input Values: rad_plan=1.6, mh=3.0, tint=100.0, semi_major_AU=10.0, ctoO=0.01
SUMMARY
-------
Clouds: False
quench False
cold_trap False
vol_rainout False
no_ph3 False
Moist Adiabat: False
Iteration number  0 , min , max temp  95.34285325362853 1226.1245928667067 , flux balance  29.85824557758435
Iteration number  1 , min , max temp  95.18899855221015 1217.8566038311942 , flux balance  29.616148666900095
Iteration number  2 , min , max temp  95.03852477448544 1209.597274798526 , flux balance  29.37442311930337
Iteration number  3 , min , max temp  94.8912244487464 1201.3587450192633 , flux balance  29.133097401616233
Iteration number  4 , min , max temp  94.74691082255559 1193.1322025529955 , flux balance  28.891800809094242
Iteration number  5 , min , max temp  94.60541347977554 1184.9211193444476 , flux balance  28.65067983401386
Iteration number  6 , min , max temp  94.46657830010776 1176.730599629833 , flux balance  28.409948772382915
Iteration number  7 , min , max temp  94.33026431291752 1168.5605162547497 , flux balance  28.16960205153326
Iteration number  8 , min , max temp  94.19634233661073 1160.404621180951 , flux balance  27.92961601983411
Iteration number  9 , min , max temp  94.06469395498553 1152.2607035592716 , flux balance  27.68997809480333
Iterations exceeded it_max ! sorry 
Big iteration is  94.06469395498553 0
Iteration number  0 , min , max temp  93.93520896907033 1144.1369411465214 , flux balance  27.450705928684872
Iteration number  1 , min , max temp  93.80778685721968 1136.0221879851777 , flux balance  27.21176104146822
Iteration number  2 , min , max temp  93.68233345342232 1127.9236018790693 , flux balance  26.973157668043328
Iteration number  3 , min , max temp  93.55876150028182 1119.844869581443 , flux balance  26.734900557375582
Iteration number  4 , min , max temp  93.43699046789682 1111.7858435314627 , flux balance  26.496983471349058
Iteration number  5 , min , max temp  93.31694490482572 1103.7347267254133 , flux balance  26.259365406995986
Iteration number  6 , min , max temp  93.19848241925197 1095.7099300673365 , flux balance  26.021964867911006
Iteration number  7 , min , max temp  93.08161192014285 1087.7011981812407 , flux balance  25.784877174231855
Iteration number  8 , min , max temp  92.96627139482523 1079.7008094683483 , flux balance  25.548072690041725
Iteration number  9 , min , max temp  92.85240220550394 1071.7195438976028 , flux balance  25.31157624999037
Iterations exceeded it_max ! sorry 
Big iteration is  92.85240220550394 1
Iteration number  0 , min , max temp  92.73994985343286 1063.7477333564498 , flux balance  25.07499161648346
Iteration number  1 , min , max temp  92.62886217379926 1055.7897731507023 , flux balance  24.838500098806414
Iteration number  2 , min , max temp  92.51909028423213 1047.8505800832563 , flux balance  24.602303216962788
Iteration number  3 , min , max temp  92.41058868724814 1039.9296797471054 , flux balance  24.366393206962567
Iteration number  4 , min , max temp  92.30331378391253 1032.015666670259 , flux balance  24.130728282060936
Iteration number  5 , min , max temp  92.19722378573367 1024.120023120647 , flux balance  23.89533614207993
Iteration number  6 , min , max temp  92.09227981838607 1016.2369645565092 , flux balance  23.660192401311697
Iteration number  7 , min , max temp  91.98844481052933 1008.3637315515219 , flux balance  23.425281254067272
Iteration number  8 , min , max temp  91.88568304806218 1000.5084888862835 , flux balance  23.19062072826909
Iteration number  9 , min , max temp  91.78396133052013 992.6703245057814 , flux balance  22.956201710272566
Iterations exceeded it_max ! sorry 
Big iteration is  91.78396133052013 2
Iteration number  0 , min , max temp  91.68324091663749 984.8428476177598 , flux balance  22.72198268735021
Iteration number  1 , min , max temp  91.58346205009094 977.0373086038702 , flux balance  22.48793137632547
Iteration number  2 , min , max temp  91.48463424902113 969.2437161701129 , flux balance  22.2540881850333
Iteration number  3 , min , max temp  91.38672968583282 961.4612102816706 , flux balance  22.02044376841011
Iteration number  4 , min , max temp  91.28972245758483 953.6959248544329 , flux balance  21.787011099922122
Iteration number  5 , min , max temp  91.193587614126 945.9346180506949 , flux balance  21.553264364924495
Iteration number  6 , min , max temp  91.09830131488324 938.189863158333 , flux balance  21.31970343842285
Iteration number  7 , min , max temp  91.00384136563076 930.462117037429 , flux balance  21.086345748451507
Iteration number  8 , min , max temp  90.91018683362081 922.7445925141946 , flux balance  20.853165375072543
Iteration number  9 , min , max temp  90.81731742938791 915.0422369639242 , flux balance  20.6201741805158
Iterations exceeded it_max ! sorry 
Big iteration is  90.81731742938791 3
Iteration number  0 , min , max temp  90.72521452473596 907.3534329682557 , flux balance  20.387364175388125
Iteration number  1 , min , max temp  90.63386045186526 899.6734170556928 , flux balance  20.154717607112328
Iteration number  2 , min , max temp  90.5432383057419 892.0104448071581 , flux balance  19.922259631704538
Iteration number  3 , min , max temp  90.45333304407781 884.3626834015683 , flux balance  19.689984914025565
Iteration number  4 , min , max temp  90.36411493922984 876.7307626564811 , flux balance  19.457860898552717
Iteration number  5 , min , max temp  90.27557853708987 869.1175251350481 , flux balance  19.225916828220786
Iteration number  6 , min , max temp  90.18772181433765 861.5146051337402 , flux balance  18.994151689163314
Iteration number  7 , min , max temp  90.10053415006898 853.928745674223 , flux balance  18.762593787059547
Iteration number  8 , min , max temp  90.01400671989323 846.3556409462711 , flux balance  18.531040575921253
Iteration number  9 , min , max temp  89.92813203738305 838.7958197464 , flux balance  18.299510065078437
Iterations exceeded it_max ! sorry 
Big iteration is  89.92813203738305 4
Iteration number  0 , min , max temp  89.84290406342117 831.2555622616784 , flux balance  18.068237860633584
Iteration number  1 , min , max temp  89.75831879722377 823.7317918115556 , flux balance  17.837231725334348
Iteration number  2 , min , max temp  89.67437334308491 816.2274166985032 , flux balance  17.606522538022265
Iteration number  3 , min , max temp  89.59106711299529 808.742206192271 , flux balance  17.376134783055154
Iteration number  4 , min , max temp  89.50840102383854 801.2746766894976 , flux balance  17.146092719043267
Iteration number  5 , min , max temp  89.42637798714959 793.8314875945088 , flux balance  16.916452675442873
Iteration number  6 , min , max temp  89.34500351055787 786.4121943026835 , flux balance  16.687253070480427
Iteration number  7 , min , max temp  89.26427467089628 779.0211347794329 , flux balance  16.45852798579159
Iteration number  8 , min , max temp  89.18421259915681 771.6571903954984 , flux balance  16.230352693686836
Iteration number  9 , min , max temp  89.10482977335974 764.3211720567182 , flux balance  16.002788222086117
Iterations exceeded it_max ! sorry 
Big iteration is  89.10482977335974 5
Iteration number  0 , min , max temp  89.02614140931402 757.0176161987026 , flux balance  15.775882184211051
Iteration number  1 , min , max temp  88.94816568726861 749.7431141382262 , flux balance  15.549502740585988
Iteration number  2 , min , max temp  88.8709235953072 742.507549818326 , flux balance  15.324000062452146
Iteration number  3 , min , max temp  88.79443998250107 735.3125932232456 , flux balance  15.09947265677771
Iteration number  4 , min , max temp  88.7187430175778 728.1621289366391 , flux balance  14.876036880149691
Iteration number  5 , min , max temp  88.64386498533115 721.0594372795615 , flux balance  14.653818554997065
Iteration number  6 , min , max temp  88.56984201368635 714.0071734034365 13.868106810466095
Iteration number  7 , min , max temp  94.43733099575148 699.9371746967331 , flux balance  13.65021353860935
Iteration number  8 , min , max temp  94.38053311946467 692.8950115903488 , flux balance  13.434175455827843
Iteration number  9 , min , max temp  94.32406588571376 685.9290367312018 , flux balance  13.220225645396377
Iterations exceeded it_max ! sorry 
Big iteration is  94.32406588571376 6
Not converged
Iteration number  0 , min , max temp  94.32186249289767 685.6730518319663 , flux balance  95.03353385082121
Iteration number  1 , min , max temp  94.31984133998441 685.4382098916367 , flux balance  94.97948323434713
Iteration number  2 , min , max temp  94.3179966950524 685.223849333694 , flux balance  94.93015435985124
Iteration number  3 , min , max temp  94.31632094398006 685.0290941057813 , flux balance  94.88534372220127
Iteration number  4 , min , max temp  94.31480506320129 684.8528995268404 , flux balance  94.84480923348735
Iteration number  5 , min , max temp  94.31343913941181 684.6941187204122 , flux balance  94.80828552598733
Iteration number  6 , min , max temp  94.31221302296962 684.5515756667187 , flux balance  94.7755007579247
Iterations exceeded it_max ! sorry 
Big iteration is  94.31221302296962 0
Iteration number  0 , min , max temp  94.31111686677562 684.4241303850536 , flux balance  94.74619159294978
Iteration number  1 , min , max temp  94.31014155466528 684.3107255621703 , flux balance  94.72011390183206
Iteration number  2 , min , max temp  94.30927887247485 684.2104092972911 , flux balance  94.69704796705442
Iteration number  3 , min , max temp  94.30852151858312 684.1223343140825 , flux balance  94.676798276327
Iteration number  4 , min , max temp  94.30786289862702 684.0457378042404 , flux balance  94.65918886603393
Iteration number  5 , min , max temp  94.30729689794516 683.97990862093 , flux balance  94.6440557609323
Iteration number  6 , min , max temp  94.30681750048453 683.9241492351084 , flux balance  94.63123821433918
Iterations exceeded it_max ! sorry 
Profile converged before itmx
 convection zone status
0 85 89 0 0 0
1
[ 0 82 82 82 85 89]
Iteration number  0 , min , max temp  94.30636417461852 683.8718214434908 , flux balance  95.02446614022845
Iteration number  1 , min , max temp  94.30597082366819 683.8264154608021 , flux balance  95.01395982952302
Iteration number  2 , min , max temp  94.30563500468554 683.7876499794576 , flux balance  95.00499029971031
Iteration number  3 , min , max temp  94.30535380540402 683.7551890023888 , flux balance  94.99747969276159
Iteration number  4 , min , max temp  94.3051235560454 683.7286091393021 , flux balance  94.9913299561918
Iteration number  5 , min , max temp  94.30493961860918 683.7073749725485 , flux balance  94.98641714167462
Iteration number  6 , min , max temp  94.30479637067563 683.6908377035911 , flux balance  94.98259108928123
Iteration number  7 , min , max temp  94.30468747392146 683.6782658026262 , flux balance  94.97968251512314
Iterations exceeded it_max ! sorry 
Big iteration is  94.30468747392146 0
Iteration number  0 , min , max temp  94.3046063615758 683.6689014483843 , flux balance  94.97751606522165
Iteration number  1 , min , max temp  94.30454679935649 683.6620247053984 , flux balance  94.97592515963596
Iteration number  2 , min , max temp  94.30450333652804 683.6570070083412 , flux balance  94.97476436337486
Iteration number  3 , min , max temp  94.30447160334963 683.6533431907035 , flux balance  94.97391679436805
Iteration number  4 , min , max temp  93.41908922647612 683.650659680842 , flux balance  94.9732960185057
Iteration number  5 , min , max temp  83.71511249913941 683.6487016953567 , flux balance  94.97284308617132
Iteration number  6 , min , max temp  73.95361064572093 683.6473047349713 , flux balance  94.97251993739295
Iteration number  7 , min , max temp  64.14580961044406 683.6463578951694 , flux balance  94.97230091343424
Iterations exceeded it_max ! sorry 
Profile converged before itmx
Grow Phase : Upper Zone
[ 0 82 83 83 85 89]
Iteration number  0 , min , max temp  57.22869174303616 683.6462442335863 , flux balance  95.02897819217266
Iteration number  1 , min , max temp  49.98093057459813 683.6461756168036 , flux balance  95.0289623044062
Iteration number  2 , min , max temp  42.23051657035025 683.6461363613449 , flux balance  95.02895321507557
Iteration number  3 , min , max temp  33.81736990421654 683.6461159818668 , flux balance  95.02894849633462
Iteration number  4 , min , max temp  24.860584570669843 683.6461069978945 , flux balance  95.02894641612987
Iteration number  5 , min , max temp  15.70584767374194 683.6461037739829 , flux balance  95.02894566962938
Iteration number  6 , min , max temp  10.1 683.6461028517764 , flux balance  95.02894545608751
Iteration number  7 , min , max temp  10.1 683.6461025557101 , flux balance  95.02894538753299
In t_start: Converged Solution in iterations  7
Big iteration is  10.1 0
Iteration number  0 , min , max temp  10.1 683.6461022596748 , flux balance  95.02894531898474
In t_start: Converged Solution in iterations  0
Profile converged before itmx
[ 0 82 84 84 85 89]
An exception was raised: ZeroDivisionError: division by zero
 , flux balance  14.43295375552838
Iteration number  7 , min , max temp  88.49671492430225 707.013510333121 , flux balance  14.21361154097607
Iteration number  8 , min , max temp  88.42452988321395 700.0832569997842 , flux balance  13.995965697672473
Iteration number  9 , min , max temp  88.35333699146052 693.22306764577 , flux balance  13.780209341802607
Iterations exceeded it_max ! sorry 
Big iteration is  88.35333699146052 6
Not converged
Iteration number  0 , min , max temp  88.35936181168975 692.9347469352878 , flux balance  97.07856528737916
Iteration number  1 , min , max temp  88.36493457625303 692.6677807232551 , flux balance  97.01692879763662
Iteration number  2 , min , max temp  88.37006439945985 692.4217978533046 , flux balance  96.96014630967488
Iteration number  3 , min , max temp  88.37476418008455 692.1962270987558 , flux balance  96.90808392687372
Iteration number  4 , min , max temp  88.37905109844047 691.990304367965 , flux balance  96.86056339957393
Iteration number  5 , min , max temp  88.38294521041594 691.803106543518 , flux balance  96.81736997159626
Iteration number  6 , min , max temp  88.38646860691638 691.6336058554297 , flux balance  96.77826494855053
Iterations exceeded it_max ! sorry 
Big iteration is  88.38646860691638 0
Iteration number  0 , min , max temp  88.38964456690663 691.4807334937792 , flux balance  96.74300038041892
Iteration number  1 , min , max temp  88.39249524192562 691.3434395129541 , flux balance  96.71133287350763
Iteration number  2 , min , max temp  88.39504165984657 691.2207381873017 , flux balance  96.68303403550213
Iteration number  3 , min , max temp  88.39730288566417 691.1117324250961 , flux balance  96.65789608490344
Iteration number  4 , min , max temp  88.39929587848901 691.0156159297588 , flux balance  96.63573232743786
Iteration number  5 , min , max temp  88.40103620556134 690.9316559364506 , flux balance  96.61637315526443
Iteration number  6 , min , max temp  88.4025383356382 690.8591622833732 , flux balance  96.59965889908509
Iterations exceeded it_max ! sorry 
Profile converged before itmx
 convection zone status
0 85 89 0 0 0
1
[ 0 82 82 82 85 89]
Iteration number  0 , min , max temp  88.4042007935666 690.7884627687278 , flux balance  97.04246160486723
Iteration number  1 , min , max temp  88.40566847447295 690.7260179457728 , flux balance  97.02795710128835
Iteration number  2 , min , max temp  88.40694531016422 690.6716768511332 , flux balance  97.01533535447479
Iteration number  3 , min , max temp  88.40803510700803 690.6252866234465 , flux balance  97.0045606761146
Iteration number  4 , min , max temp  88.40894284822166 690.5866296417794 , flux balance  96.99558297348857
Iteration number  5 , min , max temp  88.40967653409622 690.555372625745 , flux balance  96.98832421717387
Iteration number  6 , min , max temp  88.4102494640328 690.5309674903349 , flux balance  96.9826567591802
Iteration number  7 , min , max temp  88.41067996974432 690.5126204201389 , flux balance  96.9783961908162
Iterations exceeded it_max ! sorry 
Big iteration is  88.41067996974432 0
Iteration number  0 , min , max temp  88.410991435603 690.4993469682446 , flux balance  96.9753138600201
Iteration number  1 , min , max temp  88.41120868369697 690.4900860887755 , flux balance  96.97316334596623
Iteration number  2 , min , max temp  88.41135555676588 690.4838237308669 , flux balance  96.97170915321496
Iteration number  3 , min , max temp  88.41145274162604 690.4796836248356 , flux balance  96.97074778845415
Iteration number  4 , min , max temp  88.41151622909385 690.4769732777075 , flux balance  96.97011843799964
Iteration number  5 , min , max temp  88.41155803071452 690.4751912369329 , flux balance  96.9697046527669
Iteration number  6 , min , max temp  83.77585379620106 690.4740057457748 , flux balance  96.9694293910865
Iteration number  7 , min , max temp  74.03536995663583 690.4732151513422 , flux balance  96.96924582464014
Iterations exceeded it_max ! sorry 
Profile converged before itmx
Grow Phase : Upper Zone
[ 0 82 83 83 85 89]
Iteration number  0 , min , max temp  67.26286085927507 690.4729592768376 , flux balance  97.0436958313322
Iteration number  1 , min , max temp  60.24631268409953 690.4727974279671 , flux balance  97.0436582059029
Iteration number  2 , min , max temp  52.864440833229324 690.4726980490123 , flux balance  97.04363510309157
Iteration number  3 , min , max temp  44.97507615040176 690.472640314843 , flux balance  97.04362168154226
Iteration number  4 , min , max temp  36.51228934238675 690.4726099772696 , flux balance  97.04361462891337
Iteration number  5 , min , max temp  27.632970171875648 690.4725965647636 , flux balance  97.043611510859
Iteration number  6 , min , max temp  18.61767215182866 690.4725916153964 , flux balance  97.04361036024108
Iteration number  7 , min , max temp  10.1 690.4725900697084 , flux balance  97.04361000089504
Iterations exceeded it_max ! sorry 
Big iteration is  10.1 0
Iteration number  0 , min , max temp  10.1 690.4725897541392 , flux balance  97.04360992752741
Iteration number  1 , min , max temp  10.1 690.472589437541 , flux balance  97.04360985392353
In t_start: Converged Solution in iterations  1
Profile converged before itmx
[ 0 82 84 84 85 89]
An exception was raised: ZeroDivisionError: division by zero
 1690.384054045714 , flux balance  10.279080762051903
Iteration number  7 , min , max temp  90.91470948530103 1695.8790551955376 , flux balance  10.229231990622493
Iteration number  8 , min , max temp  90.61664740214202 1701.3505361091754 , flux balance  10.177772250639958
Iteration number  9 , min , max temp  90.30563690468593 1706.7980685078192 , flux balance  10.1246464062526
Iterations exceeded it_max ! sorry 
Big iteration is  90.30563690468593 6
Not converged
Iteration number  0 , min , max temp  90.30921689945406 1711.5425701278007 , flux balance  10.871345075503124
Iteration number  1 , min , max temp  90.31313394734481 1716.396356662777 , flux balance  10.848737626686097
Iteration number  2 , min , max temp  90.31742106959584 1721.3610510605552 , flux balance  10.825018602984507
Iteration number  3 , min , max temp  90.32211470740977 1726.438175083972 , flux balance  10.800126136500618
Iteration number  4 , min , max temp  90.32725475697373 1731.622814476582 , flux balance  10.77399518148955
Iteration number  5 , min , max temp  90.33288519105201 1736.921893984021 , flux balance  10.74655753736365
Iteration number  6 , min , max temp  90.33905408443448 1742.3368316941182 , flux balance  10.717741901707333
Iterations exceeded it_max ! sorry 
Big iteration is  90.33905408443448 0
Iteration number  0 , min , max temp  90.34581425900724 1747.8683809025702 , flux balance  10.687473951638074
Iteration number  1 , min , max temp  90.35322354815786 1753.5170141580363 , flux balance  10.655676450385204
Iteration number  2 , min , max temp  90.36134494627946 1759.282892818164 , flux balance  10.6222693748349
Iteration number  3 , min , max temp  90.37024749382817 1765.1658417162382 , flux balance  10.587170058341583
Iteration number  4 , min , max temp  90.38000629951652 1771.1653301522506 , flux balance  10.550293342732834
Iteration number  5 , min , max temp  90.39070307758234 1777.2804601311777 , flux balance  10.511551731991503
Iteration number  6 , min , max temp  90.40242673454271 1783.509962510934 , flux balance  10.47085554064165
Iterations exceeded it_max ! sorry 
Big iteration is  90.40242673454271 1
Iteration number  0 , min , max temp  90.41527373286401 1789.852201347307 , flux balance  10.428113029150804
Iteration number  1 , min , max temp  90.42934891717559 1796.3030746865684 , flux balance  10.383230519154251
Iteration number  2 , min , max temp  90.44476554561537 1802.8605160640984 , flux balance  10.33611248164023
Iteration number  3 , min , max temp  90.46164656466553 1809.5236703653763 , flux balance  10.28666159195249
Iteration number  4 , min , max temp  90.48012474799968 1816.2856619012975 , flux balance  10.234778746056051
Iteration number  5 , min , max temp  90.50034410232352 1823.145028808483 , flux balance  10.180363033385957
Iteration number  6 , min , max temp  90.52246031052383 1830.1006343599684 , flux balance  10.123311662961546
Iterations exceeded it_max ! sorry 
Big iteration is  90.52246031052383 2
Iteration number  0 , min , max temp  90.48935687622004 1837.1490114426822 , flux balance  10.063519839908414
Iteration number  1 , min , max temp  90.2371155792253 1844.2865962804688 , flux balance  10.000880591019449
Iteration number  2 , min , max temp  89.97119175264514 1851.5097759963314 , flux balance  9.935284538809123
Iteration number  3 , min , max temp  89.69072910838673 1858.8149352454016 , flux balance  9.866619624765127
Iteration number  4 , min , max temp  89.3947803687992 1866.1985008131192 , flux balance  9.794770783136157
Iteration number  5 , min , max temp  89.0822889375413 1873.6569832479856 , flux balance  9.719619568273467
Iteration number  6 , min , max temp  88.7520664779438 1881.1870147013044 , flux balance  9.641043738996142
Iterations exceeded it_max ! sorry 
Big iteration is  88.7520664779438 3
Iteration number  0 , min , max temp  88.40276354666446 1888.7853822715056 , flux balance  9.558916805230497
Iteration number  1 , min , max temp  88.03283289328009 1896.4440504399267 , flux balance  9.473107543535374
Iteration number  2 , min , max temp  87.6404812933167 1904.164738329474 , flux balance  9.38347949021961
Iteration number  3 , min , max temp  87.2236064340653 1911.940605937617 , flux balance  9.289890423463907
Iteration number  4 , min , max temp  86.77971075058431 1919.7736119602987 , flux balance  9.192191849396492
Iteration number  5 , min , max temp  86.3057838718286 1927.6590919257117 , flux balance  9.09022851340848
Iteration number  6 , min , max temp  85.79813615446 1935.5934220837764 , flux balance  8.983837965273938
Iterations exceeded it_max ! sorry 
Big iteration is  85.79813615446 4
Not converged
 convection zone status
0 85 89 0 0 0
1
[ 0 73 73 73 85 89]
Iteration number  0 , min , max temp  85.50180540503715 1941.8896051023369 , flux balance  9.98854153644073
Iteration number  1 , min , max temp  85.18625023481297 1948.356692218531 , flux balance  9.922584071905998
Iteration number  2 , min , max temp  84.84984800186135 1954.9940875994446 , flux balance  9.853216189722096
Iteration number  3 , min , max temp  84.49074250788483 1961.8007408538117 , flux balance  9.7802838788347
Iteration number  4 , min , max temp  84.10678176085094 1968.7751218680094 , flux balance  9.703630378493564
Iteration number  5 , min , max temp  83.69543049110317 1975.9152006222268 , flux balance  9.623096765452905
Iteration number  6 , min , max temp  83.25364448283482 1983.2184268453607 , flux balance  9.53852265665169
Iteration number  7 , min , max temp  82.77768351556522 1990.6817005599796 , flux balance  9.449747145450036
Iterations exceeded it_max ! sorry 
Big iteration is  82.77768351556522 0
Iteration number  0 , min , max temp  82.26282121405015 1998.3013168783466 , flux balance  9.356610206733588
Iteration number  1 , min , max temp  81.70287509803183 2006.0726041657638 , flux balance  9.258955070952007
Iteration number  2 , min , max temp  81.08939037766785 2013.9845128317493 , flux balance  9.156632741172166
Iteration number  3 , min , max temp  79.68875089938425 2022.0356161459963 , flux balance  9.04951176024742
Iteration number  4 , min , max temp  77.63456913405699 2030.2107935441122 , flux balance  8.93750293419064
Iteration number  5 , min , max temp  74.96898801019839 2038.496834878036 , flux balance  8.82063775600829
Iteration number  6 , min , max temp  71.05557708249549 2046.843241316538 , flux balance  8.699431356127864
Iteration number  7 , min , max temp  62.94421991868128 2054.9091173925435 , flux balance  8.578792478043905
Iterations exceeded it_max ! sorry 
Big iteration is  62.94421991868128 1
Iteration number  0 , min , max temp  77.0575427453797 2061.9958234158157 , flux balance  8.469729330725988
Iteration number  1 , min , max temp  73.62350588381868 2070.680413390354 , flux balance  8.332887512611574
Iteration number  2 , min , max temp  66.78655328069738 2079.138266930692 , flux balance  8.195542239312845
Iteration number  3 , min , max temp  76.70080026406382 2082.4373480881377 , flux balance  8.13996242376345
Iteration number  4 , min , max temp  75.47850527569886 2091.4672504434884 , flux balance  7.987416447180212
Iteration number  5 , min , max temp  73.92832363564294 2100.5508972389703 , flux balance  7.829196223469071
Iteration number  6 , min , max temp  71.67682613407719 2109.5724432316824 , flux balance  7.667162174055047
Iteration number  7 , min , max temp  65.91609975290359 2116.9434756164696 , flux balance  7.530490326936183
Iterations exceeded it_max ! sorry 
Big iteration is  65.91609975290359 2
Iteration number  0 , min , max temp  67.7474436306168 2126.068377997058 , flux balance  7.357150880735998
Iteration number  1 , min , max temp  71.53948250469583 2134.528612547025 , flux balance  7.191281402702337
Iteration number  2 , min , max temp  67.42529054488931 2143.2411239513212 , flux balance  7.0156388160049366
Iteration number  3 , min , max temp  72.73036903811081 2151.1668248156393 , flux balance  6.851010973517133
Iteration number  4 , min , max temp  69.90481444353779 2160.5053813350987 , flux balance  6.6522181708099986
Iteration number  5 , min , max temp  62.602978119279626 2167.2510857317966 , flux balance  6.5037726119433295 1690.0923962321044 , flux balance  10.191817064182422
Iteration number  7 , min , max temp  91.06154472892172 1695.5944653454303 , flux balance  10.142423113077019
Iteration number  8 , min , max temp  90.87531396260309 1701.0727404669833 , flux balance  10.091432734277317
Iteration number  9 , min , max temp  90.68211333490055 1706.5269774673015 , flux balance  10.038792035044796
Iterations exceeded it_max ! sorry 
Big iteration is  90.68211333490055 6
Not converged
Iteration number  0 , min , max temp  90.59792415677546 1711.2720006053437 , flux balance  10.783130326513662
Iteration number  1 , min , max temp  90.50957435930358 1716.1249173676238 , flux balance  10.760728830815832
Iteration number  2 , min , max temp  90.41682197174313 1721.0873570784204 , flux balance  10.737232399051296
Iteration number  3 , min , max temp  90.31941124257716 1726.160865018043 , flux balance  10.712580121896787
Iteration number  4 , min , max temp  90.2170699189513 1731.3409345773084 , flux balance  10.686707883133744
Iteration number  5 , min , max temp  90.10951149382826 1736.6338290420908 , flux balance  10.659548368169837
Iteration number  6 , min , max temp  89.996431772544 1742.0414051403388 , flux balance  10.631031102474974
Iterations exceeded it_max ! sorry 
Big iteration is  89.996431772544 0
Iteration number  0 , min , max temp  89.87751150187322 1747.564515658677 , flux balance  10.601082518740867
Iteration number  1 , min , max temp  89.75241332094555 1753.2037510070195 , flux balance  10.569626050328516
Iteration number  2 , min , max temp  89.62078304232524 1758.9594073747635 , flux balance  10.536582247063668
Iteration number  3 , min , max temp  89.48224992446457 1764.8314594344795 , flux balance  10.501868908538965
Iteration number  4 , min , max temp  89.33642426112125 1770.8195388194738 , flux balance  10.465401228863234
Iteration number  5 , min , max temp  89.18289682821931 1776.9229194178745 , flux balance  10.427091946357056
Iteration number  6 , min , max temp  89.02123927446085 1783.1405102048707 , flux balance  10.386851490797728
Iterations exceeded it_max ! sorry 
Big iteration is  89.02123927446085 1
Iteration number  0 , min , max temp  88.85100230431858 1789.4708560402546 , flux balance  10.344588121335134
Iteration number  1 , min , max temp  88.67171360509178 1795.9102719006007 , flux balance  10.300208047506024
Iteration number  2 , min , max temp  88.48287693944795 1802.4564000543428 , flux balance  10.253615526608222
Iteration number  3 , min , max temp  88.28396782458776 1809.1087816087502 , flux balance  10.204712931078133
Iteration number  4 , min , max temp  88.07443038350502 1815.8610841474526 , flux balance  10.153400780053595
Iteration number  5 , min , max temp  87.85367443885451 1822.7112220560412 , flux balance  10.099577729878847
Iteration number  6 , min , max temp  87.62106997178674 1829.6585604431702 , flux balance  10.043140519912988
Iterations exceeded it_max ! sorry 
Big iteration is  87.62106997178674 2
Iteration number  0 , min , max temp  87.3759398139493 1836.699738631116 , flux balance  9.98398387021096
Iteration number  1 , min , max temp  87.11755346953944 1843.831279558551 , flux balance  9.922000328956035
Iteration number  2 , min , max temp  86.8451160131731 1851.0496365989588 , flux balance  9.857080068898739
Iteration number  3 , min , max temp  86.5577574762944 1858.3512400033421 , flux balance  9.789110632330022
Iteration number  4 , min , max temp  86.2545182185317 1865.7325418501907 , flux balance  9.717976625864654
Iteration number  5 , min , max temp  85.93433375413242 1873.1900585406127 , flux balance  9.643559366663787
Iteration number  6 , min , max temp  85.59601034570412 1880.7204099781868 , flux balance  9.565736483166761
Iterations exceeded it_max ! sorry 
Big iteration is  85.59601034570412 3
Iteration number  0 , min , max temp  85.23820020749574 1888.320354728279 , flux balance  9.484381474325696
Iteration number  1 , min , max temp  84.85937161534612 1895.9821412282315 , flux balance  9.399363232013304
Iteration number  2 , min , max temp  84.45776386816586 1903.7067804629592 , flux balance  9.310545533501172
Iteration number  3 , min , max temp  84.03133716737905 1911.4879833848092 , flux balance  9.217786511296808
Iteration number  4 , min , max temp  83.5777098038954 1919.3270707103509 , flux balance  9.120938110674516
Iteration number  5 , min , max temp  83.0940676725358 1927.2200052287974 , flux balance  9.019845546912695
Iteration number  6 , min , max temp  82.5770560320453 1935.1622987636863 , flux balance  8.91434677704173
Iterations exceeded it_max ! sorry 
Big iteration is  82.5770560320453 4
Not converged
 convection zone status
0 85 89 0 0 0
1
[ 0 73 73 73 85 89]
Iteration number  0 , min , max temp  82.42522516525966 1941.444883250376 , flux balance  9.925197939927715
Iteration number  1 , min , max temp  82.26463439860504 1947.8978278473053 , flux balance  9.859875171210245
Iteration number  2 , min , max temp  82.0947464592522 1954.5207902073416 , flux balance  9.791176664982023
Iteration number  3 , min , max temp  81.91498700179724 1961.313044605261 , flux balance  9.718946739135893
Iteration number  4 , min , max temp  81.72474019465479 1968.2734617324766 , flux balance  9.643025833844444
Iteration number  5 , min , max temp  81.5233440685818 1975.4004991161473 , flux balance  9.563250828270025
Iteration number  6 , min , max temp  81.3100836790488 1982.6922011933696 , flux balance  9.479455323931159
Iteration number  7 , min , max temp  81.08418246160888 1990.1462077423453 , flux balance  9.391469896536904
Iterations exceeded it_max ! sorry 
Big iteration is  81.08418246160888 0
Iteration number  0 , min , max temp  80.84479071892702 1997.7597691611682 , flux balance  9.299122321293254
Iteration number  1 , min , max temp  80.59097007679156 2005.5297667764949 , flux balance  9.202237781234032
Iteration number  2 , min , max temp  80.32167192781034 2013.4467605649288 , flux balance  9.100639078088497
Iteration number  3 , min , max temp  80.03570707804221 2021.5126223238024 , flux balance  8.994146885959319
Iteration number  4 , min , max temp  79.73170136834658 2029.7180546841923 , flux balance  8.882580131789402
Iteration number  5 , min , max temp  79.40803063591714 2038.0637844678274 , flux balance  8.765756688853834
Iteration number  6 , min , max temp  79.06271839740697 2046.545159397789 , flux balance  8.643494826622382
Iteration number  7 , min , max temp  78.57751488014053 2055.1568769097566 , flux balance  8.51561658140284
Iterations exceeded it_max ! sorry 
Big iteration is  78.57751488014053 1
Iteration number  0 , min , max temp  77.65157255467105 2063.8926184190814 , flux balance  8.38195656132766
Iteration number  1 , min , max temp  76.49373931381118 2072.743496830509 , flux balance  8.242389008076879
Iteration number  2 , min , max temp  74.91745009273473 2081.691728688302 , flux balance  8.096936921186321
Iteration number  3 , min , max temp  72.3153370083166 2090.665116223192 , flux balance  7.946554470771321
Iteration number  4 , min , max temp  60.09695447795046 2095.1827449496623 , flux balance  7.868298384573891
Iteration number  5 , min , max temp  60.08877681287498 2104.434289151635 , flux balance  7.7060499628885415
Iteration number  6 , min , max temp  60.14541453715625 2113.7855851661357 , flux balance  7.536886893629268
Iteration number  7 , min , max temp  60.28647699383925 2123.220479882952 , flux balance  7.3606195866186015
Iterations exceeded it_max ! sorry 
Big iteration is  60.28647699383925 2
Iteration number  0 , min , max temp  60.53825909180842 2132.733670193648 , flux balance  7.177072616232383
Iteration number  1 , min , max temp  60.93670929121247 2142.32232382955 , flux balance  6.986100457470063
Iteration number  2 , min , max temp  61.53186646919756 2151.974114776439 , flux balance  6.787619806455374
Iteration number  3 , min , max temp  62.39343525001961 2161.677123685949 , flux balance  6.58167362876938
Iteration number  4 , min , max temp  63.61037961890918 2171.407574994299 , flux balance  6.368536185971708
Iteration number  5 , min , max temp  65.23913141567628 2181.132210040899 , flux balance  6.148722149059823
Iteration number  6 , min , max temp  64.98655897428114 2176.7347818104117 , flux balance  6.291169150149808
Iteration number  7 , min , max temp  69.28412619436834 2185.7011876212473 , flux balance  6.083808115061805
Iterations exceeded it_max ! sorry 
Big iteration is  69.28412619436834 3
Iteration number  0 , min , max temp  60.37544696580413 2190.882501969427 , flux balance  5.9598899758354005
Iteration number  1 , min , max temp  62.85408914697512 2200.5046645545417 , flux balance  5.727299995830199
Iteration number  2 , min , max temp  66.58991322664869 2209.8544720303394 , flux balance  5.49418353608758
Iteration number  3 , min , max temp  69.302620574246 2216.6164342716725 , flux balance  5.319879159403462
Iteration number  4 , min , max temp  68.16667391369167 2226.2653760777025 , flux balance  5.066856720258354
Iteration number  5 , min , max temp  66.88853890402498 2234.8961708873408 , flux balance  4.833162237269252
Iteration number  6 , min , max temp  66.18119015195887 2242.0095434274663 , flux balance  4.634791115255554
Iteration number  7 , min , max temp  64.92270843174353 2251.312100541298 , flux balance  4.370132934755781
Iterations exceeded it_max ! sorry 
Big iteration is  64.92270843174353 4
Not converged
Grow Phase : Upper Zone
[ 0 72 73 73 85 89]
Iteration number  0 , min , max temp  60.941485214768036 2256.6320988428834 , flux balance  7.475924079636355
Iteration number  1 , min , max temp  60.845106708265995 2264.966876705554 , flux balance  7.3043211969588775
Iteration number  2 , min , max temp  61.3594873795383 2273.9028899950663 , flux balance  7.116653693536078
Iteration number  3 , min , max temp  62.355318535765846 2283.2254083431703 , flux balance  6.916625321133938
Iteration number  4 , min , max temp  63.68727188696825 2292.8446028146927 , flux balance  6.705552187856251
Iteration number  5 , min , max temp  65.26752940233449 2302.712227787684 , flux balance  6.483971917718268
Iteration number  6 , min , max temp  67.05093841060533 2312.792631913619 , flux balance  6.252208331399848
Iteration number  7 , min , max temp  68.9920273940047 2323.0553585620937 , flux balance  6.010517129257181
Iterations exceeded it_max ! sorry 
Big iteration is  68.9920273940047 0
Iteration number  0 , min , max temp  70.20053730476808 2333.4833992180575 , flux balance  5.758882712578808
Iteration number  1 , min , max temp  69.35337946677161 2344.1108470112154 , flux balance  5.496048651076922
Iteration number  2 , min , max temp  68.46271152364133 2354.9058029262574 , flux balance  5.222277042237964
Iteration number  3 , min , max temp  67.53678311088332 2365.7403264878467 , flux balance  4.94046084922573
Iteration number  4 , min , max temp  66.56903520700672 2376.5744305479125 , flux balance  4.650825493222384
Iteration number  5 , min , max temp  65.55252820821524 2387.382664595963 , flux balance  4.353387167990216
Iteration number  6 , min , max temp  64.47779089145723 2398.2070067436525 , flux balance  4.047548249413838
Iteration number  7 , min , max temp  63.33332748140985 2409.076598764959 , flux balance  3.732524392304479
Iterations exceeded it_max ! sorry 
Big iteration is  63.33332748140985 1
Iteration number  0 , min , max temp  62.00673036906546 2419.900293283699 , flux balance  3.410478352587215
Iteration number  1 , min , max temp  60.38780198720524 2430.886629947275 , flux balance  3.075201277922868
Iteration number  2 , min , max temp  58.64915792938369 2441.8603640975157 , flux balance  2.73123930793388
Iteration number  3 , min , max temp  56.773325683641055 2452.747617602391 , flux balance  2.380510572177999
Iteration number  4 , min , max temp  54.74638035459138 2463.4528275043904 , flux balance  2.025730668283142
Iteration number  5 , min , max temp  52.556193632018775 2473.8554734868558 , flux balance  1.6705717168458838
Iteration number  6 , min , max temp  50.19622952067623 2483.80787820108 , flux balance  1.3197519876298034
Iteration number  7 , min , max temp  47.36513321391214 2493.137923864918 , flux balance  0.978889242188105
Iterations exceeded it_max ! sorry 
Big iteration is  47.36513321391214 2
Iteration number  0 , min , max temp  44.05443821207274 2501.6510781037055 , flux balance  0.6541938386615234
Iteration number  1 , min , max temp  40.50675571882804 2509.110463840557 , flux balance  0.352321135194527
Iteration number  2 , min , max temp  36.24544532000889 2515.1306455984545 , flux balance  0.08073107953864081
Iteration number  3 , min , max temp  34.544722789176845 2516.036583154989 , flux balance  0.005796144229321134
Iteration number  4 , min , max temp  34.223628308351046 2516.039261993348 , flux balance  0.00035879977976607965
Iteration number  5 , min , max temp  34.22401665938738 2516.0392735194973 , flux balance  1.2722632896618901e-05
In t_start: Converged Solution in iterations  5
Big iteration is  34.22401665938738 3
 We are already at a root, tolf , test =  5e-05 ,  1.3104843684078704e-05
Profile converged before itmx
[ 0 72 73 73 84 89]
Iteration number  0 , min , max temp  43.670685788501736 2509.217430160132 , flux balance  3.6641350897484832
Iteration number  1 , min , max temp  50.36371806820053 2514.5213444764495 , flux balance  3.44050163421277
Iteration number  2 , min , max temp  54.899308498123766 2520.600301922381 , flux balance  3.1811771114271457
Iteration number  3 , min , max temp  57.992293298748706 2527.0123421317776 , flux balance  2.903943043470086
Iteration number  4 , min , max temp  60.845286932773625 2533.5103778047946 , flux balance  2.6185354028740497
Iteration number  5 , min , max temp  63.33062262303906 2539.6053803947843 , flux balance  2.346066749820415
Iteration number  6 , min , max temp  63.61971270344771 2545.9590397435277 , flux balance  2.0581017609538304
Iteration number  7 , min , max temp  61.25955501911649 2552.105503459491 , flux balance  1.774543088735574
Iterations exceeded it_max ! sorry 
Big iteration is  61.25955501911649 0
Iteration number  0 , min , max temp  58.897037804696666 2557.9524396084807 , flux balance  1.4996456341650617
Iteration number  1 , min , max temp  56.5589867471132 2563.417665932318 , flux balance  1.2373896226079057
Iteration number  2 , min , max temp  47.90037784261841 2568.219790921558 , flux balance  1.0013296954888617
Iteration number  3 , min , max temp  51.78227286900994 2573.5732865277796 , flux balance  0.7296354632771578
Iteration number  4 , min , max temp  50.82501537685602 2575.341981801849 , flux balance  0.6359057220490638
Iteration number  5 , min , max temp  48.61644092301328 2579.3367993085 , flux balance  0.42743002968181243
Iteration number  6 , min , max temp  45.588067442972346 2583.3441776556383 , flux balance  0.21035698378725526
Iteration number  7 , min , max temp  12.180210579877574 2586.515480858858 , flux balance  0.019581829101264662
Iterations exceeded it_max ! sorry 
Big iteration is  12.180210579877574 1
Iteration number  0 , min , max temp  41.49449893273199 2586.5158431791165 , flux balance  0.01945177124561858
Iteration number  1 , min , max temp  34.97208560022529 2586.537377843836 , flux balance  0.0011315854017013914
Iteration number  2 , min , max temp  40.97330283581674 2586.537382312022 , flux balance  0.0010587712940192074
Iteration number  3 , min , max temp  10.1 2586.537393159084 , flux balance  0.000612762421655037
Iteration number  4 , min , max temp  18.12775289508905 2586.537393310984 , flux balance  0.0006133846089343765
Iteration number  5 , min , max temp  38.771532645527536 2586.537394089084 , flux balance  0.0005764411942349333
Iteration number  6 , min , max temp  40.72607996737119 2586.5373943277746 , flux balance  0.0005733811819873083
Iteration number  7 , min , max temp  23.61317422139812 2586.5374037101496 , flux balance  0.0004720711555691258
Iterations exceeded it_max ! sorry 
Profile converged before itmx
[ 0 72 73 73 83 89]
Iteration number  0 , min , max temp  17.679927814596187 2570.8096573276375 , flux balance  1.9955440971585439
Iteration number  1 , min , max temp  10.1 2571.637166541562 , flux balance  1.8991257551109981
Iteration number  2 , min , max temp  10.1 2572.627970386225 , flux balance  1.7835005746914196
Iteration number 
Iteration number  6 , min , max temp  67.03678047564085 2190.8539978093913 , flux balance  5.921995695078049
Iteration number  7 , min , max temp  68.17474822689809 2200.672419696924 , flux balance  5.68580946132457
Iterations exceeded it_max ! sorry 
Big iteration is  68.17474822689809 3
Iteration number  0 , min , max temp  67.38885470183557 2210.5897258504788 , flux balance  5.439696389455418
Iteration number  1 , min , max temp  65.98787225323812 2220.5444591481987 , flux balance  5.184771907738925
Iteration number  2 , min , max temp  64.34680582599685 2230.506173327587 , flux balance  4.921516311519891
Iteration number  3 , min , max temp  62.358608938537714 2240.454504749298 , flux balance  4.650222617272116
Iteration number  4 , min , max temp  59.81714010618209 2250.3573180768976 , flux balance  4.371227998506156
Iteration number  5 , min , max temp  56.22380370555241 2260.1929233247865 , flux balance  4.085026754725816
Iteration number  6 , min , max temp  49.70896722481983 2269.931290788494 , flux balance  3.7925551751699427
Iteration number  7 , min , max temp  10.1 2278.9008865104493 , flux balance  3.5143302083605907
Iterations exceeded it_max ! sorry 
Big iteration is  10.1 4
Not converged
Grow Phase : Upper Zone
[ 0 72 73 73 85 89]
Iteration number  0 , min , max temp  52.746543717434776 2279.313695460296 , flux balance  7.159523788999614
Iteration number  1 , min , max temp  56.25968241125842 2284.6237924712136 , flux balance  7.047552869715921
Iteration number  2 , min , max temp  59.527203058972304 2292.846402979761 , flux balance  6.8736952947414025
Iteration number  3 , min , max temp  59.46737598296693 2301.865277838191 , flux balance  6.677972019116533
Iteration number  4 , min , max temp  59.44345141216881 2311.3140142445445 , flux balance  6.468613247561803
Iteration number  5 , min , max temp  59.46684961763174 2321.0984188394714 , flux balance  6.247117883964776
Iteration number  6 , min , max temp  52.28556419844654 2331.1915833164794 , flux balance  6.014254177381843
Iteration number  7 , min , max temp  59.331604424565995 2341.449448317897 , flux balance  5.771046129876887
Iterations exceeded it_max ! sorry 
Big iteration is  59.331604424565995 0
Iteration number  0 , min , max temp  37.45287579748538 2352.081902976497 , flux balance  5.516757091064667
Iteration number  1 , min , max temp  52.44611763697442 2362.7494139140194 , flux balance  5.25130826740626
Iteration number  2 , min , max temp  60.387764291263665 2373.542908948985 , flux balance  4.975902989098954
Iteration number  3 , min , max temp  50.07190398764125 2384.5800314565636 , flux balance  4.687080119847092
Iteration number  4 , min , max temp  57.648125211036884 2395.563877309433 , flux balance  4.390533546000022
Iteration number  5 , min , max temp  61.42260842318633 2405.9629544385866 , flux balance  4.169479495838029
Iteration number  6 , min , max temp  62.11803215932226 2417.1590173990703 , flux balance  3.846347899484418
Iteration number  7 , min , max temp  62.90661353614746 2428.367773366275 , flux balance  3.5143331422440824
Iterations exceeded it_max ! sorry 
Big iteration is  62.90661353614746 1
Iteration number  0 , min , max temp  62.33195273303981 2439.5483371958876 , flux balance  3.174328016331906
Iteration number  1 , min , max temp  60.38175277013621 2450.6544116233836 , flux balance  2.827445900226454
Iteration number  2 , min , max temp  58.323451696991214 2461.6283184355657 , flux balance  2.475241127185629
Iteration number  3 , min , max temp  56.15074864586751 2472.4013739881707 , flux balance  2.1196837628568432
Iteration number  4 , min , max temp  53.85786426286545 2482.8878598402357 , flux balance  1.7633629788611507
Iteration number  5 , min , max temp  51.03232214455931 2492.977869811992 , flux balance  1.4097130940034264
Iteration number  6 , min , max temp  47.76422310340215 2502.526257718701 , flux balance  1.0633442541169293
Iteration number  7 , min , max temp  44.20562430687931 2511.322369222171 , flux balance  0.7305492185697138
Iterations exceeded it_max ! sorry 
Big iteration is  44.20562430687931 2
Iteration number  0 , min , max temp  40.30180884597837 2519.0600684249816 , flux balance  0.42019519529712984
Iteration number  1 , min , max temp  35.98598290986427 2525.31257546537 , flux balance  0.14590484433934936
Iteration number  2 , min , max temp  32.656265239964746 2527.4981893384725 , flux balance  0.017391160005317794
Iteration number  3 , min , max temp  32.2696261372184 2527.498545821979 , flux balance  0.016125356031464082
Iteration number  4 , min , max temp  32.225789810340444 2527.498548558118 , flux balance  0.016117546285355007
Iteration number  5 , min , max temp  32.305310747019796 2527.498561409611 , flux balance  0.01609700402478011
Iteration number  6 , min , max temp  32.09463103563482 2527.4986100646697 , flux balance  0.01603450487629725
Iteration number  7 , min , max temp  32.44957363298698 2527.49900127598 , flux balance  0.015275802477637926
Iterations exceeded it_max ! sorry 
Big iteration is  32.44957363298698 3
Iteration number  0 , min , max temp  32.08155714546073 2527.4992769244573 , flux balance  0.014186277766901808
Iteration number  1 , min , max temp  31.902679206445352 2527.4993003658356 , flux balance  0.014181282443277201
Iteration number  2 , min , max temp  32.191345052606025 2527.4994953197506 , flux balance  0.013734364693282243
Iteration number  3 , min , max temp  31.726613446121327 2527.4997218602707 , flux balance  0.013100112700363844
Iteration number  4 , min , max temp  32.41563402892597 2527.500274221383 , flux balance  0.01290077794007747
Iteration number  5 , min , max temp  32.14697176986889 2527.500423077041 , flux balance  0.01188777708828598
Iteration number  6 , min , max temp  31.82137649930085 2527.5005571662823 , flux balance  0.011060279118819473
Iteration number  7 , min , max temp  31.60049498837304 2527.5005940039478 , flux balance  0.010903868811375818
Iterations exceeded it_max ! sorry 
Profile converged before itmx
[ 0 72 73 73 84 89]
Iteration number  0 , min , max temp  39.760513371590626 2517.7624046381625 , flux balance  3.105889337092466
Iteration number  1 , min , max temp  47.012177116721126 2522.6421873320883 , flux balance  2.9175986905060887
Iteration number  2 , min , max temp  52.76999508533965 2528.2771739952364 , flux balance  2.6977434537070297
Iteration number  3 , min , max temp  54.01485653260494 2529.8131834129426 , flux balance  2.6349748036729603
Iteration number  4 , min , max temp  58.80367026010926 2535.9394355511026 , flux balance  2.39221557517114
Iteration number  5 , min , max temp  60.41907235855128 2542.137764412082 , flux balance  2.1429475988979125
Iteration number  6 , min , max temp  52.83975647329815 2548.179205157598 , flux balance  1.8960066112373284
Iteration number  7 , min , max temp  36.743299429139874 2551.755439097155 , flux balance  1.7454393323618913
Iterations exceeded it_max ! sorry 
Big iteration is  36.743299429139874 0
Iteration number  0 , min , max temp  16.85964957778158 2552.9752816702844 , flux balance  1.6928724870359908
Iteration number  1 , min , max temp  38.47498586044003 2555.624133927841 , flux balance  1.5794118023992387
Iteration number  2 , min , max temp  55.17054010511194 2557.8709644586597 , flux balance  1.4822321325937302
Iteration number  3 , min , max temp  38.050445403785105 2558.963499137618 , flux balance  1.4343331991540342
Iteration number  4 , min , max temp  54.13495741416205 2561.4501730344446 , flux balance  1.3260755288956556
Iteration number  5 , min , max temp  56.42014029766443 2561.4992498880683 , flux balance  1.3238570812400965
Iteration number  6 , min , max temp  53.65273998635767 2561.772052548463 , flux balance  1.3117529433994337
Iteration number  7 , min , max temp  51.19173524552014 2562.6966692165474 , flux balance  1.2703885073099288
Iterations exceeded it_max ! sorry 
Big iteration is  51.19173524552014 1
Iteration number  0 , min , max temp  34.83067035994462 2564.6532629105473 , flux balance  1.1841057048143921
Iteration number  1 , min , max temp  14.917452264470722 2565.2766818162017 , flux balance  1.1561826518709282
Iteration number  2 , min , max temp  10.1 2565.392320941548 , flux balance  1.1509748998671652
Iteration number  3 , min , max temp  10.1 2565.4895436514344 , flux balance  1.1465955798735439
Iteration number  4 , min , max temp  10.1 2565.656480001834 , flux balance  1.1390969631796903
Iteration number  5 , min , max temp  10.1 2565.7162854710887 , flux balance  1.1363990573625886
Iteration number  6 , min , max temp  10.1 2565.77747841917 , flux balance  1.1336380944255318
Iteration number  7 , min , max temp  10.1 2565.8398233462062 , flux balance  1.1308246601827223
Iterations exceeded it_max ! sorry 
Profile converged before itmx
[ 0 72 73 73 83 89]
Iteration number  0 , min , max temp  10.1 2554.377102604273 , flux balance  3.0600177910580926
Iteration number  1 , min , max temp  10.1 2554.3987647947506 , flux balance  3.057905510279895
Iteration number  2 , min , max temp  10.1 2554.4198537707953 , flux balance  3.055854603423742
Iteration number  3 , min , max temp  10.1 2554.4402671533353 , flux balance  3.0538757710640785
Iteration number  4 , min , max temp  10.1 2554.4598947475256 , flux balance  3.0519805454898896
Iteration number  5 , min , max temp  10.1 2554.478617459623 , flux balance  3.050181406973732
Iteration number  6 , min , max temp  10.1 2554.496306039224 , flux balance  3.048491919583259
Iteration number  7 , min , max temp  10.1 2554.5128194433587 , flux balance  3.0469269071224865
Iterations exceeded it_max ! sorry 
Big iteration is  10.1 0
Iteration number  0 , min , max temp  10.1 2554.528002844005 , flux balance  3.045502668243308
Iteration number  1 , min , max temp  10.1 2554.5416850394004 , flux balance  3.0442372554594583
Iteration number  2 , min , max temp  10.1 2554.5536751564778 , flux balance  3.0431508314104256
Iteration number  3 , min , max temp  10.1 2554.5637583139614 , flux balance  3.042266136811875
Iteration number  4 , min , max temp  10.1 2554.571689911668 , flux balance  3.041609108142619
Iteration number  5 , min , max temp  10.1 2554.577187806693 , flux balance  3.041209722719099
Iteration number  6 , min , max temp  10.1 2554.579921681954 , flux balance  3.0411031493353806
Iteration number  7 , min , max temp  33.77750715481369 2554.580345271331 , flux balance  3.0366000875969785
Iterations exceeded it_max ! sorry 
Profile converged before itmx
final [ 0 72 73 73 83 89]
Iteration number  0 , min , max temp  34.82427745815798 2555.7657652323696 , flux balance  3.024784359546788
Iteration number  1 , min , max temp  36.03974249034863 2557.1568907467213 , flux balance  2.8754947915247278
Iteration number  2 , min , max temp  37.1431672047807 2558.4324110229636 , flux balance  2.7383128824312375
Iteration number  3 , min , max temp  38.15904594178761 2559.6154585008626 , flux balance  2.6103792027612296
Iteration number  4 , min , max temp  23.51650608088798 2560.4680859796167 , flux balance  2.517908828296899
Iteration number  5 , min , max temp  10.1 2560.6855202720217 , flux balance  2.494387277673319
Iteration number  6 , min , max temp  10.1 2560.709910456854 , flux balance  2.4917439110786788
In t_start: Converged Solution in iterations  6
Big iteration is  10.1 0
Iteration number  0 , min , max temp  10.1 2560.734261678745 , flux balance  2.4891046351349364
In t_start: Converged Solution in iterations  0
Profile converged before itmx
YAY ! ENDING WITH CONVERGENCE
 3 , min , max temp  12.970270255062017 2573.7721562034194 , flux balance  1.6494883760157346
Iteration number  4 , min , max temp  34.04574213095605 2575.057384551475 , flux balance  1.4975264739213239
Iteration number  5 , min , max temp  37.21986588562388 2576.483085384029 , flux balance  1.3294914798689978
Iteration number  6 , min , max temp  44.921169733878074 2577.9025449326678 , flux balance  1.1675941511342942
Iteration number  7 , min , max temp  35.17838059851496 2578.6005150732813 , flux balance  1.0986894861124554
Iterations exceeded it_max ! sorry 
Big iteration is  35.17838059851496 0
Iteration number  0 , min , max temp  46.87600576699326 2579.752724161101 , flux balance  0.9779699920717044
Iteration number  1 , min , max temp  39.578428756467005 2581.1789616007504 , flux balance  0.805255154173594
Iteration number  2 , min , max temp  35.92558589055846 2583.2880986045484 , flux balance  0.5405731461111709
Iteration number  3 , min , max temp  36.19832047183501 2585.354494428235 , flux balance  0.28292579226843684
Iteration number  4 , min , max temp  36.11729047517951 2587.2019546001793 , flux balance  0.02664208329986902
Iteration number  5 , min , max temp  36.635177238290105 2587.2059162828946 , flux balance  0.0011202664087520166
Iteration number  6 , min , max temp  36.68122267808296 2587.2059309628203 , flux balance  3.53971135391289e-05
In t_start: Converged Solution in iterations  6
Big iteration is  36.68122267808296 1
 We are already at a root, tolf , test =  5e-05 ,  3.82148184107847e-05
Profile converged before itmx
[ 0 72 73 73 82 89]
Iteration number  0 , min , max temp  34.945585007587766 2584.2381675811557 , flux balance  1.365509780060491
Iteration number  1 , min , max temp  33.799742347839434 2584.34399378444 , flux balance  1.2919244819701319
Iteration number  2 , min , max temp  33.004464499337146 2584.377168627407 , flux balance  1.2691673094946403
Iteration number  3 , min , max temp  29.61500261796377 2584.593636838719 , flux balance  1.120136808234909
Iteration number  4 , min , max temp  25.708452732969185 2584.7909461989457 , flux balance  0.9827703922262134
Iteration number  5 , min , max temp  23.500364791316382 2584.889010795852 , flux balance  0.9137120090628288
Iteration number  6 , min , max temp  19.70076518482073 2584.908187060119 , flux balance  0.9018865895244349
Iteration number  7 , min , max temp  10.1 2585.066227692779 , flux balance  0.7892577553655975
Iterations exceeded it_max ! sorry 
Big iteration is  10.1 0
Iteration number  0 , min , max temp  10.1 2585.072616164439 , flux balance  0.7845727123743087
Iteration number  1 , min , max temp  10.1 2585.079241830039 , flux balance  0.7797121131543248
Iteration number  2 , min , max temp  10.1 2585.086077011139 , flux balance  0.7746958569743099
Iteration number  3 , min , max temp  10.1 2585.093079644315 , flux balance  0.7695541617479923
Iteration number  4 , min , max temp  10.1 2585.1001859791204 , flux balance  0.7643325979117199
Iteration number  5 , min , max temp  10.1 2585.106674461314 , flux balance  0.7595599388415679
Iteration number  6 , min , max temp  10.1 2585.112425467919 , flux balance  0.7553283516362423
Iteration number  7 , min , max temp  10.1 2585.118361634014 , flux balance  0.7509601574490348
Iterations exceeded it_max ! sorry 
Profile converged before itmx
final [ 0 72 73 73 82 89]
Iteration number  0 , min , max temp  10.148612699434949 2585.1321283236634 , flux balance  1.4780612838100713
Iteration number  1 , min , max temp  21.585310396068692 2585.138025445298 , flux balance  1.4678756248706044
Iteration number  2 , min , max temp  10.1 2585.138698015635 , flux balance  1.453598617462513
Iteration number  3 , min , max temp  32.64973278812675 2585.142232670468 , flux balance  1.447802768156961
Iteration number  4 , min , max temp  45.45500208978834 2585.177059491001 , flux balance  1.4066850260588692
Iteration number  5 , min , max temp  56.177276907512564 2585.2173272302643 , flux balance  1.356485898591295
Iteration number  6 , min , max temp  60.73023447346922 2585.261515191837 , flux balance  1.3016760355407788
Iteration number  7 , min , max temp  59.99105900218637 2585.309555146641 , flux balance  1.2422809640088848
Iteration number  8 , min , max temp  59.40398725029502 2585.3620422843724 , flux balance  1.1773587842983575
Iteration number  9 , min , max temp  58.78475452859238 2585.4233232588153 , flux balance  1.1014997637747814
Iterations exceeded it_max ! sorry 
Big iteration is  58.78475452859238 0
Iteration number  0 , min , max temp  57.626034376605205 2585.5024943229378 , flux balance  1.0036092696022862
Iteration number  1 , min , max temp  55.73807305281524 2585.610660346766 , flux balance  0.8699582746997656
Iteration number  2 , min , max temp  53.65249341379692 2585.7541065819114 , flux balance  0.6916060895327707
Iteration number  3 , min , max temp  51.974314216957346 2585.927287746901 , flux balance  0.4729968939716977
Iteration number  4 , min , max temp  50.891828227216365 2586.115072912884 , flux balance  0.22906545603933778
Iteration number  5 , min , max temp  50.53062536873148 2586.2664140655397 , flux balance  0.015362840184379757
Iteration number  6 , min , max temp  50.64157324826866 2586.2663544499287 , flux balance  0.00046573072342736063
In t_start: Converged Solution in iterations  6
Big iteration is  50.64157324826866 1
Iteration number  0 , min , max temp  50.63263782547145 2586.2663454499875 , flux balance  1.6649017467223895e-05
In t_start: Converged Solution in iterations  0
Profile converged before itmx
YAY ! ENDING WITH CONVERGENCE
/mmfs1/gscratch/stf/elizap/MiniNeptuneGrid26_PostBac/Installation&Setup_Instructions/picasofiles/reference
/mmfs1/gscratch/stf/elizap/MiniNeptuneGrid26_PostBac/Installation&Setup_Instructions/picasofiles/grp/redcat/trds
(array([1.6]), array([3]), array([100]), array([ 9, 10]), array([0.01, 1.  ]))
This is the gridshape used: (1, 1, 1, 2, 2)
Initializing HDF5 output...
