2026-03-05 16:14:30,797 INFO: starting climate model for inputs: [  2.       2.75   100.      10.       0.7525]
2026-03-05 16:14:30,797 INFO: starting climate model for inputs: [2.00e+00 2.75e+00 2.00e+02 1.00e+01 1.00e-02]
2026-03-05 16:14:30,797 INFO: starting climate model for inputs: [2.00e+00 2.75e+00 3.50e+02 1.00e+01 1.00e-02]
2026-03-05 16:14:30,797 INFO: starting climate model for inputs: [  2.       3.125  200.       3.       0.2575]
2026-03-05 16:14:30,797 INFO: starting climate model for inputs: [  2.       3.125  200.       6.       0.7525]
2026-03-05 16:14:30,798 INFO: starting climate model for inputs: [2.000e+00 3.125e+00 4.000e+02 8.000e+00 2.575e-01]
2026-03-05 16:14:30,797 INFO: starting climate model for inputs: [  2.      3.125 200.      6.      1.   ]
2026-03-05 16:14:30,798 INFO: starting climate model for inputs: [  2.      3.125 400.      8.      1.   ]
2026-03-05 16:14:30,797 INFO: starting climate model for inputs: [  2.      3.125 200.      8.      0.505]
2026-03-05 16:14:30,798 INFO: starting climate model for inputs: [2.000e+00 3.125e+00 4.000e+02 1.000e+01 1.000e-02]
2026-03-05 16:14:30,797 INFO: starting climate model for inputs: [  2.      3.125 200.     10.      1.   ]
2026-03-05 16:14:30,798 INFO: starting climate model for inputs: [2.000e+00 3.125e+00 4.000e+02 1.000e+01 2.575e-01]
2026-03-05 16:14:30,797 INFO: starting climate model for inputs: [  2.       3.125  250.       3.       0.7525]
2026-03-05 16:14:30,798 INFO: starting climate model for inputs: [  2.      3.125 400.     10.      0.505]
2026-03-05 16:14:30,798 INFO: starting climate model for inputs: [  2.      3.125 250.      3.      1.   ]
2026-03-05 16:14:30,798 INFO: starting climate model for inputs: [  2.       3.125  400.      10.       0.7525]
2026-03-05 16:14:30,797 INFO: starting climate model for inputs: [  2.      3.125 250.      4.      0.505]
2026-03-05 16:14:30,799 INFO: starting climate model for inputs: [  2.      3.125 400.     10.      1.   ]
2026-03-05 16:14:30,797 INFO: starting climate model for inputs: [  2.       3.125  250.       4.       0.7525]
2026-03-05 16:14:30,798 INFO: starting climate model for inputs: [ 2.      3.5    50.      0.7     0.2575]
2026-03-05 16:14:30,797 INFO: starting climate model for inputs: [  2.      3.125 250.      4.      1.   ]
2026-03-05 16:14:30,798 INFO: starting climate model for inputs: [ 2.     3.5   50.     0.7    0.505]
2026-03-05 16:14:30,797 INFO: starting climate model for inputs: [  2.      3.125 250.      5.      0.505]
2026-03-05 16:14:30,798 INFO: starting climate model for inputs: [ 2.      3.5    50.      1.      0.2575]
2026-03-05 16:14:30,797 INFO: starting climate model for inputs: [  2.       3.125  250.       5.       0.7525]
2026-03-05 16:14:30,798 INFO: starting climate model for inputs: [ 2.     3.5   50.     1.     0.505]
2026-03-05 16:14:30,797 INFO: starting climate model for inputs: [  2.      3.125 250.      6.      0.505]
2026-03-05 16:14:30,798 INFO: starting climate model for inputs: [ 2.      3.5    50.      1.      0.7525]
2026-03-05 16:14:30,797 INFO: starting climate model for inputs: [  2.       3.125  250.       6.       0.7525]
2026-03-05 16:14:30,798 INFO: starting climate model for inputs: [ 2.   3.5 50.   1.   1. ]
2026-03-05 16:14:30,798 INFO: starting climate model for inputs: [  2.      3.125 250.     10.      0.505]
2026-03-05 16:14:30,798 INFO: starting climate model for inputs: [ 2.      3.5    50.      1.5     0.7525]
2026-03-05 16:14:30,797 INFO: starting climate model for inputs: [  2.       3.125  250.      10.       0.7525]
2026-03-05 16:14:30,798 INFO: starting climate model for inputs: [ 2.   3.5 50.   1.5  1. ]
2026-03-05 16:14:30,797 INFO: starting climate model for inputs: [2.000e+00 3.125e+00 3.000e+02 7.000e-01 1.000e-02]
2026-03-05 16:14:30,798 INFO: starting climate model for inputs: [ 2.      3.5    50.      2.      0.7525]
2026-03-05 16:14:30,797 INFO: starting climate model for inputs: [2.000e+00 3.125e+00 3.000e+02 7.000e-01 2.575e-01]
2026-03-05 16:14:30,798 INFO: starting climate model for inputs: [ 2.   3.5 50.   2.   1. ]
2026-03-05 16:14:30,797 INFO: starting climate model for inputs: [2.000e+00 3.125e+00 3.000e+02 4.000e+00 1.000e-02]
2026-03-05 16:14:30,798 INFO: starting climate model for inputs: [2.0e+00 3.5e+00 5.0e+01 3.0e+00 1.0e-02]
2026-03-05 16:14:30,797 INFO: starting climate model for inputs: [2.000e+00 3.125e+00 3.500e+02 7.000e-01 1.000e-02]
2026-03-05 16:14:30,798 INFO: starting climate model for inputs: [ 2.     3.5   50.     3.     0.505]
2026-03-05 16:14:30,797 INFO: starting climate model for inputs: [2.000e+00 3.125e+00 3.500e+02 7.000e-01 2.575e-01]
2026-03-05 16:14:30,799 INFO: starting climate model for inputs: [ 2.      3.5    50.      3.      0.7525]
2026-03-05 16:14:30,797 INFO: starting climate model for inputs: [2.000e+00 3.125e+00 3.500e+02 1.000e+00 1.000e-02]
2026-03-05 16:14:30,798 INFO: starting climate model for inputs: [ 2.   3.5 50.   3.   1. ]
2026-03-05 16:14:30,797 INFO: starting climate model for inputs: [2.000e+00 3.125e+00 3.500e+02 1.500e+00 1.000e-02]
2026-03-05 16:14:30,798 INFO: starting climate model for inputs: [2.0e+00 3.5e+00 5.0e+01 4.0e+00 1.0e-02]
2026-03-05 16:14:30,797 INFO: starting climate model for inputs: [2.000e+00 3.125e+00 3.500e+02 4.000e+00 1.000e-02]
2026-03-05 16:14:30,798 INFO: starting climate model for inputs: [ 2.      3.5    50.      4.      0.2575]
2026-03-05 16:14:30,797 INFO: starting climate model for inputs: [2.000e+00 3.125e+00 3.500e+02 5.000e+00 2.575e-01]
2026-03-05 16:14:30,798 INFO: starting climate model for inputs: [ 2.     3.5   50.     4.     0.505]
2026-03-05 16:14:30,797 INFO: starting climate model for inputs: [2.000e+00 3.125e+00 4.000e+02 7.000e-01 1.000e-02]
2026-03-05 16:14:30,799 INFO: starting climate model for inputs: [ 2.      3.5    50.      4.      0.7525]
2026-03-05 16:14:30,798 INFO: starting climate model for inputs: [2.000e+00 3.125e+00 4.000e+02 1.000e+00 1.000e-02]
2026-03-05 16:14:30,798 INFO: starting climate model for inputs: [ 2.   3.5 50.   4.   1. ]
2026-03-05 16:14:30,798 INFO: starting climate model for inputs: [2.000e+00 3.125e+00 4.000e+02 1.500e+00 1.000e-02]
2026-03-05 16:14:30,798 INFO: starting climate model for inputs: [2.0e+00 3.5e+00 5.0e+01 5.0e+00 1.0e-02]
2026-03-05 16:14:30,797 INFO: starting climate model for inputs: [2.000e+00 3.125e+00 4.000e+02 5.000e+00 2.575e-01]
2026-03-05 16:14:30,798 INFO: starting climate model for inputs: [ 2.      3.5    50.      5.      0.2575]
2026-03-05 16:14:30,798 INFO: starting climate model for inputs: [2.000e+00 3.125e+00 4.000e+02 6.000e+00 2.575e-01]
2026-03-05 16:14:30,798 INFO: starting climate model for inputs: [ 2.     3.5   50.     5.     0.505]
2026-03-05 16:14:30,798 INFO: starting climate model for inputs: [2.000e+00 3.125e+00 4.000e+02 8.000e+00 1.000e-02]
2026-03-05 16:14:30,798 INFO: starting climate model for inputs: [ 2.      3.5    50.      5.      0.7525]
2026-03-05 16:14:30,798 INFO: starting climate model for inputs: [  2.      3.125 200.      6.      0.505]
2026-03-05 16:14:30,798 INFO: starting climate model for inputs: [ 2.   3.5 50.   5.   1. ]
2026-03-05 16:14:30,798 INFO: starting climate model for inputs: [2.000e+00 3.125e+00 4.000e+02 6.000e+00 1.000e-02]
2026-03-05 16:14:30,798 INFO: starting climate model for inputs: [2.0e+00 3.5e+00 5.0e+01 6.0e+00 1.0e-02]
2026-03-05 16:14:30,798 INFO: starting climate model for inputs: [  2.       3.125  250.       8.       0.7525]
2026-03-05 16:14:30,798 INFO: starting climate model for inputs: [ 2.      3.5    50.      6.      0.2575]
2026-03-05 16:14:30,800 INFO: starting climate model for inputs: [  2.      3.125 250.      8.      1.   ]
2026-03-05 16:14:30,798 INFO: starting climate model for inputs: [ 2.      3.5    50.      6.      0.7525]
2026-03-05 16:14:30,800 INFO: starting climate model for inputs: [  2.      3.125 250.      8.      0.505]
2026-03-05 16:14:30,798 INFO: starting climate model for inputs: [ 2.   3.5 50.   6.   1. ]
2026-03-05 16:14:30,798 INFO: starting climate model for inputs: [2.0e+00 3.5e+00 5.0e+01 8.0e+00 1.0e-02]
2026-03-05 16:14:30,798 INFO: starting climate model for inputs: [ 2.      3.5    50.      8.      0.2575]
2026-03-05 16:14:30,798 INFO: starting climate model for inputs: [ 2.     3.5   50.     8.     0.505]
2026-03-05 16:14:30,798 INFO: starting climate model for inputs: [ 2.      3.5    50.      8.      0.7525]
2026-03-05 16:14:30,798 INFO: starting climate model for inputs: [ 2.   3.5 50.   8.   1. ]
