[1] 2026-03-23 09:00:30,477 INFO [rank=1 host=n3241]: starting climate model for inputs: [2.00e+00 2.75e+00 2.00e+02 1.00e+01 1.00e-02]
[2] 2026-03-23 09:00:30,476 INFO [rank=2 host=n3241]: starting climate model for inputs: [2.00e+00 2.75e+00 3.50e+02 1.00e+01 1.00e-02]
[4] 2026-03-23 09:00:30,476 INFO [rank=4 host=n3241]: starting climate model for inputs: [  2.      3.125 200.      6.      0.505]
[9] 2026-03-23 09:00:30,476 INFO [rank=9 host=n3241]: starting climate model for inputs: [  2.       3.125  250.       3.       0.7525]
[40] 2026-03-23 09:00:30,477 INFO [rank=40 host=n3242]: starting climate model for inputs: [  2.    3.5 250.    3.    1. ]
[11] 2026-03-23 09:00:30,477 INFO [rank=11 host=n3241]: starting climate model for inputs: [  2.      3.125 250.      4.      0.505]
[41] 2026-03-23 09:00:30,477 INFO [rank=41 host=n3242]: starting climate model for inputs: [  2.       3.5    250.       6.       0.7525]
[15] 2026-03-23 09:00:30,476 INFO [rank=15 host=n3241]: starting climate model for inputs: [  2.       3.125  250.       5.       0.7525]
[42] 2026-03-23 09:00:30,477 INFO [rank=42 host=n3242]: starting climate model for inputs: [  2.       3.5    250.      10.       0.7525]
[16] 2026-03-23 09:00:30,476 INFO [rank=16 host=n3241]: starting climate model for inputs: [  2.      3.125 250.      6.      0.505]
[43] 2026-03-23 09:00:30,477 INFO [rank=43 host=n3242]: starting climate model for inputs: [2.0e+00 3.5e+00 3.0e+02 1.5e+00 1.0e-02]
[44] 2026-03-23 09:00:30,478 INFO [rank=44 host=n3242]: starting climate model for inputs: [  2.      3.5   300.      3.      0.505]
[17] 2026-03-23 09:00:30,477 INFO [rank=17 host=n3241]: starting climate model for inputs: [  2.       3.125  250.       6.       0.7525]
[18] 2026-03-23 09:00:30,477 INFO [rank=18 host=n3241]: starting climate model for inputs: [  2.      3.125 250.      8.      0.505]
[19] 2026-03-23 09:00:30,477 INFO [rank=19 host=n3241]: starting climate model for inputs: [  2.       3.125  250.       8.       0.7525]
[20] 2026-03-23 09:00:30,477 INFO [rank=20 host=n3241]: starting climate model for inputs: [  2.      3.125 250.      8.      1.   ]
[21] 2026-03-23 09:00:30,477 INFO [rank=21 host=n3241]: starting climate model for inputs: [  2.      3.125 250.     10.      0.505]
[22] 2026-03-23 09:00:30,477 INFO [rank=22 host=n3241]: starting climate model for inputs: [  2.       3.125  250.      10.       0.7525]
[26] 2026-03-23 09:00:30,477 INFO [rank=26 host=n3241]: starting climate model for inputs: [2.000e+00 3.125e+00 3.500e+02 7.000e-01 1.000e-02]
[27] 2026-03-23 09:00:30,477 INFO [rank=27 host=n3241]: starting climate model for inputs: [2.000e+00 3.125e+00 3.500e+02 7.000e-01 2.575e-01]
[31] 2026-03-23 09:00:30,477 INFO [rank=31 host=n3241]: starting climate model for inputs: [2.000e+00 3.125e+00 3.500e+02 5.000e+00 2.575e-01]
[12] 2026-03-23 09:00:30,477 INFO [rank=12 host=n3241]: starting climate model for inputs: [  2.       3.125  250.       4.       0.7525]
[25] 2026-03-23 09:00:30,477 INFO [rank=25 host=n3241]: starting climate model for inputs: [2.000e+00 3.125e+00 3.000e+02 4.000e+00 1.000e-02]
[28] 2026-03-23 09:00:30,477 INFO [rank=28 host=n3241]: starting climate model for inputs: [2.000e+00 3.125e+00 3.500e+02 1.000e+00 1.000e-02]
[37] 2026-03-23 09:00:30,477 INFO [rank=37 host=n3241]: starting climate model for inputs: [  2.    3.5 100.    5.    1. ]
[13] 2026-03-23 09:00:30,477 INFO [rank=13 host=n3241]: starting climate model for inputs: [  2.      3.125 250.      4.      1.   ]
[32] 2026-03-23 09:00:30,477 INFO [rank=32 host=n3241]: starting climate model for inputs: [2.000e+00 3.125e+00 4.000e+02 7.000e-01 1.000e-02]
[33] 2026-03-23 09:00:30,477 INFO [rank=33 host=n3241]: starting climate model for inputs: [2.000e+00 3.125e+00 4.000e+02 1.000e+00 1.000e-02]
[34] 2026-03-23 09:00:30,477 INFO [rank=34 host=n3241]: starting climate model for inputs: [2.000e+00 3.125e+00 4.000e+02 1.500e+00 1.000e-02]
[23] 2026-03-23 09:00:30,477 INFO [rank=23 host=n3241]: starting climate model for inputs: [2.000e+00 3.125e+00 3.000e+02 7.000e-01 1.000e-02]
[6] 2026-03-23 09:00:30,477 INFO [rank=6 host=n3241]: starting climate model for inputs: [  2.      3.125 200.      6.      1.   ]
[30] 2026-03-23 09:00:30,477 INFO [rank=30 host=n3241]: starting climate model for inputs: [2.000e+00 3.125e+00 3.500e+02 4.000e+00 1.000e-02]
[35] 2026-03-23 09:00:30,478 INFO [rank=35 host=n3241]: starting climate model for inputs: [2.000e+00 3.125e+00 4.000e+02 8.000e+00 2.575e-01]
[36] 2026-03-23 09:00:30,478 INFO [rank=36 host=n3241]: starting climate model for inputs: [ 2.   3.5 50.   6.   1. ]
[5] 2026-03-23 09:00:30,478 INFO [rank=5 host=n3241]: starting climate model for inputs: [  2.       3.125  200.       6.       0.7525]
[7] 2026-03-23 09:00:30,478 INFO [rank=7 host=n3241]: starting climate model for inputs: [  2.      3.125 200.      8.      0.505]
[38] 2026-03-23 09:00:30,478 INFO [rank=38 host=n3241]: starting climate model for inputs: [  2.    3.5 200.    5.    1. ]
[24] 2026-03-23 09:00:30,478 INFO [rank=24 host=n3241]: starting climate model for inputs: [2.000e+00 3.125e+00 3.000e+02 7.000e-01 2.575e-01]
[3] 2026-03-23 09:00:30,478 INFO [rank=3 host=n3241]: starting climate model for inputs: [  2.       3.125  200.       3.       0.2575]
[39] 2026-03-23 09:00:30,478 INFO [rank=39 host=n3241]: starting climate model for inputs: [  2.       3.5    200.       8.       0.7525]
[29] 2026-03-23 09:00:30,479 INFO [rank=29 host=n3241]: starting climate model for inputs: [2.000e+00 3.125e+00 3.500e+02 1.500e+00 1.000e-02]
[14] 2026-03-23 09:00:30,479 INFO [rank=14 host=n3241]: starting climate model for inputs: [  2.      3.125 250.      5.      0.505]
[8] 2026-03-23 09:00:30,481 INFO [rank=8 host=n3241]: starting climate model for inputs: [  2.      3.125 200.     10.      1.   ]
[10] 2026-03-23 09:00:30,481 INFO [rank=10 host=n3241]: starting climate model for inputs: [  2.      3.125 250.      3.      1.   ]
[16] 2026-03-23 09:00:30,528 INFO [rank=16 host=n3241]: Loading opacity table (first call in this process)...
[37] 2026-03-23 09:00:30,528 INFO [rank=37 host=n3241]: Loading opacity table (first call in this process)...
[27] 2026-03-23 09:00:30,530 INFO [rank=27 host=n3241]: Loading opacity table (first call in this process)...
[6] 2026-03-23 09:00:30,530 INFO [rank=6 host=n3241]: Loading opacity table (first call in this process)...
[17] 2026-03-23 09:00:30,532 INFO [rank=17 host=n3241]: Loading opacity table (first call in this process)...
[26] 2026-03-23 09:00:30,532 INFO [rank=26 host=n3241]: Loading opacity table (first call in this process)...
[21] 2026-03-23 09:00:30,532 INFO [rank=21 host=n3241]: Loading opacity table (first call in this process)...
[23] 2026-03-23 09:00:30,532 INFO [rank=23 host=n3241]: Loading opacity table (first call in this process)...
[31] 2026-03-23 09:00:30,534 INFO [rank=31 host=n3241]: Loading opacity table (first call in this process)...
[22] 2026-03-23 09:00:30,538 INFO [rank=22 host=n3241]: Loading opacity table (first call in this process)...
[41] 2026-03-23 09:00:30,542 INFO [rank=41 host=n3242]: Loading opacity table (first call in this process)...
[1] 2026-03-23 09:00:30,541 INFO [rank=1 host=n3241]: Loading opacity table (first call in this process)...
[4] 2026-03-23 09:00:30,543 INFO [rank=4 host=n3241]: Loading opacity table (first call in this process)...
[14] 2026-03-23 09:00:30,541 INFO [rank=14 host=n3241]: Loading opacity table (first call in this process)...
[18] 2026-03-23 09:00:30,543 INFO [rank=18 host=n3241]: Loading opacity table (first call in this process)...
[32] 2026-03-23 09:00:30,544 INFO [rank=32 host=n3241]: Loading opacity table (first call in this process)...
[35] 2026-03-23 09:00:30,539 INFO [rank=35 host=n3241]: Loading opacity table (first call in this process)...
[43] 2026-03-23 09:00:30,544 INFO [rank=43 host=n3242]: Loading opacity table (first call in this process)...
[33] 2026-03-23 09:00:30,547 INFO [rank=33 host=n3241]: Loading opacity table (first call in this process)...
[34] 2026-03-23 09:00:30,548 INFO [rank=34 host=n3241]: Loading opacity table (first call in this process)...
[28] 2026-03-23 09:00:30,548 INFO [rank=28 host=n3241]: Loading opacity table (first call in this process)...
[30] 2026-03-23 09:00:30,549 INFO [rank=30 host=n3241]: Loading opacity table (first call in this process)...
[15] 2026-03-23 09:00:30,550 INFO [rank=15 host=n3241]: Loading opacity table (first call in this process)...
[25] 2026-03-23 09:00:30,550 INFO [rank=25 host=n3241]: Loading opacity table (first call in this process)...
[38] 2026-03-23 09:00:30,550 INFO [rank=38 host=n3241]: Loading opacity table (first call in this process)...
[3] 2026-03-23 09:00:30,550 INFO [rank=3 host=n3241]: Loading opacity table (first call in this process)...
[24] 2026-03-23 09:00:30,551 INFO [rank=24 host=n3241]: Loading opacity table (first call in this process)...
[19] 2026-03-23 09:00:30,551 INFO [rank=19 host=n3241]: Loading opacity table (first call in this process)...
[9] 2026-03-23 09:00:30,552 INFO [rank=9 host=n3241]: Loading opacity table (first call in this process)...
[20] 2026-03-23 09:00:30,552 INFO [rank=20 host=n3241]: Loading opacity table (first call in this process)...
[5] 2026-03-23 09:00:30,552 INFO [rank=5 host=n3241]: Loading opacity table (first call in this process)...
[29] 2026-03-23 09:00:30,552 INFO [rank=29 host=n3241]: Loading opacity table (first call in this process)...
[2] 2026-03-23 09:00:30,552 INFO [rank=2 host=n3241]: Loading opacity table (first call in this process)...
[13] 2026-03-23 09:00:30,552 INFO [rank=13 host=n3241]: Loading opacity table (first call in this process)...
[44] 2026-03-23 09:00:30,552 INFO [rank=44 host=n3242]: Loading opacity table (first call in this process)...
[8] 2026-03-23 09:00:30,553 INFO [rank=8 host=n3241]: Loading opacity table (first call in this process)...
[39] 2026-03-23 09:00:30,554 INFO [rank=39 host=n3241]: Loading opacity table (first call in this process)...
[42] 2026-03-23 09:00:30,553 INFO [rank=42 host=n3242]: Loading opacity table (first call in this process)...
[12] 2026-03-23 09:00:30,554 INFO [rank=12 host=n3241]: Loading opacity table (first call in this process)...
[7] 2026-03-23 09:00:30,554 INFO [rank=7 host=n3241]: Loading opacity table (first call in this process)...
[36] 2026-03-23 09:00:30,555 INFO [rank=36 host=n3241]: Loading opacity table (first call in this process)...
[11] 2026-03-23 09:00:30,562 INFO [rank=11 host=n3241]: Loading opacity table (first call in this process)...
[10] 2026-03-23 09:00:30,563 INFO [rank=10 host=n3241]: Loading opacity table (first call in this process)...
[40] 2026-03-23 09:00:30,576 INFO [rank=40 host=n3242]: Loading opacity table (first call in this process)...
[43] 2026-03-23 14:33:38,315 INFO [rank=43 host=n3242]: Loading opacity table (first call in this process)...
[44] 2026-03-23 14:40:54,641 INFO [rank=44 host=n3242]: Loading opacity table (first call in this process)...
[41] 2026-03-23 16:19:54,975 INFO [rank=41 host=n3242]: Loading opacity table (first call in this process)...
[25] 2026-03-23 16:46:21,403 INFO [rank=25 host=n3241]: Loading opacity table (first call in this process)...
[35] 2026-03-23 17:20:38,213 INFO [rank=35 host=n3241]: Loading opacity table (first call in this process)...
[42] 2026-03-23 17:53:42,985 INFO [rank=42 host=n3242]: Loading opacity table (first call in this process)...
[40] An exception was raised in PICASO_PT_Planet: ValueError: Convection zone grew to Top of atmosphere, Need to Stop
[3] 2026-03-23 19:08:53,413 INFO [rank=3 host=n3241]: Loading opacity table (first call in this process)...
[36] 2026-03-23 19:55:36,567 INFO [rank=36 host=n3241]: Loading opacity table (first call in this process)...
[10] 2026-03-23 20:24:37,154 INFO [rank=10 host=n3241]: Loading opacity table (first call in this process)...
[37] 2026-03-23 20:47:44,336 INFO [rank=37 host=n3241]: Loading opacity table (first call in this process)...
[2026-03-23T21:00:30.074] error: *** STEP 34052358.0 ON n3241 CANCELLED AT 2026-03-23T21:00:30 DUE TO TIME LIMIT ***
[2026-03-23T21:00:30.096] error: *** JOB 34052358 ON n3241 CANCELLED AT 2026-03-23T21:00:30 DUE TO TIME LIMIT ***
