[1] 2026-03-19 11:40:32,686 INFO [rank=1 host=n3240]: starting climate model for inputs: [  2.       2.75   100.      10.       0.7525]
[2] 2026-03-19 11:40:32,686 INFO [rank=2 host=n3240]: starting climate model for inputs: [2.00e+00 2.75e+00 2.00e+02 1.00e+01 1.00e-02]
[3] 2026-03-19 11:40:32,686 INFO [rank=3 host=n3240]: starting climate model for inputs: [2.00e+00 2.75e+00 3.50e+02 1.00e+01 1.00e-02]
[4] 2026-03-19 11:40:32,686 INFO [rank=4 host=n3240]: starting climate model for inputs: [  2.       3.125  200.       3.       0.2575]
[40] 2026-03-19 11:40:32,686 INFO [rank=40 host=n3303]: starting climate model for inputs: [2.000e+00 3.125e+00 4.000e+02 8.000e+00 2.575e-01]
[5] 2026-03-19 11:40:32,686 INFO [rank=5 host=n3240]: starting climate model for inputs: [  2.      3.125 200.      6.      0.505]
[41] 2026-03-19 11:40:32,686 INFO [rank=41 host=n3303]: starting climate model for inputs: [  2.      3.125 400.      8.      1.   ]
[6] 2026-03-19 11:40:32,686 INFO [rank=6 host=n3240]: starting climate model for inputs: [  2.       3.125  200.       6.       0.7525]
[42] 2026-03-19 11:40:32,686 INFO [rank=42 host=n3303]: starting climate model for inputs: [2.000e+00 3.125e+00 4.000e+02 1.000e+01 1.000e-02]
[43] 2026-03-19 11:40:32,687 INFO [rank=43 host=n3303]: starting climate model for inputs: [2.000e+00 3.125e+00 4.000e+02 1.000e+01 2.575e-01]
[7] 2026-03-19 11:40:32,686 INFO [rank=7 host=n3240]: starting climate model for inputs: [  2.      3.125 200.      6.      1.   ]
[44] 2026-03-19 11:40:32,686 INFO [rank=44 host=n3303]: starting climate model for inputs: [  2.      3.125 400.     10.      0.505]
[8] 2026-03-19 11:40:32,686 INFO [rank=8 host=n3240]: starting climate model for inputs: [  2.      3.125 200.      8.      0.505]
[45] 2026-03-19 11:40:32,686 INFO [rank=45 host=n3303]: starting climate model for inputs: [  2.       3.125  400.      10.       0.7525]
[9] 2026-03-19 11:40:32,686 INFO [rank=9 host=n3240]: starting climate model for inputs: [  2.      3.125 200.     10.      1.   ]
[46] 2026-03-19 11:40:32,686 INFO [rank=46 host=n3303]: starting climate model for inputs: [  2.      3.125 400.     10.      1.   ]
[10] 2026-03-19 11:40:32,686 INFO [rank=10 host=n3240]: starting climate model for inputs: [  2.       3.125  250.       3.       0.7525]
[47] 2026-03-19 11:40:32,686 INFO [rank=47 host=n3303]: starting climate model for inputs: [ 2.      3.5    50.      0.7     0.2575]
[11] 2026-03-19 11:40:32,686 INFO [rank=11 host=n3240]: starting climate model for inputs: [  2.      3.125 250.      3.      1.   ]
[48] 2026-03-19 11:40:32,686 INFO [rank=48 host=n3303]: starting climate model for inputs: [ 2.     3.5   50.     0.7    0.505]
[12] 2026-03-19 11:40:32,686 INFO [rank=12 host=n3240]: starting climate model for inputs: [  2.      3.125 250.      4.      0.505]
[49] 2026-03-19 11:40:32,686 INFO [rank=49 host=n3303]: starting climate model for inputs: [ 2.     3.5   50.     1.     0.505]
[13] 2026-03-19 11:40:32,686 INFO [rank=13 host=n3240]: starting climate model for inputs: [  2.       3.125  250.       4.       0.7525]
[50] 2026-03-19 11:40:32,687 INFO [rank=50 host=n3303]: starting climate model for inputs: [ 2.      3.5    50.      1.      0.7525]
[14] 2026-03-19 11:40:32,686 INFO [rank=14 host=n3240]: starting climate model for inputs: [  2.      3.125 250.      4.      1.   ]
[51] 2026-03-19 11:40:32,687 INFO [rank=51 host=n3303]: starting climate model for inputs: [ 2.   3.5 50.   1.   1. ]
[15] 2026-03-19 11:40:32,686 INFO [rank=15 host=n3240]: starting climate model for inputs: [  2.      3.125 250.      5.      0.505]
[52] 2026-03-19 11:40:32,687 INFO [rank=52 host=n3303]: starting climate model for inputs: [ 2.      3.5    50.      1.5     0.7525]
[16] 2026-03-19 11:40:32,686 INFO [rank=16 host=n3240]: starting climate model for inputs: [  2.       3.125  250.       5.       0.7525]
[54] 2026-03-19 11:40:32,687 INFO [rank=54 host=n3303]: starting climate model for inputs: [ 2.      3.5    50.      2.      0.7525]
[17] 2026-03-19 11:40:32,686 INFO [rank=17 host=n3240]: starting climate model for inputs: [  2.      3.125 250.      6.      0.505]
[55] 2026-03-19 11:40:32,686 INFO [rank=55 host=n3303]: starting climate model for inputs: [ 2.   3.5 50.   2.   1. ]
[19] 2026-03-19 11:40:32,686 INFO [rank=19 host=n3240]: starting climate model for inputs: [  2.      3.125 250.      8.      0.505]
[56] 2026-03-19 11:40:32,687 INFO [rank=56 host=n3303]: starting climate model for inputs: [2.0e+00 3.5e+00 5.0e+01 3.0e+00 1.0e-02]
[57] 2026-03-19 11:40:32,687 INFO [rank=57 host=n3303]: starting climate model for inputs: [ 2.     3.5   50.     3.     0.505]
[20] 2026-03-19 11:40:32,686 INFO [rank=20 host=n3240]: starting climate model for inputs: [  2.       3.125  250.       8.       0.7525]
[58] 2026-03-19 11:40:32,687 INFO [rank=58 host=n3303]: starting climate model for inputs: [ 2.      3.5    50.      3.      0.7525]
[21] 2026-03-19 11:40:32,686 INFO [rank=21 host=n3240]: starting climate model for inputs: [  2.      3.125 250.      8.      1.   ]
[59] 2026-03-19 11:40:32,686 INFO [rank=59 host=n3303]: starting climate model for inputs: [ 2.   3.5 50.   3.   1. ]
[22] 2026-03-19 11:40:32,686 INFO [rank=22 host=n3240]: starting climate model for inputs: [  2.      3.125 250.     10.      0.505]
[60] 2026-03-19 11:40:32,687 INFO [rank=60 host=n3303]: starting climate model for inputs: [2.0e+00 3.5e+00 5.0e+01 4.0e+00 1.0e-02]
[23] 2026-03-19 11:40:32,686 INFO [rank=23 host=n3240]: starting climate model for inputs: [  2.       3.125  250.      10.       0.7525]
[61] 2026-03-19 11:40:32,687 INFO [rank=61 host=n3303]: starting climate model for inputs: [ 2.      3.5    50.      4.      0.2575]
[24] 2026-03-19 11:40:32,686 INFO [rank=24 host=n3240]: starting climate model for inputs: [2.000e+00 3.125e+00 3.000e+02 7.000e-01 1.000e-02]
[62] 2026-03-19 11:40:32,686 INFO [rank=62 host=n3303]: starting climate model for inputs: [ 2.     3.5   50.     4.     0.505]
[26] 2026-03-19 11:40:32,686 INFO [rank=26 host=n3240]: starting climate model for inputs: [2.000e+00 3.125e+00 3.000e+02 4.000e+00 1.000e-02]
[63] 2026-03-19 11:40:32,687 INFO [rank=63 host=n3303]: starting climate model for inputs: [ 2.      3.5    50.      4.      0.7525]
[28] 2026-03-19 11:40:32,686 INFO [rank=28 host=n3240]: starting climate model for inputs: [2.000e+00 3.125e+00 3.500e+02 7.000e-01 2.575e-01]
[64] 2026-03-19 11:40:32,687 INFO [rank=64 host=n3303]: starting climate model for inputs: [ 2.   3.5 50.   4.   1. ]
[29] 2026-03-19 11:40:32,686 INFO [rank=29 host=n3240]: starting climate model for inputs: [2.000e+00 3.125e+00 3.500e+02 1.000e+00 1.000e-02]
[65] 2026-03-19 11:40:32,687 INFO [rank=65 host=n3303]: starting climate model for inputs: [2.0e+00 3.5e+00 5.0e+01 5.0e+00 1.0e-02]
[30] 2026-03-19 11:40:32,686 INFO [rank=30 host=n3240]: starting climate model for inputs: [2.000e+00 3.125e+00 3.500e+02 1.500e+00 1.000e-02]
[67] 2026-03-19 11:40:32,687 INFO [rank=67 host=n3303]: starting climate model for inputs: [ 2.     3.5   50.     5.     0.505]
[31] 2026-03-19 11:40:32,686 INFO [rank=31 host=n3240]: starting climate model for inputs: [2.000e+00 3.125e+00 3.500e+02 4.000e+00 1.000e-02]
[68] 2026-03-19 11:40:32,687 INFO [rank=68 host=n3303]: starting climate model for inputs: [ 2.      3.5    50.      5.      0.7525]
[32] 2026-03-19 11:40:32,686 INFO [rank=32 host=n3240]: starting climate model for inputs: [2.000e+00 3.125e+00 3.500e+02 5.000e+00 2.575e-01]
[69] 2026-03-19 11:40:32,687 INFO [rank=69 host=n3303]: starting climate model for inputs: [ 2.   3.5 50.   5.   1. ]
[33] 2026-03-19 11:40:32,686 INFO [rank=33 host=n3240]: starting climate model for inputs: [2.000e+00 3.125e+00 4.000e+02 7.000e-01 1.000e-02]
[71] 2026-03-19 11:40:32,687 INFO [rank=71 host=n3303]: starting climate model for inputs: [ 2.      3.5    50.      6.      0.2575]
[34] 2026-03-19 11:40:32,686 INFO [rank=34 host=n3240]: starting climate model for inputs: [2.000e+00 3.125e+00 4.000e+02 1.000e+00 1.000e-02]
[72] 2026-03-19 11:40:32,687 INFO [rank=72 host=n3303]: starting climate model for inputs: [ 2.      3.5    50.      6.      0.7525]
[36] 2026-03-19 11:40:32,686 INFO [rank=36 host=n3240]: starting climate model for inputs: [2.000e+00 3.125e+00 4.000e+02 5.000e+00 2.575e-01]
[39] 2026-03-19 11:40:32,686 INFO [rank=39 host=n3240]: starting climate model for inputs: [2.000e+00 3.125e+00 4.000e+02 8.000e+00 1.000e-02]
[75] 2026-03-19 11:40:32,687 INFO [rank=75 host=n3303]: starting climate model for inputs: [ 2.      3.5    50.      8.      0.2575]
[76] 2026-03-19 11:40:32,687 INFO [rank=76 host=n3303]: starting climate model for inputs: [ 2.     3.5   50.     8.     0.505]
[18] 2026-03-19 11:40:32,686 INFO [rank=18 host=n3240]: starting climate model for inputs: [  2.       3.125  250.       6.       0.7525]
[77] 2026-03-19 11:40:32,687 INFO [rank=77 host=n3303]: starting climate model for inputs: [ 2.      3.5    50.      8.      0.7525]
[25] 2026-03-19 11:40:32,686 INFO [rank=25 host=n3240]: starting climate model for inputs: [2.000e+00 3.125e+00 3.000e+02 7.000e-01 2.575e-01]
[78] 2026-03-19 11:40:32,687 INFO [rank=78 host=n3303]: starting climate model for inputs: [ 2.   3.5 50.   8.   1. ]
[27] 2026-03-19 11:40:32,687 INFO [rank=27 host=n3240]: starting climate model for inputs: [2.000e+00 3.125e+00 3.500e+02 7.000e-01 1.000e-02]
[35] 2026-03-19 11:40:32,687 INFO [rank=35 host=n3240]: starting climate model for inputs: [2.000e+00 3.125e+00 4.000e+02 1.500e+00 1.000e-02]
[70] 2026-03-19 11:40:32,687 INFO [rank=70 host=n3303]: starting climate model for inputs: [2.0e+00 3.5e+00 5.0e+01 6.0e+00 1.0e-02]
[73] 2026-03-19 11:40:32,687 INFO [rank=73 host=n3303]: starting climate model for inputs: [ 2.   3.5 50.   6.   1. ]
[37] 2026-03-19 11:40:32,686 INFO [rank=37 host=n3240]: starting climate model for inputs: [2.000e+00 3.125e+00 4.000e+02 6.000e+00 1.000e-02]
[74] 2026-03-19 11:40:32,687 INFO [rank=74 host=n3303]: starting climate model for inputs: [2.0e+00 3.5e+00 5.0e+01 8.0e+00 1.0e-02]
[38] 2026-03-19 11:40:32,687 INFO [rank=38 host=n3240]: starting climate model for inputs: [2.000e+00 3.125e+00 4.000e+02 6.000e+00 2.575e-01]
[79] 2026-03-19 11:40:32,687 INFO [rank=79 host=n3303]: starting climate model for inputs: [2.0e+00 3.5e+00 5.0e+01 1.0e+01 1.0e-02]
[53] 2026-03-19 11:40:32,688 INFO [rank=53 host=n3303]: starting climate model for inputs: [ 2.   3.5 50.   1.5  1. ]
[66] 2026-03-19 11:40:32,688 INFO [rank=66 host=n3303]: starting climate model for inputs: [ 2.      3.5    50.      5.      0.2575]
[68] 2026-03-19 11:40:32,735 INFO [rank=68 host=n3303]: Loading opacity table (first call in this process)...
[6] 2026-03-19 11:40:32,736 INFO [rank=6 host=n3240]: Loading opacity table (first call in this process)...
[4] 2026-03-19 11:40:32,736 INFO [rank=4 host=n3240]: Loading opacity table (first call in this process)...
[23] 2026-03-19 11:40:32,737 INFO [rank=23 host=n3240]: Loading opacity table (first call in this process)...
[36] 2026-03-19 11:40:32,737 INFO [rank=36 host=n3240]: Loading opacity table (first call in this process)...
[45] 2026-03-19 11:40:32,737 INFO [rank=45 host=n3303]: Loading opacity table (first call in this process)...
[27] 2026-03-19 11:40:32,737 INFO [rank=27 host=n3240]: Loading opacity table (first call in this process)...
[16] 2026-03-19 11:40:32,737 INFO [rank=16 host=n3240]: Loading opacity table (first call in this process)...
[26] 2026-03-19 11:40:32,738 INFO [rank=26 host=n3240]: Loading opacity table (first call in this process)...
[22] 2026-03-19 11:40:32,742 INFO [rank=22 host=n3240]: Loading opacity table (first call in this process)...
[40] 2026-03-19 11:40:32,741 INFO [rank=40 host=n3303]: Loading opacity table (first call in this process)...
[60] 2026-03-19 11:40:32,740 INFO [rank=60 host=n3303]: Loading opacity table (first call in this process)...
[8] 2026-03-19 11:40:32,742 INFO [rank=8 host=n3240]: Loading opacity table (first call in this process)...
[48] 2026-03-19 11:40:32,742 INFO [rank=48 host=n3303]: Loading opacity table (first call in this process)...
[14] 2026-03-19 11:40:32,742 INFO [rank=14 host=n3240]: Loading opacity table (first call in this process)...
[53] 2026-03-19 11:40:32,743 INFO [rank=53 host=n3303]: Loading opacity table (first call in this process)...
[15] 2026-03-19 11:40:32,743 INFO [rank=15 host=n3240]: Loading opacity table (first call in this process)...
[2] 2026-03-19 11:40:32,743 INFO [rank=2 host=n3240]: Loading opacity table (first call in this process)...
[28] 2026-03-19 11:40:32,744 INFO [rank=28 host=n3240]: Loading opacity table (first call in this process)...
[69] 2026-03-19 11:40:32,744 INFO [rank=69 host=n3303]: Loading opacity table (first call in this process)...
[49] 2026-03-19 11:40:32,744 INFO [rank=49 host=n3303]: Loading opacity table (first call in this process)...
[13] 2026-03-19 11:40:32,744 INFO [rank=13 host=n3240]: Loading opacity table (first call in this process)...
[33] 2026-03-19 11:40:32,744 INFO [rank=33 host=n3240]: Loading opacity table (first call in this process)...
[3] 2026-03-19 11:40:32,745 INFO [rank=3 host=n3240]: Loading opacity table (first call in this process)...
[24] 2026-03-19 11:40:32,745 INFO [rank=24 host=n3240]: Loading opacity table (first call in this process)...
[9] 2026-03-19 11:40:32,745 INFO [rank=9 host=n3240]: Loading opacity table (first call in this process)...
[30] 2026-03-19 11:40:32,746 INFO [rank=30 host=n3240]: Loading opacity table (first call in this process)...
[73] 2026-03-19 11:40:32,746 INFO [rank=73 host=n3303]: Loading opacity table (first call in this process)...
[25] 2026-03-19 11:40:32,746 INFO [rank=25 host=n3240]: Loading opacity table (first call in this process)...
[67] 2026-03-19 11:40:32,748 INFO [rank=67 host=n3303]: Loading opacity table (first call in this process)...
[32] 2026-03-19 11:40:32,749 INFO [rank=32 host=n3240]: Loading opacity table (first call in this process)...
[39] 2026-03-19 11:40:32,750 INFO [rank=39 host=n3240]: Loading opacity table (first call in this process)...
[59] 2026-03-19 11:40:32,751 INFO [rank=59 host=n3303]: Loading opacity table (first call in this process)...
[47] 2026-03-19 11:40:32,751 INFO [rank=47 host=n3303]: Loading opacity table (first call in this process)...
[66] 2026-03-19 11:40:32,751 INFO [rank=66 host=n3303]: Loading opacity table (first call in this process)...
[35] 2026-03-19 11:40:32,751 INFO [rank=35 host=n3240]: Loading opacity table (first call in this process)...
[64] 2026-03-19 11:40:32,752 INFO [rank=64 host=n3303]: Loading opacity table (first call in this process)...
[78] 2026-03-19 11:40:32,752 INFO [rank=78 host=n3303]: Loading opacity table (first call in this process)...
[52] 2026-03-19 11:40:32,752 INFO [rank=52 host=n3303]: Loading opacity table (first call in this process)...
[21] 2026-03-19 11:40:32,753 INFO [rank=21 host=n3240]: Loading opacity table (first call in this process)...
[5] 2026-03-19 11:40:32,753 INFO [rank=5 host=n3240]: Loading opacity table (first call in this process)...
[58] 2026-03-19 11:40:32,756 INFO [rank=58 host=n3303]: Loading opacity table (first call in this process)...
[77] 2026-03-19 11:40:32,756 INFO [rank=77 host=n3303]: Loading opacity table (first call in this process)...
[79] 2026-03-19 11:40:32,753 INFO [rank=79 host=n3303]: Loading opacity table (first call in this process)...
[46] 2026-03-19 11:40:32,757 INFO [rank=46 host=n3303]: Loading opacity table (first call in this process)...
[56] 2026-03-19 11:40:32,759 INFO [rank=56 host=n3303]: Loading opacity table (first call in this process)...
[1] 2026-03-19 11:40:32,760 INFO [rank=1 host=n3240]: Loading opacity table (first call in this process)...
[12] 2026-03-19 11:40:32,761 INFO [rank=12 host=n3240]: Loading opacity table (first call in this process)...
[19] 2026-03-19 11:40:32,763 INFO [rank=19 host=n3240]: Loading opacity table (first call in this process)...
[29] 2026-03-19 11:40:32,763 INFO [rank=29 host=n3240]: Loading opacity table (first call in this process)...
[18] 2026-03-19 11:40:32,763 INFO [rank=18 host=n3240]: Loading opacity table (first call in this process)...
[41] 2026-03-19 11:40:32,760 INFO [rank=41 host=n3303]: Loading opacity table (first call in this process)...
[42] 2026-03-19 11:40:32,762 INFO [rank=42 host=n3303]: Loading opacity table (first call in this process)...
[44] 2026-03-19 11:40:32,760 INFO [rank=44 host=n3303]: Loading opacity table (first call in this process)...
[34] 2026-03-19 11:40:32,763 INFO [rank=34 host=n3240]: Loading opacity table (first call in this process)...
[54] 2026-03-19 11:40:32,763 INFO [rank=54 host=n3303]: Loading opacity table (first call in this process)...
[55] 2026-03-19 11:40:32,761 INFO [rank=55 host=n3303]: Loading opacity table (first call in this process)...
[61] 2026-03-19 11:40:32,760 INFO [rank=61 host=n3303]: Loading opacity table (first call in this process)...
[63] 2026-03-19 11:40:32,761 INFO [rank=63 host=n3303]: Loading opacity table (first call in this process)...
[65] 2026-03-19 11:40:32,761 INFO [rank=65 host=n3303]: Loading opacity table (first call in this process)...
[71] 2026-03-19 11:40:32,761 INFO [rank=71 host=n3303]: Loading opacity table (first call in this process)...
[72] 2026-03-19 11:40:32,761 INFO [rank=72 host=n3303]: Loading opacity table (first call in this process)...
[74] 2026-03-19 11:40:32,760 INFO [rank=74 host=n3303]: Loading opacity table (first call in this process)...
[75] 2026-03-19 11:40:32,761 INFO [rank=75 host=n3303]: Loading opacity table (first call in this process)...
[76] 2026-03-19 11:40:32,762 INFO [rank=76 host=n3303]: Loading opacity table (first call in this process)...
[62] 2026-03-19 11:40:32,763 INFO [rank=62 host=n3303]: Loading opacity table (first call in this process)...
[57] 2026-03-19 11:40:32,763 INFO [rank=57 host=n3303]: Loading opacity table (first call in this process)...
[37] 2026-03-19 11:40:32,764 INFO [rank=37 host=n3240]: Loading opacity table (first call in this process)...
[20] 2026-03-19 11:40:32,764 INFO [rank=20 host=n3240]: Loading opacity table (first call in this process)...
[38] 2026-03-19 11:40:32,764 INFO [rank=38 host=n3240]: Loading opacity table (first call in this process)...
[7] 2026-03-19 11:40:32,765 INFO [rank=7 host=n3240]: Loading opacity table (first call in this process)...
[10] 2026-03-19 11:40:32,765 INFO [rank=10 host=n3240]: Loading opacity table (first call in this process)...
[17] 2026-03-19 11:40:32,765 INFO [rank=17 host=n3240]: Loading opacity table (first call in this process)...
[43] 2026-03-19 11:40:32,765 INFO [rank=43 host=n3303]: Loading opacity table (first call in this process)...
[51] 2026-03-19 11:40:32,765 INFO [rank=51 host=n3303]: Loading opacity table (first call in this process)...
[70] 2026-03-19 11:40:32,765 INFO [rank=70 host=n3303]: Loading opacity table (first call in this process)...
[31] 2026-03-19 11:40:32,765 INFO [rank=31 host=n3240]: Loading opacity table (first call in this process)...
[50] 2026-03-19 11:40:32,768 INFO [rank=50 host=n3303]: Loading opacity table (first call in this process)...
[11] 2026-03-19 11:40:32,772 INFO [rank=11 host=n3240]: Loading opacity table (first call in this process)...
[58] 2026-03-19 13:53:09,912 INFO [rank=58 host=n3303]: Loading opacity table (first call in this process)...
[59] 2026-03-19 13:53:25,707 INFO [rank=59 host=n3303]: Loading opacity table (first call in this process)...
[55] 2026-03-19 13:53:31,347 INFO [rank=55 host=n3303]: Loading opacity table (first call in this process)...
[54] 2026-03-19 13:56:56,347 INFO [rank=54 host=n3303]: Loading opacity table (first call in this process)...
[68] 2026-03-19 14:43:20,171 INFO [rank=68 host=n3303]: starting climate model for inputs: [ 2.      3.5    50.     10.      0.2575]
[68] 2026-03-19 14:43:20,215 INFO [rank=68 host=n3303]: Loading opacity table (first call in this process)...
[75] 2026-03-19 14:57:30,028 INFO [rank=75 host=n3303]: starting climate model for inputs: [ 2.     3.5   50.    10.     0.505]
[75] 2026-03-19 14:57:30,071 INFO [rank=75 host=n3303]: Loading opacity table (first call in this process)...
[79] 2026-03-19 15:02:49,725 INFO [rank=79 host=n3303]: starting climate model for inputs: [ 2.      3.5    50.     10.      0.7525]
[79] 2026-03-19 15:02:49,771 INFO [rank=79 host=n3303]: Loading opacity table (first call in this process)...
[76] 2026-03-19 15:04:26,601 INFO [rank=76 host=n3303]: starting climate model for inputs: [ 2.   3.5 50.  10.   1. ]
[76] 2026-03-19 15:04:26,643 INFO [rank=76 host=n3303]: Loading opacity table (first call in this process)...
[74] 2026-03-19 15:07:59,959 INFO [rank=74 host=n3303]: starting climate model for inputs: [2.0e+00 3.5e+00 1.0e+02 7.0e-01 1.0e-02]
[74] 2026-03-19 15:08:00,004 INFO [rank=74 host=n3303]: Loading opacity table (first call in this process)...
[70] 2026-03-19 15:09:16,195 INFO [rank=70 host=n3303]: starting climate model for inputs: [  2.       3.5    100.       0.7      0.2575]
[70] 2026-03-19 15:09:16,238 INFO [rank=70 host=n3303]: Loading opacity table (first call in this process)...
[46] 2026-03-19 15:11:49,082 INFO [rank=46 host=n3303]: starting climate model for inputs: [  2.      3.5   100.      0.7     0.505]
[46] 2026-03-19 15:11:49,124 INFO [rank=46 host=n3303]: Loading opacity table (first call in this process)...
[71] 2026-03-19 15:13:28,119 INFO [rank=71 host=n3303]: starting climate model for inputs: [  2.       3.5    100.       0.7      0.7525]
[71] 2026-03-19 15:13:28,164 INFO [rank=71 host=n3303]: Loading opacity table (first call in this process)...
[51] 2026-03-19 15:19:34,765 INFO [rank=51 host=n3303]: starting climate model for inputs: [  2.    3.5 100.    0.7   1. ]
[51] 2026-03-19 15:19:34,812 INFO [rank=51 host=n3303]: Loading opacity table (first call in this process)...
[50] 2026-03-19 15:21:25,625 INFO [rank=50 host=n3303]: starting climate model for inputs: [  2.       3.5    100.       1.       0.7525]
[50] 2026-03-19 15:21:25,675 INFO [rank=50 host=n3303]: Loading opacity table (first call in this process)...
[52] 2026-03-19 15:27:32,380 INFO [rank=52 host=n3303]: Loading opacity table (first call in this process)...
[66] 2026-03-19 15:29:09,163 INFO [rank=66 host=n3303]: starting climate model for inputs: [  2.    3.5 100.    1.    1. ]
[66] 2026-03-19 15:29:09,206 INFO [rank=66 host=n3303]: Loading opacity table (first call in this process)...
[65] 2026-03-19 15:29:13,649 INFO [rank=65 host=n3303]: starting climate model for inputs: [  2.       3.5    100.       1.5      0.7525]
[65] 2026-03-19 15:29:13,692 INFO [rank=65 host=n3303]: Loading opacity table (first call in this process)...
[62] 2026-03-19 15:29:54,935 INFO [rank=62 host=n3303]: starting climate model for inputs: [  2.    3.5 100.    1.5   1. ]
[62] 2026-03-19 15:29:54,984 INFO [rank=62 host=n3303]: Loading opacity table (first call in this process)...
[53] 2026-03-19 15:34:34,049 INFO [rank=53 host=n3303]: Loading opacity table (first call in this process)...
[49] 2026-03-19 15:41:48,569 INFO [rank=49 host=n3303]: starting climate model for inputs: [  2.       3.5    100.       2.       0.7525]
[49] 2026-03-19 15:41:48,613 INFO [rank=49 host=n3303]: Loading opacity table (first call in this process)...
[72] 2026-03-19 15:45:41,968 INFO [rank=72 host=n3303]: starting climate model for inputs: [  2.    3.5 100.    2.    1. ]
[72] 2026-03-19 15:45:42,012 INFO [rank=72 host=n3303]: Loading opacity table (first call in this process)...
[41] 2026-03-19 15:51:51,462 INFO [rank=41 host=n3303]: starting climate model for inputs: [  2.       3.5    100.       3.       0.7525]
[41] 2026-03-19 15:51:51,506 INFO [rank=41 host=n3303]: Loading opacity table (first call in this process)...
[77] 2026-03-19 16:09:02,998 INFO [rank=77 host=n3303]: starting climate model for inputs: [  2.    3.5 100.    3.    1. ]
[77] 2026-03-19 16:09:03,043 INFO [rank=77 host=n3303]: Loading opacity table (first call in this process)...
[45] 2026-03-19 16:12:33,470 INFO [rank=45 host=n3303]: starting climate model for inputs: [  2.       3.5    100.       4.       0.7525]
[45] 2026-03-19 16:12:33,514 INFO [rank=45 host=n3303]: Loading opacity table (first call in this process)...
[56] 2026-03-19 16:14:53,848 INFO [rank=56 host=n3303]: Loading opacity table (first call in this process)...
[67] 2026-03-19 16:15:26,418 INFO [rank=67 host=n3303]: starting climate model for inputs: [  2.    3.5 100.    4.    1. ]
[67] 2026-03-19 16:15:26,461 INFO [rank=67 host=n3303]: Loading opacity table (first call in this process)...
[1] 2026-03-19 16:23:04,771 INFO [rank=1 host=n3240]: Loading opacity table (first call in this process)...
[60] 2026-03-19 16:26:06,032 INFO [rank=60 host=n3303]: starting climate model for inputs: [  2.       3.5    100.       5.       0.7525]
[60] 2026-03-19 16:26:06,078 INFO [rank=60 host=n3303]: Loading opacity table (first call in this process)...
[44] 2026-03-19 16:41:46,875 INFO [rank=44 host=n3303]: starting climate model for inputs: [  2.    3.5 100.    5.    1. ]
[44] 2026-03-19 16:41:46,918 INFO [rank=44 host=n3303]: Loading opacity table (first call in this process)...
[48] 2026-03-19 17:04:20,971 INFO [rank=48 host=n3303]: starting climate model for inputs: [  2.       3.5    100.       6.       0.7525]
[48] 2026-03-19 17:04:21,016 INFO [rank=48 host=n3303]: Loading opacity table (first call in this process)...
[61] 2026-03-19 17:07:15,911 INFO [rank=61 host=n3303]: starting climate model for inputs: [  2.       3.5    100.       8.       0.7525]
[61] 2026-03-19 17:07:15,955 INFO [rank=61 host=n3303]: Loading opacity table (first call in this process)...
[47] 2026-03-19 17:21:27,433 INFO [rank=47 host=n3303]: starting climate model for inputs: [  2.       3.5    100.      10.       0.7525]
[47] 2026-03-19 17:21:27,478 INFO [rank=47 host=n3303]: Loading opacity table (first call in this process)...
[57] 2026-03-19 17:33:00,791 INFO [rank=57 host=n3303]: starting climate model for inputs: [  2.    3.5 100.   10.    1. ]
[57] 2026-03-19 17:33:00,840 INFO [rank=57 host=n3303]: Loading opacity table (first call in this process)...
[75] 2026-03-19 17:56:24,959 INFO [rank=75 host=n3303]: starting climate model for inputs: [2.0e+00 3.5e+00 1.5e+02 7.0e-01 1.0e-02]
[75] 2026-03-19 17:56:25,002 INFO [rank=75 host=n3303]: Loading opacity table (first call in this process)...
[78] 2026-03-19 18:10:57,069 INFO [rank=78 host=n3303]: starting climate model for inputs: [  2.       3.5    150.       0.7      0.2575]
[78] 2026-03-19 18:10:57,115 INFO [rank=78 host=n3303]: Loading opacity table (first call in this process)...
[68] 2026-03-19 18:18:19,155 INFO [rank=68 host=n3303]: starting climate model for inputs: [  2.      3.5   150.      0.7     0.505]
[68] 2026-03-19 18:18:19,198 INFO [rank=68 host=n3303]: Loading opacity table (first call in this process)...
[71] 2026-03-19 18:19:48,959 INFO [rank=71 host=n3303]: starting climate model for inputs: [  2.       3.5    150.       0.7      0.7525]
[71] 2026-03-19 18:19:49,003 INFO [rank=71 host=n3303]: Loading opacity table (first call in this process)...
[51] 2026-03-19 18:21:45,335 INFO [rank=51 host=n3303]: starting climate model for inputs: [  2.    3.5 150.    0.7   1. ]
[51] 2026-03-19 18:21:45,381 INFO [rank=51 host=n3303]: Loading opacity table (first call in this process)...
[56] 2026-03-19 18:36:44,475 INFO [rank=56 host=n3303]: starting climate model for inputs: [2.0e+00 3.5e+00 1.5e+02 1.0e+00 1.0e-02]
[56] 2026-03-19 18:36:44,518 INFO [rank=56 host=n3303]: Loading opacity table (first call in this process)...
[2026-03-19T18:55:46.263] error: *** STEP 33938379.0 ON n3240 CANCELLED AT 2026-03-19T18:55:46 DUE to SIGNAL Terminated ***
[2026-03-19T18:55:46.285] error: *** JOB 33938379 ON n3240 CANCELLED AT 2026-03-19T18:55:46 DUE to SIGNAL Terminated ***
