[15] /mmfs1/gscratch/vsm/elizap/MiniNeptuneGrid26_PostBac/Installation&Setup_Instructions/picasofiles/reference
[15] /mmfs1/gscratch/vsm/elizap/MiniNeptuneGrid26_PostBac/Installation&Setup_Instructions/picasofiles/grp/redcat/trds
[12] /mmfs1/gscratch/vsm/elizap/MiniNeptuneGrid26_PostBac/Installation&Setup_Instructions/picasofiles/reference
[12] /mmfs1/gscratch/vsm/elizap/MiniNeptuneGrid26_PostBac/Installation&Setup_Instructions/picasofiles/grp/redcat/trds
[27] /mmfs1/gscratch/vsm/elizap/MiniNeptuneGrid26_PostBac/Installation&Setup_Instructions/picasofiles/reference
[27] /mmfs1/gscratch/vsm/elizap/MiniNeptuneGrid26_PostBac/Installation&Setup_Instructions/picasofiles/grp/redcat/trds
[36] /mmfs1/gscratch/vsm/elizap/MiniNeptuneGrid26_PostBac/Installation&Setup_Instructions/picasofiles/reference
[36] /mmfs1/gscratch/vsm/elizap/MiniNeptuneGrid26_PostBac/Installation&Setup_Instructions/picasofiles/grp/redcat/trds
[29] /mmfs1/gscratch/vsm/elizap/MiniNeptuneGrid26_PostBac/Installation&Setup_Instructions/picasofiles/reference
[29] /mmfs1/gscratch/vsm/elizap/MiniNeptuneGrid26_PostBac/Installation&Setup_Instructions/picasofiles/grp/redcat/trds
[2] /mmfs1/gscratch/vsm/elizap/MiniNeptuneGrid26_PostBac/Installation&Setup_Instructions/picasofiles/reference
[2] /mmfs1/gscratch/vsm/elizap/MiniNeptuneGrid26_PostBac/Installation&Setup_Instructions/picasofiles/grp/redcat/trds
[14] /mmfs1/gscratch/vsm/elizap/MiniNeptuneGrid26_PostBac/Installation&Setup_Instructions/picasofiles/reference
[14] /mmfs1/gscratch/vsm/elizap/MiniNeptuneGrid26_PostBac/Installation&Setup_Instructions/picasofiles/grp/redcat/trds
[19] /mmfs1/gscratch/vsm/elizap/MiniNeptuneGrid26_PostBac/Installation&Setup_Instructions/picasofiles/reference
[19] /mmfs1/gscratch/vsm/elizap/MiniNeptuneGrid26_PostBac/Installation&Setup_Instructions/picasofiles/grp/redcat/trds
[1] /mmfs1/gscratch/vsm/elizap/MiniNeptuneGrid26_PostBac/Installation&Setup_Instructions/picasofiles/reference
[1] /mmfs1/gscratch/vsm/elizap/MiniNeptuneGrid26_PostBac/Installation&Setup_Instructions/picasofiles/grp/redcat/trds
[25] /mmfs1/gscratch/vsm/elizap/MiniNeptuneGrid26_PostBac/Installation&Setup_Instructions/picasofiles/reference
[25] /mmfs1/gscratch/vsm/elizap/MiniNeptuneGrid26_PostBac/Installation&Setup_Instructions/picasofiles/grp/redcat/trds
[21] /mmfs1/gscratch/vsm/elizap/MiniNeptuneGrid26_PostBac/Installation&Setup_Instructions/picasofiles/reference
[21] /mmfs1/gscratch/vsm/elizap/MiniNeptuneGrid26_PostBac/Installation&Setup_Instructions/picasofiles/grp/redcat/trds
[33] /mmfs1/gscratch/vsm/elizap/MiniNeptuneGrid26_PostBac/Installation&Setup_Instructions/picasofiles/reference
[33] /mmfs1/gscratch/vsm/elizap/MiniNeptuneGrid26_PostBac/Installation&Setup_Instructions/picasofiles/grp/redcat/trds
[5] /mmfs1/gscratch/vsm/elizap/MiniNeptuneGrid26_PostBac/Installation&Setup_Instructions/picasofiles/reference
[5] /mmfs1/gscratch/vsm/elizap/MiniNeptuneGrid26_PostBac/Installation&Setup_Instructions/picasofiles/grp/redcat/trds
[23] /mmfs1/gscratch/vsm/elizap/MiniNeptuneGrid26_PostBac/Installation&Setup_Instructions/picasofiles/reference
[23] /mmfs1/gscratch/vsm/elizap/MiniNeptuneGrid26_PostBac/Installation&Setup_Instructions/picasofiles/grp/redcat/trds
[18] /mmfs1/gscratch/vsm/elizap/MiniNeptuneGrid26_PostBac/Installation&Setup_Instructions/picasofiles/reference
[18] /mmfs1/gscratch/vsm/elizap/MiniNeptuneGrid26_PostBac/Installation&Setup_Instructions/picasofiles/grp/redcat/trds
[28] /mmfs1/gscratch/vsm/elizap/MiniNeptuneGrid26_PostBac/Installation&Setup_Instructions/picasofiles/reference
[28] /mmfs1/gscratch/vsm/elizap/MiniNeptuneGrid26_PostBac/Installation&Setup_Instructions/picasofiles/grp/redcat/trds
[11] /mmfs1/gscratch/vsm/elizap/MiniNeptuneGrid26_PostBac/Installation&Setup_Instructions/picasofiles/reference
[11] /mmfs1/gscratch/vsm/elizap/MiniNeptuneGrid26_PostBac/Installation&Setup_Instructions/picasofiles/grp/redcat/trds
[7] /mmfs1/gscratch/vsm/elizap/MiniNeptuneGrid26_PostBac/Installation&Setup_Instructions/picasofiles/reference
[7] /mmfs1/gscratch/vsm/elizap/MiniNeptuneGrid26_PostBac/Installation&Setup_Instructions/picasofiles/grp/redcat/trds
[35] /mmfs1/gscratch/vsm/elizap/MiniNeptuneGrid26_PostBac/Installation&Setup_Instructions/picasofiles/reference
[35] /mmfs1/gscratch/vsm/elizap/MiniNeptuneGrid26_PostBac/Installation&Setup_Instructions/picasofiles/grp/redcat/trds
[24] /mmfs1/gscratch/vsm/elizap/MiniNeptuneGrid26_PostBac/Installation&Setup_Instructions/picasofiles/reference
[24] /mmfs1/gscratch/vsm/elizap/MiniNeptuneGrid26_PostBac/Installation&Setup_Instructions/picasofiles/grp/redcat/trds
[4] /mmfs1/gscratch/vsm/elizap/MiniNeptuneGrid26_PostBac/Installation&Setup_Instructions/picasofiles/reference
[4] /mmfs1/gscratch/vsm/elizap/MiniNeptuneGrid26_PostBac/Installation&Setup_Instructions/picasofiles/grp/redcat/trds
[13] /mmfs1/gscratch/vsm/elizap/MiniNeptuneGrid26_PostBac/Installation&Setup_Instructions/picasofiles/reference
[13] /mmfs1/gscratch/vsm/elizap/MiniNeptuneGrid26_PostBac/Installation&Setup_Instructions/picasofiles/grp/redcat/trds
[38] /mmfs1/gscratch/vsm/elizap/MiniNeptuneGrid26_PostBac/Installation&Setup_Instructions/picasofiles/reference
[38] /mmfs1/gscratch/vsm/elizap/MiniNeptuneGrid26_PostBac/Installation&Setup_Instructions/picasofiles/grp/redcat/trds
[6] /mmfs1/gscratch/vsm/elizap/MiniNeptuneGrid26_PostBac/Installation&Setup_Instructions/picasofiles/reference
[6] /mmfs1/gscratch/vsm/elizap/MiniNeptuneGrid26_PostBac/Installation&Setup_Instructions/picasofiles/grp/redcat/trds
[39] /mmfs1/gscratch/vsm/elizap/MiniNeptuneGrid26_PostBac/Installation&Setup_Instructions/picasofiles/reference
[39] /mmfs1/gscratch/vsm/elizap/MiniNeptuneGrid26_PostBac/Installation&Setup_Instructions/picasofiles/grp/redcat/trds
[31] /mmfs1/gscratch/vsm/elizap/MiniNeptuneGrid26_PostBac/Installation&Setup_Instructions/picasofiles/reference
[31] /mmfs1/gscratch/vsm/elizap/MiniNeptuneGrid26_PostBac/Installation&Setup_Instructions/picasofiles/grp/redcat/trds
[17] /mmfs1/gscratch/vsm/elizap/MiniNeptuneGrid26_PostBac/Installation&Setup_Instructions/picasofiles/reference
[17] /mmfs1/gscratch/vsm/elizap/MiniNeptuneGrid26_PostBac/Installation&Setup_Instructions/picasofiles/grp/redcat/trds
[30] /mmfs1/gscratch/vsm/elizap/MiniNeptuneGrid26_PostBac/Installation&Setup_Instructions/picasofiles/reference
[30] /mmfs1/gscratch/vsm/elizap/MiniNeptuneGrid26_PostBac/Installation&Setup_Instructions/picasofiles/grp/redcat/trds
[8] /mmfs1/gscratch/vsm/elizap/MiniNeptuneGrid26_PostBac/Installation&Setup_Instructions/picasofiles/reference
[8] /mmfs1/gscratch/vsm/elizap/MiniNeptuneGrid26_PostBac/Installation&Setup_Instructions/picasofiles/grp/redcat/trds
[37] /mmfs1/gscratch/vsm/elizap/MiniNeptuneGrid26_PostBac/Installation&Setup_Instructions/picasofiles/reference
[37] /mmfs1/gscratch/vsm/elizap/MiniNeptuneGrid26_PostBac/Installation&Setup_Instructions/picasofiles/grp/redcat/trds
[26] /mmfs1/gscratch/vsm/elizap/MiniNeptuneGrid26_PostBac/Installation&Setup_Instructions/picasofiles/reference
[26] /mmfs1/gscratch/vsm/elizap/MiniNeptuneGrid26_PostBac/Installation&Setup_Instructions/picasofiles/grp/redcat/trds
[34] /mmfs1/gscratch/vsm/elizap/MiniNeptuneGrid26_PostBac/Installation&Setup_Instructions/picasofiles/reference
[34] /mmfs1/gscratch/vsm/elizap/MiniNeptuneGrid26_PostBac/Installation&Setup_Instructions/picasofiles/grp/redcat/trds
[3] /mmfs1/gscratch/vsm/elizap/MiniNeptuneGrid26_PostBac/Installation&Setup_Instructions/picasofiles/reference
[3] /mmfs1/gscratch/vsm/elizap/MiniNeptuneGrid26_PostBac/Installation&Setup_Instructions/picasofiles/grp/redcat/trds
[10] /mmfs1/gscratch/vsm/elizap/MiniNeptuneGrid26_PostBac/Installation&Setup_Instructions/picasofiles/reference
[10] /mmfs1/gscratch/vsm/elizap/MiniNeptuneGrid26_PostBac/Installation&Setup_Instructions/picasofiles/grp/redcat/trds
[20] /mmfs1/gscratch/vsm/elizap/MiniNeptuneGrid26_PostBac/Installation&Setup_Instructions/picasofiles/reference
[20] /mmfs1/gscratch/vsm/elizap/MiniNeptuneGrid26_PostBac/Installation&Setup_Instructions/picasofiles/grp/redcat/trds
[22] /mmfs1/gscratch/vsm/elizap/MiniNeptuneGrid26_PostBac/Installation&Setup_Instructions/picasofiles/reference
[22] /mmfs1/gscratch/vsm/elizap/MiniNeptuneGrid26_PostBac/Installation&Setup_Instructions/picasofiles/grp/redcat/trds
[9] /mmfs1/gscratch/vsm/elizap/MiniNeptuneGrid26_PostBac/Installation&Setup_Instructions/picasofiles/reference
[9] /mmfs1/gscratch/vsm/elizap/MiniNeptuneGrid26_PostBac/Installation&Setup_Instructions/picasofiles/grp/redcat/trds
[0] /mmfs1/gscratch/vsm/elizap/MiniNeptuneGrid26_PostBac/Installation&Setup_Instructions/picasofiles/reference
[0] /mmfs1/gscratch/vsm/elizap/MiniNeptuneGrid26_PostBac/Installation&Setup_Instructions/picasofiles/grp/redcat/trds
[32] /mmfs1/gscratch/vsm/elizap/MiniNeptuneGrid26_PostBac/Installation&Setup_Instructions/picasofiles/reference
[32] /mmfs1/gscratch/vsm/elizap/MiniNeptuneGrid26_PostBac/Installation&Setup_Instructions/picasofiles/grp/redcat/trds
[16] /mmfs1/gscratch/vsm/elizap/MiniNeptuneGrid26_PostBac/Installation&Setup_Instructions/picasofiles/reference
[16] /mmfs1/gscratch/vsm/elizap/MiniNeptuneGrid26_PostBac/Installation&Setup_Instructions/picasofiles/grp/redcat/trds
[0] (array([2]), array([0.5  , 0.875, 1.25 , 1.625, 2.   , 2.375, 2.75 , 3.125, 3.5  ]), array([ 50., 100., 150., 200., 250., 300., 350., 400.]), array([ 0.3,  0.7,  1. ,  1.5,  2. ,  3. ,  4. ,  5. ,  6. ,  8. , 10. ]), array([0.01  , 0.2575, 0.505 , 0.7525, 1.    ]))
[0] This is the gridshape used: (1, 9, 8, 11, 5)
[0] Calculations completed/total: 3573/3960.
[0] Restarting calculations...
[1] This is the value of [2.00e+00 2.75e+00 2.00e+02 1.00e+01 1.00e-02] used in the climate model
[4] This is the value of [  2.      3.125 200.      6.      0.505] used in the climate model
[7] This is the value of [  2.      3.125 250.      3.      1.   ] used in the climate model
[8] This is the value of [  2.      3.125 250.      4.      1.   ] used in the climate model
[11] This is the value of [  2.      3.125 250.      8.      1.   ] used in the climate model
[16] This is the value of [2.000e+00 3.125e+00 4.000e+02 1.000e+01 1.000e-02] used in the climate model
[18] This is the value of [  2.       3.125  400.      10.       0.7525] used in the climate model
[21] This is the value of [ 2.     3.5   50.     0.7    0.505] used in the climate model
[24] This is the value of [ 2.      3.5    50.      1.      0.7525] used in the climate model
[2] This is the value of [2.00e+00 2.75e+00 3.50e+02 1.00e+01 1.00e-02] used in the climate model
[6] This is the value of [  2.      3.125 200.      6.      1.   ] used in the climate model
[10] This is the value of [  2.      3.125 250.      8.      0.505] used in the climate model
[14] This is the value of [2.000e+00 3.125e+00 3.500e+02 7.000e-01 1.000e-02] used in the climate model
[19] This is the value of [  2.      3.125 400.     10.      1.   ] used in the climate model
[20] This is the value of [ 2.      3.5    50.      0.7     0.2575] used in the climate model
[23] This is the value of [ 2.     3.5   50.     1.     0.505] used in the climate model
[25] This is the value of [ 2.   3.5 50.   1.   1. ] used in the climate model
[28] This is the value of [ 2.      3.5    50.      2.      0.7525] used in the climate model
[29] This is the value of [ 2.   3.5 50.   2.   1. ] used in the climate model
[30] This is the value of [2.0e+00 3.5e+00 5.0e+01 3.0e+00 1.0e-02] used in the climate model
[36] This is the value of [ 2.     3.5   50.     4.     0.505] used in the climate model
[38] This is the value of [ 2.   3.5 50.   4.   1. ] used in the climate model
[13] This is the value of [2.000e+00 3.125e+00 3.000e+02 4.000e+00 1.000e-02] used in the climate model
[27] This is the value of [ 2.   3.5 50.   1.5  1. ] used in the climate model
[33] This is the value of [ 2.   3.5 50.   3.   1. ] used in the climate model
[35] This is the value of [ 2.      3.5    50.      4.      0.2575] used in the climate model
[37] This is the value of [ 2.      3.5    50.      4.      0.7525] used in the climate model
[31] This is the value of [ 2.     3.5   50.     3.     0.505] used in the climate model
[34] This is the value of [2.0e+00 3.5e+00 5.0e+01 4.0e+00 1.0e-02] used in the climate model
[39] This is the value of [2.0e+00 3.5e+00 5.0e+01 5.0e+00 1.0e-02] used in the climate model
[3] This is the value of [  2.       3.125  200.       3.       0.2575] used in the climate model
[17] This is the value of [2.000e+00 3.125e+00 4.000e+02 1.000e+01 2.575e-01] used in the climate model
[22] This is the value of [ 2.      3.5    50.      1.      0.2575] used in the climate model
[9] This is the value of [  2.      3.125 250.      5.      0.505] used in the climate model
[12] This is the value of [  2.      3.125 250.     10.      0.505] used in the climate model
[15] This is the value of [2.000e+00 3.125e+00 4.000e+02 8.000e+00 2.575e-01] used in the climate model
[26] This is the value of [ 2.      3.5    50.      1.5     0.7525] used in the climate model
[32] This is the value of [ 2.      3.5    50.      3.      0.7525] used in the climate model
[5] This is the value of [  2.       3.125  200.       6.       0.7525] used in the climate model
[15] This is the value of [ 2.      3.5    50.      5.      0.2575] used in the climate model
[32] This is the value of [ 2.     3.5   50.     5.     0.505] used in the climate model
[6] This is the value of [ 2.      3.5    50.      5.      0.7525] used in the climate model
[16] This is the value of [ 2.   3.5 50.   5.   1. ] used in the climate model
[10] This is the value of [2.0e+00 3.5e+00 5.0e+01 6.0e+00 1.0e-02] used in the climate model
[39] This is the value of [ 2.      3.5    50.      6.      0.2575] used in the climate model
[36] This is the value of [ 2.      3.5    50.      6.      0.7525] used in the climate model
[18] This is the value of [ 2.   3.5 50.   6.   1. ] used in the climate model
[21] This is the value of [2.0e+00 3.5e+00 5.0e+01 8.0e+00 1.0e-02] used in the climate model
[12] This is the value of [ 2.      3.5    50.      8.      0.2575] used in the climate model
[26] This is the value of [ 2.     3.5   50.     8.     0.505] used in the climate model
[14] This is the value of [ 2.      3.5    50.      8.      0.7525] used in the climate model
[31] This is the value of [ 2.   3.5 50.   8.   1. ] used in the climate model
[17] This is the value of [2.0e+00 3.5e+00 5.0e+01 1.0e+01 1.0e-02] used in the climate model
[3] This is the value of [ 2.      3.5    50.     10.      0.2575] used in the climate model
[37] This is the value of [ 2.     3.5   50.    10.     0.505] used in the climate model
[13] This is the value of [ 2.      3.5    50.     10.      0.7525] used in the climate model
[24] This is the value of [ 2.   3.5 50.  10.   1. ] used in the climate model
[1] This is the value of [2.0e+00 3.5e+00 1.0e+02 7.0e-01 1.0e-02] used in the climate model
[20] This is the value of [  2.       3.5    100.       0.7      0.2575] used in the climate model
[38] This is the value of [  2.      3.5   100.      0.7     0.505] used in the climate model
[33] This is the value of [  2.       3.5    100.       0.7      0.7525] used in the climate model
[25] This is the value of [  2.    3.5 100.    0.7   1. ] used in the climate model
[35] This is the value of [  2.       3.5    100.       1.       0.7525] used in the climate model
[11] This is the value of [  2.    3.5 100.    1.    1. ] used in the climate model
[23] This is the value of [  2.       3.5    100.       1.5      0.7525] used in the climate model
[19] This is the value of [  2.    3.5 100.    1.5   1. ] used in the climate model
[4] This is the value of [  2.       3.5    100.       2.       0.7525] used in the climate model
[7] This is the value of [  2.    3.5 100.    2.    1. ] used in the climate model
[27] This is the value of [  2.       3.5    100.       3.       0.7525] used in the climate model
[30] This is the value of [  2.    3.5 100.    3.    1. ] used in the climate model
[34] This is the value of [  2.       3.5    100.       4.       0.7525] used in the climate model
[22] This is the value of [  2.    3.5 100.    4.    1. ] used in the climate model
[5] This is the value of [2.0e+00 3.5e+00 1.0e+02 5.0e+00 1.0e-02] used in the climate model
[8] This is the value of [  2.       3.5    100.       5.       0.7525] used in the climate model
[2] This is the value of [  2.    3.5 100.    5.    1. ] used in the climate model
[29] This is the value of [2.0e+00 3.5e+00 1.0e+02 6.0e+00 1.0e-02] used in the climate model
[9] This is the value of [  2.       3.5    100.       6.       0.2575] used in the climate model
[28] This is the value of [  2.      3.5   100.      6.      0.505] used in the climate model
[6] This is the value of [  2.       3.5    100.       6.       0.7525] used in the climate model
[36] This is the value of [  2.    3.5 100.    6.    1. ] used in the climate model
[15] This is the value of [2.0e+00 3.5e+00 1.0e+02 8.0e+00 1.0e-02] used in the climate model
[21] This is the value of [  2.       3.5    100.       8.       0.2575] used in the climate model
[31] This is the value of [  2.      3.5   100.      8.      0.505] used in the climate model
[32] This is the value of [  2.       3.5    100.       8.       0.7525] used in the climate model
[18] This is the value of [  2.    3.5 100.    8.    1. ] used in the climate model
[13] This is the value of [2.0e+00 3.5e+00 1.0e+02 1.0e+01 1.0e-02] used in the climate model
[39] This is the value of [  2.       3.5    100.      10.       0.2575] used in the climate model
[10] This is the value of [  2.      3.5   100.     10.      0.505] used in the climate model
[20] This is the value of [  2.       3.5    100.      10.       0.7525] used in the climate model
[1] This is the value of [  2.    3.5 100.   10.    1. ] used in the climate model
[26] This is the value of [2.0e+00 3.5e+00 1.5e+02 7.0e-01 1.0e-02] used in the climate model
[12] This is the value of [  2.       3.5    150.       0.7      0.2575] used in the climate model
[25] This is the value of [  2.      3.5   150.      0.7     0.505] used in the climate model
[16] This is the value of [  2.       3.5    150.       0.7      0.7525] used in the climate model
[24] This is the value of [  2.    3.5 150.    0.7   1. ] used in the climate model
[7] This is the value of [  2.      3.5   150.      1.      0.505] used in the climate model
[11] This is the value of [2.0e+00 3.5e+00 1.5e+02 1.0e+00 1.0e-02] used in the climate model
[14] This is the value of [  2.       3.5    150.       1.       0.2575] used in the climate model
[4] This is the value of [  2.       3.5    150.       1.       0.7525] used in the climate model
[22] This is the value of [2.0e+00 3.5e+00 1.5e+02 1.5e+00 1.0e-02] used in the climate model
[23] This is the value of [  2.    3.5 150.    1.    1. ] used in the climate model
[17] This is the value of [  2.       3.5    150.       1.5      0.2575] used in the climate model
[5] This is the value of [2.0e+00 3.5e+00 1.5e+02 2.0e+00 1.0e-02] used in the climate model[5] 
[28] This is the value of [  2.    3.5 150.    1.5   1. ] used in the climate model[28] 
[9] This is the value of [  2.       3.5    150.       1.5      0.7525] used in the climate model
[3] This is the value of [  2.      3.5   150.      1.5     0.505] used in the climate model
[37] This is the value of [  2.      3.5   150.      2.      0.505] used in the climate model
[30] This is the value of [  2.       3.5    150.       2.       0.7525] used in the climate model
[8] This is the value of [  2.       3.5    150.       2.       0.2575] used in the climate model
[38] This is the value of [2.0e+00 3.5e+00 1.5e+02 3.0e+00 1.0e-02] used in the climate model
[29] This is the value of [  2.    3.5 150.    2.    1. ] used in the climate model
[35] This is the value of [  2.       3.5    150.       3.       0.2575] used in the climate model
[34] This is the value of [  2.      3.5   150.      3.      0.505] used in the climate model
[27] This is the value of [  2.       3.5    150.       3.       0.7525] used in the climate model
[33] This is the value of [  2.    3.5 150.    3.    1. ] used in the climate model[33] 
[2] This is the value of [2.0e+00 3.5e+00 1.5e+02 4.0e+00 1.0e-02] used in the climate model
[19] This is the value of [  2.      3.5   150.      4.      0.505] used in the climate model
[36] This is the value of [  2.       3.5    150.       4.       0.7525] used in the climate model
[6] This is the value of [  2.    3.5 150.    4.    1. ] used in the climate model
[15] This is the value of [2.0e+00 3.5e+00 1.5e+02 5.0e+00 1.0e-02] used in the climate model
[31] This is the value of [  2.      3.5   150.      5.      0.505] used in the climate model
[21] This is the value of [  2.       3.5    150.       5.       0.7525] used in the climate model
[32] This is the value of [  2.    3.5 150.    5.    1. ] used in the climate model
[13] This is the value of [2.0e+00 3.5e+00 1.5e+02 6.0e+00 1.0e-02] used in the climate model
[18] This is the value of [  2.      3.5   150.      6.      0.505] used in the climate model
[10] This is the value of [  2.       3.5    150.       6.       0.7525] used in the climate model
[26] This is the value of [  2.    3.5 150.    6.    1. ] used in the climate model
[39] This is the value of [  2.       3.5    150.       8.       0.7525] used in the climate model
[16] This is the value of [  2.    3.5 150.    8.    1. ] used in the climate model
[20] This is the value of [2.0e+00 3.5e+00 1.5e+02 1.0e+01 1.0e-02] used in the climate model
[1] This is the value of [  2.       3.5    150.      10.       0.7525] used in the climate model
[25] This is the value of [  2.    3.5 150.   10.    1. ] used in the climate model
[14] This is the value of [  2.       3.5    200.       0.7      0.2575] used in the climate model
[4] This is the value of [  2.      3.5   200.      0.7     0.505] used in the climate model
[2] This is the value of [  2.       3.5    200.       0.7      0.7525] used in the climate model
[7] This is the value of [  2.    3.5 200.    0.7   1. ] used in the climate model[7] 
[35] This is the value of [2.0e+00 3.5e+00 2.0e+02 1.0e+00 1.0e-02] used in the climate model
[24] This is the value of [  2.       3.5    200.       1.       0.2575] used in the climate model
[33] This is the value of [  2.    3.5 200.    1.    1. ] used in the climate model
[27] This is the value of [  2.       3.5    200.       1.       0.7525] used in the climate model
[12] This is the value of [  2.      3.5   200.      1.5     0.505] used in the climate model
[28] This is the value of [  2.       3.5    200.       1.5      0.2575] used in the climate model
[34] This is the value of [  2.       3.5    200.       1.5      0.7525] used in the climate model
[23] This is the value of [  2.      3.5   200.      1.      0.505] used in the climate model
[22] This is the value of [  2.    3.5 200.    1.5   1. ] used in the climate model
[30] This is the value of [2.0e+00 3.5e+00 2.0e+02 2.0e+00 1.0e-02] used in the climate model
[17] This is the value of [2.0e+00 3.5e+00 2.0e+02 1.5e+00 1.0e-02] used in the climate model
[37] This is the value of [  2.       3.5    200.       2.       0.2575] used in the climate model
[38] This is the value of [  2.      3.5   200.      2.      0.505] used in the climate model
[19] This is the value of [  2.       3.5    200.       2.       0.7525] used in the climate model
[11] This is the value of [  2.    3.5 200.    2.    1. ] used in the climate model[11] 
[3] This is the value of [2.0e+00 3.5e+00 2.0e+02 3.0e+00 1.0e-02] used in the climate model
[29] This is the value of [  2.       3.5    200.       3.       0.2575] used in the climate model
[5] This is the value of [  2.      3.5   200.      3.      0.505] used in the climate model
[8] This is the value of [  2.    3.5 200.    3.    1. ] used in the climate model
[9] This is the value of [  2.       3.5    200.       3.       0.7525] used in the climate model
[36] This is the value of [2.0e+00 3.5e+00 2.0e+02 4.0e+00 1.0e-02] used in the climate model
[15] This is the value of [  2.       3.5    200.       4.       0.2575] used in the climate model
[6] This is the value of [  2.      3.5   200.      4.      0.505] used in the climate model
[31] This is the value of [  2.       3.5    200.       4.       0.7525] used in the climate model
[21] This is the value of [  2.    3.5 200.    4.    1. ] used in the climate model
[32] This is the value of [  2.       3.5    200.       5.       0.2575] used in the climate model
[13] This is the value of [  2.      3.5   200.      5.      0.505] used in the climate model
[18] This is the value of [  2.       3.5    200.       5.       0.7525] used in the climate model
[10] This is the value of [  2.    3.5 200.    5.    1. ] used in the climate model
[26] This is the value of [2.0e+00 3.5e+00 2.0e+02 6.0e+00 1.0e-02] used in the climate model
[39] This is the value of [  2.      3.5   200.      6.      0.505] used in the climate model
[16] This is the value of [  2.       3.5    200.       6.       0.7525] used in the climate model
[20] This is the value of [  2.    3.5 200.    6.    1. ] used in the climate model
[1] This is the value of [  2.       3.5    200.       8.       0.7525] used in the climate model
[25] This is the value of [  2.    3.5 200.    8.    1. ] used in the climate model
[4] This is the value of [  2.       3.5    200.      10.       0.7525] used in the climate model[4] 
[14] This is the value of [  2.       3.5    250.       0.7      0.2575] used in the climate model[14] 
[24] This is the value of [  2.    3.5 200.   10.    1. ] used in the climate model
[7] This is the value of [  2.      3.5   250.      0.7     0.505] used in the climate model
[34] This is the value of [  2.       3.5    250.       0.7      0.7525] used in the climate model
[12] This is the value of [  2.    3.5 250.    0.7   1. ] used in the climate model
[35] This is the value of [2.0e+00 3.5e+00 2.5e+02 1.0e+00 1.0e-02] used in the climate model
[19] This is the value of [  2.       3.5    250.       1.       0.2575] used in the climate model
[22] This is the value of [  2.      3.5   250.      1.      0.505] used in the climate model[22] 
[33] This is the value of [  2.    3.5 250.    1.    1. ] used in the climate model
[17] This is the value of [2.0e+00 3.5e+00 2.5e+02 1.5e+00 1.0e-02] used in the climate model
[29] This is the value of [  2.       3.5    250.       1.5      0.2575] used in the climate model
[23] This is the value of [  2.      3.5   250.      1.5     0.505] used in the climate model
[27] This is the value of [  2.       3.5    250.       1.       0.7525] used in the climate model
[8] This is the value of [  2.    3.5 250.    1.5   1. ] used in the climate model
[9] This is the value of [  2.       3.5    250.       1.5      0.7525] used in the climate model
[38] This is the value of [  2.       3.5    250.       2.       0.7525] used in the climate model
[28] This is the value of [2.0e+00 3.5e+00 2.5e+02 3.0e+00 1.0e-02] used in the climate model
[30] This is the value of [  2.    3.5 250.    2.    1. ] used in the climate model
[3] This is the value of [  2.       3.5    250.       3.       0.2575] used in the climate model
[37] This is the value of [  2.      3.5   250.      3.      0.505] used in the climate model
[2] This is the value of [  2.       3.5    250.       2.       0.2575] used in the climate model
[11] This is the value of [  2.      3.5   250.      2.      0.505] used in the climate model
[5] This is the value of [2.0e+00 3.5e+00 2.5e+02 2.0e+00 1.0e-02] used in the climate model
[36] This is the value of [  2.       3.5    250.       3.       0.7525] used in the climate model
[6] This is the value of [  2.    3.5 250.    3.    1. ] used in the climate model
[15] This is the value of [2.0e+00 3.5e+00 2.5e+02 4.0e+00 1.0e-02] used in the climate model
[31] This is the value of [  2.       3.5    250.       4.       0.2575] used in the climate model
[21] This is the value of [  2.      3.5   250.      4.      0.505] used in the climate model
[32] This is the value of [  2.       3.5    250.       4.       0.7525] used in the climate model
[18] This is the value of [  2.    3.5 250.    4.    1. ] used in the climate model
[13] This is the value of [2.0e+00 3.5e+00 2.5e+02 5.0e+00 1.0e-02] used in the climate model
[10] This is the value of [  2.       3.5    250.       5.       0.2575] used in the climate model
[20] This is the value of [  2.      3.5   250.      5.      0.505] used in the climate model
[16] This is the value of [  2.       3.5    250.       5.       0.7525] used in the climate model
[26] This is the value of [  2.    3.5 250.    5.    1. ] used in the climate model
[39] This is the value of [2.0e+00 3.5e+00 2.5e+02 6.0e+00 1.0e-02] used in the climate model
[1] This is the value of [  2.       3.5    250.       6.       0.2575] used in the climate model
[25] This is the value of [  2.      3.5   250.      6.      0.505] used in the climate model
[4] This is the value of [  2.       3.5    250.       6.       0.7525] used in the climate model[4] 
[34] This is the value of [  2.    3.5 250.    6.    1. ] used in the climate model[34] 
[14] This is the value of [2.0e+00 3.5e+00 2.5e+02 8.0e+00 1.0e-02] used in the climate model
[24] This is the value of [  2.       3.5    250.       8.       0.2575] used in the climate model
[12] This is the value of [  2.      3.5   250.      8.      0.505] used in the climate model
[35] This is the value of [  2.       3.5    250.       8.       0.7525] used in the climate model
[7] This is the value of [  2.    3.5 250.    8.    1. ] used in the climate model
[19] This is the value of [2.0e+00 3.5e+00 2.5e+02 1.0e+01 1.0e-02] used in the climate model
[33] This is the value of [  2.       3.5    250.      10.       0.2575] used in the climate model
[17] This is the value of [  2.      3.5   250.     10.      0.505] used in the climate model
[22] This is the value of [  2.       3.5    250.      10.       0.7525] used in the climate model
[29] This is the value of [  2.    3.5 250.   10.    1. ] used in the climate model
[3] This is the value of [2.0e+00 3.5e+00 3.0e+02 3.0e-01 1.0e-02] used in the climate model
[28] This is the value of [2.000e+00 3.500e+00 3.000e+02 3.000e-01 2.575e-01] used in the climate model
[23] This is the value of [  2.      3.5   300.      0.3     0.505] used in the climate model
[5] This is the value of [  2.       3.5    300.       0.3      0.7525] used in the climate model
[37] This is the value of [  2.    3.5 300.    0.3   1. ] used in the climate model
[8] This is the value of [2.0e+00 3.5e+00 3.0e+02 7.0e-01 1.0e-02] used in the climate model
[27] This is the value of [2.000e+00 3.500e+00 3.000e+02 7.000e-01 2.575e-01] used in the climate model
[38] This is the value of [  2.      3.5   300.      0.7     0.505] used in the climate model
[9] This is the value of [  2.       3.5    300.       0.7      0.7525] used in the climate model
[2] This is the value of [  2.    3.5 300.    0.7   1. ] used in the climate model
[30] This is the value of [2.0e+00 3.5e+00 3.0e+02 1.0e+00 1.0e-02] used in the climate model
[11] This is the value of [2.000e+00 3.500e+00 3.000e+02 1.000e+00 2.575e-01] used in the climate model
[36] This is the value of [  2.      3.5   300.      1.      0.505] used in the climate model
[6] This is the value of [  2.       3.5    300.       1.       0.7525] used in the climate model
[15] This is the value of [  2.    3.5 300.    1.    1. ] used in the climate model
[31] This is the value of [2.0e+00 3.5e+00 3.0e+02 1.5e+00 1.0e-02] used in the climate model
[13] This is the value of [2.000e+00 3.500e+00 3.000e+02 1.500e+00 2.575e-01] used in the climate model
[21] This is the value of [  2.      3.5   300.      1.5     0.505] used in the climate model
[18] This is the value of [  2.       3.5    300.       1.5      0.7525] used in the climate model
[32] This is the value of [  2.    3.5 300.    1.5   1. ] used in the climate model
[10] This is the value of [2.0e+00 3.5e+00 3.0e+02 2.0e+00 1.0e-02] used in the climate model
[20] This is the value of [2.000e+00 3.500e+00 3.000e+02 2.000e+00 2.575e-01] used in the climate model
[16] This is the value of [  2.      3.5   300.      2.      0.505] used in the climate model
[39] This is the value of [  2.       3.5    300.       2.       0.7525] used in the climate model
[26] This is the value of [  2.    3.5 300.    2.    1. ] used in the climate model
[1] This is the value of [2.0e+00 3.5e+00 3.0e+02 3.0e+00 1.0e-02] used in the climate model
[25] This is the value of [2.000e+00 3.500e+00 3.000e+02 3.000e+00 2.575e-01] used in the climate model
[24] This is the value of [  2.      3.5   300.      3.      0.505] used in the climate model
[7] This is the value of [  2.       3.5    300.       3.       0.7525] used in the climate model
[4] This is the value of [  2.    3.5 300.    3.    1. ] used in the climate model
[35] This is the value of [2.0e+00 3.5e+00 3.0e+02 4.0e+00 1.0e-02] used in the climate model
[34] This is the value of [2.000e+00 3.500e+00 3.000e+02 4.000e+00 2.575e-01] used in the climate model[34] 
[33] This is the value of [  2.      3.5   300.      4.      0.505] used in the climate model
[19] This is the value of [  2.       3.5    300.       4.       0.7525] used in the climate model
[12] This is the value of [  2.    3.5 300.    4.    1. ] used in the climate model
[22] This is the value of [2.0e+00 3.5e+00 3.0e+02 5.0e+00 1.0e-02] used in the climate model
[14] This is the value of [  2.      3.5   300.      5.      0.505] used in the climate model
[17] This is the value of [2.000e+00 3.500e+00 3.000e+02 5.000e+00 2.575e-01] used in the climate model
[29] This is the value of [  2.       3.5    300.       5.       0.7525] used in the climate model
[28] This is the value of [  2.    3.5 300.    5.    1. ] used in the climate model
[23] This is the value of [2.0e+00 3.5e+00 3.0e+02 6.0e+00 1.0e-02] used in the climate model
[3] This is the value of [2.000e+00 3.500e+00 3.000e+02 6.000e+00 2.575e-01] used in the climate model
[37] This is the value of [  2.      3.5   300.      6.      0.505] used in the climate model
[38] This is the value of [  2.       3.5    300.       6.       0.7525] used in the climate model
[27] This is the value of [  2.    3.5 300.    6.    1. ] used in the climate model
[9] This is the value of [2.0e+00 3.5e+00 3.0e+02 8.0e+00 1.0e-02] used in the climate model
[8] This is the value of [2.000e+00 3.500e+00 3.000e+02 8.000e+00 2.575e-01] used in the climate model
[5] This is the value of [  2.      3.5   300.      8.      0.505] used in the climate model[5] 
[30] This is the value of [  2.       3.5    300.       8.       0.7525] used in the climate model
[2] This is the value of [  2.    3.5 300.    8.    1. ] used in the climate model
[11] This is the value of [2.0e+00 3.5e+00 3.0e+02 1.0e+01 1.0e-02] used in the climate model
[33] This is the value of [2.000e+00 3.500e+00 3.000e+02 1.000e+01 2.575e-01] used in the climate model
[36] This is the value of [  2.      3.5   300.     10.      0.505] used in the climate model
[6] This is the value of [  2.       3.5    300.      10.       0.7525] used in the climate model
[15] This is the value of [  2.    3.5 300.   10.    1. ] used in the climate model
[31] This is the value of [2.0e+00 3.5e+00 3.5e+02 3.0e-01 1.0e-02] used in the climate model
[13] This is the value of [2.000e+00 3.500e+00 3.500e+02 3.000e-01 2.575e-01] used in the climate model
[18] This is the value of [2.00e+00 3.50e+00 3.50e+02 3.00e-01 5.05e-01] used in the climate model
[21] This is the value of [2.000e+00 3.500e+00 3.500e+02 3.000e-01 7.525e-01] used in the climate model
[32] This is the value of [2.0e+00 3.5e+00 3.5e+02 3.0e-01 1.0e+00] used in the climate model
[10] This is the value of [2.0e+00 3.5e+00 3.5e+02 7.0e-01 1.0e-02] used in the climate model
[16] This is the value of [2.000e+00 3.500e+00 3.500e+02 7.000e-01 2.575e-01] used in the climate model
[39] This is the value of [  2.      3.5   350.      0.7     0.505] used in the climate model
[1] This is the value of [  2.    3.5 350.    0.7   1. ] used in the climate model[1] 
[26] This is the value of [2.0e+00 3.5e+00 3.5e+02 1.0e+00 1.0e-02] used in the climate model
[20] This is the value of [  2.       3.5    350.       0.7      0.7525] used in the climate model
[25] This is the value of [2.000e+00 3.500e+00 3.500e+02 1.000e+00 2.575e-01] used in the climate model[25] 
[24] This is the value of [  2.      3.5   350.      1.      0.505] used in the climate model
[7] This is the value of [  2.       3.5    350.       1.       0.7525] used in the climate model[7] 
[4] This is the value of [  2.    3.5 350.    1.    1. ] used in the climate model
[35] This is the value of [2.0e+00 3.5e+00 3.5e+02 1.5e+00 1.0e-02] used in the climate model
[19] This is the value of [2.000e+00 3.500e+00 3.500e+02 1.500e+00 2.575e-01] used in the climate model
[29] This is the value of [  2.      3.5   350.      1.5     0.505] used in the climate model
[12] This is the value of [  2.       3.5    350.       1.5      0.7525] used in the climate model
[34] This is the value of [  2.    3.5 350.    1.5   1. ] used in the climate model
[22] This is the value of [2.0e+00 3.5e+00 3.5e+02 2.0e+00 1.0e-02] used in the climate model
[17] This is the value of [2.000e+00 3.500e+00 3.500e+02 2.000e+00 2.575e-01] used in the climate model
[28] This is the value of [  2.      3.5   350.      2.      0.505] used in the climate model
[14] This is the value of [  2.       3.5    350.       2.       0.7525] used in the climate model
[37] This is the value of [  2.    3.5 350.    2.    1. ] used in the climate model
[3] This is the value of [2.0e+00 3.5e+00 3.5e+02 3.0e+00 1.0e-02] used in the climate model
[27] This is the value of [2.000e+00 3.500e+00 3.500e+02 3.000e+00 2.575e-01] used in the climate model
[23] This is the value of [  2.      3.5   350.      3.      0.505] used in the climate model
[38] This is the value of [  2.       3.5    350.       3.       0.7525] used in the climate model
[9] This is the value of [2.0e+00 3.5e+00 3.5e+02 4.0e+00 1.0e-02] used in the climate model
[8] This is the value of [  2.    3.5 350.    3.    1. ] used in the climate model
[5] This is the value of [2.000e+00 3.500e+00 3.500e+02 4.000e+00 2.575e-01] used in the climate model[5] 
[11] This is the value of [  2.      3.5   350.      4.      0.505] used in the climate model
[30] This is the value of [  2.       3.5    350.       4.       0.7525] used in the climate model
[2] This is the value of [  2.    3.5 350.    4.    1. ] used in the climate model
[33] /mmfs1/gscratch/vsm/elizap/MiniNeptuneGrid26_PostBac/Installation&Setup_Instructions/picasofiles/reference
[33] /mmfs1/gscratch/vsm/elizap/MiniNeptuneGrid26_PostBac/Installation&Setup_Instructions/picasofiles/grp/redcat/trds
[33] Input Values: rad_plan=2.0, mh=3.5, tint=300.0, semi_major_AU=10.0, ctoO=0.2575
[33] SUMMARY
[33] -------
[33] Clouds: False
[33] quench False
[33] cold_trap False
[33] vol_rainout False
[33] no_ph3 False
[33] Moist Adiabat: False
[33] Iteration number  0 , min , max temp  252.20510873671898 3525.8696789081273 , flux balance  0.5139670547827151
[33] Iteration number  1 , min , max temp  245.48583574043502 4137.393794475854 , flux balance  0.46891942783198504
[33] Iteration number  2 , min , max temp  234.22630003093258 4653.094477588958 , flux balance  0.40192671771792854
[33] Iteration number  3 , min , max temp  172.51782505524568 5199.9 , flux balance  0.3208950891645185
[33] Iteration number  4 , min , max temp  131.26251138507322 5199.9 , flux balance  0.054636975648999934
[33] Iteration number  5 , min , max temp  90.17752223910506 5199.9 , flux balance  0.007126342295456494
[33] Iteration number  6 , min , max temp  82.27191533956776 5199.9 , flux balance  0.0013578447724550467
[33] Iteration number  7 , min , max temp  31.263558409034246 5199.9 , flux balance  0.00029804226361597496
[33] Iteration number  8 , min , max temp  10.1 5199.9 , flux balance  8.82754544978288e-05
[33] Iteration number  9 , min , max temp  66.86072780627816 5199.9 , flux balance  8.065441728838294e-05
[33] Iterations exceeded it_max ! sorry 
[33] Big iteration is  66.86072780627816 0
[33] Iteration number  0 , min , max temp  66.58547705769544 5199.9 , flux balance  5.168273264983617e-05
[33] Iteration number  1 , min , max temp  10.1 5199.9 , flux balance  -0.0002584500811063026
[33] Iteration number  2 , min , max temp  10.094223885177293 5199.9 , flux balance  -0.0002584500470274833
[33] In t_start: Converged Solution in iterations  2
[33] Big iteration is  10.094223885177293 1
[33] Iteration number  0 , min , max temp  10.084949344241354 5199.9 , flux balance  -0.0002584499923170761
[33] In t_start: Converged Solution in iterations  0
[33] Profile converged before itmx
[33] PICASO returned status 'error' after initial run: ZeroDivisionError: division by zero
[33] This is the value of [2.0e+00 3.5e+00 3.5e+02 5.0e+00 1.0e-02] used in the climate model
[36] This is the value of [2.000e+00 3.500e+00 3.500e+02 5.000e+00 2.575e-01] used in the climate model
[6] This is the value of [  2.      3.5   350.      5.      0.505] used in the climate model
[15] This is the value of [  2.       3.5    350.       5.       0.7525] used in the climate model
[31] This is the value of [  2.    3.5 350.    5.    1. ] used in the climate model
[13] This is the value of [2.0e+00 3.5e+00 3.5e+02 6.0e+00 1.0e-02] used in the climate model
[18] This is the value of [2.000e+00 3.500e+00 3.500e+02 6.000e+00 2.575e-01] used in the climate model
[10] This is the value of [  2.       3.5    350.       6.       0.7525] used in the climate model
[21] This is the value of [  2.      3.5   350.      6.      0.505] used in the climate model
[32] This is the value of [  2.    3.5 350.    6.    1. ] used in the climate model
[16] This is the value of [2.0e+00 3.5e+00 3.5e+02 8.0e+00 1.0e-02] used in the climate model
[26] This is the value of [2.000e+00 3.500e+00 3.500e+02 8.000e+00 2.575e-01] used in the climate model
[1] This is the value of [  2.      3.5   350.      8.      0.505] used in the climate model
[20] This is the value of [  2.       3.5    350.       8.       0.7525] used in the climate model
[39] This is the value of [  2.    3.5 350.    8.    1. ] used in the climate model
[25] This is the value of [2.0e+00 3.5e+00 3.5e+02 1.0e+01 1.0e-02] used in the climate model
[24] This is the value of [2.000e+00 3.500e+00 3.500e+02 1.000e+01 2.575e-01] used in the climate model
[4] This is the value of [  2.      3.5   350.     10.      0.505] used in the climate model
[7] This is the value of [  2.       3.5    350.      10.       0.7525] used in the climate model
[22] This is the value of [  2.    3.5 350.   10.    1. ] used in the climate model
[19] This is the value of [2.0e+00 3.5e+00 4.0e+02 3.0e-01 1.0e-02] used in the climate model
[12] This is the value of [2.000e+00 3.500e+00 4.000e+02 3.000e-01 2.575e-01] used in the climate model
[34] This is the value of [2.00e+00 3.50e+00 4.00e+02 3.00e-01 5.05e-01] used in the climate model
[29] This is the value of [2.000e+00 3.500e+00 4.000e+02 3.000e-01 7.525e-01] used in the climate model
[35] This is the value of [2.0e+00 3.5e+00 4.0e+02 3.0e-01 1.0e+00] used in the climate model
[17] This is the value of [2.0e+00 3.5e+00 4.0e+02 7.0e-01 1.0e-02] used in the climate model
[28] This is the value of [2.000e+00 3.500e+00 4.000e+02 7.000e-01 2.575e-01] used in the climate model
[3] This is the value of [  2.      3.5   400.      0.7     0.505] used in the climate model
[38] This is the value of [  2.       3.5    400.       0.7      0.7525] used in the climate model
[37] This is the value of [  2.    3.5 400.    0.7   1. ] used in the climate model
[14] This is the value of [2.0e+00 3.5e+00 4.0e+02 1.0e+00 1.0e-02] used in the climate model
[23] This is the value of [2.000e+00 3.500e+00 4.000e+02 1.000e+00 2.575e-01] used in the climate model
[27] This is the value of [  2.      3.5   400.      1.      0.505] used in the climate model
[8] This is the value of [  2.       3.5    400.       1.       0.7525] used in the climate model
[9] This is the value of [  2.    3.5 400.    1.    1. ] used in the climate model
[5] This is the value of [2.0e+00 3.5e+00 4.0e+02 1.5e+00 1.0e-02] used in the climate model
[2] This is the value of [2.000e+00 3.500e+00 4.000e+02 1.500e+00 2.575e-01] used in the climate model
[30] This is the value of [  2.      3.5   400.      1.5     0.505] used in the climate model
[11] This is the value of [  2.       3.5    400.       1.5      0.7525] used in the climate model
[33] This is the value of [  2.    3.5 400.    1.5   1. ] used in the climate model
[36] This is the value of [2.0e+00 3.5e+00 4.0e+02 2.0e+00 1.0e-02] used in the climate model
[6] This is the value of [2.000e+00 3.500e+00 4.000e+02 2.000e+00 2.575e-01] used in the climate model
[15] This is the value of [  2.      3.5   400.      2.      0.505] used in the climate model
[13] This is the value of [  2.       3.5    400.       2.       0.7525] used in the climate model
[31] This is the value of [  2.    3.5 400.    2.    1. ] used in the climate model
[18] This is the value of [2.0e+00 3.5e+00 4.0e+02 3.0e+00 1.0e-02] used in the climate model
[21] This is the value of [2.000e+00 3.500e+00 4.000e+02 3.000e+00 2.575e-01] used in the climate model
[32] This is the value of [  2.      3.5   400.      3.      0.505] used in the climate model
[10] This is the value of [  2.       3.5    400.       3.       0.7525] used in the climate model
[16] This is the value of [  2.    3.5 400.    3.    1. ] used in the climate model
[1] This is the value of [2.0e+00 3.5e+00 4.0e+02 4.0e+00 1.0e-02] used in the climate model
[26] This is the value of [2.000e+00 3.500e+00 4.000e+02 4.000e+00 2.575e-01] used in the climate model
[39] This is the value of [  2.      3.5   400.      4.      0.505] used in the climate model
[20] This is the value of [  2.       3.5    400.       4.       0.7525] used in the climate model
[25] This is the value of [  2.    3.5 400.    4.    1. ] used in the climate model
[4] This is the value of [2.0e+00 3.5e+00 4.0e+02 5.0e+00 1.0e-02] used in the climate model
[7] This is the value of [2.000e+00 3.500e+00 4.000e+02 5.000e+00 2.575e-01] used in the climate model
[24] This is the value of [  2.      3.5   400.      5.      0.505] used in the climate model
[29] This is the value of [  2.       3.5    400.       5.       0.7525] used in the climate model
[19] This is the value of [  2.    3.5 400.    5.    1. ] used in the climate model
[34] This is the value of [2.0e+00 3.5e+00 4.0e+02 6.0e+00 1.0e-02] used in the climate model
[17] This is the value of [2.000e+00 3.500e+00 4.000e+02 6.000e+00 2.575e-01] used in the climate model
[35] This is the value of [  2.      3.5   400.      6.      0.505] used in the climate model
[12] This is the value of [  2.       3.5    400.       6.       0.7525] used in the climate model
[22] This is the value of [  2.    3.5 400.    6.    1. ] used in the climate model
[28] This is the value of [2.0e+00 3.5e+00 4.0e+02 8.0e+00 1.0e-02] used in the climate model
[3] This is the value of [2.000e+00 3.500e+00 4.000e+02 8.000e+00 2.575e-01] used in the climate model[3] 
[14] This is the value of [  2.      3.5   400.      8.      0.505] used in the climate model
[8] This is the value of [  2.    3.5 400.    8.    1. ] used in the climate model
[38] This is the value of [  2.       3.5    400.       8.       0.7525] used in the climate model
[27] This is the value of [2.0e+00 3.5e+00 4.0e+02 1.0e+01 1.0e-02] used in the climate model
[23] This is the value of [2.000e+00 3.500e+00 4.000e+02 1.000e+01 2.575e-01] used in the climate model
[9] This is the value of [  2.      3.5   400.     10.      0.505] used in the climate model
[37] This is the value of [  2.       3.5    400.      10.       0.7525] used in the climate model
[5] This is the value of [  2.    3.5 400.   10.    1. ] used in the climate model
