/mmfs1/gscratch/vsm/elizap/MiniNeptuneGrid26_PostBac/Installation&Setup_Instructions/picasofiles/reference
/mmfs1/gscratch/vsm/elizap/MiniNeptuneGrid26_PostBac/Installation&Setup_Instructions/picasofiles/grp/redcat/trds
/mmfs1/gscratch/vsm/elizap/MiniNeptuneGrid26_PostBac/Installation&Setup_Instructions/picasofiles/reference
/mmfs1/gscratch/vsm/elizap/MiniNeptuneGrid26_PostBac/Installation&Setup_Instructions/picasofiles/grp/redcat/trds
Loaded case list: results/modernearth_175minimatches_phase0.npy  (175 cases)
Photochem match found for inputs: [2.000e+00 3.125e+00 3.000e+02 2.000e+00 1.000e-02 5.000e+00]
Photochem match found for inputs: [2.0e+00 3.5e+00 3.5e+02 7.0e-01 1.0e-02 5.0e+00]
/mmfs1/gscratch/vsm/elizap/MiniNeptuneGrid26_PostBac/Installation&Setup_Instructions/picasofiles/reference
/mmfs1/gscratch/vsm/elizap/MiniNeptuneGrid26_PostBac/Installation&Setup_Instructions/picasofiles/grp/redcat/trds
/mmfs1/gscratch/vsm/elizap/MiniNeptuneGrid26_PostBac/Installation&Setup_Instructions/picasofiles/reference
/mmfs1/gscratch/vsm/elizap/MiniNeptuneGrid26_PostBac/Installation&Setup_Instructions/picasofiles/grp/redcat/trds
Loaded case list: results/modernearth_175minimatches_phase0.npy  (175 cases)
Photochem match found for inputs: [  2.       3.125  250.       1.       0.2575   5.    ]
Photochem match found for inputs: [  2.      3.5   300.      2.      0.505   5.   ]
/mmfs1/gscratch/vsm/elizap/MiniNeptuneGrid26_PostBac/Installation&Setup_Instructions/picasofiles/reference
/mmfs1/gscratch/vsm/elizap/MiniNeptuneGrid26_PostBac/Installation&Setup_Instructions/picasofiles/grp/redcat/trds
/mmfs1/gscratch/vsm/elizap/MiniNeptuneGrid26_PostBac/Installation&Setup_Instructions/picasofiles/reference
/mmfs1/gscratch/vsm/elizap/MiniNeptuneGrid26_PostBac/Installation&Setup_Instructions/picasofiles/grp/redcat/trds
Loaded case list: results/modernearth_175minimatches_phase0.npy  (175 cases)
Photochem match found for inputs: [2.000e+00 3.125e+00 3.500e+02 2.000e+00 1.000e-02 5.000e+00]
Photochem match found for inputs: [2.000e+00 3.500e+00 3.000e+02 2.000e+00 2.575e-01 5.000e+00]
/mmfs1/gscratch/vsm/elizap/MiniNeptuneGrid26_PostBac/Installation&Setup_Instructions/picasofiles/reference
/mmfs1/gscratch/vsm/elizap/MiniNeptuneGrid26_PostBac/Installation&Setup_Instructions/picasofiles/grp/redcat/trds
/mmfs1/gscratch/vsm/elizap/MiniNeptuneGrid26_PostBac/Installation&Setup_Instructions/picasofiles/reference
/mmfs1/gscratch/vsm/elizap/MiniNeptuneGrid26_PostBac/Installation&Setup_Instructions/picasofiles/grp/redcat/trds
Loaded case list: results/modernearth_175minimatches_phase0.npy  (175 cases)
Photochem match found for inputs: [  2.       3.125  200.       0.7      0.2575   5.    ]
Photochem match found for inputs: [2.000e+00 3.500e+00 3.000e+02 1.500e+00 2.575e-01 5.000e+00]
/mmfs1/gscratch/vsm/elizap/MiniNeptuneGrid26_PostBac/Installation&Setup_Instructions/picasofiles/reference
/mmfs1/gscratch/vsm/elizap/MiniNeptuneGrid26_PostBac/Installation&Setup_Instructions/picasofiles/grp/redcat/trds
/mmfs1/gscratch/vsm/elizap/MiniNeptuneGrid26_PostBac/Installation&Setup_Instructions/picasofiles/reference
/mmfs1/gscratch/vsm/elizap/MiniNeptuneGrid26_PostBac/Installation&Setup_Instructions/picasofiles/grp/redcat/trds
Loaded case list: results/modernearth_175minimatches_phase0.npy  (175 cases)
Photochem match found for inputs: [2.000e+00 3.125e+00 3.000e+02 2.000e+00 2.575e-01 5.000e+00]
Photochem match found for inputs: [2.000e+00 3.500e+00 3.000e+02 2.000e+00 2.575e-01 7.000e+00]
/mmfs1/gscratch/vsm/elizap/MiniNeptuneGrid26_PostBac/Installation&Setup_Instructions/picasofiles/reference
/mmfs1/gscratch/vsm/elizap/MiniNeptuneGrid26_PostBac/Installation&Setup_Instructions/picasofiles/grp/redcat/trds
/mmfs1/gscratch/vsm/elizap/MiniNeptuneGrid26_PostBac/Installation&Setup_Instructions/picasofiles/reference
/mmfs1/gscratch/vsm/elizap/MiniNeptuneGrid26_PostBac/Installation&Setup_Instructions/picasofiles/grp/redcat/trds
Loaded case list: results/modernearth_175minimatches_phase0.npy  (175 cases)
Photochem match found for inputs: [2.000e+00 3.125e+00 3.500e+02 1.500e+00 1.000e-02 7.000e+00]
Photochem match found for inputs: [2.000e+00 3.500e+00 3.000e+02 1.500e+00 2.575e-01 7.000e+00]
/mmfs1/gscratch/vsm/elizap/MiniNeptuneGrid26_PostBac/Installation&Setup_Instructions/picasofiles/reference
/mmfs1/gscratch/vsm/elizap/MiniNeptuneGrid26_PostBac/Installation&Setup_Instructions/picasofiles/grp/redcat/trds
/mmfs1/gscratch/vsm/elizap/MiniNeptuneGrid26_PostBac/Installation&Setup_Instructions/picasofiles/reference
/mmfs1/gscratch/vsm/elizap/MiniNeptuneGrid26_PostBac/Installation&Setup_Instructions/picasofiles/grp/redcat/trds
Loaded case list: results/modernearth_175minimatches_phase0.npy  (175 cases)
Photochem match found for inputs: [  2.       3.125  250.       0.7      0.2575   5.    ]
Photochem match found for inputs: [  2.      3.5   300.      1.5     0.505   5.   ]
/mmfs1/gscratch/vsm/elizap/MiniNeptuneGrid26_PostBac/Installation&Setup_Instructions/picasofiles/reference
/mmfs1/gscratch/vsm/elizap/MiniNeptuneGrid26_PostBac/Installation&Setup_Instructions/picasofiles/grp/redcat/trds
/mmfs1/gscratch/vsm/elizap/MiniNeptuneGrid26_PostBac/Installation&Setup_Instructions/picasofiles/reference
/mmfs1/gscratch/vsm/elizap/MiniNeptuneGrid26_PostBac/Installation&Setup_Instructions/picasofiles/grp/redcat/trds
Loaded case list: results/modernearth_175minimatches_phase0.npy  (175 cases)
Photochem match found for inputs: [2.000e+00 3.125e+00 3.000e+02 1.000e+00 2.575e-01 5.000e+00]
Photochem match found for inputs: [2.0e+00 3.5e+00 3.0e+02 1.5e+00 1.0e-02 7.0e+00]
/mmfs1/gscratch/vsm/elizap/MiniNeptuneGrid26_PostBac/Installation&Setup_Instructions/picasofiles/reference
/mmfs1/gscratch/vsm/elizap/MiniNeptuneGrid26_PostBac/Installation&Setup_Instructions/picasofiles/grp/redcat/trds
/mmfs1/gscratch/vsm/elizap/MiniNeptuneGrid26_PostBac/Installation&Setup_Instructions/picasofiles/reference
/mmfs1/gscratch/vsm/elizap/MiniNeptuneGrid26_PostBac/Installation&Setup_Instructions/picasofiles/grp/redcat/trds
Loaded case list: results/modernearth_175minimatches_phase0.npy  (175 cases)
Photochem match found for inputs: [2.000e+00 3.125e+00 1.500e+02 7.000e-01 1.000e-02 7.000e+00]
Photochem match found for inputs: [2.000e+00 3.500e+00 3.000e+02 3.000e+00 2.575e-01 5.000e+00]
/mmfs1/gscratch/vsm/elizap/MiniNeptuneGrid26_PostBac/Installation&Setup_Instructions/picasofiles/reference
/mmfs1/gscratch/vsm/elizap/MiniNeptuneGrid26_PostBac/Installation&Setup_Instructions/picasofiles/grp/redcat/trds
/mmfs1/gscratch/vsm/elizap/MiniNeptuneGrid26_PostBac/Installation&Setup_Instructions/picasofiles/reference
/mmfs1/gscratch/vsm/elizap/MiniNeptuneGrid26_PostBac/Installation&Setup_Instructions/picasofiles/grp/redcat/trds
Loaded case list: results/modernearth_175minimatches_phase0.npy  (175 cases)
Photochem match found for inputs: [2.000e+00 3.125e+00 3.500e+02 1.000e+00 1.000e-02 5.000e+00]
Photochem match found for inputs: [2.0e+00 3.5e+00 3.0e+02 1.5e+00 1.0e-02 5.0e+00]
/mmfs1/gscratch/vsm/elizap/MiniNeptuneGrid26_PostBac/Installation&Setup_Instructions/picasofiles/reference
/mmfs1/gscratch/vsm/elizap/MiniNeptuneGrid26_PostBac/Installation&Setup_Instructions/picasofiles/grp/redcat/trds
/mmfs1/gscratch/vsm/elizap/MiniNeptuneGrid26_PostBac/Installation&Setup_Instructions/picasofiles/reference
/mmfs1/gscratch/vsm/elizap/MiniNeptuneGrid26_PostBac/Installation&Setup_Instructions/picasofiles/grp/redcat/trds
Loaded case list: results/modernearth_175minimatches_phase0.npy  (175 cases)
Photochem match found for inputs: [2.000e+00 3.125e+00 3.500e+02 1.500e+00 1.000e-02 5.000e+00]
Photochem match found for inputs: [2.0e+00 3.5e+00 3.0e+02 2.0e+00 1.0e-02 7.0e+00]
/mmfs1/gscratch/vsm/elizap/MiniNeptuneGrid26_PostBac/Installation&Setup_Instructions/picasofiles/reference
/mmfs1/gscratch/vsm/elizap/MiniNeptuneGrid26_PostBac/Installation&Setup_Instructions/picasofiles/grp/redcat/trds
/mmfs1/gscratch/vsm/elizap/MiniNeptuneGrid26_PostBac/Installation&Setup_Instructions/picasofiles/reference
/mmfs1/gscratch/vsm/elizap/MiniNeptuneGrid26_PostBac/Installation&Setup_Instructions/picasofiles/grp/redcat/trds
Loaded case list: results/modernearth_175minimatches_phase0.npy  (175 cases)
Photochem match found for inputs: [2.000e+00 3.125e+00 3.000e+02 7.000e-01 1.000e-02 5.000e+00]
Photochem match found for inputs: [2.0e+00 3.5e+00 3.0e+02 2.0e+00 1.0e-02 5.0e+00]
/mmfs1/gscratch/vsm/elizap/MiniNeptuneGrid26_PostBac/Installation&Setup_Instructions/picasofiles/reference
/mmfs1/gscratch/vsm/elizap/MiniNeptuneGrid26_PostBac/Installation&Setup_Instructions/picasofiles/grp/redcat/trds
/mmfs1/gscratch/vsm/elizap/MiniNeptuneGrid26_PostBac/Installation&Setup_Instructions/picasofiles/reference
/mmfs1/gscratch/vsm/elizap/MiniNeptuneGrid26_PostBac/Installation&Setup_Instructions/picasofiles/grp/redcat/trds
Loaded case list: results/modernearth_175minimatches_phase0.npy  (175 cases)
Photochem match found for inputs: [2.000e+00 3.125e+00 4.000e+02 1.500e+00 1.000e-02 7.000e+00]
Photochem match found for inputs: [  2.      3.5   250.      2.      0.505   5.   ]
/mmfs1/gscratch/vsm/elizap/MiniNeptuneGrid26_PostBac/Installation&Setup_Instructions/picasofiles/reference
/mmfs1/gscratch/vsm/elizap/MiniNeptuneGrid26_PostBac/Installation&Setup_Instructions/picasofiles/grp/redcat/trds
/mmfs1/gscratch/vsm/elizap/MiniNeptuneGrid26_PostBac/Installation&Setup_Instructions/picasofiles/reference
/mmfs1/gscratch/vsm/elizap/MiniNeptuneGrid26_PostBac/Installation&Setup_Instructions/picasofiles/grp/redcat/trds
Loaded case list: results/modernearth_175minimatches_phase0.npy  (175 cases)
Photochem match found for inputs: [  2.       3.125  200.       1.       0.2575   5.    ]
Photochem match found for inputs: [2.0e+00 3.5e+00 3.0e+02 6.0e+00 1.0e-02 5.0e+00]
/mmfs1/gscratch/vsm/elizap/MiniNeptuneGrid26_PostBac/Installation&Setup_Instructions/picasofiles/reference
/mmfs1/gscratch/vsm/elizap/MiniNeptuneGrid26_PostBac/Installation&Setup_Instructions/picasofiles/grp/redcat/trds
/mmfs1/gscratch/vsm/elizap/MiniNeptuneGrid26_PostBac/Installation&Setup_Instructions/picasofiles/reference
/mmfs1/gscratch/vsm/elizap/MiniNeptuneGrid26_PostBac/Installation&Setup_Instructions/picasofiles/grp/redcat/trds
Loaded case list: results/modernearth_175minimatches_phase0.npy  (175 cases)
Photochem match found for inputs: [2.000e+00 3.125e+00 3.000e+02 1.000e+00 1.000e-02 7.000e+00]
Photochem match found for inputs: [2.000e+00 3.500e+00 3.000e+02 4.000e+00 2.575e-01 5.000e+00]
/mmfs1/gscratch/vsm/elizap/MiniNeptuneGrid26_PostBac/Installation&Setup_Instructions/picasofiles/reference
/mmfs1/gscratch/vsm/elizap/MiniNeptuneGrid26_PostBac/Installation&Setup_Instructions/picasofiles/grp/redcat/trds
/mmfs1/gscratch/vsm/elizap/MiniNeptuneGrid26_PostBac/Installation&Setup_Instructions/picasofiles/reference
/mmfs1/gscratch/vsm/elizap/MiniNeptuneGrid26_PostBac/Installation&Setup_Instructions/picasofiles/grp/redcat/trds
Loaded case list: results/modernearth_175minimatches_phase0.npy  (175 cases)
Photochem match found for inputs: [2.000e+00 3.125e+00 4.000e+02 1.000e+00 2.575e-01 5.000e+00]
Photochem match found for inputs: [2.0e+00 3.5e+00 2.5e+02 2.0e+00 1.0e-02 7.0e+00]
/mmfs1/gscratch/vsm/elizap/MiniNeptuneGrid26_PostBac/Installation&Setup_Instructions/picasofiles/reference
/mmfs1/gscratch/vsm/elizap/MiniNeptuneGrid26_PostBac/Installation&Setup_Instructions/picasofiles/grp/redcat/trds
/mmfs1/gscratch/vsm/elizap/MiniNeptuneGrid26_PostBac/Installation&Setup_Instructions/picasofiles/reference
/mmfs1/gscratch/vsm/elizap/MiniNeptuneGrid26_PostBac/Installation&Setup_Instructions/picasofiles/grp/redcat/trds
Loaded case list: results/modernearth_175minimatches_phase0.npy  (175 cases)
Photochem match found for inputs: [2.000e+00 3.125e+00 4.000e+02 1.000e+00 2.575e-01 7.000e+00]
Photochem match found for inputs: [  2.       3.5    250.       2.       0.2575   7.    ]
/mmfs1/gscratch/vsm/elizap/MiniNeptuneGrid26_PostBac/Installation&Setup_Instructions/picasofiles/reference
/mmfs1/gscratch/vsm/elizap/MiniNeptuneGrid26_PostBac/Installation&Setup_Instructions/picasofiles/grp/redcat/trds
/mmfs1/gscratch/vsm/elizap/MiniNeptuneGrid26_PostBac/Installation&Setup_Instructions/picasofiles/reference
/mmfs1/gscratch/vsm/elizap/MiniNeptuneGrid26_PostBac/Installation&Setup_Instructions/picasofiles/grp/redcat/trds
Loaded case list: results/modernearth_175minimatches_phase0.npy  (175 cases)
Photochem match found for inputs: [2.000e+00 3.125e+00 3.500e+02 2.000e+00 2.575e-01 5.000e+00]
Photochem match found for inputs: [  2.       3.5    250.       3.       0.2575   7.    ]
/mmfs1/gscratch/vsm/elizap/MiniNeptuneGrid26_PostBac/Installation&Setup_Instructions/picasofiles/reference
/mmfs1/gscratch/vsm/elizap/MiniNeptuneGrid26_PostBac/Installation&Setup_Instructions/picasofiles/grp/redcat/trds
/mmfs1/gscratch/vsm/elizap/MiniNeptuneGrid26_PostBac/Installation&Setup_Instructions/picasofiles/reference
/mmfs1/gscratch/vsm/elizap/MiniNeptuneGrid26_PostBac/Installation&Setup_Instructions/picasofiles/grp/redcat/trds
Loaded case list: results/modernearth_175minimatches_phase0.npy  (175 cases)
Photochem match found for inputs: [2.000e+00 3.125e+00 1.500e+02 7.000e-01 1.000e-02 5.000e+00]
Photochem match found for inputs: [2.0e+00 3.5e+00 3.0e+02 5.0e+00 1.0e-02 7.0e+00]
/mmfs1/gscratch/vsm/elizap/MiniNeptuneGrid26_PostBac/Installation&Setup_Instructions/picasofiles/reference
/mmfs1/gscratch/vsm/elizap/MiniNeptuneGrid26_PostBac/Installation&Setup_Instructions/picasofiles/grp/redcat/trds
/mmfs1/gscratch/vsm/elizap/MiniNeptuneGrid26_PostBac/Installation&Setup_Instructions/picasofiles/reference
/mmfs1/gscratch/vsm/elizap/MiniNeptuneGrid26_PostBac/Installation&Setup_Instructions/picasofiles/grp/redcat/trds
Loaded case list: results/modernearth_175minimatches_phase0.npy  (175 cases)
Photochem match found for inputs: [2.000e+00 3.125e+00 3.000e+02 1.000e+00 1.000e-02 5.000e+00]
Photochem match found for inputs: [2.0e+00 3.5e+00 3.0e+02 5.0e+00 1.0e-02 5.0e+00]
/mmfs1/gscratch/vsm/elizap/MiniNeptuneGrid26_PostBac/Installation&Setup_Instructions/picasofiles/reference
/mmfs1/gscratch/vsm/elizap/MiniNeptuneGrid26_PostBac/Installation&Setup_Instructions/picasofiles/grp/redcat/trds
/mmfs1/gscratch/vsm/elizap/MiniNeptuneGrid26_PostBac/Installation&Setup_Instructions/picasofiles/reference
/mmfs1/gscratch/vsm/elizap/MiniNeptuneGrid26_PostBac/Installation&Setup_Instructions/picasofiles/grp/redcat/trds
Loaded case list: results/modernearth_175minimatches_phase0.npy  (175 cases)
Photochem match found for inputs: [2.000e+00 3.125e+00 4.000e+02 1.500e+00 2.575e-01 5.000e+00]
Photochem match found for inputs: [  2.       3.5    250.       2.       0.2575   5.    ]
/mmfs1/gscratch/vsm/elizap/MiniNeptuneGrid26_PostBac/Installation&Setup_Instructions/picasofiles/reference
/mmfs1/gscratch/vsm/elizap/MiniNeptuneGrid26_PostBac/Installation&Setup_Instructions/picasofiles/grp/redcat/trds
/mmfs1/gscratch/vsm/elizap/MiniNeptuneGrid26_PostBac/Installation&Setup_Instructions/picasofiles/reference
/mmfs1/gscratch/vsm/elizap/MiniNeptuneGrid26_PostBac/Installation&Setup_Instructions/picasofiles/grp/redcat/trds
Loaded case list: results/modernearth_175minimatches_phase0.npy  (175 cases)
Photochem match found for inputs: [2.000e+00 3.125e+00 4.000e+02 1.000e+00 1.000e-02 7.000e+00]
Photochem match found for inputs: [  2.       3.5    250.       3.       0.2575   5.    ]
/mmfs1/gscratch/vsm/elizap/MiniNeptuneGrid26_PostBac/Installation&Setup_Instructions/picasofiles/reference
/mmfs1/gscratch/vsm/elizap/MiniNeptuneGrid26_PostBac/Installation&Setup_Instructions/picasofiles/grp/redcat/trds
/mmfs1/gscratch/vsm/elizap/MiniNeptuneGrid26_PostBac/Installation&Setup_Instructions/picasofiles/reference
/mmfs1/gscratch/vsm/elizap/MiniNeptuneGrid26_PostBac/Installation&Setup_Instructions/picasofiles/grp/redcat/trds
Loaded case list: results/modernearth_175minimatches_phase0.npy  (175 cases)
Photochem match found for inputs: [  2.      3.5   200.      1.5     0.505   7.   ]
Photochem match found for inputs: [2.000e+00 3.500e+00 4.000e+02 1.500e+00 2.575e-01 9.000e+00]
/mmfs1/gscratch/vsm/elizap/MiniNeptuneGrid26_PostBac/Installation&Setup_Instructions/picasofiles/reference
/mmfs1/gscratch/vsm/elizap/MiniNeptuneGrid26_PostBac/Installation&Setup_Instructions/picasofiles/grp/redcat/trds
/mmfs1/gscratch/vsm/elizap/MiniNeptuneGrid26_PostBac/Installation&Setup_Instructions/picasofiles/reference
/mmfs1/gscratch/vsm/elizap/MiniNeptuneGrid26_PostBac/Installation&Setup_Instructions/picasofiles/grp/redcat/trds
Loaded case list: results/modernearth_175minimatches_phase0.npy  (175 cases)
Photochem match found for inputs: [  2.      3.5   150.      1.      0.505   7.   ]
Photochem match found for inputs: [2.000e+00 3.500e+00 4.000e+02 7.000e-01 2.575e-01 5.000e+00]
/mmfs1/gscratch/vsm/elizap/MiniNeptuneGrid26_PostBac/Installation&Setup_Instructions/picasofiles/reference
/mmfs1/gscratch/vsm/elizap/MiniNeptuneGrid26_PostBac/Installation&Setup_Instructions/picasofiles/grp/redcat/trds
/mmfs1/gscratch/vsm/elizap/MiniNeptuneGrid26_PostBac/Installation&Setup_Instructions/picasofiles/reference
/mmfs1/gscratch/vsm/elizap/MiniNeptuneGrid26_PostBac/Installation&Setup_Instructions/picasofiles/grp/redcat/trds
Loaded case list: results/modernearth_175minimatches_phase0.npy  (175 cases)
Photochem match found for inputs: [2.0e+00 3.5e+00 2.5e+02 1.5e+00 1.0e-02 5.0e+00]
Photochem match found for inputs: [2.000e+00 3.500e+00 4.000e+02 1.500e+00 2.575e-01 7.000e+00]
/mmfs1/gscratch/vsm/elizap/MiniNeptuneGrid26_PostBac/Installation&Setup_Instructions/picasofiles/reference
/mmfs1/gscratch/vsm/elizap/MiniNeptuneGrid26_PostBac/Installation&Setup_Instructions/picasofiles/grp/redcat/trds
/mmfs1/gscratch/vsm/elizap/MiniNeptuneGrid26_PostBac/Installation&Setup_Instructions/picasofiles/reference
/mmfs1/gscratch/vsm/elizap/MiniNeptuneGrid26_PostBac/Installation&Setup_Instructions/picasofiles/grp/redcat/trds
Loaded case list: results/modernearth_175minimatches_phase0.npy  (175 cases)
Photochem match found for inputs: [2.0e+00 3.5e+00 2.0e+02 1.0e+00 1.0e-02 5.0e+00]
Photochem match found for inputs: [  2.      3.5   400.      1.      0.505   5.   ]
/mmfs1/gscratch/vsm/elizap/MiniNeptuneGrid26_PostBac/Installation&Setup_Instructions/picasofiles/reference
/mmfs1/gscratch/vsm/elizap/MiniNeptuneGrid26_PostBac/Installation&Setup_Instructions/picasofiles/grp/redcat/trds
/mmfs1/gscratch/vsm/elizap/MiniNeptuneGrid26_PostBac/Installation&Setup_Instructions/picasofiles/reference
/mmfs1/gscratch/vsm/elizap/MiniNeptuneGrid26_PostBac/Installation&Setup_Instructions/picasofiles/grp/redcat/trds
Loaded case list: results/modernearth_175minimatches_phase0.npy  (175 cases)
Photochem match found for inputs: [2.0e+00 3.5e+00 2.0e+02 1.5e+00 1.0e-02 5.0e+00]
Photochem match found for inputs: [  2.      3.5   400.      1.5     0.505   9.   ]
/mmfs1/gscratch/vsm/elizap/MiniNeptuneGrid26_PostBac/Installation&Setup_Instructions/picasofiles/reference
/mmfs1/gscratch/vsm/elizap/MiniNeptuneGrid26_PostBac/Installation&Setup_Instructions/picasofiles/grp/redcat/trds
/mmfs1/gscratch/vsm/elizap/MiniNeptuneGrid26_PostBac/Installation&Setup_Instructions/picasofiles/reference
/mmfs1/gscratch/vsm/elizap/MiniNeptuneGrid26_PostBac/Installation&Setup_Instructions/picasofiles/grp/redcat/trds
Loaded case list: results/modernearth_175minimatches_phase0.npy  (175 cases)
Photochem match found for inputs: [2.0e+00 3.5e+00 2.5e+02 1.5e+00 1.0e-02 7.0e+00]
Photochem match found for inputs: [  2.      3.5   400.      1.5     0.505   5.   ]
/mmfs1/gscratch/vsm/elizap/MiniNeptuneGrid26_PostBac/Installation&Setup_Instructions/picasofiles/reference
/mmfs1/gscratch/vsm/elizap/MiniNeptuneGrid26_PostBac/Installation&Setup_Instructions/picasofiles/grp/redcat/trds
/mmfs1/gscratch/vsm/elizap/MiniNeptuneGrid26_PostBac/Installation&Setup_Instructions/picasofiles/reference
/mmfs1/gscratch/vsm/elizap/MiniNeptuneGrid26_PostBac/Installation&Setup_Instructions/picasofiles/grp/redcat/trds
Loaded case list: results/modernearth_175minimatches_phase0.npy  (175 cases)
Photochem match found for inputs: [2.000e+00 3.125e+00 4.000e+02 5.000e+00 1.000e-02 5.000e+00]
Photochem match found for inputs: [  2.      3.5   350.      1.      0.505   7.   ]
/mmfs1/gscratch/vsm/elizap/MiniNeptuneGrid26_PostBac/Installation&Setup_Instructions/picasofiles/reference
/mmfs1/gscratch/vsm/elizap/MiniNeptuneGrid26_PostBac/Installation&Setup_Instructions/picasofiles/grp/redcat/trds
/mmfs1/gscratch/vsm/elizap/MiniNeptuneGrid26_PostBac/Installation&Setup_Instructions/picasofiles/reference
/mmfs1/gscratch/vsm/elizap/MiniNeptuneGrid26_PostBac/Installation&Setup_Instructions/picasofiles/grp/redcat/trds
Loaded case list: results/modernearth_175minimatches_phase0.npy  (175 cases)
Photochem match found for inputs: [  2.      3.5   200.      1.5     0.505   5.   ]
Photochem match found for inputs: [  2.      3.5   400.      1.5     0.505   7.   ]
/mmfs1/gscratch/vsm/elizap/MiniNeptuneGrid26_PostBac/Installation&Setup_Instructions/picasofiles/reference
/mmfs1/gscratch/vsm/elizap/MiniNeptuneGrid26_PostBac/Installation&Setup_Instructions/picasofiles/grp/redcat/trds
/mmfs1/gscratch/vsm/elizap/MiniNeptuneGrid26_PostBac/Installation&Setup_Instructions/picasofiles/reference
/mmfs1/gscratch/vsm/elizap/MiniNeptuneGrid26_PostBac/Installation&Setup_Instructions/picasofiles/grp/redcat/trds
Loaded case list: results/modernearth_175minimatches_phase0.npy  (175 cases)
Photochem match found for inputs: [  2.      3.5   250.      1.5     0.505   5.   ]
Photochem match found for inputs: [2.0e+00 3.5e+00 4.0e+02 1.0e+00 1.0e-02 5.0e+00]
/mmfs1/gscratch/vsm/elizap/MiniNeptuneGrid26_PostBac/Installation&Setup_Instructions/picasofiles/reference
/mmfs1/gscratch/vsm/elizap/MiniNeptuneGrid26_PostBac/Installation&Setup_Instructions/picasofiles/grp/redcat/trds
/mmfs1/gscratch/vsm/elizap/MiniNeptuneGrid26_PostBac/Installation&Setup_Instructions/picasofiles/reference
/mmfs1/gscratch/vsm/elizap/MiniNeptuneGrid26_PostBac/Installation&Setup_Instructions/picasofiles/grp/redcat/trds
Loaded case list: results/modernearth_175minimatches_phase0.npy  (175 cases)
Photochem match found for inputs: [  2.      3.5   150.      0.7     0.505   5.   ]
Photochem match found for inputs: [  2.      3.5   350.      1.5     0.505   9.   ]
/mmfs1/gscratch/vsm/elizap/MiniNeptuneGrid26_PostBac/Installation&Setup_Instructions/picasofiles/reference
/mmfs1/gscratch/vsm/elizap/MiniNeptuneGrid26_PostBac/Installation&Setup_Instructions/picasofiles/grp/redcat/trds
/mmfs1/gscratch/vsm/elizap/MiniNeptuneGrid26_PostBac/Installation&Setup_Instructions/picasofiles/reference
/mmfs1/gscratch/vsm/elizap/MiniNeptuneGrid26_PostBac/Installation&Setup_Instructions/picasofiles/grp/redcat/trds
Loaded case list: results/modernearth_175minimatches_phase0.npy  (175 cases)
Photochem match found for inputs: [  2.      3.5   150.      1.      0.505   5.   ]
Photochem match found for inputs: [  2.      3.5   400.      1.      0.505   7.   ]
/mmfs1/gscratch/vsm/elizap/MiniNeptuneGrid26_PostBac/Installation&Setup_Instructions/picasofiles/reference
/mmfs1/gscratch/vsm/elizap/MiniNeptuneGrid26_PostBac/Installation&Setup_Instructions/picasofiles/grp/redcat/trds
/mmfs1/gscratch/vsm/elizap/MiniNeptuneGrid26_PostBac/Installation&Setup_Instructions/picasofiles/reference
/mmfs1/gscratch/vsm/elizap/MiniNeptuneGrid26_PostBac/Installation&Setup_Instructions/picasofiles/grp/redcat/trds
Loaded case list: results/modernearth_175minimatches_phase0.npy  (175 cases)
Photochem match found for inputs: [  2.       3.5    200.       0.7      0.2575   5.    ]
Photochem match found for inputs: [  2.      3.5   350.      1.5     0.505   5.   ]
/mmfs1/gscratch/vsm/elizap/MiniNeptuneGrid26_PostBac/Installation&Setup_Instructions/picasofiles/reference
/mmfs1/gscratch/vsm/elizap/MiniNeptuneGrid26_PostBac/Installation&Setup_Instructions/picasofiles/grp/redcat/trds
/mmfs1/gscratch/vsm/elizap/MiniNeptuneGrid26_PostBac/Installation&Setup_Instructions/picasofiles/reference
/mmfs1/gscratch/vsm/elizap/MiniNeptuneGrid26_PostBac/Installation&Setup_Instructions/picasofiles/grp/redcat/trds
Loaded case list: results/modernearth_175minimatches_phase0.npy  (175 cases)
Photochem match found for inputs: [  2.      3.5   250.      1.      0.505   7.   ]
Photochem match found for inputs: [2.000e+00 3.500e+00 3.500e+02 6.000e+00 2.575e-01 7.000e+00]
/mmfs1/gscratch/vsm/elizap/MiniNeptuneGrid26_PostBac/Installation&Setup_Instructions/picasofiles/reference
/mmfs1/gscratch/vsm/elizap/MiniNeptuneGrid26_PostBac/Installation&Setup_Instructions/picasofiles/grp/redcat/trds
/mmfs1/gscratch/vsm/elizap/MiniNeptuneGrid26_PostBac/Installation&Setup_Instructions/picasofiles/reference
/mmfs1/gscratch/vsm/elizap/MiniNeptuneGrid26_PostBac/Installation&Setup_Instructions/picasofiles/grp/redcat/trds
Loaded case list: results/modernearth_175minimatches_phase0.npy  (175 cases)
Photochem match found for inputs: [  2.       3.5    250.       1.       0.2575   5.    ]
Photochem match found for inputs: [2.000e+00 3.500e+00 4.000e+02 7.000e-01 2.575e-01 7.000e+00]
/mmfs1/gscratch/vsm/elizap/MiniNeptuneGrid26_PostBac/Installation&Setup_Instructions/picasofiles/reference
/mmfs1/gscratch/vsm/elizap/MiniNeptuneGrid26_PostBac/Installation&Setup_Instructions/picasofiles/grp/redcat/trds
/mmfs1/gscratch/vsm/elizap/MiniNeptuneGrid26_PostBac/Installation&Setup_Instructions/picasofiles/reference
/mmfs1/gscratch/vsm/elizap/MiniNeptuneGrid26_PostBac/Installation&Setup_Instructions/picasofiles/grp/redcat/trds
Loaded case list: results/modernearth_175minimatches_phase0.npy  (175 cases)
Photochem match found for inputs: [  2.       3.5    250.       0.7      0.2575   5.    ]
Photochem match found for inputs: [  2.      3.5   350.      1.5     0.505   7.   ]
/mmfs1/gscratch/vsm/elizap/MiniNeptuneGrid26_PostBac/Installation&Setup_Instructions/picasofiles/reference
/mmfs1/gscratch/vsm/elizap/MiniNeptuneGrid26_PostBac/Installation&Setup_Instructions/picasofiles/grp/redcat/trds
/mmfs1/gscratch/vsm/elizap/MiniNeptuneGrid26_PostBac/Installation&Setup_Instructions/picasofiles/reference
/mmfs1/gscratch/vsm/elizap/MiniNeptuneGrid26_PostBac/Installation&Setup_Instructions/picasofiles/grp/redcat/trds
Loaded case list: results/modernearth_175minimatches_phase0.npy  (175 cases)
Photochem match found for inputs: [  2.       3.5    250.       1.5      0.2575   7.    ]
Photochem match found for inputs: [2.000e+00 3.500e+00 4.000e+02 1.000e+00 2.575e-01 7.000e+00]
/mmfs1/gscratch/vsm/elizap/MiniNeptuneGrid26_PostBac/Installation&Setup_Instructions/picasofiles/reference
/mmfs1/gscratch/vsm/elizap/MiniNeptuneGrid26_PostBac/Installation&Setup_Instructions/picasofiles/grp/redcat/trds
/mmfs1/gscratch/vsm/elizap/MiniNeptuneGrid26_PostBac/Installation&Setup_Instructions/picasofiles/reference
/mmfs1/gscratch/vsm/elizap/MiniNeptuneGrid26_PostBac/Installation&Setup_Instructions/picasofiles/grp/redcat/trds
Loaded case list: results/modernearth_175minimatches_phase0.npy  (175 cases)
Photochem match found for inputs: [  2.      3.5   250.      1.      0.505   5.   ]
Photochem match found for inputs: [2.000e+00 3.500e+00 3.500e+02 2.000e+00 2.575e-01 5.000e+00]
/mmfs1/gscratch/vsm/elizap/MiniNeptuneGrid26_PostBac/Installation&Setup_Instructions/picasofiles/reference
/mmfs1/gscratch/vsm/elizap/MiniNeptuneGrid26_PostBac/Installation&Setup_Instructions/picasofiles/grp/redcat/trds
/mmfs1/gscratch/vsm/elizap/MiniNeptuneGrid26_PostBac/Installation&Setup_Instructions/picasofiles/reference
/mmfs1/gscratch/vsm/elizap/MiniNeptuneGrid26_PostBac/Installation&Setup_Instructions/picasofiles/grp/redcat/trds
Loaded case list: results/modernearth_175minimatches_phase0.npy  (175 cases)
Photochem match found for inputs: [  2.      3.5   200.      0.7     0.505   7.   ]
Photochem match found for inputs: [  2.      3.5   350.      2.      0.505   7.   ]
/mmfs1/gscratch/vsm/elizap/MiniNeptuneGrid26_PostBac/Installation&Setup_Instructions/picasofiles/reference
/mmfs1/gscratch/vsm/elizap/MiniNeptuneGrid26_PostBac/Installation&Setup_Instructions/picasofiles/grp/redcat/trds
/mmfs1/gscratch/vsm/elizap/MiniNeptuneGrid26_PostBac/Installation&Setup_Instructions/picasofiles/reference
/mmfs1/gscratch/vsm/elizap/MiniNeptuneGrid26_PostBac/Installation&Setup_Instructions/picasofiles/grp/redcat/trds
Loaded case list: results/modernearth_175minimatches_phase0.npy  (175 cases)
Photochem match found for inputs: [  2.      3.5   250.      0.7     0.505   5.   ]
Photochem match found for inputs: [2.000e+00 3.500e+00 3.500e+02 1.500e+00 2.575e-01 9.000e+00]
/mmfs1/gscratch/vsm/elizap/MiniNeptuneGrid26_PostBac/Installation&Setup_Instructions/picasofiles/reference
/mmfs1/gscratch/vsm/elizap/MiniNeptuneGrid26_PostBac/Installation&Setup_Instructions/picasofiles/grp/redcat/trds
/mmfs1/gscratch/vsm/elizap/MiniNeptuneGrid26_PostBac/Installation&Setup_Instructions/picasofiles/reference
/mmfs1/gscratch/vsm/elizap/MiniNeptuneGrid26_PostBac/Installation&Setup_Instructions/picasofiles/grp/redcat/trds
Loaded case list: results/modernearth_175minimatches_phase0.npy  (175 cases)
Photochem match found for inputs: [2.0e+00 3.5e+00 2.5e+02 2.0e+00 1.0e-02 5.0e+00]
Photochem match found for inputs: [2.0e+00 3.5e+00 4.0e+02 1.5e+00 1.0e-02 7.0e+00]
/mmfs1/gscratch/vsm/elizap/MiniNeptuneGrid26_PostBac/Installation&Setup_Instructions/picasofiles/reference
/mmfs1/gscratch/vsm/elizap/MiniNeptuneGrid26_PostBac/Installation&Setup_Instructions/picasofiles/grp/redcat/trds
/mmfs1/gscratch/vsm/elizap/MiniNeptuneGrid26_PostBac/Installation&Setup_Instructions/picasofiles/reference
/mmfs1/gscratch/vsm/elizap/MiniNeptuneGrid26_PostBac/Installation&Setup_Instructions/picasofiles/grp/redcat/trds
Loaded case list: results/modernearth_175minimatches_phase0.npy  (175 cases)
Photochem match found for inputs: [  2.       3.5    250.       0.7      0.2575   7.    ]
Photochem match found for inputs: [  2.      3.5   350.      2.      0.505   5.   ]
/mmfs1/gscratch/vsm/elizap/MiniNeptuneGrid26_PostBac/Installation&Setup_Instructions/picasofiles/reference
/mmfs1/gscratch/vsm/elizap/MiniNeptuneGrid26_PostBac/Installation&Setup_Instructions/picasofiles/grp/redcat/trds
/mmfs1/gscratch/vsm/elizap/MiniNeptuneGrid26_PostBac/Installation&Setup_Instructions/picasofiles/reference
/mmfs1/gscratch/vsm/elizap/MiniNeptuneGrid26_PostBac/Installation&Setup_Instructions/picasofiles/grp/redcat/trds
Loaded case list: results/modernearth_175minimatches_phase0.npy  (175 cases)
Photochem match found for inputs: [  2.       3.5    250.       1.       0.2575   7.    ]
Photochem match found for inputs: [2.0e+00 3.5e+00 3.5e+02 8.0e+00 1.0e-02 5.0e+00]
/mmfs1/gscratch/vsm/elizap/MiniNeptuneGrid26_PostBac/Installation&Setup_Instructions/picasofiles/reference
/mmfs1/gscratch/vsm/elizap/MiniNeptuneGrid26_PostBac/Installation&Setup_Instructions/picasofiles/grp/redcat/trds
/mmfs1/gscratch/vsm/elizap/MiniNeptuneGrid26_PostBac/Installation&Setup_Instructions/picasofiles/reference
/mmfs1/gscratch/vsm/elizap/MiniNeptuneGrid26_PostBac/Installation&Setup_Instructions/picasofiles/grp/redcat/trds
Loaded case list: results/modernearth_175minimatches_phase0.npy  (175 cases)
Photochem match found for inputs: [2.0e+00 3.5e+00 2.0e+02 7.0e-01 1.0e-02 7.0e+00]
Photochem match found for inputs: [2.0e+00 3.5e+00 3.5e+02 2.0e+00 1.0e-02 7.0e+00]
/mmfs1/gscratch/vsm/elizap/MiniNeptuneGrid26_PostBac/Installation&Setup_Instructions/picasofiles/reference
/mmfs1/gscratch/vsm/elizap/MiniNeptuneGrid26_PostBac/Installation&Setup_Instructions/picasofiles/grp/redcat/trds
/mmfs1/gscratch/vsm/elizap/MiniNeptuneGrid26_PostBac/Installation&Setup_Instructions/picasofiles/reference
/mmfs1/gscratch/vsm/elizap/MiniNeptuneGrid26_PostBac/Installation&Setup_Instructions/picasofiles/grp/redcat/trds
Loaded case list: results/modernearth_175minimatches_phase0.npy  (175 cases)
Photochem match found for inputs: [2.000e+00 3.125e+00 4.000e+02 2.000e+00 2.575e-01 5.000e+00]
Photochem match found for inputs: [  2.      3.5   350.      1.      0.505   9.   ]
/mmfs1/gscratch/vsm/elizap/MiniNeptuneGrid26_PostBac/Installation&Setup_Instructions/picasofiles/reference
/mmfs1/gscratch/vsm/elizap/MiniNeptuneGrid26_PostBac/Installation&Setup_Instructions/picasofiles/grp/redcat/trds
/mmfs1/gscratch/vsm/elizap/MiniNeptuneGrid26_PostBac/Installation&Setup_Instructions/picasofiles/reference
/mmfs1/gscratch/vsm/elizap/MiniNeptuneGrid26_PostBac/Installation&Setup_Instructions/picasofiles/grp/redcat/trds
Loaded case list: results/modernearth_175minimatches_phase0.npy  (175 cases)
Photochem match found for inputs: [  2.       3.5    250.       1.5      0.2575   5.    ]
Photochem match found for inputs: [2.000e+00 3.500e+00 4.000e+02 1.500e+00 2.575e-01 5.000e+00]
/mmfs1/gscratch/vsm/elizap/MiniNeptuneGrid26_PostBac/Installation&Setup_Instructions/picasofiles/reference
/mmfs1/gscratch/vsm/elizap/MiniNeptuneGrid26_PostBac/Installation&Setup_Instructions/picasofiles/grp/redcat/trds
/mmfs1/gscratch/vsm/elizap/MiniNeptuneGrid26_PostBac/Installation&Setup_Instructions/picasofiles/reference
/mmfs1/gscratch/vsm/elizap/MiniNeptuneGrid26_PostBac/Installation&Setup_Instructions/picasofiles/grp/redcat/trds
Loaded case list: results/modernearth_175minimatches_phase0.npy  (175 cases)
Photochem match found for inputs: [  2.      3.5   150.      0.7     0.505   7.   ]
Photochem match found for inputs: [2.0e+00 3.5e+00 3.5e+02 2.0e+00 1.0e-02 5.0e+00]
/mmfs1/gscratch/vsm/elizap/MiniNeptuneGrid26_PostBac/Installation&Setup_Instructions/picasofiles/reference
/mmfs1/gscratch/vsm/elizap/MiniNeptuneGrid26_PostBac/Installation&Setup_Instructions/picasofiles/grp/redcat/trds
/mmfs1/gscratch/vsm/elizap/MiniNeptuneGrid26_PostBac/Installation&Setup_Instructions/picasofiles/reference
/mmfs1/gscratch/vsm/elizap/MiniNeptuneGrid26_PostBac/Installation&Setup_Instructions/picasofiles/grp/redcat/trds
Loaded case list: results/modernearth_175minimatches_phase0.npy  (175 cases)
Photochem match found for inputs: [  2.       3.5    200.       0.7      0.2575   7.    ]
Photochem match found for inputs: [2.000e+00 3.500e+00 3.500e+02 3.000e+00 2.575e-01 5.000e+00]
/mmfs1/gscratch/vsm/elizap/MiniNeptuneGrid26_PostBac/Installation&Setup_Instructions/picasofiles/reference
/mmfs1/gscratch/vsm/elizap/MiniNeptuneGrid26_PostBac/Installation&Setup_Instructions/picasofiles/grp/redcat/trds
/mmfs1/gscratch/vsm/elizap/MiniNeptuneGrid26_PostBac/Installation&Setup_Instructions/picasofiles/reference
/mmfs1/gscratch/vsm/elizap/MiniNeptuneGrid26_PostBac/Installation&Setup_Instructions/picasofiles/grp/redcat/trds
Loaded case list: results/modernearth_175minimatches_phase0.npy  (175 cases)
Photochem match found for inputs: [2.0e+00 3.5e+00 2.0e+02 1.5e+00 1.0e-02 7.0e+00]
Photochem match found for inputs: [2.0e+00 3.5e+00 4.0e+02 2.0e+00 1.0e-02 7.0e+00]
/mmfs1/gscratch/vsm/elizap/MiniNeptuneGrid26_PostBac/Installation&Setup_Instructions/picasofiles/reference
/mmfs1/gscratch/vsm/elizap/MiniNeptuneGrid26_PostBac/Installation&Setup_Instructions/picasofiles/grp/redcat/trds
/mmfs1/gscratch/vsm/elizap/MiniNeptuneGrid26_PostBac/Installation&Setup_Instructions/picasofiles/reference
/mmfs1/gscratch/vsm/elizap/MiniNeptuneGrid26_PostBac/Installation&Setup_Instructions/picasofiles/grp/redcat/trds
Loaded case list: results/modernearth_175minimatches_phase0.npy  (175 cases)
Photochem match found for inputs: [  2.       3.5    200.       1.5      0.2575   7.    ]
Photochem match found for inputs: [2.0e+00 3.5e+00 4.0e+02 2.0e+00 1.0e-02 5.0e+00]
/mmfs1/gscratch/vsm/elizap/MiniNeptuneGrid26_PostBac/Installation&Setup_Instructions/picasofiles/reference
/mmfs1/gscratch/vsm/elizap/MiniNeptuneGrid26_PostBac/Installation&Setup_Instructions/picasofiles/grp/redcat/trds
/mmfs1/gscratch/vsm/elizap/MiniNeptuneGrid26_PostBac/Installation&Setup_Instructions/picasofiles/reference
/mmfs1/gscratch/vsm/elizap/MiniNeptuneGrid26_PostBac/Installation&Setup_Instructions/picasofiles/grp/redcat/trds
Loaded case list: results/modernearth_175minimatches_phase0.npy  (175 cases)
Photochem match found for inputs: [2.000e+00 3.125e+00 4.000e+02 4.000e+00 1.000e-02 5.000e+00]
Photochem match found for inputs: [2.000e+00 3.500e+00 3.500e+02 1.500e+00 2.575e-01 7.000e+00]
/mmfs1/gscratch/vsm/elizap/MiniNeptuneGrid26_PostBac/Installation&Setup_Instructions/picasofiles/reference
/mmfs1/gscratch/vsm/elizap/MiniNeptuneGrid26_PostBac/Installation&Setup_Instructions/picasofiles/grp/redcat/trds
/mmfs1/gscratch/vsm/elizap/MiniNeptuneGrid26_PostBac/Installation&Setup_Instructions/picasofiles/reference
/mmfs1/gscratch/vsm/elizap/MiniNeptuneGrid26_PostBac/Installation&Setup_Instructions/picasofiles/grp/redcat/trds
Loaded case list: results/modernearth_175minimatches_phase0.npy  (175 cases)
Photochem match found for inputs: [  2.      3.5   200.      1.      0.505   7.   ]
Photochem match found for inputs: [2.0e+00 3.5e+00 4.0e+02 1.0e+00 1.0e-02 7.0e+00]
/mmfs1/gscratch/vsm/elizap/MiniNeptuneGrid26_PostBac/Installation&Setup_Instructions/picasofiles/reference
/mmfs1/gscratch/vsm/elizap/MiniNeptuneGrid26_PostBac/Installation&Setup_Instructions/picasofiles/grp/redcat/trds
/mmfs1/gscratch/vsm/elizap/MiniNeptuneGrid26_PostBac/Installation&Setup_Instructions/picasofiles/reference
/mmfs1/gscratch/vsm/elizap/MiniNeptuneGrid26_PostBac/Installation&Setup_Instructions/picasofiles/grp/redcat/trds
Loaded case list: results/modernearth_175minimatches_phase0.npy  (175 cases)
Photochem match found for inputs: [2.0e+00 3.5e+00 2.0e+02 1.0e+00 1.0e-02 7.0e+00]
Photochem match found for inputs: [2.0e+00 3.5e+00 4.0e+02 1.5e+00 1.0e-02 9.0e+00]
/mmfs1/gscratch/vsm/elizap/MiniNeptuneGrid26_PostBac/Installation&Setup_Instructions/picasofiles/reference
/mmfs1/gscratch/vsm/elizap/MiniNeptuneGrid26_PostBac/Installation&Setup_Instructions/picasofiles/grp/redcat/trds
/mmfs1/gscratch/vsm/elizap/MiniNeptuneGrid26_PostBac/Installation&Setup_Instructions/picasofiles/reference
/mmfs1/gscratch/vsm/elizap/MiniNeptuneGrid26_PostBac/Installation&Setup_Instructions/picasofiles/grp/redcat/trds
Loaded case list: results/modernearth_175minimatches_phase0.npy  (175 cases)
Photochem match found for inputs: [  2.      3.5   200.      1.      0.505   5.   ]
Photochem match found for inputs: [2.0e+00 3.5e+00 4.0e+02 1.5e+00 1.0e-02 5.0e+00]
/mmfs1/gscratch/vsm/elizap/MiniNeptuneGrid26_PostBac/Installation&Setup_Instructions/picasofiles/reference
/mmfs1/gscratch/vsm/elizap/MiniNeptuneGrid26_PostBac/Installation&Setup_Instructions/picasofiles/grp/redcat/trds
/mmfs1/gscratch/vsm/elizap/MiniNeptuneGrid26_PostBac/Installation&Setup_Instructions/picasofiles/reference
/mmfs1/gscratch/vsm/elizap/MiniNeptuneGrid26_PostBac/Installation&Setup_Instructions/picasofiles/grp/redcat/trds
Loaded case list: results/modernearth_175minimatches_phase0.npy  (175 cases)
Photochem match found for inputs: [  2.      3.5   250.      0.7     0.505   7.   ]
Photochem match found for inputs: [2.000e+00 3.500e+00 3.500e+02 1.500e+00 2.575e-01 5.000e+00]
/mmfs1/gscratch/vsm/elizap/MiniNeptuneGrid26_PostBac/Installation&Setup_Instructions/picasofiles/reference
/mmfs1/gscratch/vsm/elizap/MiniNeptuneGrid26_PostBac/Installation&Setup_Instructions/picasofiles/grp/redcat/trds
/mmfs1/gscratch/vsm/elizap/MiniNeptuneGrid26_PostBac/Installation&Setup_Instructions/picasofiles/reference
/mmfs1/gscratch/vsm/elizap/MiniNeptuneGrid26_PostBac/Installation&Setup_Instructions/picasofiles/grp/redcat/trds
Loaded case list: results/modernearth_175minimatches_phase0.npy  (175 cases)
Photochem match found for inputs: [  2.       3.5    150.       0.7      0.2575   5.    ]
Photochem match found for inputs: [2.0e+00 3.5e+00 3.5e+02 6.0e+00 1.0e-02 5.0e+00]
/mmfs1/gscratch/vsm/elizap/MiniNeptuneGrid26_PostBac/Installation&Setup_Instructions/picasofiles/reference
/mmfs1/gscratch/vsm/elizap/MiniNeptuneGrid26_PostBac/Installation&Setup_Instructions/picasofiles/grp/redcat/trds
/mmfs1/gscratch/vsm/elizap/MiniNeptuneGrid26_PostBac/Installation&Setup_Instructions/picasofiles/reference
/mmfs1/gscratch/vsm/elizap/MiniNeptuneGrid26_PostBac/Installation&Setup_Instructions/picasofiles/grp/redcat/trds
Loaded case list: results/modernearth_175minimatches_phase0.npy  (175 cases)
Photochem match found for inputs: [2.000e+00 3.125e+00 4.000e+02 3.000e+00 2.575e-01 5.000e+00]
Photochem match found for inputs: [2.0e+00 3.5e+00 3.5e+02 1.5e+00 1.0e-02 5.0e+00]
/mmfs1/gscratch/vsm/elizap/MiniNeptuneGrid26_PostBac/Installation&Setup_Instructions/picasofiles/reference
/mmfs1/gscratch/vsm/elizap/MiniNeptuneGrid26_PostBac/Installation&Setup_Instructions/picasofiles/grp/redcat/trds
/mmfs1/gscratch/vsm/elizap/MiniNeptuneGrid26_PostBac/Installation&Setup_Instructions/picasofiles/reference
/mmfs1/gscratch/vsm/elizap/MiniNeptuneGrid26_PostBac/Installation&Setup_Instructions/picasofiles/grp/redcat/trds
Loaded case list: results/modernearth_175minimatches_phase0.npy  (175 cases)
Photochem match found for inputs: [  2.       3.5    150.       0.7      0.2575   7.    ]
Photochem match found for inputs: [2.0e+00 3.5e+00 3.5e+02 3.0e+00 1.0e-02 7.0e+00]
/mmfs1/gscratch/vsm/elizap/MiniNeptuneGrid26_PostBac/Installation&Setup_Instructions/picasofiles/reference
/mmfs1/gscratch/vsm/elizap/MiniNeptuneGrid26_PostBac/Installation&Setup_Instructions/picasofiles/grp/redcat/trds
/mmfs1/gscratch/vsm/elizap/MiniNeptuneGrid26_PostBac/Installation&Setup_Instructions/picasofiles/reference
/mmfs1/gscratch/vsm/elizap/MiniNeptuneGrid26_PostBac/Installation&Setup_Instructions/picasofiles/grp/redcat/trds
Loaded case list: results/modernearth_175minimatches_phase0.npy  (175 cases)
Photochem match found for inputs: [  2.      3.5   200.      0.7     0.505   5.   ]
Photochem match found for inputs: [2.0e+00 3.5e+00 3.5e+02 3.0e+00 1.0e-02 5.0e+00]
/mmfs1/gscratch/vsm/elizap/MiniNeptuneGrid26_PostBac/Installation&Setup_Instructions/picasofiles/reference
/mmfs1/gscratch/vsm/elizap/MiniNeptuneGrid26_PostBac/Installation&Setup_Instructions/picasofiles/grp/redcat/trds
/mmfs1/gscratch/vsm/elizap/MiniNeptuneGrid26_PostBac/Installation&Setup_Instructions/picasofiles/reference
/mmfs1/gscratch/vsm/elizap/MiniNeptuneGrid26_PostBac/Installation&Setup_Instructions/picasofiles/grp/redcat/trds
Loaded case list: results/modernearth_175minimatches_phase0.npy  (175 cases)
Photochem match found for inputs: [2.000e+00 3.125e+00 4.000e+02 3.000e+00 1.000e-02 5.000e+00]
Photochem match found for inputs: [2.0e+00 3.5e+00 3.5e+02 1.5e+00 1.0e-02 7.0e+00]
/mmfs1/gscratch/vsm/elizap/MiniNeptuneGrid26_PostBac/Installation&Setup_Instructions/picasofiles/reference
/mmfs1/gscratch/vsm/elizap/MiniNeptuneGrid26_PostBac/Installation&Setup_Instructions/picasofiles/grp/redcat/trds
/mmfs1/gscratch/vsm/elizap/MiniNeptuneGrid26_PostBac/Installation&Setup_Instructions/picasofiles/reference
/mmfs1/gscratch/vsm/elizap/MiniNeptuneGrid26_PostBac/Installation&Setup_Instructions/picasofiles/grp/redcat/trds
Loaded case list: results/modernearth_175minimatches_phase0.npy  (175 cases)
Photochem match found for inputs: [  2.      3.5   250.      1.5     0.505   7.   ]
Photochem match found for inputs: [2.0e+00 3.5e+00 3.5e+02 6.0e+00 1.0e-02 7.0e+00]
/mmfs1/gscratch/vsm/elizap/MiniNeptuneGrid26_PostBac/Installation&Setup_Instructions/picasofiles/reference
/mmfs1/gscratch/vsm/elizap/MiniNeptuneGrid26_PostBac/Installation&Setup_Instructions/picasofiles/grp/redcat/trds
/mmfs1/gscratch/vsm/elizap/MiniNeptuneGrid26_PostBac/Installation&Setup_Instructions/picasofiles/reference
/mmfs1/gscratch/vsm/elizap/MiniNeptuneGrid26_PostBac/Installation&Setup_Instructions/picasofiles/grp/redcat/trds
Loaded case list: results/modernearth_175minimatches_phase0.npy  (175 cases)
Photochem match found for inputs: [2.000e+00 3.125e+00 3.500e+02 1.000e+00 1.000e-02 7.000e+00]
Photochem match found for inputs: [2.000e+00 3.500e+00 3.000e+02 7.000e-01 2.575e-01 7.000e+00]
Photochem match found for inputs: [  2.      3.5   400.      2.      0.505   9.   ]
/mmfs1/gscratch/vsm/elizap/MiniNeptuneGrid26_PostBac/Installation&Setup_Instructions/picasofiles/reference
/mmfs1/gscratch/vsm/elizap/MiniNeptuneGrid26_PostBac/Installation&Setup_Instructions/picasofiles/grp/redcat/trds
/mmfs1/gscratch/vsm/elizap/MiniNeptuneGrid26_PostBac/Installation&Setup_Instructions/picasofiles/reference
/mmfs1/gscratch/vsm/elizap/MiniNeptuneGrid26_PostBac/Installation&Setup_Instructions/picasofiles/grp/redcat/trds
Loaded case list: results/modernearth_175minimatches_phase0.npy  (175 cases)
Photochem match found for inputs: [2.000e+00 3.125e+00 2.000e+02 1.000e+00 1.000e-02 7.000e+00]
Photochem match found for inputs: [2.000e+00 3.500e+00 3.500e+02 7.000e-01 2.575e-01 5.000e+00]
Photochem match found for inputs: [2.000e+00 3.500e+00 4.000e+02 2.000e+00 2.575e-01 7.000e+00]
/mmfs1/gscratch/vsm/elizap/MiniNeptuneGrid26_PostBac/Installation&Setup_Instructions/picasofiles/reference
/mmfs1/gscratch/vsm/elizap/MiniNeptuneGrid26_PostBac/Installation&Setup_Instructions/picasofiles/grp/redcat/trds
/mmfs1/gscratch/vsm/elizap/MiniNeptuneGrid26_PostBac/Installation&Setup_Instructions/picasofiles/reference
/mmfs1/gscratch/vsm/elizap/MiniNeptuneGrid26_PostBac/Installation&Setup_Instructions/picasofiles/grp/redcat/trds
Loaded case list: results/modernearth_175minimatches_phase0.npy  (175 cases)
Photochem match found for inputs: [  2.       3.125  200.       0.7      0.2575   7.    ]
Photochem match found for inputs: [  2.      3.5   300.      1.5     0.505   7.   ]
Photochem match found for inputs: [2.000e+00 3.500e+00 4.000e+02 1.000e+01 2.575e-01 5.000e+00]
/mmfs1/gscratch/vsm/elizap/MiniNeptuneGrid26_PostBac/Installation&Setup_Instructions/picasofiles/reference
/mmfs1/gscratch/vsm/elizap/MiniNeptuneGrid26_PostBac/Installation&Setup_Instructions/picasofiles/grp/redcat/trds
/mmfs1/gscratch/vsm/elizap/MiniNeptuneGrid26_PostBac/Installation&Setup_Instructions/picasofiles/reference
/mmfs1/gscratch/vsm/elizap/MiniNeptuneGrid26_PostBac/Installation&Setup_Instructions/picasofiles/grp/redcat/trds
Loaded case list: results/modernearth_175minimatches_phase0.npy  (175 cases)
Photochem match found for inputs: [2.000e+00 3.125e+00 2.000e+02 1.000e+00 1.000e-02 5.000e+00]
Photochem match found for inputs: [2.000e+00 3.500e+00 3.500e+02 7.000e-01 2.575e-01 7.000e+00]
Photochem match found for inputs: [  2.      3.5   400.      2.      0.505   5.   ]
/mmfs1/gscratch/vsm/elizap/MiniNeptuneGrid26_PostBac/Installation&Setup_Instructions/picasofiles/reference
/mmfs1/gscratch/vsm/elizap/MiniNeptuneGrid26_PostBac/Installation&Setup_Instructions/picasofiles/grp/redcat/trds
/mmfs1/gscratch/vsm/elizap/MiniNeptuneGrid26_PostBac/Installation&Setup_Instructions/picasofiles/reference
/mmfs1/gscratch/vsm/elizap/MiniNeptuneGrid26_PostBac/Installation&Setup_Instructions/picasofiles/grp/redcat/trds
Loaded case list: results/modernearth_175minimatches_phase0.npy  (175 cases)
Photochem match found for inputs: [2.000e+00 3.125e+00 3.500e+02 1.000e+00 2.575e-01 5.000e+00]
Photochem match found for inputs: [  2.      3.5   300.      1.      0.505   9.   ]
Photochem match found for inputs: [2.000e+00 3.500e+00 4.000e+02 3.000e+00 2.575e-01 5.000e+00]
/mmfs1/gscratch/vsm/elizap/MiniNeptuneGrid26_PostBac/Installation&Setup_Instructions/picasofiles/reference
/mmfs1/gscratch/vsm/elizap/MiniNeptuneGrid26_PostBac/Installation&Setup_Instructions/picasofiles/grp/redcat/trds
/mmfs1/gscratch/vsm/elizap/MiniNeptuneGrid26_PostBac/Installation&Setup_Instructions/picasofiles/reference
/mmfs1/gscratch/vsm/elizap/MiniNeptuneGrid26_PostBac/Installation&Setup_Instructions/picasofiles/grp/redcat/trds
Loaded case list: results/modernearth_175minimatches_phase0.npy  (175 cases)
Photochem match found for inputs: [2.000e+00 3.125e+00 2.000e+02 2.000e+00 1.000e-02 5.000e+00]
Photochem match found for inputs: [2.000e+00 3.500e+00 3.500e+02 1.000e+00 2.575e-01 7.000e+00]
Photochem match found for inputs: [  2.      3.5   400.      2.      0.505   7.   ]
/mmfs1/gscratch/vsm/elizap/MiniNeptuneGrid26_PostBac/Installation&Setup_Instructions/picasofiles/reference
/mmfs1/gscratch/vsm/elizap/MiniNeptuneGrid26_PostBac/Installation&Setup_Instructions/picasofiles/grp/redcat/trds
/mmfs1/gscratch/vsm/elizap/MiniNeptuneGrid26_PostBac/Installation&Setup_Instructions/picasofiles/reference
/mmfs1/gscratch/vsm/elizap/MiniNeptuneGrid26_PostBac/Installation&Setup_Instructions/picasofiles/grp/redcat/trds
Loaded case list: results/modernearth_175minimatches_phase0.npy  (175 cases)
Photochem match found for inputs: [2.000e+00 3.125e+00 3.000e+02 1.500e+00 2.575e-01 5.000e+00]
Photochem match found for inputs: [  2.      3.5   300.      2.      0.505   7.   ]
Photochem match found for inputs: [  2.      3.5   400.      5.      0.505   5.   ]
/mmfs1/gscratch/vsm/elizap/MiniNeptuneGrid26_PostBac/Installation&Setup_Instructions/picasofiles/reference
/mmfs1/gscratch/vsm/elizap/MiniNeptuneGrid26_PostBac/Installation&Setup_Instructions/picasofiles/grp/redcat/trds
/mmfs1/gscratch/vsm/elizap/MiniNeptuneGrid26_PostBac/Installation&Setup_Instructions/picasofiles/reference
/mmfs1/gscratch/vsm/elizap/MiniNeptuneGrid26_PostBac/Installation&Setup_Instructions/picasofiles/grp/redcat/trds
Loaded case list: results/modernearth_175minimatches_phase0.npy  (175 cases)
Photochem match found for inputs: [2.000e+00 3.125e+00 3.500e+02 3.000e+00 2.575e-01 5.000e+00]
Photochem match found for inputs: [  2.      3.5   300.      1.      0.505   5.   ]
Photochem match found for inputs: [  2.      3.5   400.      3.      0.505   5.   ]
/mmfs1/gscratch/vsm/elizap/MiniNeptuneGrid26_PostBac/Installation&Setup_Instructions/picasofiles/reference
/mmfs1/gscratch/vsm/elizap/MiniNeptuneGrid26_PostBac/Installation&Setup_Instructions/picasofiles/grp/redcat/trds
/mmfs1/gscratch/vsm/elizap/MiniNeptuneGrid26_PostBac/Installation&Setup_Instructions/picasofiles/reference
/mmfs1/gscratch/vsm/elizap/MiniNeptuneGrid26_PostBac/Installation&Setup_Instructions/picasofiles/grp/redcat/trds
Loaded case list: results/modernearth_175minimatches_phase0.npy  (175 cases)
Photochem match found for inputs: [  2.       3.125  150.       1.       0.2575   5.    ]
Photochem match found for inputs: [2.0e+00 3.5e+00 3.5e+02 7.0e-01 1.0e-02 7.0e+00]
Photochem match found for inputs: [  2.      3.5   400.      4.      0.505   5.   ]
/mmfs1/gscratch/vsm/elizap/MiniNeptuneGrid26_PostBac/Installation&Setup_Instructions/picasofiles/reference
/mmfs1/gscratch/vsm/elizap/MiniNeptuneGrid26_PostBac/Installation&Setup_Instructions/picasofiles/grp/redcat/trds
/mmfs1/gscratch/vsm/elizap/MiniNeptuneGrid26_PostBac/Installation&Setup_Instructions/picasofiles/reference
/mmfs1/gscratch/vsm/elizap/MiniNeptuneGrid26_PostBac/Installation&Setup_Instructions/picasofiles/grp/redcat/trds
Loaded case list: results/modernearth_175minimatches_phase0.npy  (175 cases)
Photochem match found for inputs: [2.000e+00 3.125e+00 3.500e+02 3.000e+00 1.000e-02 5.000e+00]
Photochem match found for inputs: [  2.      3.5   300.      1.5     0.505   9.   ]
Photochem match found for inputs: [2.000e+00 3.500e+00 4.000e+02 4.000e+00 2.575e-01 5.000e+00]
/mmfs1/gscratch/vsm/elizap/MiniNeptuneGrid26_PostBac/Installation&Setup_Instructions/picasofiles/reference
/mmfs1/gscratch/vsm/elizap/MiniNeptuneGrid26_PostBac/Installation&Setup_Instructions/picasofiles/grp/redcat/trds
/mmfs1/gscratch/vsm/elizap/MiniNeptuneGrid26_PostBac/Installation&Setup_Instructions/picasofiles/reference
/mmfs1/gscratch/vsm/elizap/MiniNeptuneGrid26_PostBac/Installation&Setup_Instructions/picasofiles/grp/redcat/trds
Loaded case list: results/modernearth_175minimatches_phase0.npy  (175 cases)
Photochem match found for inputs: [2.000e+00 3.125e+00 1.500e+02 2.000e+00 1.000e-02 5.000e+00]
Photochem match found for inputs: [  2.      3.5   350.      1.      0.505   5.   ]
Photochem match found for inputs: [2.000e+00 3.500e+00 4.000e+02 2.000e+00 2.575e-01 5.000e+00]
/mmfs1/gscratch/vsm/elizap/MiniNeptuneGrid26_PostBac/Installation&Setup_Instructions/picasofiles/reference
/mmfs1/gscratch/vsm/elizap/MiniNeptuneGrid26_PostBac/Installation&Setup_Instructions/picasofiles/grp/redcat/trds
/mmfs1/gscratch/vsm/elizap/MiniNeptuneGrid26_PostBac/Installation&Setup_Instructions/picasofiles/reference
/mmfs1/gscratch/vsm/elizap/MiniNeptuneGrid26_PostBac/Installation&Setup_Instructions/picasofiles/grp/redcat/trds
Loaded case list: results/modernearth_175minimatches_phase0.npy  (175 cases)
Photochem match found for inputs: [2.000e+00 3.125e+00 4.000e+02 1.500e+00 1.000e-02 5.000e+00]
Photochem match found for inputs: [2.000e+00 3.500e+00 3.000e+02 7.000e-01 2.575e-01 5.000e+00]
Photochem match found for inputs: [2.000e+00 3.500e+00 4.000e+02 3.000e+00 2.575e-01 7.000e+00]
/mmfs1/gscratch/vsm/elizap/MiniNeptuneGrid26_PostBac/Installation&Setup_Instructions/picasofiles/reference
/mmfs1/gscratch/vsm/elizap/MiniNeptuneGrid26_PostBac/Installation&Setup_Instructions/picasofiles/grp/redcat/trds
/mmfs1/gscratch/vsm/elizap/MiniNeptuneGrid26_PostBac/Installation&Setup_Instructions/picasofiles/reference
/mmfs1/gscratch/vsm/elizap/MiniNeptuneGrid26_PostBac/Installation&Setup_Instructions/picasofiles/grp/redcat/trds
Loaded case list: results/modernearth_175minimatches_phase0.npy  (175 cases)
Photochem match found for inputs: [2.000e+00 3.125e+00 3.000e+02 1.500e+00 1.000e-02 5.000e+00]
Photochem match found for inputs: [2.0e+00 3.5e+00 3.5e+02 1.0e+00 1.0e-02 5.0e+00]
Photochem match found for inputs: [2.0e+00 3.5e+00 4.0e+02 1.0e+01 1.0e-02 5.0e+00]
/mmfs1/gscratch/vsm/elizap/MiniNeptuneGrid26_PostBac/Installation&Setup_Instructions/picasofiles/reference
/mmfs1/gscratch/vsm/elizap/MiniNeptuneGrid26_PostBac/Installation&Setup_Instructions/picasofiles/grp/redcat/trds
/mmfs1/gscratch/vsm/elizap/MiniNeptuneGrid26_PostBac/Installation&Setup_Instructions/picasofiles/reference
/mmfs1/gscratch/vsm/elizap/MiniNeptuneGrid26_PostBac/Installation&Setup_Instructions/picasofiles/grp/redcat/trds
Loaded case list: results/modernearth_175minimatches_phase0.npy  (175 cases)
Photochem match found for inputs: [2.000e+00 3.125e+00 2.500e+02 1.500e+00 1.000e-02 5.000e+00]
Photochem match found for inputs: [2.0e+00 3.5e+00 3.5e+02 1.0e+00 1.0e-02 7.0e+00]
Photochem match found for inputs: [2.0e+00 3.5e+00 4.0e+02 3.0e+00 1.0e-02 7.0e+00]
/mmfs1/gscratch/vsm/elizap/MiniNeptuneGrid26_PostBac/Installation&Setup_Instructions/picasofiles/reference
/mmfs1/gscratch/vsm/elizap/MiniNeptuneGrid26_PostBac/Installation&Setup_Instructions/picasofiles/grp/redcat/trds
/mmfs1/gscratch/vsm/elizap/MiniNeptuneGrid26_PostBac/Installation&Setup_Instructions/picasofiles/reference
/mmfs1/gscratch/vsm/elizap/MiniNeptuneGrid26_PostBac/Installation&Setup_Instructions/picasofiles/grp/redcat/trds
Loaded case list: results/modernearth_175minimatches_phase0.npy  (175 cases)
Photochem match found for inputs: [2.000e+00 3.125e+00 3.000e+02 1.500e+00 1.000e-02 7.000e+00]
Photochem match found for inputs: [  2.      3.5   350.      0.7     0.505   7.   ]
Photochem match found for inputs: [2.0e+00 3.5e+00 4.0e+02 2.0e+00 1.0e-02 9.0e+00]
/mmfs1/gscratch/vsm/elizap/MiniNeptuneGrid26_PostBac/Installation&Setup_Instructions/picasofiles/reference
/mmfs1/gscratch/vsm/elizap/MiniNeptuneGrid26_PostBac/Installation&Setup_Instructions/picasofiles/grp/redcat/trds
/mmfs1/gscratch/vsm/elizap/MiniNeptuneGrid26_PostBac/Installation&Setup_Instructions/picasofiles/reference
/mmfs1/gscratch/vsm/elizap/MiniNeptuneGrid26_PostBac/Installation&Setup_Instructions/picasofiles/grp/redcat/trds
Loaded case list: results/modernearth_175minimatches_phase0.npy  (175 cases)
Photochem match found for inputs: [2.000e+00 3.125e+00 4.000e+02 2.000e+00 1.000e-02 5.000e+00]
Photochem match found for inputs: [  2.      3.5   300.      1.      0.505   7.   ]
Photochem match found for inputs: [2.0e+00 3.5e+00 4.0e+02 3.0e+00 1.0e-02 9.0e+00]
/mmfs1/gscratch/vsm/elizap/MiniNeptuneGrid26_PostBac/Installation&Setup_Instructions/picasofiles/reference
/mmfs1/gscratch/vsm/elizap/MiniNeptuneGrid26_PostBac/Installation&Setup_Instructions/picasofiles/grp/redcat/trds
/mmfs1/gscratch/vsm/elizap/MiniNeptuneGrid26_PostBac/Installation&Setup_Instructions/picasofiles/reference
/mmfs1/gscratch/vsm/elizap/MiniNeptuneGrid26_PostBac/Installation&Setup_Instructions/picasofiles/grp/redcat/trds
Loaded case list: results/modernearth_175minimatches_phase0.npy  (175 cases)
Photochem match found for inputs: [2.000e+00 3.125e+00 1.500e+02 1.500e+00 1.000e-02 5.000e+00]
Photochem match found for inputs: [2.000e+00 3.500e+00 3.500e+02 1.000e+00 2.575e-01 5.000e+00]
Photochem match found for inputs: [2.0e+00 3.5e+00 4.0e+02 3.0e+00 1.0e-02 5.0e+00]
/mmfs1/gscratch/vsm/elizap/MiniNeptuneGrid26_PostBac/Installation&Setup_Instructions/picasofiles/reference
/mmfs1/gscratch/vsm/elizap/MiniNeptuneGrid26_PostBac/Installation&Setup_Instructions/picasofiles/grp/redcat/trds
/mmfs1/gscratch/vsm/elizap/MiniNeptuneGrid26_PostBac/Installation&Setup_Instructions/picasofiles/reference
/mmfs1/gscratch/vsm/elizap/MiniNeptuneGrid26_PostBac/Installation&Setup_Instructions/picasofiles/grp/redcat/trds
Loaded case list: results/modernearth_175minimatches_phase0.npy  (175 cases)
make_specific_grid: 175 cases, saving to 'results/ReflectedSpectra_SpecificInputsModernEarth_fv.h5'
Initializing HDF5 output for 175 cases...
Cases total: 175 | Completed: 0 | Remaining: 175
