/mmfs1/gscratch/vsm/elizap/MiniNeptuneGrid26_PostBac/Installation&Setup_Instructions/picasofiles/reference
/mmfs1/gscratch/vsm/elizap/MiniNeptuneGrid26_PostBac/Installation&Setup_Instructions/picasofiles/grp/redcat/trds
/mmfs1/gscratch/vsm/elizap/MiniNeptuneGrid26_PostBac/Installation&Setup_Instructions/picasofiles/reference
/mmfs1/gscratch/vsm/elizap/MiniNeptuneGrid26_PostBac/Installation&Setup_Instructions/picasofiles/grp/redcat/trds
/mmfs1/gscratch/vsm/elizap/MiniNeptuneGrid26_PostBac/Installation&Setup_Instructions/picasofiles/reference
/mmfs1/gscratch/vsm/elizap/MiniNeptuneGrid26_PostBac/Installation&Setup_Instructions/picasofiles/grp/redcat/trds
/mmfs1/gscratch/vsm/elizap/MiniNeptuneGrid26_PostBac/Installation&Setup_Instructions/picasofiles/reference
/mmfs1/gscratch/vsm/elizap/MiniNeptuneGrid26_PostBac/Installation&Setup_Instructions/picasofiles/grp/redcat/trds
/mmfs1/gscratch/vsm/elizap/MiniNeptuneGrid26_PostBac/Installation&Setup_Instructions/picasofiles/reference
/mmfs1/gscratch/vsm/elizap/MiniNeptuneGrid26_PostBac/Installation&Setup_Instructions/picasofiles/grp/redcat/trds
/mmfs1/gscratch/vsm/elizap/MiniNeptuneGrid26_PostBac/Installation&Setup_Instructions/picasofiles/reference
/mmfs1/gscratch/vsm/elizap/MiniNeptuneGrid26_PostBac/Installation&Setup_Instructions/picasofiles/grp/redcat/trds
/mmfs1/gscratch/vsm/elizap/MiniNeptuneGrid26_PostBac/Installation&Setup_Instructions/picasofiles/reference
/mmfs1/gscratch/vsm/elizap/MiniNeptuneGrid26_PostBac/Installation&Setup_Instructions/picasofiles/grp/redcat/trds
/mmfs1/gscratch/vsm/elizap/MiniNeptuneGrid26_PostBac/Installation&Setup_Instructions/picasofiles/reference
/mmfs1/gscratch/vsm/elizap/MiniNeptuneGrid26_PostBac/Installation&Setup_Instructions/picasofiles/grp/redcat/trds
/mmfs1/gscratch/vsm/elizap/MiniNeptuneGrid26_PostBac/Installation&Setup_Instructions/picasofiles/reference
/mmfs1/gscratch/vsm/elizap/MiniNeptuneGrid26_PostBac/Installation&Setup_Instructions/picasofiles/grp/redcat/trds
/mmfs1/gscratch/vsm/elizap/MiniNeptuneGrid26_PostBac/Installation&Setup_Instructions/picasofiles/reference
/mmfs1/gscratch/vsm/elizap/MiniNeptuneGrid26_PostBac/Installation&Setup_Instructions/picasofiles/grp/redcat/trds
/mmfs1/gscratch/vsm/elizap/MiniNeptuneGrid26_PostBac/Installation&Setup_Instructions/picasofiles/reference
/mmfs1/gscratch/vsm/elizap/MiniNeptuneGrid26_PostBac/Installation&Setup_Instructions/picasofiles/grp/redcat/trds
/mmfs1/gscratch/vsm/elizap/MiniNeptuneGrid26_PostBac/Installation&Setup_Instructions/picasofiles/reference
/mmfs1/gscratch/vsm/elizap/MiniNeptuneGrid26_PostBac/Installation&Setup_Instructions/picasofiles/grp/redcat/trds
/mmfs1/gscratch/vsm/elizap/MiniNeptuneGrid26_PostBac/Installation&Setup_Instructions/picasofiles/reference
/mmfs1/gscratch/vsm/elizap/MiniNeptuneGrid26_PostBac/Installation&Setup_Instructions/picasofiles/grp/redcat/trds
/mmfs1/gscratch/vsm/elizap/MiniNeptuneGrid26_PostBac/Installation&Setup_Instructions/picasofiles/reference
/mmfs1/gscratch/vsm/elizap/MiniNeptuneGrid26_PostBac/Installation&Setup_Instructions/picasofiles/grp/redcat/trds
/mmfs1/gscratch/vsm/elizap/MiniNeptuneGrid26_PostBac/Installation&Setup_Instructions/picasofiles/reference
/mmfs1/gscratch/vsm/elizap/MiniNeptuneGrid26_PostBac/Installation&Setup_Instructions/picasofiles/grp/redcat/trds
/mmfs1/gscratch/vsm/elizap/MiniNeptuneGrid26_PostBac/Installation&Setup_Instructions/picasofiles/reference
/mmfs1/gscratch/vsm/elizap/MiniNeptuneGrid26_PostBac/Installation&Setup_Instructions/picasofiles/grp/redcat/trds
/mmfs1/gscratch/vsm/elizap/MiniNeptuneGrid26_PostBac/Installation&Setup_Instructions/picasofiles/reference
/mmfs1/gscratch/vsm/elizap/MiniNeptuneGrid26_PostBac/Installation&Setup_Instructions/picasofiles/grp/redcat/trds
/mmfs1/gscratch/vsm/elizap/MiniNeptuneGrid26_PostBac/Installation&Setup_Instructions/picasofiles/reference
/mmfs1/gscratch/vsm/elizap/MiniNeptuneGrid26_PostBac/Installation&Setup_Instructions/picasofiles/grp/redcat/trds
/mmfs1/gscratch/vsm/elizap/MiniNeptuneGrid26_PostBac/Installation&Setup_Instructions/picasofiles/reference
/mmfs1/gscratch/vsm/elizap/MiniNeptuneGrid26_PostBac/Installation&Setup_Instructions/picasofiles/grp/redcat/trds
/mmfs1/gscratch/vsm/elizap/MiniNeptuneGrid26_PostBac/Installation&Setup_Instructions/picasofiles/reference
/mmfs1/gscratch/vsm/elizap/MiniNeptuneGrid26_PostBac/Installation&Setup_Instructions/picasofiles/grp/redcat/trds
/mmfs1/gscratch/vsm/elizap/MiniNeptuneGrid26_PostBac/Installation&Setup_Instructions/picasofiles/reference
/mmfs1/gscratch/vsm/elizap/MiniNeptuneGrid26_PostBac/Installation&Setup_Instructions/picasofiles/grp/redcat/trds
/mmfs1/gscratch/vsm/elizap/MiniNeptuneGrid26_PostBac/Installation&Setup_Instructions/picasofiles/reference
/mmfs1/gscratch/vsm/elizap/MiniNeptuneGrid26_PostBac/Installation&Setup_Instructions/picasofiles/grp/redcat/trds
/mmfs1/gscratch/vsm/elizap/MiniNeptuneGrid26_PostBac/Installation&Setup_Instructions/picasofiles/reference
/mmfs1/gscratch/vsm/elizap/MiniNeptuneGrid26_PostBac/Installation&Setup_Instructions/picasofiles/grp/redcat/trds
/mmfs1/gscratch/vsm/elizap/MiniNeptuneGrid26_PostBac/Installation&Setup_Instructions/picasofiles/reference
/mmfs1/gscratch/vsm/elizap/MiniNeptuneGrid26_PostBac/Installation&Setup_Instructions/picasofiles/grp/redcat/trds
/mmfs1/gscratch/vsm/elizap/MiniNeptuneGrid26_PostBac/Installation&Setup_Instructions/picasofiles/reference
/mmfs1/gscratch/vsm/elizap/MiniNeptuneGrid26_PostBac/Installation&Setup_Instructions/picasofiles/grp/redcat/trds
/mmfs1/gscratch/vsm/elizap/MiniNeptuneGrid26_PostBac/Installation&Setup_Instructions/picasofiles/reference
/mmfs1/gscratch/vsm/elizap/MiniNeptuneGrid26_PostBac/Installation&Setup_Instructions/picasofiles/grp/redcat/trds
/mmfs1/gscratch/vsm/elizap/MiniNeptuneGrid26_PostBac/Installation&Setup_Instructions/picasofiles/reference
/mmfs1/gscratch/vsm/elizap/MiniNeptuneGrid26_PostBac/Installation&Setup_Instructions/picasofiles/grp/redcat/trds
/mmfs1/gscratch/vsm/elizap/MiniNeptuneGrid26_PostBac/Installation&Setup_Instructions/picasofiles/reference
/mmfs1/gscratch/vsm/elizap/MiniNeptuneGrid26_PostBac/Installation&Setup_Instructions/picasofiles/grp/redcat/trds
/mmfs1/gscratch/vsm/elizap/MiniNeptuneGrid26_PostBac/Installation&Setup_Instructions/picasofiles/reference
/mmfs1/gscratch/vsm/elizap/MiniNeptuneGrid26_PostBac/Installation&Setup_Instructions/picasofiles/grp/redcat/trds
/mmfs1/gscratch/vsm/elizap/MiniNeptuneGrid26_PostBac/Installation&Setup_Instructions/picasofiles/reference
/mmfs1/gscratch/vsm/elizap/MiniNeptuneGrid26_PostBac/Installation&Setup_Instructions/picasofiles/grp/redcat/trds
/mmfs1/gscratch/vsm/elizap/MiniNeptuneGrid26_PostBac/Installation&Setup_Instructions/picasofiles/reference
/mmfs1/gscratch/vsm/elizap/MiniNeptuneGrid26_PostBac/Installation&Setup_Instructions/picasofiles/grp/redcat/trds
/mmfs1/gscratch/vsm/elizap/MiniNeptuneGrid26_PostBac/Installation&Setup_Instructions/picasofiles/reference
/mmfs1/gscratch/vsm/elizap/MiniNeptuneGrid26_PostBac/Installation&Setup_Instructions/picasofiles/grp/redcat/trds
/mmfs1/gscratch/vsm/elizap/MiniNeptuneGrid26_PostBac/Installation&Setup_Instructions/picasofiles/reference
/mmfs1/gscratch/vsm/elizap/MiniNeptuneGrid26_PostBac/Installation&Setup_Instructions/picasofiles/grp/redcat/trds
/mmfs1/gscratch/vsm/elizap/MiniNeptuneGrid26_PostBac/Installation&Setup_Instructions/picasofiles/reference
/mmfs1/gscratch/vsm/elizap/MiniNeptuneGrid26_PostBac/Installation&Setup_Instructions/picasofiles/grp/redcat/trds
/mmfs1/gscratch/vsm/elizap/MiniNeptuneGrid26_PostBac/Installation&Setup_Instructions/picasofiles/reference
/mmfs1/gscratch/vsm/elizap/MiniNeptuneGrid26_PostBac/Installation&Setup_Instructions/picasofiles/grp/redcat/trds
/mmfs1/gscratch/vsm/elizap/MiniNeptuneGrid26_PostBac/Installation&Setup_Instructions/picasofiles/reference
/mmfs1/gscratch/vsm/elizap/MiniNeptuneGrid26_PostBac/Installation&Setup_Instructions/picasofiles/grp/redcat/trds
/mmfs1/gscratch/vsm/elizap/MiniNeptuneGrid26_PostBac/Installation&Setup_Instructions/picasofiles/reference
/mmfs1/gscratch/vsm/elizap/MiniNeptuneGrid26_PostBac/Installation&Setup_Instructions/picasofiles/grp/redcat/trds
/mmfs1/gscratch/vsm/elizap/MiniNeptuneGrid26_PostBac/Installation&Setup_Instructions/picasofiles/reference
/mmfs1/gscratch/vsm/elizap/MiniNeptuneGrid26_PostBac/Installation&Setup_Instructions/picasofiles/grp/redcat/trds
/mmfs1/gscratch/vsm/elizap/MiniNeptuneGrid26_PostBac/Installation&Setup_Instructions/picasofiles/reference
/mmfs1/gscratch/vsm/elizap/MiniNeptuneGrid26_PostBac/Installation&Setup_Instructions/picasofiles/grp/redcat/trds
/mmfs1/gscratch/vsm/elizap/MiniNeptuneGrid26_PostBac/Installation&Setup_Instructions/picasofiles/reference
/mmfs1/gscratch/vsm/elizap/MiniNeptuneGrid26_PostBac/Installation&Setup_Instructions/picasofiles/grp/redcat/trds
/mmfs1/gscratch/vsm/elizap/MiniNeptuneGrid26_PostBac/Installation&Setup_Instructions/picasofiles/reference
/mmfs1/gscratch/vsm/elizap/MiniNeptuneGrid26_PostBac/Installation&Setup_Instructions/picasofiles/grp/redcat/trds
/mmfs1/gscratch/vsm/elizap/MiniNeptuneGrid26_PostBac/Installation&Setup_Instructions/picasofiles/reference
/mmfs1/gscratch/vsm/elizap/MiniNeptuneGrid26_PostBac/Installation&Setup_Instructions/picasofiles/grp/redcat/trds
/mmfs1/gscratch/vsm/elizap/MiniNeptuneGrid26_PostBac/Installation&Setup_Instructions/picasofiles/reference
/mmfs1/gscratch/vsm/elizap/MiniNeptuneGrid26_PostBac/Installation&Setup_Instructions/picasofiles/grp/redcat/trds
/mmfs1/gscratch/vsm/elizap/MiniNeptuneGrid26_PostBac/Installation&Setup_Instructions/picasofiles/reference
/mmfs1/gscratch/vsm/elizap/MiniNeptuneGrid26_PostBac/Installation&Setup_Instructions/picasofiles/grp/redcat/trds
/mmfs1/gscratch/vsm/elizap/MiniNeptuneGrid26_PostBac/Installation&Setup_Instructions/picasofiles/reference
/mmfs1/gscratch/vsm/elizap/MiniNeptuneGrid26_PostBac/Installation&Setup_Instructions/picasofiles/grp/redcat/trds
/mmfs1/gscratch/vsm/elizap/MiniNeptuneGrid26_PostBac/Installation&Setup_Instructions/picasofiles/reference
/mmfs1/gscratch/vsm/elizap/MiniNeptuneGrid26_PostBac/Installation&Setup_Instructions/picasofiles/grp/redcat/trds
/mmfs1/gscratch/vsm/elizap/MiniNeptuneGrid26_PostBac/Installation&Setup_Instructions/picasofiles/reference
/mmfs1/gscratch/vsm/elizap/MiniNeptuneGrid26_PostBac/Installation&Setup_Instructions/picasofiles/grp/redcat/trds
/mmfs1/gscratch/vsm/elizap/MiniNeptuneGrid26_PostBac/Installation&Setup_Instructions/picasofiles/reference
/mmfs1/gscratch/vsm/elizap/MiniNeptuneGrid26_PostBac/Installation&Setup_Instructions/picasofiles/grp/redcat/trds
/mmfs1/gscratch/vsm/elizap/MiniNeptuneGrid26_PostBac/Installation&Setup_Instructions/picasofiles/reference
/mmfs1/gscratch/vsm/elizap/MiniNeptuneGrid26_PostBac/Installation&Setup_Instructions/picasofiles/grp/redcat/trds
/mmfs1/gscratch/vsm/elizap/MiniNeptuneGrid26_PostBac/Installation&Setup_Instructions/picasofiles/reference
/mmfs1/gscratch/vsm/elizap/MiniNeptuneGrid26_PostBac/Installation&Setup_Instructions/picasofiles/grp/redcat/trds
/mmfs1/gscratch/vsm/elizap/MiniNeptuneGrid26_PostBac/Installation&Setup_Instructions/picasofiles/reference
/mmfs1/gscratch/vsm/elizap/MiniNeptuneGrid26_PostBac/Installation&Setup_Instructions/picasofiles/grp/redcat/trds
/mmfs1/gscratch/vsm/elizap/MiniNeptuneGrid26_PostBac/Installation&Setup_Instructions/picasofiles/reference
/mmfs1/gscratch/vsm/elizap/MiniNeptuneGrid26_PostBac/Installation&Setup_Instructions/picasofiles/grp/redcat/trds
/mmfs1/gscratch/vsm/elizap/MiniNeptuneGrid26_PostBac/Installation&Setup_Instructions/picasofiles/reference
/mmfs1/gscratch/vsm/elizap/MiniNeptuneGrid26_PostBac/Installation&Setup_Instructions/picasofiles/grp/redcat/trds
/mmfs1/gscratch/vsm/elizap/MiniNeptuneGrid26_PostBac/Installation&Setup_Instructions/picasofiles/reference
/mmfs1/gscratch/vsm/elizap/MiniNeptuneGrid26_PostBac/Installation&Setup_Instructions/picasofiles/grp/redcat/trds
/mmfs1/gscratch/vsm/elizap/MiniNeptuneGrid26_PostBac/Installation&Setup_Instructions/picasofiles/reference
/mmfs1/gscratch/vsm/elizap/MiniNeptuneGrid26_PostBac/Installation&Setup_Instructions/picasofiles/grp/redcat/trds
/mmfs1/gscratch/vsm/elizap/MiniNeptuneGrid26_PostBac/Installation&Setup_Instructions/picasofiles/reference
/mmfs1/gscratch/vsm/elizap/MiniNeptuneGrid26_PostBac/Installation&Setup_Instructions/picasofiles/grp/redcat/trds
/mmfs1/gscratch/vsm/elizap/MiniNeptuneGrid26_PostBac/Installation&Setup_Instructions/picasofiles/reference
/mmfs1/gscratch/vsm/elizap/MiniNeptuneGrid26_PostBac/Installation&Setup_Instructions/picasofiles/grp/redcat/trds
/mmfs1/gscratch/vsm/elizap/MiniNeptuneGrid26_PostBac/Installation&Setup_Instructions/picasofiles/reference
/mmfs1/gscratch/vsm/elizap/MiniNeptuneGrid26_PostBac/Installation&Setup_Instructions/picasofiles/grp/redcat/trds
/mmfs1/gscratch/vsm/elizap/MiniNeptuneGrid26_PostBac/Installation&Setup_Instructions/picasofiles/reference
/mmfs1/gscratch/vsm/elizap/MiniNeptuneGrid26_PostBac/Installation&Setup_Instructions/picasofiles/grp/redcat/trds
/mmfs1/gscratch/vsm/elizap/MiniNeptuneGrid26_PostBac/Installation&Setup_Instructions/picasofiles/reference
/mmfs1/gscratch/vsm/elizap/MiniNeptuneGrid26_PostBac/Installation&Setup_Instructions/picasofiles/grp/redcat/trds
/mmfs1/gscratch/vsm/elizap/MiniNeptuneGrid26_PostBac/Installation&Setup_Instructions/picasofiles/reference
/mmfs1/gscratch/vsm/elizap/MiniNeptuneGrid26_PostBac/Installation&Setup_Instructions/picasofiles/grp/redcat/trds
/mmfs1/gscratch/vsm/elizap/MiniNeptuneGrid26_PostBac/Installation&Setup_Instructions/picasofiles/reference
/mmfs1/gscratch/vsm/elizap/MiniNeptuneGrid26_PostBac/Installation&Setup_Instructions/picasofiles/grp/redcat/trds
/mmfs1/gscratch/vsm/elizap/MiniNeptuneGrid26_PostBac/Installation&Setup_Instructions/picasofiles/reference
/mmfs1/gscratch/vsm/elizap/MiniNeptuneGrid26_PostBac/Installation&Setup_Instructions/picasofiles/grp/redcat/trds
/mmfs1/gscratch/vsm/elizap/MiniNeptuneGrid26_PostBac/Installation&Setup_Instructions/picasofiles/reference
/mmfs1/gscratch/vsm/elizap/MiniNeptuneGrid26_PostBac/Installation&Setup_Instructions/picasofiles/grp/redcat/trds
/mmfs1/gscratch/vsm/elizap/MiniNeptuneGrid26_PostBac/Installation&Setup_Instructions/picasofiles/reference
/mmfs1/gscratch/vsm/elizap/MiniNeptuneGrid26_PostBac/Installation&Setup_Instructions/picasofiles/grp/redcat/trds
/mmfs1/gscratch/vsm/elizap/MiniNeptuneGrid26_PostBac/Installation&Setup_Instructions/picasofiles/reference
/mmfs1/gscratch/vsm/elizap/MiniNeptuneGrid26_PostBac/Installation&Setup_Instructions/picasofiles/grp/redcat/trds
/mmfs1/gscratch/vsm/elizap/MiniNeptuneGrid26_PostBac/Installation&Setup_Instructions/picasofiles/reference
/mmfs1/gscratch/vsm/elizap/MiniNeptuneGrid26_PostBac/Installation&Setup_Instructions/picasofiles/grp/redcat/trds
/mmfs1/gscratch/vsm/elizap/MiniNeptuneGrid26_PostBac/Installation&Setup_Instructions/picasofiles/reference
/mmfs1/gscratch/vsm/elizap/MiniNeptuneGrid26_PostBac/Installation&Setup_Instructions/picasofiles/grp/redcat/trds
/mmfs1/gscratch/vsm/elizap/MiniNeptuneGrid26_PostBac/Installation&Setup_Instructions/picasofiles/reference
/mmfs1/gscratch/vsm/elizap/MiniNeptuneGrid26_PostBac/Installation&Setup_Instructions/picasofiles/grp/redcat/trds
/mmfs1/gscratch/vsm/elizap/MiniNeptuneGrid26_PostBac/Installation&Setup_Instructions/picasofiles/reference
/mmfs1/gscratch/vsm/elizap/MiniNeptuneGrid26_PostBac/Installation&Setup_Instructions/picasofiles/grp/redcat/trds
/mmfs1/gscratch/vsm/elizap/MiniNeptuneGrid26_PostBac/Installation&Setup_Instructions/picasofiles/reference
/mmfs1/gscratch/vsm/elizap/MiniNeptuneGrid26_PostBac/Installation&Setup_Instructions/picasofiles/grp/redcat/trds
The stellar flux file already exists
/mmfs1/gscratch/vsm/elizap/MiniNeptuneGrid26_PostBac/Installation&Setup_Instructions/picasofiles/reference
/mmfs1/gscratch/vsm/elizap/MiniNeptuneGrid26_PostBac/Installation&Setup_Instructions/picasofiles/grp/redcat/trds
The stellar flux file already exists
/mmfs1/gscratch/vsm/elizap/MiniNeptuneGrid26_PostBac/Installation&Setup_Instructions/picasofiles/reference
/mmfs1/gscratch/vsm/elizap/MiniNeptuneGrid26_PostBac/Installation&Setup_Instructions/picasofiles/grp/redcat/trds
The stellar flux file already exists
/mmfs1/gscratch/vsm/elizap/MiniNeptuneGrid26_PostBac/Installation&Setup_Instructions/picasofiles/reference
/mmfs1/gscratch/vsm/elizap/MiniNeptuneGrid26_PostBac/Installation&Setup_Instructions/picasofiles/grp/redcat/trds
The stellar flux file already exists
/mmfs1/gscratch/vsm/elizap/MiniNeptuneGrid26_PostBac/Installation&Setup_Instructions/picasofiles/reference
/mmfs1/gscratch/vsm/elizap/MiniNeptuneGrid26_PostBac/Installation&Setup_Instructions/picasofiles/grp/redcat/trds
The stellar flux file already exists
/mmfs1/gscratch/vsm/elizap/MiniNeptuneGrid26_PostBac/Installation&Setup_Instructions/picasofiles/reference
/mmfs1/gscratch/vsm/elizap/MiniNeptuneGrid26_PostBac/Installation&Setup_Instructions/picasofiles/grp/redcat/trds
The stellar flux file already exists
/mmfs1/gscratch/vsm/elizap/MiniNeptuneGrid26_PostBac/Installation&Setup_Instructions/picasofiles/reference
/mmfs1/gscratch/vsm/elizap/MiniNeptuneGrid26_PostBac/Installation&Setup_Instructions/picasofiles/grp/redcat/trds
The stellar flux file already exists
/mmfs1/gscratch/vsm/elizap/MiniNeptuneGrid26_PostBac/Installation&Setup_Instructions/picasofiles/reference
/mmfs1/gscratch/vsm/elizap/MiniNeptuneGrid26_PostBac/Installation&Setup_Instructions/picasofiles/grp/redcat/trds
The stellar flux file already exists
/mmfs1/gscratch/vsm/elizap/MiniNeptuneGrid26_PostBac/Installation&Setup_Instructions/picasofiles/reference
/mmfs1/gscratch/vsm/elizap/MiniNeptuneGrid26_PostBac/Installation&Setup_Instructions/picasofiles/grp/redcat/trds
(array([2]), array([3.5]), array([ 50, 100, 250]), array([ 0.3,  5. , 10. ]), array([0.01]), array([5]))
This is the gridshape used: (1, 1, 3, 3, 1, 1)
Initializing HDF5 output...
/mmfs1/gscratch/vsm/elizap/MiniNeptuneGrid26_PostBac/Installation&Setup_Instructions/picasofiles/reference
/mmfs1/gscratch/vsm/elizap/MiniNeptuneGrid26_PostBac/Installation&Setup_Instructions/picasofiles/grp/redcat/trds
The stellar flux file already exists
