/mmfs1/gscratch/vsm/elizap/MiniNeptuneGrid26_PostBac/Installation&Setup_Instructions/picasofiles/reference
/mmfs1/gscratch/vsm/elizap/MiniNeptuneGrid26_PostBac/Installation&Setup_Instructions/picasofiles/grp/redcat/trds
/mmfs1/gscratch/vsm/elizap/MiniNeptuneGrid26_PostBac/Installation&Setup_Instructions/picasofiles/reference
/mmfs1/gscratch/vsm/elizap/MiniNeptuneGrid26_PostBac/Installation&Setup_Instructions/picasofiles/grp/redcat/trds
/mmfs1/gscratch/vsm/elizap/MiniNeptuneGrid26_PostBac/Installation&Setup_Instructions/picasofiles/reference
/mmfs1/gscratch/vsm/elizap/MiniNeptuneGrid26_PostBac/Installation&Setup_Instructions/picasofiles/grp/redcat/trds
/mmfs1/gscratch/vsm/elizap/MiniNeptuneGrid26_PostBac/Installation&Setup_Instructions/picasofiles/reference
/mmfs1/gscratch/vsm/elizap/MiniNeptuneGrid26_PostBac/Installation&Setup_Instructions/picasofiles/grp/redcat/trds
/mmfs1/gscratch/vsm/elizap/MiniNeptuneGrid26_PostBac/Installation&Setup_Instructions/picasofiles/reference
/mmfs1/gscratch/vsm/elizap/MiniNeptuneGrid26_PostBac/Installation&Setup_Instructions/picasofiles/grp/redcat/trds
/mmfs1/gscratch/vsm/elizap/MiniNeptuneGrid26_PostBac/Installation&Setup_Instructions/picasofiles/reference
/mmfs1/gscratch/vsm/elizap/MiniNeptuneGrid26_PostBac/Installation&Setup_Instructions/picasofiles/grp/redcat/trds
/mmfs1/gscratch/vsm/elizap/MiniNeptuneGrid26_PostBac/Installation&Setup_Instructions/picasofiles/reference
/mmfs1/gscratch/vsm/elizap/MiniNeptuneGrid26_PostBac/Installation&Setup_Instructions/picasofiles/grp/redcat/trds
/mmfs1/gscratch/vsm/elizap/MiniNeptuneGrid26_PostBac/Installation&Setup_Instructions/picasofiles/reference
/mmfs1/gscratch/vsm/elizap/MiniNeptuneGrid26_PostBac/Installation&Setup_Instructions/picasofiles/grp/redcat/trds
/mmfs1/gscratch/vsm/elizap/MiniNeptuneGrid26_PostBac/Installation&Setup_Instructions/picasofiles/reference
/mmfs1/gscratch/vsm/elizap/MiniNeptuneGrid26_PostBac/Installation&Setup_Instructions/picasofiles/grp/redcat/trds
/mmfs1/gscratch/vsm/elizap/MiniNeptuneGrid26_PostBac/Installation&Setup_Instructions/picasofiles/reference
/mmfs1/gscratch/vsm/elizap/MiniNeptuneGrid26_PostBac/Installation&Setup_Instructions/picasofiles/grp/redcat/trds
/mmfs1/gscratch/vsm/elizap/MiniNeptuneGrid26_PostBac/Installation&Setup_Instructions/picasofiles/reference
/mmfs1/gscratch/vsm/elizap/MiniNeptuneGrid26_PostBac/Installation&Setup_Instructions/picasofiles/grp/redcat/trds
/mmfs1/gscratch/vsm/elizap/MiniNeptuneGrid26_PostBac/Installation&Setup_Instructions/picasofiles/reference
/mmfs1/gscratch/vsm/elizap/MiniNeptuneGrid26_PostBac/Installation&Setup_Instructions/picasofiles/grp/redcat/trds
/mmfs1/gscratch/vsm/elizap/MiniNeptuneGrid26_PostBac/Installation&Setup_Instructions/picasofiles/reference
/mmfs1/gscratch/vsm/elizap/MiniNeptuneGrid26_PostBac/Installation&Setup_Instructions/picasofiles/grp/redcat/trds
/mmfs1/gscratch/vsm/elizap/MiniNeptuneGrid26_PostBac/Installation&Setup_Instructions/picasofiles/reference
/mmfs1/gscratch/vsm/elizap/MiniNeptuneGrid26_PostBac/Installation&Setup_Instructions/picasofiles/grp/redcat/trds
/mmfs1/gscratch/vsm/elizap/MiniNeptuneGrid26_PostBac/Installation&Setup_Instructions/picasofiles/reference
/mmfs1/gscratch/vsm/elizap/MiniNeptuneGrid26_PostBac/Installation&Setup_Instructions/picasofiles/grp/redcat/trds
/mmfs1/gscratch/vsm/elizap/MiniNeptuneGrid26_PostBac/Installation&Setup_Instructions/picasofiles/reference
/mmfs1/gscratch/vsm/elizap/MiniNeptuneGrid26_PostBac/Installation&Setup_Instructions/picasofiles/grp/redcat/trds
/mmfs1/gscratch/vsm/elizap/MiniNeptuneGrid26_PostBac/Installation&Setup_Instructions/picasofiles/reference
/mmfs1/gscratch/vsm/elizap/MiniNeptuneGrid26_PostBac/Installation&Setup_Instructions/picasofiles/grp/redcat/trds
/mmfs1/gscratch/vsm/elizap/MiniNeptuneGrid26_PostBac/Installation&Setup_Instructions/picasofiles/reference
/mmfs1/gscratch/vsm/elizap/MiniNeptuneGrid26_PostBac/Installation&Setup_Instructions/picasofiles/grp/redcat/trds
/mmfs1/gscratch/vsm/elizap/MiniNeptuneGrid26_PostBac/Installation&Setup_Instructions/picasofiles/reference
/mmfs1/gscratch/vsm/elizap/MiniNeptuneGrid26_PostBac/Installation&Setup_Instructions/picasofiles/grp/redcat/trds
/mmfs1/gscratch/vsm/elizap/MiniNeptuneGrid26_PostBac/Installation&Setup_Instructions/picasofiles/reference
/mmfs1/gscratch/vsm/elizap/MiniNeptuneGrid26_PostBac/Installation&Setup_Instructions/picasofiles/grp/redcat/trds
/mmfs1/gscratch/vsm/elizap/MiniNeptuneGrid26_PostBac/Installation&Setup_Instructions/picasofiles/reference
/mmfs1/gscratch/vsm/elizap/MiniNeptuneGrid26_PostBac/Installation&Setup_Instructions/picasofiles/grp/redcat/trds
/mmfs1/gscratch/vsm/elizap/MiniNeptuneGrid26_PostBac/Installation&Setup_Instructions/picasofiles/reference
/mmfs1/gscratch/vsm/elizap/MiniNeptuneGrid26_PostBac/Installation&Setup_Instructions/picasofiles/grp/redcat/trds
/mmfs1/gscratch/vsm/elizap/MiniNeptuneGrid26_PostBac/Installation&Setup_Instructions/picasofiles/reference
/mmfs1/gscratch/vsm/elizap/MiniNeptuneGrid26_PostBac/Installation&Setup_Instructions/picasofiles/grp/redcat/trds
/mmfs1/gscratch/vsm/elizap/MiniNeptuneGrid26_PostBac/Installation&Setup_Instructions/picasofiles/reference
/mmfs1/gscratch/vsm/elizap/MiniNeptuneGrid26_PostBac/Installation&Setup_Instructions/picasofiles/grp/redcat/trds
/mmfs1/gscratch/vsm/elizap/MiniNeptuneGrid26_PostBac/Installation&Setup_Instructions/picasofiles/reference
/mmfs1/gscratch/vsm/elizap/MiniNeptuneGrid26_PostBac/Installation&Setup_Instructions/picasofiles/grp/redcat/trds
/mmfs1/gscratch/vsm/elizap/MiniNeptuneGrid26_PostBac/Installation&Setup_Instructions/picasofiles/reference
/mmfs1/gscratch/vsm/elizap/MiniNeptuneGrid26_PostBac/Installation&Setup_Instructions/picasofiles/grp/redcat/trds
/mmfs1/gscratch/vsm/elizap/MiniNeptuneGrid26_PostBac/Installation&Setup_Instructions/picasofiles/reference
/mmfs1/gscratch/vsm/elizap/MiniNeptuneGrid26_PostBac/Installation&Setup_Instructions/picasofiles/grp/redcat/trds
/mmfs1/gscratch/vsm/elizap/MiniNeptuneGrid26_PostBac/Installation&Setup_Instructions/picasofiles/reference
/mmfs1/gscratch/vsm/elizap/MiniNeptuneGrid26_PostBac/Installation&Setup_Instructions/picasofiles/grp/redcat/trds
/mmfs1/gscratch/vsm/elizap/MiniNeptuneGrid26_PostBac/Installation&Setup_Instructions/picasofiles/reference
/mmfs1/gscratch/vsm/elizap/MiniNeptuneGrid26_PostBac/Installation&Setup_Instructions/picasofiles/grp/redcat/trds
/mmfs1/gscratch/vsm/elizap/MiniNeptuneGrid26_PostBac/Installation&Setup_Instructions/picasofiles/reference
/mmfs1/gscratch/vsm/elizap/MiniNeptuneGrid26_PostBac/Installation&Setup_Instructions/picasofiles/grp/redcat/trds
/mmfs1/gscratch/vsm/elizap/MiniNeptuneGrid26_PostBac/Installation&Setup_Instructions/picasofiles/reference
/mmfs1/gscratch/vsm/elizap/MiniNeptuneGrid26_PostBac/Installation&Setup_Instructions/picasofiles/grp/redcat/trds
/mmfs1/gscratch/vsm/elizap/MiniNeptuneGrid26_PostBac/Installation&Setup_Instructions/picasofiles/reference
/mmfs1/gscratch/vsm/elizap/MiniNeptuneGrid26_PostBac/Installation&Setup_Instructions/picasofiles/grp/redcat/trds
/mmfs1/gscratch/vsm/elizap/MiniNeptuneGrid26_PostBac/Installation&Setup_Instructions/picasofiles/reference
/mmfs1/gscratch/vsm/elizap/MiniNeptuneGrid26_PostBac/Installation&Setup_Instructions/picasofiles/grp/redcat/trds
/mmfs1/gscratch/vsm/elizap/MiniNeptuneGrid26_PostBac/Installation&Setup_Instructions/picasofiles/reference
/mmfs1/gscratch/vsm/elizap/MiniNeptuneGrid26_PostBac/Installation&Setup_Instructions/picasofiles/grp/redcat/trds
/mmfs1/gscratch/vsm/elizap/MiniNeptuneGrid26_PostBac/Installation&Setup_Instructions/picasofiles/reference
/mmfs1/gscratch/vsm/elizap/MiniNeptuneGrid26_PostBac/Installation&Setup_Instructions/picasofiles/grp/redcat/trds
/mmfs1/gscratch/vsm/elizap/MiniNeptuneGrid26_PostBac/Installation&Setup_Instructions/picasofiles/reference
/mmfs1/gscratch/vsm/elizap/MiniNeptuneGrid26_PostBac/Installation&Setup_Instructions/picasofiles/grp/redcat/trds
/mmfs1/gscratch/vsm/elizap/MiniNeptuneGrid26_PostBac/Installation&Setup_Instructions/picasofiles/reference
/mmfs1/gscratch/vsm/elizap/MiniNeptuneGrid26_PostBac/Installation&Setup_Instructions/picasofiles/grp/redcat/trds
/mmfs1/gscratch/vsm/elizap/MiniNeptuneGrid26_PostBac/Installation&Setup_Instructions/picasofiles/reference
/mmfs1/gscratch/vsm/elizap/MiniNeptuneGrid26_PostBac/Installation&Setup_Instructions/picasofiles/grp/redcat/trds
/mmfs1/gscratch/vsm/elizap/MiniNeptuneGrid26_PostBac/Installation&Setup_Instructions/picasofiles/reference
/mmfs1/gscratch/vsm/elizap/MiniNeptuneGrid26_PostBac/Installation&Setup_Instructions/picasofiles/grp/redcat/trds
/mmfs1/gscratch/vsm/elizap/MiniNeptuneGrid26_PostBac/Installation&Setup_Instructions/picasofiles/reference
/mmfs1/gscratch/vsm/elizap/MiniNeptuneGrid26_PostBac/Installation&Setup_Instructions/picasofiles/grp/redcat/trds
/mmfs1/gscratch/vsm/elizap/MiniNeptuneGrid26_PostBac/Installation&Setup_Instructions/picasofiles/reference
/mmfs1/gscratch/vsm/elizap/MiniNeptuneGrid26_PostBac/Installation&Setup_Instructions/picasofiles/grp/redcat/trds
/mmfs1/gscratch/vsm/elizap/MiniNeptuneGrid26_PostBac/Installation&Setup_Instructions/picasofiles/reference
/mmfs1/gscratch/vsm/elizap/MiniNeptuneGrid26_PostBac/Installation&Setup_Instructions/picasofiles/grp/redcat/trds
/mmfs1/gscratch/vsm/elizap/MiniNeptuneGrid26_PostBac/Installation&Setup_Instructions/picasofiles/reference
/mmfs1/gscratch/vsm/elizap/MiniNeptuneGrid26_PostBac/Installation&Setup_Instructions/picasofiles/grp/redcat/trds
/mmfs1/gscratch/vsm/elizap/MiniNeptuneGrid26_PostBac/Installation&Setup_Instructions/picasofiles/reference
/mmfs1/gscratch/vsm/elizap/MiniNeptuneGrid26_PostBac/Installation&Setup_Instructions/picasofiles/grp/redcat/trds
/mmfs1/gscratch/vsm/elizap/MiniNeptuneGrid26_PostBac/Installation&Setup_Instructions/picasofiles/reference
/mmfs1/gscratch/vsm/elizap/MiniNeptuneGrid26_PostBac/Installation&Setup_Instructions/picasofiles/grp/redcat/trds
/mmfs1/gscratch/vsm/elizap/MiniNeptuneGrid26_PostBac/Installation&Setup_Instructions/picasofiles/reference
/mmfs1/gscratch/vsm/elizap/MiniNeptuneGrid26_PostBac/Installation&Setup_Instructions/picasofiles/grp/redcat/trds
/mmfs1/gscratch/vsm/elizap/MiniNeptuneGrid26_PostBac/Installation&Setup_Instructions/picasofiles/reference
/mmfs1/gscratch/vsm/elizap/MiniNeptuneGrid26_PostBac/Installation&Setup_Instructions/picasofiles/grp/redcat/trds
/mmfs1/gscratch/vsm/elizap/MiniNeptuneGrid26_PostBac/Installation&Setup_Instructions/picasofiles/reference
/mmfs1/gscratch/vsm/elizap/MiniNeptuneGrid26_PostBac/Installation&Setup_Instructions/picasofiles/grp/redcat/trds
/mmfs1/gscratch/vsm/elizap/MiniNeptuneGrid26_PostBac/Installation&Setup_Instructions/picasofiles/reference
/mmfs1/gscratch/vsm/elizap/MiniNeptuneGrid26_PostBac/Installation&Setup_Instructions/picasofiles/grp/redcat/trds
/mmfs1/gscratch/vsm/elizap/MiniNeptuneGrid26_PostBac/Installation&Setup_Instructions/picasofiles/reference
/mmfs1/gscratch/vsm/elizap/MiniNeptuneGrid26_PostBac/Installation&Setup_Instructions/picasofiles/grp/redcat/trds
/mmfs1/gscratch/vsm/elizap/MiniNeptuneGrid26_PostBac/Installation&Setup_Instructions/picasofiles/reference
/mmfs1/gscratch/vsm/elizap/MiniNeptuneGrid26_PostBac/Installation&Setup_Instructions/picasofiles/grp/redcat/trds
/mmfs1/gscratch/vsm/elizap/MiniNeptuneGrid26_PostBac/Installation&Setup_Instructions/picasofiles/reference
/mmfs1/gscratch/vsm/elizap/MiniNeptuneGrid26_PostBac/Installation&Setup_Instructions/picasofiles/grp/redcat/trds
/mmfs1/gscratch/vsm/elizap/MiniNeptuneGrid26_PostBac/Installation&Setup_Instructions/picasofiles/reference
/mmfs1/gscratch/vsm/elizap/MiniNeptuneGrid26_PostBac/Installation&Setup_Instructions/picasofiles/grp/redcat/trds
/mmfs1/gscratch/vsm/elizap/MiniNeptuneGrid26_PostBac/Installation&Setup_Instructions/picasofiles/reference
/mmfs1/gscratch/vsm/elizap/MiniNeptuneGrid26_PostBac/Installation&Setup_Instructions/picasofiles/grp/redcat/trds
/mmfs1/gscratch/vsm/elizap/MiniNeptuneGrid26_PostBac/Installation&Setup_Instructions/picasofiles/reference
/mmfs1/gscratch/vsm/elizap/MiniNeptuneGrid26_PostBac/Installation&Setup_Instructions/picasofiles/grp/redcat/trds
/mmfs1/gscratch/vsm/elizap/MiniNeptuneGrid26_PostBac/Installation&Setup_Instructions/picasofiles/reference
/mmfs1/gscratch/vsm/elizap/MiniNeptuneGrid26_PostBac/Installation&Setup_Instructions/picasofiles/grp/redcat/trds
/mmfs1/gscratch/vsm/elizap/MiniNeptuneGrid26_PostBac/Installation&Setup_Instructions/picasofiles/reference
/mmfs1/gscratch/vsm/elizap/MiniNeptuneGrid26_PostBac/Installation&Setup_Instructions/picasofiles/grp/redcat/trds
/mmfs1/gscratch/vsm/elizap/MiniNeptuneGrid26_PostBac/Installation&Setup_Instructions/picasofiles/reference
/mmfs1/gscratch/vsm/elizap/MiniNeptuneGrid26_PostBac/Installation&Setup_Instructions/picasofiles/grp/redcat/trds
/mmfs1/gscratch/vsm/elizap/MiniNeptuneGrid26_PostBac/Installation&Setup_Instructions/picasofiles/reference
/mmfs1/gscratch/vsm/elizap/MiniNeptuneGrid26_PostBac/Installation&Setup_Instructions/picasofiles/grp/redcat/trds
/mmfs1/gscratch/vsm/elizap/MiniNeptuneGrid26_PostBac/Installation&Setup_Instructions/picasofiles/reference
/mmfs1/gscratch/vsm/elizap/MiniNeptuneGrid26_PostBac/Installation&Setup_Instructions/picasofiles/grp/redcat/trds
/mmfs1/gscratch/vsm/elizap/MiniNeptuneGrid26_PostBac/Installation&Setup_Instructions/picasofiles/reference
/mmfs1/gscratch/vsm/elizap/MiniNeptuneGrid26_PostBac/Installation&Setup_Instructions/picasofiles/grp/redcat/trds
/mmfs1/gscratch/vsm/elizap/MiniNeptuneGrid26_PostBac/Installation&Setup_Instructions/picasofiles/reference
/mmfs1/gscratch/vsm/elizap/MiniNeptuneGrid26_PostBac/Installation&Setup_Instructions/picasofiles/grp/redcat/trds
/mmfs1/gscratch/vsm/elizap/MiniNeptuneGrid26_PostBac/Installation&Setup_Instructions/picasofiles/reference
/mmfs1/gscratch/vsm/elizap/MiniNeptuneGrid26_PostBac/Installation&Setup_Instructions/picasofiles/grp/redcat/trds
/mmfs1/gscratch/vsm/elizap/MiniNeptuneGrid26_PostBac/Installation&Setup_Instructions/picasofiles/reference
/mmfs1/gscratch/vsm/elizap/MiniNeptuneGrid26_PostBac/Installation&Setup_Instructions/picasofiles/grp/redcat/trds
/mmfs1/gscratch/vsm/elizap/MiniNeptuneGrid26_PostBac/Installation&Setup_Instructions/picasofiles/reference
/mmfs1/gscratch/vsm/elizap/MiniNeptuneGrid26_PostBac/Installation&Setup_Instructions/picasofiles/grp/redcat/trds
/mmfs1/gscratch/vsm/elizap/MiniNeptuneGrid26_PostBac/Installation&Setup_Instructions/picasofiles/reference
/mmfs1/gscratch/vsm/elizap/MiniNeptuneGrid26_PostBac/Installation&Setup_Instructions/picasofiles/grp/redcat/trds
/mmfs1/gscratch/vsm/elizap/MiniNeptuneGrid26_PostBac/Installation&Setup_Instructions/picasofiles/reference
/mmfs1/gscratch/vsm/elizap/MiniNeptuneGrid26_PostBac/Installation&Setup_Instructions/picasofiles/grp/redcat/trds
/mmfs1/gscratch/vsm/elizap/MiniNeptuneGrid26_PostBac/Installation&Setup_Instructions/picasofiles/reference
/mmfs1/gscratch/vsm/elizap/MiniNeptuneGrid26_PostBac/Installation&Setup_Instructions/picasofiles/grp/redcat/trds
/mmfs1/gscratch/vsm/elizap/MiniNeptuneGrid26_PostBac/Installation&Setup_Instructions/picasofiles/reference
/mmfs1/gscratch/vsm/elizap/MiniNeptuneGrid26_PostBac/Installation&Setup_Instructions/picasofiles/grp/redcat/trds
/mmfs1/gscratch/vsm/elizap/MiniNeptuneGrid26_PostBac/Installation&Setup_Instructions/picasofiles/reference
/mmfs1/gscratch/vsm/elizap/MiniNeptuneGrid26_PostBac/Installation&Setup_Instructions/picasofiles/grp/redcat/trds
/mmfs1/gscratch/vsm/elizap/MiniNeptuneGrid26_PostBac/Installation&Setup_Instructions/picasofiles/reference
/mmfs1/gscratch/vsm/elizap/MiniNeptuneGrid26_PostBac/Installation&Setup_Instructions/picasofiles/grp/redcat/trds
The stellar flux file already exists
This is the input list: [2.0e+00 3.5e+00 2.5e+02 5.0e+00 1.0e-02]
A match given total flux, planet metallicity, and tint does not exist
/mmfs1/gscratch/vsm/elizap/MiniNeptuneGrid26_PostBac/Installation&Setup_Instructions/picasofiles/reference
/mmfs1/gscratch/vsm/elizap/MiniNeptuneGrid26_PostBac/Installation&Setup_Instructions/picasofiles/grp/redcat/trds
The stellar flux file already exists
This is the input list: [2.0e+00 3.5e+00 1.0e+02 5.0e+00 1.0e-02]
PICASO did not converge or has an error: status=crash, error=P
/mmfs1/gscratch/vsm/elizap/MiniNeptuneGrid26_PostBac/Installation&Setup_Instructions/picasofiles/reference
/mmfs1/gscratch/vsm/elizap/MiniNeptuneGrid26_PostBac/Installation&Setup_Instructions/picasofiles/grp/redcat/trds
The stellar flux file already exists
This is the input list: [2.0e+00 3.5e+00 2.5e+02 1.0e+01 1.0e-02]
PICASO did not converge or has an error: status=error, error=Z
/mmfs1/gscratch/vsm/elizap/MiniNeptuneGrid26_PostBac/Installation&Setup_Instructions/picasofiles/reference
/mmfs1/gscratch/vsm/elizap/MiniNeptuneGrid26_PostBac/Installation&Setup_Instructions/picasofiles/grp/redcat/trds
The stellar flux file already exists
This is the input list: [2.0e+00 3.5e+00 1.0e+02 1.0e+01 1.0e-02]
PICASO did not converge or has an error: status=error, error=Z
/mmfs1/gscratch/vsm/elizap/MiniNeptuneGrid26_PostBac/Installation&Setup_Instructions/picasofiles/reference
/mmfs1/gscratch/vsm/elizap/MiniNeptuneGrid26_PostBac/Installation&Setup_Instructions/picasofiles/grp/redcat/trds
The stellar flux file already exists
This is the input list: [2.0e+00 3.5e+00 1.0e+02 3.0e-01 1.0e-02]
Was able to successfully find your input parameters in the PICASO TP profile grid!
/mmfs1/gscratch/vsm/elizap/MiniNeptuneGrid26_PostBac/Installation&Setup_Instructions/picasofiles/reference
/mmfs1/gscratch/vsm/elizap/MiniNeptuneGrid26_PostBac/Installation&Setup_Instructions/picasofiles/grp/redcat/trds
The stellar flux file already exists
This is the input list: [2.0e+00 3.5e+00 5.0e+01 5.0e+00 1.0e-02]
Was able to successfully find your input parameters in the PICASO TP profile grid!
/mmfs1/gscratch/vsm/elizap/MiniNeptuneGrid26_PostBac/Installation&Setup_Instructions/picasofiles/reference
/mmfs1/gscratch/vsm/elizap/MiniNeptuneGrid26_PostBac/Installation&Setup_Instructions/picasofiles/grp/redcat/trds
The stellar flux file already exists
This is the input list: [2.0e+00 3.5e+00 5.0e+01 3.0e-01 1.0e-02]
Was able to successfully find your input parameters in the PICASO TP profile grid!
/mmfs1/gscratch/vsm/elizap/MiniNeptuneGrid26_PostBac/Installation&Setup_Instructions/picasofiles/reference
/mmfs1/gscratch/vsm/elizap/MiniNeptuneGrid26_PostBac/Installation&Setup_Instructions/picasofiles/grp/redcat/trds
The stellar flux file already exists
This is the input list: [2.0e+00 3.5e+00 5.0e+01 1.0e+01 1.0e-02]
Was able to successfully find your input parameters in the PICASO TP profile grid!
/mmfs1/gscratch/vsm/elizap/MiniNeptuneGrid26_PostBac/Installation&Setup_Instructions/picasofiles/reference
/mmfs1/gscratch/vsm/elizap/MiniNeptuneGrid26_PostBac/Installation&Setup_Instructions/picasofiles/grp/redcat/trds
The stellar flux file already exists
This is the input list: [2.0e+00 3.5e+00 2.5e+02 3.0e-01 1.0e-02]
Was able to successfully find your input parameters in the PICASO TP profile grid!
nsteps = 100  longdy = 4.6e+00  max_dT = 2.5e-01  max_dlog10edd = 0.0e+00  TOA_pressure = 1.2e-07
nsteps = 200  longdy = 3.8e+00  max_dT = 2.5e-01  max_dlog10edd = 0.0e+00  TOA_pressure = 1.2e-07
nsteps = 300  longdy = 3.3e+00  max_dT = 2.5e-01  max_dlog10edd = 0.0e+00  TOA_pressure = 1.2e-07
nsteps = 400  longdy = 1.1e+01  max_dT = 2.5e-01  max_dlog10edd = 0.0e+00  TOA_pressure = 1.2e-07
nsteps = 500  longdy = 1.5e+00  max_dT = 2.5e-01  max_dlog10edd = 0.0e+00  TOA_pressure = 1.4e-07
nsteps = 600  longdy = 2.2e+01  max_dT = 2.7e-01  max_dlog10edd = 0.0e+00  TOA_pressure = 1.9e-07
nsteps = 700  longdy = 2.6e+01  max_dT = 4.3e+00  max_dlog10edd = 0.0e+00  TOA_pressure = 2.6e-07
nsteps = 800  longdy = 3.0e+01  max_dT = 1.4e+01  max_dlog10edd = 0.0e+00  TOA_pressure = 3.4e-07
nsteps = 900  longdy = 6.7e-01  max_dT = 1.7e+01  max_dlog10edd = 0.0e+00  TOA_pressure = 3.8e-07
nsteps = 1000  longdy = 2.2e-01  max_dT = 1.7e+01  max_dlog10edd = 0.0e+00  TOA_pressure = 3.8e-07
nsteps = 1100  longdy = 4.7e-01  max_dT = 1.8e+00  max_dlog10edd = 0.0e+00  TOA_pressure = 8.2e-08
nsteps = 1200  longdy = 1.2e+01  max_dT = 1.8e+00  max_dlog10edd = 0.0e+00  TOA_pressure = 8.7e-08
nsteps = 1300  longdy = 1.2e+02  max_dT = 1.9e+00  max_dlog10edd = 0.0e+00  TOA_pressure = 1.0e-07
nsteps = 1400  longdy = 3.0e+01  max_dT = 2.5e+00  max_dlog10edd = 0.0e+00  TOA_pressure = 1.3e-07
nsteps = 1500  longdy = 1.0e+00  max_dT = 2.4e+00  max_dlog10edd = 0.0e+00  TOA_pressure = 1.8e-07
nsteps = 1553  longdy = 2.5e-02  max_dT = 2.4e+00  max_dlog10edd = 0.0e+00  TOA_pressure = 1.8e-07
This is for the input value of planet radius:2.0, metal:3.5, tint:250.0, semi major:0.3, ctoO: 0.01, log_Kzz: 5.0
/mmfs1/gscratch/vsm/elizap/MiniNeptuneGrid26_PostBac/Installation&Setup_Instructions/picasofiles/reference
/mmfs1/gscratch/vsm/elizap/MiniNeptuneGrid26_PostBac/Installation&Setup_Instructions/picasofiles/grp/redcat/trds
(array([2]), array([3.5]), array([ 50, 100, 250]), array([ 0.3,  5. , 10. ]), array([0.01]), array([5]))
This is the gridshape used: (1, 1, 3, 3, 1, 1)
Initializing HDF5 output...
