/mmfs1/gscratch/vsm/elizap/MiniNeptuneGrid26_PostBac/Installation&Setup_Instructions/picasofiles/reference
/mmfs1/gscratch/vsm/elizap/MiniNeptuneGrid26_PostBac/Installation&Setup_Instructions/picasofiles/grp/redcat/trds
/mmfs1/gscratch/vsm/elizap/MiniNeptuneGrid26_PostBac/Installation&Setup_Instructions/picasofiles/reference
/mmfs1/gscratch/vsm/elizap/MiniNeptuneGrid26_PostBac/Installation&Setup_Instructions/picasofiles/grp/redcat/trds
/mmfs1/gscratch/vsm/elizap/MiniNeptuneGrid26_PostBac/Installation&Setup_Instructions/picasofiles/reference
/mmfs1/gscratch/vsm/elizap/MiniNeptuneGrid26_PostBac/Installation&Setup_Instructions/picasofiles/grp/redcat/trds
/mmfs1/gscratch/vsm/elizap/MiniNeptuneGrid26_PostBac/Installation&Setup_Instructions/picasofiles/reference
/mmfs1/gscratch/vsm/elizap/MiniNeptuneGrid26_PostBac/Installation&Setup_Instructions/picasofiles/grp/redcat/trds
/mmfs1/gscratch/vsm/elizap/MiniNeptuneGrid26_PostBac/Installation&Setup_Instructions/picasofiles/reference
/mmfs1/gscratch/vsm/elizap/MiniNeptuneGrid26_PostBac/Installation&Setup_Instructions/picasofiles/grp/redcat/trds
/mmfs1/gscratch/vsm/elizap/MiniNeptuneGrid26_PostBac/Installation&Setup_Instructions/picasofiles/reference
/mmfs1/gscratch/vsm/elizap/MiniNeptuneGrid26_PostBac/Installation&Setup_Instructions/picasofiles/grp/redcat/trds
/mmfs1/gscratch/vsm/elizap/MiniNeptuneGrid26_PostBac/Installation&Setup_Instructions/picasofiles/reference
/mmfs1/gscratch/vsm/elizap/MiniNeptuneGrid26_PostBac/Installation&Setup_Instructions/picasofiles/grp/redcat/trds
/mmfs1/gscratch/vsm/elizap/MiniNeptuneGrid26_PostBac/Installation&Setup_Instructions/picasofiles/reference
/mmfs1/gscratch/vsm/elizap/MiniNeptuneGrid26_PostBac/Installation&Setup_Instructions/picasofiles/grp/redcat/trds
/mmfs1/gscratch/vsm/elizap/MiniNeptuneGrid26_PostBac/Installation&Setup_Instructions/picasofiles/reference
/mmfs1/gscratch/vsm/elizap/MiniNeptuneGrid26_PostBac/Installation&Setup_Instructions/picasofiles/grp/redcat/trds
/mmfs1/gscratch/vsm/elizap/MiniNeptuneGrid26_PostBac/Installation&Setup_Instructions/picasofiles/reference
/mmfs1/gscratch/vsm/elizap/MiniNeptuneGrid26_PostBac/Installation&Setup_Instructions/picasofiles/grp/redcat/trds
/mmfs1/gscratch/vsm/elizap/MiniNeptuneGrid26_PostBac/Installation&Setup_Instructions/picasofiles/reference
/mmfs1/gscratch/vsm/elizap/MiniNeptuneGrid26_PostBac/Installation&Setup_Instructions/picasofiles/grp/redcat/trds
/mmfs1/gscratch/vsm/elizap/MiniNeptuneGrid26_PostBac/Installation&Setup_Instructions/picasofiles/reference
/mmfs1/gscratch/vsm/elizap/MiniNeptuneGrid26_PostBac/Installation&Setup_Instructions/picasofiles/grp/redcat/trds
/mmfs1/gscratch/vsm/elizap/MiniNeptuneGrid26_PostBac/Installation&Setup_Instructions/picasofiles/reference
/mmfs1/gscratch/vsm/elizap/MiniNeptuneGrid26_PostBac/Installation&Setup_Instructions/picasofiles/grp/redcat/trds
/mmfs1/gscratch/vsm/elizap/MiniNeptuneGrid26_PostBac/Installation&Setup_Instructions/picasofiles/reference
/mmfs1/gscratch/vsm/elizap/MiniNeptuneGrid26_PostBac/Installation&Setup_Instructions/picasofiles/grp/redcat/trds
/mmfs1/gscratch/vsm/elizap/MiniNeptuneGrid26_PostBac/Installation&Setup_Instructions/picasofiles/reference
/mmfs1/gscratch/vsm/elizap/MiniNeptuneGrid26_PostBac/Installation&Setup_Instructions/picasofiles/grp/redcat/trds
/mmfs1/gscratch/vsm/elizap/MiniNeptuneGrid26_PostBac/Installation&Setup_Instructions/picasofiles/reference
/mmfs1/gscratch/vsm/elizap/MiniNeptuneGrid26_PostBac/Installation&Setup_Instructions/picasofiles/grp/redcat/trds
/mmfs1/gscratch/vsm/elizap/MiniNeptuneGrid26_PostBac/Installation&Setup_Instructions/picasofiles/reference
/mmfs1/gscratch/vsm/elizap/MiniNeptuneGrid26_PostBac/Installation&Setup_Instructions/picasofiles/grp/redcat/trds
/mmfs1/gscratch/vsm/elizap/MiniNeptuneGrid26_PostBac/Installation&Setup_Instructions/picasofiles/reference
/mmfs1/gscratch/vsm/elizap/MiniNeptuneGrid26_PostBac/Installation&Setup_Instructions/picasofiles/grp/redcat/trds
/mmfs1/gscratch/vsm/elizap/MiniNeptuneGrid26_PostBac/Installation&Setup_Instructions/picasofiles/reference
/mmfs1/gscratch/vsm/elizap/MiniNeptuneGrid26_PostBac/Installation&Setup_Instructions/picasofiles/grp/redcat/trds
/mmfs1/gscratch/vsm/elizap/MiniNeptuneGrid26_PostBac/Installation&Setup_Instructions/picasofiles/reference
/mmfs1/gscratch/vsm/elizap/MiniNeptuneGrid26_PostBac/Installation&Setup_Instructions/picasofiles/grp/redcat/trds
/mmfs1/gscratch/vsm/elizap/MiniNeptuneGrid26_PostBac/Installation&Setup_Instructions/picasofiles/reference
/mmfs1/gscratch/vsm/elizap/MiniNeptuneGrid26_PostBac/Installation&Setup_Instructions/picasofiles/grp/redcat/trds
/mmfs1/gscratch/vsm/elizap/MiniNeptuneGrid26_PostBac/Installation&Setup_Instructions/picasofiles/reference
/mmfs1/gscratch/vsm/elizap/MiniNeptuneGrid26_PostBac/Installation&Setup_Instructions/picasofiles/grp/redcat/trds
/mmfs1/gscratch/vsm/elizap/MiniNeptuneGrid26_PostBac/Installation&Setup_Instructions/picasofiles/reference
/mmfs1/gscratch/vsm/elizap/MiniNeptuneGrid26_PostBac/Installation&Setup_Instructions/picasofiles/grp/redcat/trds
/mmfs1/gscratch/vsm/elizap/MiniNeptuneGrid26_PostBac/Installation&Setup_Instructions/picasofiles/reference
/mmfs1/gscratch/vsm/elizap/MiniNeptuneGrid26_PostBac/Installation&Setup_Instructions/picasofiles/grp/redcat/trds
/mmfs1/gscratch/vsm/elizap/MiniNeptuneGrid26_PostBac/Installation&Setup_Instructions/picasofiles/reference
/mmfs1/gscratch/vsm/elizap/MiniNeptuneGrid26_PostBac/Installation&Setup_Instructions/picasofiles/grp/redcat/trds
/mmfs1/gscratch/vsm/elizap/MiniNeptuneGrid26_PostBac/Installation&Setup_Instructions/picasofiles/reference
/mmfs1/gscratch/vsm/elizap/MiniNeptuneGrid26_PostBac/Installation&Setup_Instructions/picasofiles/grp/redcat/trds
/mmfs1/gscratch/vsm/elizap/MiniNeptuneGrid26_PostBac/Installation&Setup_Instructions/picasofiles/reference
/mmfs1/gscratch/vsm/elizap/MiniNeptuneGrid26_PostBac/Installation&Setup_Instructions/picasofiles/grp/redcat/trds
/mmfs1/gscratch/vsm/elizap/MiniNeptuneGrid26_PostBac/Installation&Setup_Instructions/picasofiles/reference
/mmfs1/gscratch/vsm/elizap/MiniNeptuneGrid26_PostBac/Installation&Setup_Instructions/picasofiles/grp/redcat/trds
/mmfs1/gscratch/vsm/elizap/MiniNeptuneGrid26_PostBac/Installation&Setup_Instructions/picasofiles/reference
/mmfs1/gscratch/vsm/elizap/MiniNeptuneGrid26_PostBac/Installation&Setup_Instructions/picasofiles/grp/redcat/trds
[5] PICASO did not converge or has an error: status=error, error=Z
/mmfs1/gscratch/vsm/elizap/MiniNeptuneGrid26_PostBac/Installation&Setup_Instructions/picasofiles/reference
/mmfs1/gscratch/vsm/elizap/MiniNeptuneGrid26_PostBac/Installation&Setup_Instructions/picasofiles/grp/redcat/trds
[4] PICASO did not converge or has an error: status=error, error=Z
/mmfs1/gscratch/vsm/elizap/MiniNeptuneGrid26_PostBac/Installation&Setup_Instructions/picasofiles/reference
/mmfs1/gscratch/vsm/elizap/MiniNeptuneGrid26_PostBac/Installation&Setup_Instructions/picasofiles/grp/redcat/trds
[1] Was able to successfully find your input parameters in the PICASO TP profile grid!
/mmfs1/gscratch/vsm/elizap/MiniNeptuneGrid26_PostBac/Installation&Setup_Instructions/picasofiles/reference
/mmfs1/gscratch/vsm/elizap/MiniNeptuneGrid26_PostBac/Installation&Setup_Instructions/picasofiles/grp/redcat/trds
[9] Was able to successfully find your input parameters in the PICASO TP profile grid!
/mmfs1/gscratch/vsm/elizap/MiniNeptuneGrid26_PostBac/Installation&Setup_Instructions/picasofiles/reference
/mmfs1/gscratch/vsm/elizap/MiniNeptuneGrid26_PostBac/Installation&Setup_Instructions/picasofiles/grp/redcat/trds
[11] Was able to successfully find your input parameters in the PICASO TP profile grid!
/mmfs1/gscratch/vsm/elizap/MiniNeptuneGrid26_PostBac/Installation&Setup_Instructions/picasofiles/reference
/mmfs1/gscratch/vsm/elizap/MiniNeptuneGrid26_PostBac/Installation&Setup_Instructions/picasofiles/grp/redcat/trds
[7] Was able to successfully find your input parameters in the PICASO TP profile grid!
/mmfs1/gscratch/vsm/elizap/MiniNeptuneGrid26_PostBac/Installation&Setup_Instructions/picasofiles/reference
/mmfs1/gscratch/vsm/elizap/MiniNeptuneGrid26_PostBac/Installation&Setup_Instructions/picasofiles/grp/redcat/trds
[10] Was able to successfully find your input parameters in the PICASO TP profile grid!
/mmfs1/gscratch/vsm/elizap/MiniNeptuneGrid26_PostBac/Installation&Setup_Instructions/picasofiles/reference
/mmfs1/gscratch/vsm/elizap/MiniNeptuneGrid26_PostBac/Installation&Setup_Instructions/picasofiles/grp/redcat/trds
[8] Was able to successfully find your input parameters in the PICASO TP profile grid!
/mmfs1/gscratch/vsm/elizap/MiniNeptuneGrid26_PostBac/Installation&Setup_Instructions/picasofiles/reference
/mmfs1/gscratch/vsm/elizap/MiniNeptuneGrid26_PostBac/Installation&Setup_Instructions/picasofiles/grp/redcat/trds
[6] Was able to successfully find your input parameters in the PICASO TP profile grid!
/mmfs1/gscratch/vsm/elizap/MiniNeptuneGrid26_PostBac/Installation&Setup_Instructions/picasofiles/reference
/mmfs1/gscratch/vsm/elizap/MiniNeptuneGrid26_PostBac/Installation&Setup_Instructions/picasofiles/grp/redcat/trds
[2] Was able to successfully find your input parameters in the PICASO TP profile grid!
/mmfs1/gscratch/vsm/elizap/MiniNeptuneGrid26_PostBac/Installation&Setup_Instructions/picasofiles/reference
/mmfs1/gscratch/vsm/elizap/MiniNeptuneGrid26_PostBac/Installation&Setup_Instructions/picasofiles/grp/redcat/trds
[3] Was able to successfully find your input parameters in the PICASO TP profile grid!
[3] nsteps = 100  longdy = 5.0e-01  max_dT = 3.0e+01  max_dlog10edd = 0.0e+00  TOA_pressure = 1.3e-07
[3] nsteps = 200  longdy = 7.5e-01  max_dT = 3.0e+01  max_dlog10edd = 0.0e+00  TOA_pressure = 1.3e-07
[3] nsteps = 300  longdy = 1.8e+00  max_dT = 2.8e+01  max_dlog10edd = 0.0e+00  TOA_pressure = 1.3e-07
[3] nsteps = 400  longdy = 1.4e+00  max_dT = 2.8e+01  max_dlog10edd = 0.0e+00  TOA_pressure = 1.3e-07
[3] nsteps = 500  longdy = 9.9e-01  max_dT = 2.8e+01  max_dlog10edd = 0.0e+00  TOA_pressure = 1.3e-07
[3] nsteps = 600  longdy = 9.9e-01  max_dT = 2.8e+01  max_dlog10edd = 0.0e+00  TOA_pressure = 1.3e-07
[3] nsteps = 700  longdy = 9.9e-01  max_dT = 2.8e+01  max_dlog10edd = 0.0e+00  TOA_pressure = 1.3e-07
[3] nsteps = 800  longdy = 9.9e-01  max_dT = 2.8e+01  max_dlog10edd = 0.0e+00  TOA_pressure = 1.3e-07
[3] nsteps = 900  longdy = 9.7e-01  max_dT = 2.8e+01  max_dlog10edd = 0.0e+00  TOA_pressure = 1.3e-07
[3] nsteps = 1000  longdy = 8.0e-16  max_dT = 2.8e+01  max_dlog10edd = 0.0e+00  TOA_pressure = 1.3e-07
[3] nsteps = 1100  longdy = 7.6e-01  max_dT = 3.0e+01  max_dlog10edd = 0.0e+00  TOA_pressure = 9.1e-08
[3] nsteps = 1200  longdy = 1.5e+00  max_dT = 4.4e+01  max_dlog10edd = 0.0e+00  TOA_pressure = 9.9e-08
[3] nsteps = 1300  longdy = 1.0e+00  max_dT = 4.8e+01  max_dlog10edd = 0.0e+00  TOA_pressure = 1.1e-07
[3] nsteps = 1400  longdy = 7.6e+00  max_dT = 5.1e+01  max_dlog10edd = 0.0e+00  TOA_pressure = 1.4e-07
[3] nsteps = 1500  longdy = 3.6e+05  max_dT = 1.1e+02  max_dlog10edd = 0.0e+00  TOA_pressure = 1.4e-07
[3] nsteps = 1600  longdy = 8.6e+03  max_dT = 1.1e+02  max_dlog10edd = 0.0e+00  TOA_pressure = 1.4e-07
[3] nsteps = 1700  longdy = 8.6e+03  max_dT = 1.1e+02  max_dlog10edd = 0.0e+00  TOA_pressure = 1.4e-07
[3] nsteps = 1800  longdy = 8.6e+03  max_dT = 1.1e+02  max_dlog10edd = 0.0e+00  TOA_pressure = 1.4e-07
[3] nsteps = 1900  longdy = 8.6e+03  max_dT = 1.1e+02  max_dlog10edd = 0.0e+00  TOA_pressure = 1.4e-07
[3] nsteps = 2000  longdy = 1.0e+00  max_dT = 1.1e+02  max_dlog10edd = 0.0e+00  TOA_pressure = 1.4e-07
[3] nsteps = 2100  longdy = 2.3e-01  max_dT = 2.8e+02  max_dlog10edd = 0.0e+00  TOA_pressure = 9.9e-08
[3] nsteps = 2200  longdy = 4.4e-01  max_dT = 2.8e+02  max_dlog10edd = 0.0e+00  TOA_pressure = 9.9e-08
[3] nsteps = 2300  longdy = 4.3e+04  max_dT = 2.7e+02  max_dlog10edd = 0.0e+00  TOA_pressure = 1.0e-07
[3] nsteps = 2400  longdy = 1.6e+02  max_dT = 2.7e+02  max_dlog10edd = 0.0e+00  TOA_pressure = 1.0e-07
[3] nsteps = 2500  longdy = 1.6e+02  max_dT = 2.7e+02  max_dlog10edd = 0.0e+00  TOA_pressure = 1.0e-07
[3] nsteps = 2600  longdy = 1.6e+02  max_dT = 2.7e+02  max_dlog10edd = 0.0e+00  TOA_pressure = 1.0e-07
[3] nsteps = 2700  longdy = 1.6e+02  max_dT = 2.7e+02  max_dlog10edd = 0.0e+00  TOA_pressure = 1.0e-07
[3] nsteps = 2800  longdy = 1.0e+00  max_dT = 2.7e+02  max_dlog10edd = 0.0e+00  TOA_pressure = 1.0e-07
[3] nsteps = 2900  longdy = 1.7e-16  max_dT = 2.7e+02  max_dlog10edd = 0.0e+00  TOA_pressure = 1.0e-07
[3] nsteps = 3000  longdy = 3.4e-16  max_dT = 2.7e+02  max_dlog10edd = 0.0e+00  TOA_pressure = 1.0e-07
[3] nsteps = 3100  longdy = 2.8e+01  max_dT = 8.1e+00  max_dlog10edd = 0.0e+00  TOA_pressure = 8.1e-08
[3] nsteps = 3200  longdy = 2.7e-02  max_dT = 8.1e+00  max_dlog10edd = 0.0e+00  TOA_pressure = 8.1e-08
[3] nsteps = 3300  longdy = 1.9e+02  max_dT = 8.1e+00  max_dlog10edd = 0.0e+00  TOA_pressure = 8.1e-08
[3] nsteps = 3400  longdy = 1.0e+00  max_dT = 8.1e+00  max_dlog10edd = 0.0e+00  TOA_pressure = 8.1e-08
[3] nsteps = 3500  longdy = 1.0e+00  max_dT = 8.1e+00  max_dlog10edd = 0.0e+00  TOA_pressure = 8.1e-08
[3] nsteps = 3600  longdy = 1.0e+00  max_dT = 8.1e+00  max_dlog10edd = 0.0e+00  TOA_pressure = 8.1e-08
[3] nsteps = 3700  longdy = 1.0e+00  max_dT = 8.1e+00  max_dlog10edd = 0.0e+00  TOA_pressure = 8.1e-08
[3] nsteps = 3800  longdy = 1.0e+00  max_dT = 8.1e+00  max_dlog10edd = 0.0e+00  TOA_pressure = 8.1e-08
[3] nsteps = 3900  longdy = 0.0e+00  max_dT = 8.1e+00  max_dlog10edd = 0.0e+00  TOA_pressure = 8.1e-08
[3] nsteps = 4000  longdy = 0.0e+00  max_dT = 8.1e+00  max_dlog10edd = 0.0e+00  TOA_pressure = 8.1e-08
[3] nsteps = 4100  longdy = 3.0e+02  max_dT = 1.9e-02  max_dlog10edd = 0.0e+00  TOA_pressure = 8.3e-08
[3] nsteps = 4200  longdy = 2.0e-01  max_dT = 2.0e-02  max_dlog10edd = 0.0e+00  TOA_pressure = 8.3e-08
[3] nsteps = 4300  longdy = 1.0e+00  max_dT = 9.3e-02  max_dlog10edd = 0.0e+00  TOA_pressure = 8.3e-08
[3] nsteps = 4400  longdy = 2.0e+00  max_dT = 9.3e-02  max_dlog10edd = 0.0e+00  TOA_pressure = 8.3e-08
[3] nsteps = 4500  longdy = 2.0e+00  max_dT = 9.3e-02  max_dlog10edd = 0.0e+00  TOA_pressure = 8.3e-08
[3] nsteps = 4600  longdy = 2.0e+00  max_dT = 9.3e-02  max_dlog10edd = 0.0e+00  TOA_pressure = 8.3e-08
[3] nsteps = 4700  longdy = 2.0e+00  max_dT = 9.3e-02  max_dlog10edd = 0.0e+00  TOA_pressure = 8.3e-08
[3] nsteps = 4800  longdy = 1.3e+00  max_dT = 9.3e-02  max_dlog10edd = 0.0e+00  TOA_pressure = 8.3e-08
[3] nsteps = 4900  longdy = 0.0e+00  max_dT = 9.3e-02  max_dlog10edd = 0.0e+00  TOA_pressure = 8.3e-08
[3] nsteps = 5000  longdy = 0.0e+00  max_dT = 9.3e-02  max_dlog10edd = 0.0e+00  TOA_pressure = 8.3e-08
[3] nsteps = 5100  longdy = 1.7e+01  max_dT = 5.3e-02  max_dlog10edd = 0.0e+00  TOA_pressure = 8.3e-08
[3] nsteps = 5200  longdy = 2.1e+00  max_dT = 5.2e-02  max_dlog10edd = 0.0e+00  TOA_pressure = 8.3e-08
[3] nsteps = 5300  longdy = 7.8e+03  max_dT = 2.1e-01  max_dlog10edd = 0.0e+00  TOA_pressure = 8.3e-08
[3] nsteps = 5400  longdy = 5.7e+00  max_dT = 2.1e-01  max_dlog10edd = 0.0e+00  TOA_pressure = 8.3e-08
[3] nsteps = 5500  longdy = 6.1e-01  max_dT = 2.1e-01  max_dlog10edd = 0.0e+00  TOA_pressure = 8.3e-08
[3] nsteps = 5600  longdy = 1.6e+00  max_dT = 2.1e-01  max_dlog10edd = 0.0e+00  TOA_pressure = 8.3e-08
[3] nsteps = 5700  longdy = 1.0e+02  max_dT = 2.1e-01  max_dlog10edd = 0.0e+00  TOA_pressure = 8.3e-08
[3] nsteps = 5800  longdy = 1.0e+00  max_dT = 2.1e-01  max_dlog10edd = 0.0e+00  TOA_pressure = 8.3e-08
[3] nsteps = 5900  longdy = 1.0e+00  max_dT = 2.1e-01  max_dlog10edd = 0.0e+00  TOA_pressure = 8.3e-08
[3] nsteps = 6000  longdy = 1.0e+00  max_dT = 2.1e-01  max_dlog10edd = 0.0e+00  TOA_pressure = 8.3e-08
[3] nsteps = 6100  longdy = 4.0e-01  max_dT = 1.4e-01  max_dlog10edd = 0.0e+00  TOA_pressure = 8.3e-08
[3] nsteps = 6200  longdy = 2.2e+02  max_dT = 1.5e-01  max_dlog10edd = 0.0e+00  TOA_pressure = 8.3e-08
[3] nsteps = 6300  longdy = 1.0e+00  max_dT = 1.5e-01  max_dlog10edd = 0.0e+00  TOA_pressure = 8.3e-08
[3] nsteps = 6400  longdy = 9.6e+01  max_dT = 1.5e-01  max_dlog10edd = 0.0e+00  TOA_pressure = 8.3e-08
[3] nsteps = 6500  longdy = 5.4e+00  max_dT = 1.5e-01  max_dlog10edd = 0.0e+00  TOA_pressure = 8.3e-08
[3] nsteps = 6600  longdy = 4.2e+01  max_dT = 1.5e-01  max_dlog10edd = 0.0e+00  TOA_pressure = 8.3e-08
[3] nsteps = 6700  longdy = 2.9e+00  max_dT = 1.5e-01  max_dlog10edd = 0.0e+00  TOA_pressure = 8.3e-08
[3] nsteps = 6800  longdy = 1.0e+00  max_dT = 1.5e-01  max_dlog10edd = 0.0e+00  TOA_pressure = 8.3e-08
[3] nsteps = 6900  longdy = 3.7e+00  max_dT = 1.5e-01  max_dlog10edd = 0.0e+00  TOA_pressure = 8.3e-08
[3] nsteps = 7000  longdy = 3.7e+00  max_dT = 1.5e-01  max_dlog10edd = 0.0e+00  TOA_pressure = 8.3e-08
[3] nsteps = 7100  longdy = 5.7e+03  max_dT = 6.0e-02  max_dlog10edd = 0.0e+00  TOA_pressure = 8.3e-08
[3] nsteps = 7200  longdy = 2.1e-01  max_dT = 6.2e-02  max_dlog10edd = 0.0e+00  TOA_pressure = 8.3e-08
[3] nsteps = 7300  longdy = 2.4e+01  max_dT = 1.8e-01  max_dlog10edd = 0.0e+00  TOA_pressure = 8.3e-08
[3] nsteps = 7400  longdy = 4.0e+01  max_dT = 1.8e-01  max_dlog10edd = 0.0e+00  TOA_pressure = 8.3e-08
[3] nsteps = 7500  longdy = 4.0e+01  max_dT = 1.8e-01  max_dlog10edd = 0.0e+00  TOA_pressure = 8.3e-08
[3] nsteps = 7600  longdy = 5.5e+00  max_dT = 1.8e-01  max_dlog10edd = 0.0e+00  TOA_pressure = 8.3e-08
[3] nsteps = 7700  longdy = 5.5e+00  max_dT = 1.8e-01  max_dlog10edd = 0.0e+00  TOA_pressure = 8.3e-08
[3] nsteps = 7800  longdy = 2.3e+00  max_dT = 1.8e-01  max_dlog10edd = 0.0e+00  TOA_pressure = 8.3e-08
[3] nsteps = 7900  longdy = 1.0e+00  max_dT = 1.8e-01  max_dlog10edd = 0.0e+00  TOA_pressure = 8.3e-08
[3] nsteps = 8000  longdy = 9.0e-01  max_dT = 1.8e-01  max_dlog10edd = 0.0e+00  TOA_pressure = 8.3e-08
[3] nsteps = 8100  longdy = 3.5e-01  max_dT = 1.7e-01  max_dlog10edd = 0.0e+00  TOA_pressure = 8.3e-08
[3] nsteps = 8200  longdy = 7.2e+03  max_dT = 1.8e-01  max_dlog10edd = 0.0e+00  TOA_pressure = 8.3e-08
[3] nsteps = 8300  longdy = 1.0e+00  max_dT = 1.8e-01  max_dlog10edd = 0.0e+00  TOA_pressure = 8.3e-08
[3] nsteps = 8400  longdy = 6.4e-02  max_dT = 1.8e-01  max_dlog10edd = 0.0e+00  TOA_pressure = 8.3e-08
[3] nsteps = 8500  longdy = 1.0e+00  max_dT = 1.8e-01  max_dlog10edd = 0.0e+00  TOA_pressure = 8.3e-08
[3] nsteps = 8600  longdy = 2.3e+02  max_dT = 1.8e-01  max_dlog10edd = 0.0e+00  TOA_pressure = 8.3e-08
[3] nsteps = 8700  longdy = 1.1e+00  max_dT = 1.8e-01  max_dlog10edd = 0.0e+00  TOA_pressure = 8.3e-08
[3] nsteps = 8800  longdy = 3.3e+00  max_dT = 1.8e-01  max_dlog10edd = 0.0e+00  TOA_pressure = 8.3e-08
[3] nsteps = 8900  longdy = 1.0e+00  max_dT = 1.8e-01  max_dlog10edd = 0.0e+00  TOA_pressure = 8.3e-08
[3] nsteps = 9000  longdy = 4.9e+00  max_dT = 1.8e-01  max_dlog10edd = 0.0e+00  TOA_pressure = 8.3e-08
[3] nsteps = 9100  longdy = 2.6e+00  max_dT = 1.2e-02  max_dlog10edd = 0.0e+00  TOA_pressure = 8.3e-08
[3] nsteps = 9200  longdy = 2.1e+02  max_dT = 1.2e-02  max_dlog10edd = 0.0e+00  TOA_pressure = 8.3e-08
[3] nsteps = 9300  longdy = 1.0e+00  max_dT = 1.3e-02  max_dlog10edd = 0.0e+00  TOA_pressure = 8.3e-08
[3] nsteps = 9400  longdy = 2.0e+01  max_dT = 1.2e-02  max_dlog10edd = 0.0e+00  TOA_pressure = 8.3e-08
[3] nsteps = 9500  longdy = 1.0e+00  max_dT = 1.3e-02  max_dlog10edd = 0.0e+00  TOA_pressure = 8.3e-08
[3] nsteps = 9600  longdy = 2.2e+00  max_dT = 1.2e-02  max_dlog10edd = 0.0e+00  TOA_pressure = 8.3e-08
[3] nsteps = 9700  longdy = 1.0e+00  max_dT = 1.2e-02  max_dlog10edd = 0.0e+00  TOA_pressure = 8.3e-08
[3] nsteps = 9800  longdy = 5.8e+01  max_dT = 1.2e-02  max_dlog10edd = 0.0e+00  TOA_pressure = 8.3e-08
[3] nsteps = 9900  longdy = 1.0e+00  max_dT = 1.2e-02  max_dlog10edd = 0.0e+00  TOA_pressure = 8.3e-08
[3] nsteps = 10000  longdy = 1.0e+00  max_dT = 1.2e-02  max_dlog10edd = 0.0e+00  TOA_pressure = 8.3e-08
[3] This is for the input value of planet radius:2.0, metal:3.5, tint:50.0, semi major:1.0, ctoO: 0.01, log_Kzz: 5.0
/mmfs1/gscratch/vsm/elizap/MiniNeptuneGrid26_PostBac/Installation&Setup_Instructions/picasofiles/reference
/mmfs1/gscratch/vsm/elizap/MiniNeptuneGrid26_PostBac/Installation&Setup_Instructions/picasofiles/grp/redcat/trds
[0] (array([2]), array([3.5]), array([50]), array([ 0.3,  0.7,  1. ,  1.5,  2. ,  3. ,  4. ,  5. ,  6. ,  8. , 10. ]), array([0.01]), array([5]))
[0] This is the gridshape used: (1, 1, 1, 11, 1, 1)
[0] Initializing HDF5 output...
