2026-03-26 20:25:49,412 INFO [rank=5 host=n3003]: starting photochem model for inputs: [ 2.      0.5    50.      0.3     0.2575  7.    ]
2026-03-26 20:25:49,412 INFO [rank=7 host=n3003]: starting photochem model for inputs: [ 2.     0.5   50.     0.3    0.505  5.   ]
2026-03-26 20:25:49,412 INFO [rank=40 host=n3004]: starting photochem model for inputs: [ 2.      0.5    50.      1.      0.7525  5.    ]
2026-03-26 20:25:49,413 INFO [rank=80 host=n3007]: starting photochem model for inputs: [ 2.      0.5    50.      3.      0.2575  7.    ]
2026-03-26 20:25:49,412 INFO [rank=9 host=n3003]: starting photochem model for inputs: [ 2.     0.5   50.     0.3    0.505  9.   ]
2026-03-26 20:25:49,412 INFO [rank=41 host=n3004]: starting photochem model for inputs: [ 2.      0.5    50.      1.      0.7525  7.    ]
2026-03-26 20:25:49,414 INFO [rank=122 host=n3241]: starting photochem model for inputs: [2.e+00 5.e-01 5.e+01 6.e+00 1.e-02 7.e+00]
2026-03-26 20:25:49,413 INFO [rank=82 host=n3007]: starting photochem model for inputs: [ 2.     0.5   50.     3.     0.505  5.   ]
2026-03-26 20:25:49,412 INFO [rank=11 host=n3003]: starting photochem model for inputs: [ 2.      0.5    50.      0.3     0.7525  7.    ]
2026-03-26 20:25:49,412 INFO [rank=42 host=n3004]: starting photochem model for inputs: [ 2.      0.5    50.      1.      0.7525  9.    ]
2026-03-26 20:25:49,414 INFO [rank=123 host=n3241]: starting photochem model for inputs: [2.e+00 5.e-01 5.e+01 6.e+00 1.e-02 9.e+00]
2026-03-26 20:25:49,413 INFO [rank=83 host=n3007]: starting photochem model for inputs: [ 2.     0.5   50.     3.     0.505  7.   ]
2026-03-26 20:25:49,412 INFO [rank=14 host=n3003]: starting photochem model for inputs: [ 2.   0.5 50.   0.3  1.   7. ]
2026-03-26 20:25:49,412 INFO [rank=43 host=n3004]: starting photochem model for inputs: [ 2.   0.5 50.   1.   1.   5. ]
2026-03-26 20:25:49,414 INFO [rank=124 host=n3241]: starting photochem model for inputs: [ 2.      0.5    50.      6.      0.2575  5.    ]
2026-03-26 20:25:49,413 INFO [rank=84 host=n3007]: starting photochem model for inputs: [ 2.     0.5   50.     3.     0.505  9.   ]
2026-03-26 20:25:49,412 INFO [rank=1 host=n3003]: starting photochem model for inputs: [2.e+00 5.e-01 5.e+01 3.e-01 1.e-02 5.e+00]
2026-03-26 20:25:49,412 INFO [rank=44 host=n3004]: starting photochem model for inputs: [ 2.   0.5 50.   1.   1.   7. ]
2026-03-26 20:25:49,414 INFO [rank=125 host=n3241]: starting photochem model for inputs: [ 2.      0.5    50.      6.      0.2575  7.    ]
2026-03-26 20:25:49,413 INFO [rank=86 host=n3007]: starting photochem model for inputs: [ 2.      0.5    50.      3.      0.7525  7.    ]
2026-03-26 20:25:49,412 INFO [rank=2 host=n3003]: starting photochem model for inputs: [2.e+00 5.e-01 5.e+01 3.e-01 1.e-02 7.e+00]
2026-03-26 20:25:49,412 INFO [rank=46 host=n3004]: starting photochem model for inputs: [2.0e+00 5.0e-01 5.0e+01 1.5e+00 1.0e-02 5.0e+00]
2026-03-26 20:25:49,414 INFO [rank=126 host=n3241]: starting photochem model for inputs: [ 2.      0.5    50.      6.      0.2575  9.    ]
2026-03-26 20:25:49,413 INFO [rank=87 host=n3007]: starting photochem model for inputs: [ 2.      0.5    50.      3.      0.7525  9.    ]
2026-03-26 20:25:49,412 INFO [rank=3 host=n3003]: starting photochem model for inputs: [2.e+00 5.e-01 5.e+01 3.e-01 1.e-02 9.e+00]
2026-03-26 20:25:49,412 INFO [rank=48 host=n3004]: starting photochem model for inputs: [2.0e+00 5.0e-01 5.0e+01 1.5e+00 1.0e-02 9.0e+00]
2026-03-26 20:25:49,414 INFO [rank=127 host=n3241]: starting photochem model for inputs: [ 2.     0.5   50.     6.     0.505  5.   ]
2026-03-26 20:25:49,413 INFO [rank=88 host=n3007]: starting photochem model for inputs: [ 2.   0.5 50.   3.   1.   5. ]
2026-03-26 20:25:49,412 INFO [rank=10 host=n3003]: starting photochem model for inputs: [ 2.      0.5    50.      0.3     0.7525  5.    ]
2026-03-26 20:25:49,412 INFO [rank=49 host=n3004]: starting photochem model for inputs: [ 2.      0.5    50.      1.5     0.2575  5.    ]
2026-03-26 20:25:49,414 INFO [rank=128 host=n3241]: starting photochem model for inputs: [ 2.     0.5   50.     6.     0.505  7.   ]
2026-03-26 20:25:49,413 INFO [rank=89 host=n3007]: starting photochem model for inputs: [ 2.   0.5 50.   3.   1.   7. ]
2026-03-26 20:25:49,412 INFO [rank=12 host=n3003]: starting photochem model for inputs: [ 2.      0.5    50.      0.3     0.7525  9.    ]
2026-03-26 20:25:49,412 INFO [rank=50 host=n3004]: starting photochem model for inputs: [ 2.      0.5    50.      1.5     0.2575  7.    ]
2026-03-26 20:25:49,414 INFO [rank=129 host=n3241]: starting photochem model for inputs: [ 2.     0.5   50.     6.     0.505  9.   ]
2026-03-26 20:25:49,413 INFO [rank=90 host=n3007]: starting photochem model for inputs: [ 2.   0.5 50.   3.   1.   9. ]
2026-03-26 20:25:49,412 INFO [rank=13 host=n3003]: starting photochem model for inputs: [ 2.   0.5 50.   0.3  1.   5. ]
2026-03-26 20:25:49,412 INFO [rank=52 host=n3004]: starting photochem model for inputs: [ 2.     0.5   50.     1.5    0.505  5.   ]
2026-03-26 20:25:49,414 INFO [rank=131 host=n3241]: starting photochem model for inputs: [ 2.      0.5    50.      6.      0.7525  7.    ]
2026-03-26 20:25:49,413 INFO [rank=91 host=n3007]: starting photochem model for inputs: [2.e+00 5.e-01 5.e+01 4.e+00 1.e-02 5.e+00]
2026-03-26 20:25:49,412 INFO [rank=17 host=n3003]: starting photochem model for inputs: [2.e+00 5.e-01 5.e+01 7.e-01 1.e-02 7.e+00]
2026-03-26 20:25:49,412 INFO [rank=54 host=n3004]: starting photochem model for inputs: [ 2.     0.5   50.     1.5    0.505  9.   ]
2026-03-26 20:25:49,414 INFO [rank=132 host=n3241]: starting photochem model for inputs: [ 2.      0.5    50.      6.      0.7525  9.    ]
2026-03-26 20:25:49,413 INFO [rank=92 host=n3007]: starting photochem model for inputs: [2.e+00 5.e-01 5.e+01 4.e+00 1.e-02 7.e+00]
2026-03-26 20:25:49,412 INFO [rank=19 host=n3003]: starting photochem model for inputs: [ 2.      0.5    50.      0.7     0.2575  5.    ]
2026-03-26 20:25:49,412 INFO [rank=55 host=n3004]: starting photochem model for inputs: [ 2.      0.5    50.      1.5     0.7525  5.    ]
2026-03-26 20:25:49,414 INFO [rank=134 host=n3241]: starting photochem model for inputs: [ 2.   0.5 50.   6.   1.   7. ]
2026-03-26 20:25:49,413 INFO [rank=93 host=n3007]: starting photochem model for inputs: [2.e+00 5.e-01 5.e+01 4.e+00 1.e-02 9.e+00]
2026-03-26 20:25:49,412 INFO [rank=21 host=n3003]: starting photochem model for inputs: [ 2.      0.5    50.      0.7     0.2575  9.    ]
2026-03-26 20:25:49,412 INFO [rank=58 host=n3004]: starting photochem model for inputs: [ 2.   0.5 50.   1.5  1.   5. ]
2026-03-26 20:25:49,414 INFO [rank=135 host=n3241]: starting photochem model for inputs: [ 2.   0.5 50.   6.   1.   9. ]
2026-03-26 20:25:49,413 INFO [rank=94 host=n3007]: starting photochem model for inputs: [ 2.      0.5    50.      4.      0.2575  5.    ]
2026-03-26 20:25:49,412 INFO [rank=22 host=n3003]: starting photochem model for inputs: [ 2.     0.5   50.     0.7    0.505  5.   ]
2026-03-26 20:25:49,412 INFO [rank=59 host=n3004]: starting photochem model for inputs: [ 2.   0.5 50.   1.5  1.   7. ]
2026-03-26 20:25:49,414 INFO [rank=136 host=n3241]: starting photochem model for inputs: [2.e+00 5.e-01 5.e+01 8.e+00 1.e-02 5.e+00]
2026-03-26 20:25:49,413 INFO [rank=96 host=n3007]: starting photochem model for inputs: [ 2.      0.5    50.      4.      0.2575  9.    ]
2026-03-26 20:25:49,412 INFO [rank=23 host=n3003]: starting photochem model for inputs: [ 2.     0.5   50.     0.7    0.505  7.   ]
2026-03-26 20:25:49,412 INFO [rank=60 host=n3004]: starting photochem model for inputs: [ 2.   0.5 50.   1.5  1.   9. ]
2026-03-26 20:25:49,414 INFO [rank=137 host=n3241]: starting photochem model for inputs: [2.e+00 5.e-01 5.e+01 8.e+00 1.e-02 7.e+00]
2026-03-26 20:25:49,413 INFO [rank=97 host=n3007]: starting photochem model for inputs: [ 2.     0.5   50.     4.     0.505  5.   ]
2026-03-26 20:25:49,412 INFO [rank=24 host=n3003]: starting photochem model for inputs: [ 2.     0.5   50.     0.7    0.505  9.   ]
2026-03-26 20:25:49,412 INFO [rank=61 host=n3004]: starting photochem model for inputs: [2.e+00 5.e-01 5.e+01 2.e+00 1.e-02 5.e+00]
2026-03-26 20:25:49,414 INFO [rank=138 host=n3241]: starting photochem model for inputs: [2.e+00 5.e-01 5.e+01 8.e+00 1.e-02 9.e+00]
2026-03-26 20:25:49,413 INFO [rank=98 host=n3007]: starting photochem model for inputs: [ 2.     0.5   50.     4.     0.505  7.   ]
2026-03-26 20:25:49,412 INFO [rank=8 host=n3003]: starting photochem model for inputs: [ 2.     0.5   50.     0.3    0.505  7.   ]
2026-03-26 20:25:49,412 INFO [rank=65 host=n3004]: starting photochem model for inputs: [ 2.      0.5    50.      2.      0.2575  7.    ]
2026-03-26 20:25:49,414 INFO [rank=140 host=n3241]: starting photochem model for inputs: [ 2.      0.5    50.      8.      0.2575  7.    ]
2026-03-26 20:25:49,413 INFO [rank=99 host=n3007]: starting photochem model for inputs: [ 2.     0.5   50.     4.     0.505  9.   ]
2026-03-26 20:25:49,412 INFO [rank=15 host=n3003]: starting photochem model for inputs: [ 2.   0.5 50.   0.3  1.   9. ]
2026-03-26 20:25:49,412 INFO [rank=47 host=n3004]: starting photochem model for inputs: [2.0e+00 5.0e-01 5.0e+01 1.5e+00 1.0e-02 7.0e+00]
2026-03-26 20:25:49,414 INFO [rank=141 host=n3241]: starting photochem model for inputs: [ 2.      0.5    50.      8.      0.2575  9.    ]
2026-03-26 20:25:49,413 INFO [rank=103 host=n3007]: starting photochem model for inputs: [ 2.   0.5 50.   4.   1.   5. ]
2026-03-26 20:25:49,412 INFO [rank=16 host=n3003]: starting photochem model for inputs: [2.e+00 5.e-01 5.e+01 7.e-01 1.e-02 5.e+00]
2026-03-26 20:25:49,412 INFO [rank=51 host=n3004]: starting photochem model for inputs: [ 2.      0.5    50.      1.5     0.2575  9.    ]
2026-03-26 20:25:49,414 INFO [rank=142 host=n3241]: starting photochem model for inputs: [ 2.     0.5   50.     8.     0.505  5.   ]
2026-03-26 20:25:49,413 INFO [rank=81 host=n3007]: starting photochem model for inputs: [ 2.      0.5    50.      3.      0.2575  9.    ]
2026-03-26 20:25:49,412 INFO [rank=18 host=n3003]: starting photochem model for inputs: [2.e+00 5.e-01 5.e+01 7.e-01 1.e-02 9.e+00]
2026-03-26 20:25:49,412 INFO [rank=57 host=n3004]: starting photochem model for inputs: [ 2.      0.5    50.      1.5     0.7525  9.    ]
2026-03-26 20:25:49,414 INFO [rank=143 host=n3241]: starting photochem model for inputs: [ 2.     0.5   50.     8.     0.505  7.   ]
2026-03-26 20:25:49,413 INFO [rank=102 host=n3007]: starting photochem model for inputs: [ 2.      0.5    50.      4.      0.7525  9.    ]
2026-03-26 20:25:49,412 INFO [rank=25 host=n3003]: starting photochem model for inputs: [ 2.      0.5    50.      0.7     0.7525  5.    ]
2026-03-26 20:25:49,412 INFO [rank=62 host=n3004]: starting photochem model for inputs: [2.e+00 5.e-01 5.e+01 2.e+00 1.e-02 7.e+00]
2026-03-26 20:25:49,414 INFO [rank=120 host=n3241]: starting photochem model for inputs: [ 2.   0.5 50.   5.   1.   9. ]
2026-03-26 20:25:49,413 INFO [rank=105 host=n3007]: starting photochem model for inputs: [ 2.   0.5 50.   4.   1.   9. ]
2026-03-26 20:25:49,412 INFO [rank=27 host=n3003]: starting photochem model for inputs: [ 2.      0.5    50.      0.7     0.7525  9.    ]
2026-03-26 20:25:49,412 INFO [rank=63 host=n3004]: starting photochem model for inputs: [2.e+00 5.e-01 5.e+01 2.e+00 1.e-02 9.e+00]
2026-03-26 20:25:49,414 INFO [rank=121 host=n3241]: starting photochem model for inputs: [2.e+00 5.e-01 5.e+01 6.e+00 1.e-02 5.e+00]
2026-03-26 20:25:49,413 INFO [rank=106 host=n3007]: starting photochem model for inputs: [2.e+00 5.e-01 5.e+01 5.e+00 1.e-02 5.e+00]
2026-03-26 20:25:49,412 INFO [rank=29 host=n3003]: starting photochem model for inputs: [ 2.   0.5 50.   0.7  1.   7. ]
2026-03-26 20:25:49,412 INFO [rank=67 host=n3004]: starting photochem model for inputs: [ 2.     0.5   50.     2.     0.505  5.   ]
2026-03-26 20:25:49,414 INFO [rank=130 host=n3241]: starting photochem model for inputs: [ 2.      0.5    50.      6.      0.7525  5.    ]
2026-03-26 20:25:49,413 INFO [rank=107 host=n3007]: starting photochem model for inputs: [2.e+00 5.e-01 5.e+01 5.e+00 1.e-02 7.e+00]
2026-03-26 20:25:49,412 INFO [rank=30 host=n3003]: starting photochem model for inputs: [ 2.   0.5 50.   0.7  1.   9. ]
2026-03-26 20:25:49,412 INFO [rank=72 host=n3004]: starting photochem model for inputs: [ 2.      0.5    50.      2.      0.7525  9.    ]
2026-03-26 20:25:49,414 INFO [rank=139 host=n3241]: starting photochem model for inputs: [ 2.      0.5    50.      8.      0.2575  5.    ]
2026-03-26 20:25:49,413 INFO [rank=108 host=n3007]: starting photochem model for inputs: [2.e+00 5.e-01 5.e+01 5.e+00 1.e-02 9.e+00]
2026-03-26 20:25:49,412 INFO [rank=31 host=n3003]: starting photochem model for inputs: [2.e+00 5.e-01 5.e+01 1.e+00 1.e-02 5.e+00]
2026-03-26 20:25:49,412 INFO [rank=56 host=n3004]: starting photochem model for inputs: [ 2.      0.5    50.      1.5     0.7525  7.    ]
2026-03-26 20:25:49,414 INFO [rank=146 host=n3241]: starting photochem model for inputs: [ 2.      0.5    50.      8.      0.7525  7.    ]
2026-03-26 20:25:49,413 INFO [rank=112 host=n3007]: starting photochem model for inputs: [ 2.     0.5   50.     5.     0.505  5.   ]
2026-03-26 20:25:49,412 INFO [rank=39 host=n3003]: starting photochem model for inputs: [ 2.     0.5   50.     1.     0.505  9.   ]
2026-03-26 20:25:49,413 INFO [rank=68 host=n3004]: starting photochem model for inputs: [ 2.     0.5   50.     2.     0.505  7.   ]
2026-03-26 20:25:49,414 INFO [rank=147 host=n3241]: starting photochem model for inputs: [ 2.      0.5    50.      8.      0.7525  9.    ]
2026-03-26 20:25:49,413 INFO [rank=114 host=n3007]: starting photochem model for inputs: [ 2.     0.5   50.     5.     0.505  9.   ]
2026-03-26 20:25:49,412 INFO [rank=6 host=n3003]: starting photochem model for inputs: [ 2.      0.5    50.      0.3     0.2575  9.    ]
2026-03-26 20:25:49,413 INFO [rank=69 host=n3004]: starting photochem model for inputs: [ 2.     0.5   50.     2.     0.505  9.   ]
2026-03-26 20:25:49,414 INFO [rank=148 host=n3241]: starting photochem model for inputs: [ 2.   0.5 50.   8.   1.   5. ]
2026-03-26 20:25:49,413 INFO [rank=100 host=n3007]: starting photochem model for inputs: [ 2.      0.5    50.      4.      0.7525  5.    ]
2026-03-26 20:25:49,412 INFO [rank=20 host=n3003]: starting photochem model for inputs: [ 2.      0.5    50.      0.7     0.2575  7.    ]
2026-03-26 20:25:49,413 INFO [rank=75 host=n3004]: starting photochem model for inputs: [ 2.   0.5 50.   2.   1.   9. ]
2026-03-26 20:25:49,414 INFO [rank=153 host=n3241]: starting photochem model for inputs: [2.e+00 5.e-01 5.e+01 1.e+01 1.e-02 9.e+00]
2026-03-26 20:25:49,413 INFO [rank=101 host=n3007]: starting photochem model for inputs: [ 2.      0.5    50.      4.      0.7525  7.    ]
2026-03-26 20:25:49,412 INFO [rank=32 host=n3003]: starting photochem model for inputs: [2.e+00 5.e-01 5.e+01 1.e+00 1.e-02 7.e+00]
2026-03-26 20:25:49,413 INFO [rank=64 host=n3004]: starting photochem model for inputs: [ 2.      0.5    50.      2.      0.2575  5.    ]
2026-03-26 20:25:49,414 INFO [rank=149 host=n3241]: starting photochem model for inputs: [ 2.   0.5 50.   8.   1.   7. ]
2026-03-26 20:25:49,413 INFO [rank=111 host=n3007]: starting photochem model for inputs: [ 2.      0.5    50.      5.      0.2575  9.    ]
2026-03-26 20:25:49,412 INFO [rank=33 host=n3003]: starting photochem model for inputs: [2.e+00 5.e-01 5.e+01 1.e+00 1.e-02 9.e+00]
2026-03-26 20:25:49,413 INFO [rank=74 host=n3004]: starting photochem model for inputs: [ 2.   0.5 50.   2.   1.   7. ]
2026-03-26 20:25:49,414 INFO [rank=154 host=n3241]: starting photochem model for inputs: [ 2.      0.5    50.     10.      0.2575  5.    ]
2026-03-26 20:25:49,413 INFO [rank=115 host=n3007]: starting photochem model for inputs: [ 2.      0.5    50.      5.      0.7525  5.    ]
2026-03-26 20:25:49,412 INFO [rank=35 host=n3003]: starting photochem model for inputs: [ 2.      0.5    50.      1.      0.2575  7.    ]
2026-03-26 20:25:49,413 INFO [rank=77 host=n3004]: starting photochem model for inputs: [2.e+00 5.e-01 5.e+01 3.e+00 1.e-02 7.e+00]
2026-03-26 20:25:49,414 INFO [rank=158 host=n3241]: starting photochem model for inputs: [ 2.     0.5   50.    10.     0.505  7.   ]
2026-03-26 20:25:49,413 INFO [rank=104 host=n3007]: starting photochem model for inputs: [ 2.   0.5 50.   4.   1.   7. ]
2026-03-26 20:25:49,412 INFO [rank=38 host=n3003]: starting photochem model for inputs: [ 2.     0.5   50.     1.     0.505  7.   ]
2026-03-26 20:25:49,413 INFO [rank=71 host=n3004]: starting photochem model for inputs: [ 2.      0.5    50.      2.      0.7525  7.    ]
2026-03-26 20:25:49,414 INFO [rank=152 host=n3241]: starting photochem model for inputs: [2.e+00 5.e-01 5.e+01 1.e+01 1.e-02 7.e+00]
2026-03-26 20:25:49,413 INFO [rank=113 host=n3007]: starting photochem model for inputs: [ 2.     0.5   50.     5.     0.505  7.   ]
2026-03-26 20:25:49,412 INFO [rank=36 host=n3003]: starting photochem model for inputs: [ 2.      0.5    50.      1.      0.2575  9.    ]
2026-03-26 20:25:49,413 INFO [rank=76 host=n3004]: starting photochem model for inputs: [2.e+00 5.e-01 5.e+01 3.e+00 1.e-02 5.e+00]
2026-03-26 20:25:49,414 INFO [rank=159 host=n3241]: starting photochem model for inputs: [ 2.     0.5   50.    10.     0.505  9.   ]
2026-03-26 20:25:49,413 INFO [rank=95 host=n3007]: starting photochem model for inputs: [ 2.      0.5    50.      4.      0.2575  7.    ]
2026-03-26 20:25:49,412 INFO [rank=28 host=n3003]: starting photochem model for inputs: [ 2.   0.5 50.   0.7  1.   5. ]
2026-03-26 20:25:49,413 INFO [rank=70 host=n3004]: starting photochem model for inputs: [ 2.      0.5    50.      2.      0.7525  5.    ]
2026-03-26 20:25:49,414 INFO [rank=151 host=n3241]: starting photochem model for inputs: [2.e+00 5.e-01 5.e+01 1.e+01 1.e-02 5.e+00]
2026-03-26 20:25:49,413 INFO [rank=109 host=n3007]: starting photochem model for inputs: [ 2.      0.5    50.      5.      0.2575  5.    ]
2026-03-26 20:25:49,412 INFO [rank=34 host=n3003]: starting photochem model for inputs: [ 2.      0.5    50.      1.      0.2575  5.    ]
2026-03-26 20:25:49,413 INFO [rank=78 host=n3004]: starting photochem model for inputs: [2.e+00 5.e-01 5.e+01 3.e+00 1.e-02 9.e+00]
2026-03-26 20:25:49,414 INFO [rank=155 host=n3241]: starting photochem model for inputs: [ 2.      0.5    50.     10.      0.2575  7.    ]
2026-03-26 20:25:49,413 INFO [rank=119 host=n3007]: starting photochem model for inputs: [ 2.   0.5 50.   5.   1.   7. ]
2026-03-26 20:25:49,412 INFO [rank=4 host=n3003]: starting photochem model for inputs: [ 2.      0.5    50.      0.3     0.2575  5.    ]
2026-03-26 20:25:49,413 INFO [rank=79 host=n3004]: starting photochem model for inputs: [ 2.      0.5    50.      3.      0.2575  5.    ]
2026-03-26 20:25:49,414 INFO [rank=145 host=n3241]: starting photochem model for inputs: [ 2.      0.5    50.      8.      0.7525  5.    ]
2026-03-26 20:25:49,413 INFO [rank=117 host=n3007]: starting photochem model for inputs: [ 2.      0.5    50.      5.      0.7525  9.    ]
2026-03-26 20:25:49,412 INFO [rank=26 host=n3003]: starting photochem model for inputs: [ 2.      0.5    50.      0.7     0.7525  7.    ]
2026-03-26 20:25:49,413 INFO [rank=66 host=n3004]: starting photochem model for inputs: [ 2.      0.5    50.      2.      0.2575  9.    ]
2026-03-26 20:25:49,414 INFO [rank=156 host=n3241]: starting photochem model for inputs: [ 2.      0.5    50.     10.      0.2575  9.    ]
2026-03-26 20:25:49,413 INFO [rank=85 host=n3007]: starting photochem model for inputs: [ 2.      0.5    50.      3.      0.7525  5.    ]
2026-03-26 20:25:49,413 INFO [rank=37 host=n3003]: starting photochem model for inputs: [ 2.     0.5   50.     1.     0.505  5.   ]
2026-03-26 20:25:49,413 INFO [rank=45 host=n3004]: starting photochem model for inputs: [ 2.   0.5 50.   1.   1.   9. ]
2026-03-26 20:25:49,414 INFO [rank=150 host=n3241]: starting photochem model for inputs: [ 2.   0.5 50.   8.   1.   9. ]
2026-03-26 20:25:49,414 INFO [rank=118 host=n3007]: starting photochem model for inputs: [ 2.   0.5 50.   5.   1.   5. ]
2026-03-26 20:25:49,413 INFO [rank=53 host=n3004]: starting photochem model for inputs: [ 2.     0.5   50.     1.5    0.505  7.   ]
2026-03-26 20:25:49,414 INFO [rank=133 host=n3241]: starting photochem model for inputs: [ 2.   0.5 50.   6.   1.   5. ]
2026-03-26 20:25:49,414 INFO [rank=110 host=n3007]: starting photochem model for inputs: [ 2.      0.5    50.      5.      0.2575  7.    ]
2026-03-26 20:25:49,413 INFO [rank=73 host=n3004]: starting photochem model for inputs: [ 2.   0.5 50.   2.   1.   5. ]
2026-03-26 20:25:49,414 INFO [rank=144 host=n3241]: starting photochem model for inputs: [ 2.     0.5   50.     8.     0.505  9.   ]
2026-03-26 20:25:49,414 INFO [rank=116 host=n3007]: starting photochem model for inputs: [ 2.      0.5    50.      5.      0.7525  7.    ]
2026-03-26 20:25:49,414 INFO [rank=157 host=n3241]: starting photochem model for inputs: [ 2.     0.5   50.    10.     0.505  5.   ]
2026-03-26 20:26:31,103 INFO [rank=18 host=n3003]: starting photochem model for inputs: [ 2.      0.5    50.     10.      0.7525  5.    ]
2026-03-26 20:26:36,774 INFO [rank=72 host=n3004]: starting photochem model for inputs: [ 2.      0.5    50.     10.      0.7525  7.    ]
2026-03-26 20:26:38,835 INFO [rank=48 host=n3004]: starting photochem model for inputs: [ 2.      0.5    50.     10.      0.7525  9.    ]
2026-03-26 20:26:41,302 INFO [rank=33 host=n3003]: starting photochem model for inputs: [ 2.   0.5 50.  10.   1.   5. ]
2026-03-26 20:26:47,179 INFO [rank=54 host=n3004]: starting photochem model for inputs: [ 2.   0.5 50.  10.   1.   7. ]
2026-03-26 20:26:49,800 INFO [rank=51 host=n3004]: starting photochem model for inputs: [ 2.   0.5 50.  10.   1.   9. ]
2026-03-26 20:26:50,064 INFO [rank=24 host=n3003]: starting photochem model for inputs: [2.e+00 5.e-01 1.e+02 3.e-01 1.e-02 5.e+00]
2026-03-26 20:26:51,644 INFO [rank=57 host=n3004]: starting photochem model for inputs: [2.e+00 5.e-01 1.e+02 3.e-01 1.e-02 7.e+00]
2026-03-26 20:26:53,257 INFO [rank=66 host=n3004]: starting photochem model for inputs: [2.e+00 5.e-01 1.e+02 3.e-01 1.e-02 9.e+00]
2026-03-26 20:26:54,398 INFO [rank=71 host=n3004]: starting photochem model for inputs: [  2.       0.5    100.       0.3      0.2575   5.    ]
2026-03-26 20:26:54,614 INFO [rank=83 host=n3007]: starting photochem model for inputs: [  2.       0.5    100.       0.3      0.2575   7.    ]
2026-03-26 20:26:56,112 INFO [rank=62 host=n3004]: starting photochem model for inputs: [  2.       0.5    100.       0.3      0.2575   9.    ]
2026-03-26 20:26:57,316 INFO [rank=63 host=n3004]: starting photochem model for inputs: [  2.      0.5   100.      0.3     0.505   5.   ]
2026-03-26 20:26:58,285 INFO [rank=59 host=n3004]: starting photochem model for inputs: [  2.      0.5   100.      0.3     0.505   7.   ]
2026-03-26 20:27:00,449 INFO [rank=30 host=n3003]: starting photochem model for inputs: [  2.      0.5   100.      0.3     0.505   9.   ]
2026-03-26 20:27:01,060 INFO [rank=12 host=n3003]: starting photochem model for inputs: [  2.       0.5    100.       0.3      0.7525   5.    ]
2026-03-26 20:27:03,106 INFO [rank=27 host=n3003]: starting photochem model for inputs: [  2.       0.5    100.       0.3      0.7525   7.    ]
2026-03-26 20:27:03,286 INFO [rank=60 host=n3004]: starting photochem model for inputs: [  2.       0.5    100.       0.3      0.7525   9.    ]
2026-03-26 20:27:03,565 INFO [rank=69 host=n3004]: starting photochem model for inputs: [  2.    0.5 100.    0.3   1.    5. ]
2026-03-26 20:27:03,775 INFO [rank=80 host=n3007]: starting photochem model for inputs: [  2.    0.5 100.    0.3   1.    7. ]
2026-03-26 20:27:04,056 INFO [rank=23 host=n3003]: starting photochem model for inputs: [  2.    0.5 100.    0.3   1.    9. ]
2026-03-26 20:27:04,232 INFO [rank=9 host=n3003]: starting photochem model for inputs: [2.e+00 5.e-01 1.e+02 7.e-01 1.e-02 5.e+00]
2026-03-26 20:27:06,330 INFO [rank=87 host=n3007]: starting photochem model for inputs: [2.e+00 5.e-01 1.e+02 7.e-01 1.e-02 7.e+00]
2026-03-26 20:27:07,122 INFO [rank=90 host=n3007]: starting photochem model for inputs: [2.e+00 5.e-01 1.e+02 7.e-01 1.e-02 9.e+00]
2026-03-26 20:27:09,359 INFO [rank=6 host=n3003]: starting photochem model for inputs: [  2.       0.5    100.       0.7      0.2575   5.    ]
2026-03-26 20:27:12,084 INFO [rank=21 host=n3003]: starting photochem model for inputs: [  2.       0.5    100.       0.7      0.2575   7.    ]
2026-03-26 20:27:15,171 INFO [rank=39 host=n3003]: starting photochem model for inputs: [  2.       0.5    100.       0.7      0.2575   9.    ]
2026-03-26 20:27:21,536 INFO [rank=15 host=n3003]: starting photochem model for inputs: [  2.      0.5   100.      0.7     0.505   5.   ]
2026-03-26 20:27:22,829 INFO [rank=36 host=n3003]: starting photochem model for inputs: [  2.      0.5   100.      0.7     0.505   7.   ]
2026-03-26 20:27:25,104 INFO [rank=77 host=n3004]: starting photochem model for inputs: [  2.      0.5   100.      0.7     0.505   9.   ]
2026-03-26 20:27:26,501 INFO [rank=50 host=n3004]: starting photochem model for inputs: [  2.       0.5    100.       0.7      0.7525   5.    ]
2026-03-26 20:27:27,216 INFO [rank=3 host=n3003]: starting photochem model for inputs: [  2.       0.5    100.       0.7      0.7525   7.    ]
2026-03-26 20:27:29,490 INFO [rank=89 host=n3007]: starting photochem model for inputs: [  2.       0.5    100.       0.7      0.7525   9.    ]
2026-03-26 20:27:30,232 INFO [rank=56 host=n3004]: starting photochem model for inputs: [  2.    0.5 100.    0.7   1.    5. ]
2026-03-26 20:27:30,695 INFO [rank=32 host=n3003]: starting photochem model for inputs: [  2.    0.5 100.    0.7   1.    7. ]
2026-03-26 20:27:33,544 INFO [rank=68 host=n3004]: starting photochem model for inputs: [  2.    0.5 100.    0.7   1.    9. ]
2026-03-26 20:27:33,884 INFO [rank=53 host=n3004]: starting photochem model for inputs: [2.e+00 5.e-01 1.e+02 1.e+00 1.e-02 5.e+00]
2026-03-26 20:27:34,064 INFO [rank=65 host=n3004]: starting photochem model for inputs: [2.e+00 5.e-01 1.e+02 1.e+00 1.e-02 7.e+00]
2026-03-26 20:27:36,248 INFO [rank=47 host=n3004]: starting photochem model for inputs: [2.e+00 5.e-01 1.e+02 1.e+00 1.e-02 9.e+00]
2026-03-26 20:27:36,783 INFO [rank=74 host=n3004]: starting photochem model for inputs: [  2.       0.5    100.       1.       0.2575   5.    ]
2026-03-26 20:27:38,542 INFO [rank=38 host=n3003]: starting photochem model for inputs: [  2.       0.5    100.       1.       0.2575   7.    ]
2026-03-26 20:27:39,226 INFO [rank=86 host=n3007]: starting photochem model for inputs: [  2.       0.5    100.       1.       0.2575   9.    ]
2026-03-26 20:27:39,614 INFO [rank=29 host=n3003]: starting photochem model for inputs: [  2.      0.5   100.      1.      0.505   5.   ]
2026-03-26 20:27:40,455 INFO [rank=35 host=n3003]: starting photochem model for inputs: [  2.      0.5   100.      1.      0.505   7.   ]
2026-03-26 20:27:40,664 INFO [rank=90 host=n3007]: starting photochem model for inputs: [  2.      0.5   100.      1.      0.505   9.   ]
2026-03-26 20:27:43,652 INFO [rank=41 host=n3004]: starting photochem model for inputs: [  2.       0.5    100.       1.       0.7525   5.    ]
2026-03-26 20:27:44,491 INFO [rank=26 host=n3003]: starting photochem model for inputs: [  2.       0.5    100.       1.       0.7525   7.    ]
2026-03-26 20:27:44,825 INFO [rank=42 host=n3004]: starting photochem model for inputs: [  2.       0.5    100.       1.       0.7525   9.    ]
2026-03-26 20:27:45,003 INFO [rank=39 host=n3003]: starting photochem model for inputs: [  2.    0.5 100.    1.    1.    5. ]
2026-03-26 20:27:47,573 INFO [rank=5 host=n3003]: starting photochem model for inputs: [  2.    0.5 100.    1.    1.    7. ]
2026-03-26 20:27:50,419 INFO [rank=17 host=n3003]: starting photochem model for inputs: [  2.    0.5 100.    1.    1.    9. ]
2026-03-26 20:27:54,625 INFO [rank=75 host=n3004]: starting photochem model for inputs: [2.0e+00 5.0e-01 1.0e+02 1.5e+00 1.0e-02 5.0e+00]
2026-03-26 20:27:55,962 INFO [rank=77 host=n3004]: starting photochem model for inputs: [2.0e+00 5.0e-01 1.0e+02 1.5e+00 1.0e-02 7.0e+00]
2026-03-26 20:27:57,919 INFO [rank=101 host=n3007]: starting photochem model for inputs: [2.0e+00 5.0e-01 1.0e+02 1.5e+00 1.0e-02 9.0e+00]
2026-03-26 20:28:00,252 INFO [rank=14 host=n3003]: starting photochem model for inputs: [  2.       0.5    100.       1.5      0.2575   5.    ]
2026-03-26 20:28:01,601 INFO [rank=62 host=n3004]: starting photochem model for inputs: [  2.       0.5    100.       1.5      0.2575   7.    ]
2026-03-26 20:28:03,026 INFO [rank=95 host=n3007]: starting photochem model for inputs: [  2.       0.5    100.       1.5      0.2575   9.    ]
2026-03-26 20:28:03,784 INFO [rank=2 host=n3003]: starting photochem model for inputs: [  2.      0.5   100.      1.5     0.505   5.   ]
2026-03-26 20:28:04,327 INFO [rank=20 host=n3003]: starting photochem model for inputs: [  2.      0.5   100.      1.5     0.505   7.   ]
2026-03-26 20:28:05,888 INFO [rank=30 host=n3003]: starting photochem model for inputs: [  2.      0.5   100.      1.5     0.505   9.   ]
2026-03-26 20:28:06,118 INFO [rank=45 host=n3004]: starting photochem model for inputs: [  2.       0.5    100.       1.5      0.7525   5.    ]
2026-03-26 20:28:06,291 INFO [rank=8 host=n3003]: starting photochem model for inputs: [  2.       0.5    100.       1.5      0.7525   7.    ]
2026-03-26 20:28:06,912 INFO [rank=96 host=n3007]: starting photochem model for inputs: [  2.       0.5    100.       1.5      0.7525   9.    ]
2026-03-26 20:28:07,152 INFO [rank=68 host=n3004]: starting photochem model for inputs: [  2.    0.5 100.    1.5   1.    5. ]
2026-03-26 20:28:07,594 INFO [rank=66 host=n3004]: starting photochem model for inputs: [  2.    0.5 100.    1.5   1.    7. ]
2026-03-26 20:28:07,769 INFO [rank=89 host=n3007]: starting photochem model for inputs: [  2.    0.5 100.    1.5   1.    9. ]
2026-03-26 20:28:10,804 INFO [rank=23 host=n3003]: starting photochem model for inputs: [2.e+00 5.e-01 1.e+02 2.e+00 1.e-02 5.e+00]
2026-03-26 20:28:11,607 INFO [rank=21 host=n3003]: starting photochem model for inputs: [2.e+00 5.e-01 1.e+02 2.e+00 1.e-02 7.e+00]
2026-03-26 20:28:12,587 INFO [rank=81 host=n3007]: starting photochem model for inputs: [2.e+00 5.e-01 1.e+02 2.e+00 1.e-02 9.e+00]
2026-03-26 20:28:13,491 INFO [rank=60 host=n3004]: starting photochem model for inputs: [  2.       0.5    100.       2.       0.2575   5.    ]
2026-03-26 20:28:13,668 INFO [rank=11 host=n3003]: starting photochem model for inputs: [  2.       0.5    100.       2.       0.2575   7.    ]
2026-03-26 20:28:14,007 INFO [rank=88 host=n3007]: starting photochem model for inputs: [  2.       0.5    100.       2.       0.2575   9.    ]
2026-03-26 20:28:14,789 INFO [rank=82 host=n3007]: starting photochem model for inputs: [  2.      0.5   100.      2.      0.505   5.   ]
2026-03-26 20:28:17,104 INFO [rank=78 host=n3004]: starting photochem model for inputs: [  2.      0.5   100.      2.      0.505   7.   ]
2026-03-26 20:28:17,417 INFO [rank=92 host=n3007]: starting photochem model for inputs: [  2.      0.5   100.      2.      0.505   9.   ]
2026-03-26 20:28:17,695 INFO [rank=85 host=n3007]: starting photochem model for inputs: [  2.       0.5    100.       2.       0.7525   5.    ]
2026-03-26 20:28:19,588 INFO [rank=36 host=n3003]: starting photochem model for inputs: [  2.       0.5    100.       2.       0.7525   7.    ]
2026-03-26 20:28:20,060 INFO [rank=84 host=n3007]: starting photochem model for inputs: [  2.       0.5    100.       2.       0.7525   9.    ]
2026-03-26 20:28:20,863 INFO [rank=73 host=n3004]: starting photochem model for inputs: [  2.    0.5 100.    2.    1.    5. ]
2026-03-26 20:28:22,350 INFO [rank=4 host=n3003]: starting photochem model for inputs: [  2.    0.5 100.    2.    1.    7. ]
2026-03-26 20:28:24,286 INFO [rank=19 host=n3003]: starting photochem model for inputs: [  2.    0.5 100.    2.    1.    9. ]
2026-03-26 20:28:25,324 INFO [rank=44 host=n3004]: starting photochem model for inputs: [2.e+00 5.e-01 1.e+02 3.e+00 1.e-02 5.e+00]
2026-03-26 20:28:29,804 INFO [rank=90 host=n3007]: starting photochem model for inputs: [2.e+00 5.e-01 1.e+02 3.e+00 1.e-02 7.e+00]
2026-03-26 20:28:30,341 INFO [rank=7 host=n3003]: starting photochem model for inputs: [2.e+00 5.e-01 1.e+02 3.e+00 1.e-02 9.e+00]
2026-03-26 20:28:30,813 INFO [rank=58 host=n3004]: starting photochem model for inputs: [  2.       0.5    100.       3.       0.2575   5.    ]
2026-03-26 20:28:31,164 INFO [rank=59 host=n3004]: starting photochem model for inputs: [  2.       0.5    100.       3.       0.2575   7.    ]
2026-03-26 20:28:31,351 INFO [rank=32 host=n3003]: starting photochem model for inputs: [  2.       0.5    100.       3.       0.2575   9.    ]
2026-03-26 20:28:31,531 INFO [rank=99 host=n3007]: starting photochem model for inputs: [  2.      0.5   100.      3.      0.505   5.   ]
2026-03-26 20:28:32,517 INFO [rank=102 host=n3007]: starting photochem model for inputs: [  2.      0.5   100.      3.      0.505   7.   ]
2026-03-26 20:28:32,695 INFO [rank=27 host=n3003]: starting photochem model for inputs: [  2.      0.5   100.      3.      0.505   9.   ]
2026-03-26 20:28:32,874 INFO [rank=83 host=n3007]: starting photochem model for inputs: [  2.       0.5    100.       3.       0.7525   5.    ]
2026-03-26 20:28:33,052 INFO [rank=67 host=n3004]: starting photochem model for inputs: [  2.       0.5    100.       3.       0.7525   7.    ]
2026-03-26 20:28:33,294 INFO [rank=47 host=n3004]: starting photochem model for inputs: [  2.       0.5    100.       3.       0.7525   9.    ]
2026-03-26 20:28:34,582 INFO [rank=57 host=n3004]: starting photochem model for inputs: [  2.    0.5 100.    3.    1.    5. ]
2026-03-26 20:28:37,660 INFO [rank=105 host=n3007]: starting photochem model for inputs: [  2.    0.5 100.    3.    1.    7. ]
2026-03-26 20:28:37,842 INFO [rank=98 host=n3007]: starting photochem model for inputs: [  2.    0.5 100.    3.    1.    9. ]
2026-03-26 20:28:39,513 INFO [rank=5 host=n3003]: starting photochem model for inputs: [2.e+00 5.e-01 1.e+02 4.e+00 1.e-02 5.e+00]
2026-03-26 20:28:42,056 INFO [rank=110 host=n3007]: starting photochem model for inputs: [2.e+00 5.e-01 1.e+02 4.e+00 1.e-02 7.e+00]
2026-03-26 20:28:42,948 INFO [rank=61 host=n3004]: starting photochem model for inputs: [2.e+00 5.e-01 1.e+02 4.e+00 1.e-02 9.e+00]
2026-03-26 20:28:43,460 INFO [rank=80 host=n3007]: starting photochem model for inputs: [  2.       0.5    100.       4.       0.2575   5.    ]
2026-03-26 20:28:45,234 INFO [rank=10 host=n3003]: starting photochem model for inputs: [  2.       0.5    100.       4.       0.2575   7.    ]
2026-03-26 20:28:49,386 INFO [rank=87 host=n3007]: starting photochem model for inputs: [  2.       0.5    100.       4.       0.2575   9.    ]
2026-03-26 20:28:49,677 INFO [rank=109 host=n3007]: starting photochem model for inputs: [  2.      0.5   100.      4.      0.505   5.   ]
2026-03-26 20:28:52,709 INFO [rank=46 host=n3004]: starting photochem model for inputs: [  2.      0.5   100.      4.      0.505   7.   ]
2026-03-26 20:28:53,536 INFO [rank=13 host=n3003]: starting photochem model for inputs: [  2.      0.5   100.      4.      0.505   9.   ]
2026-03-26 20:28:53,961 INFO [rank=55 host=n3004]: starting photochem model for inputs: [  2.       0.5    100.       4.       0.7525   5.    ]
2026-03-26 20:28:54,141 INFO [rank=94 host=n3007]: starting photochem model for inputs: [  2.       0.5    100.       4.       0.7525   7.    ]
2026-03-26 20:28:54,491 INFO [rank=118 host=n3007]: starting photochem model for inputs: [  2.       0.5    100.       4.       0.7525   9.    ]
2026-03-26 20:28:55,976 INFO [rank=96 host=n3007]: starting photochem model for inputs: [  2.    0.5 100.    4.    1.    5. ]
2026-03-26 20:28:58,009 INFO [rank=86 host=n3007]: starting photochem model for inputs: [  2.    0.5 100.    4.    1.    7. ]
2026-03-26 20:28:58,489 INFO [rank=77 host=n3004]: starting photochem model for inputs: [  2.    0.5 100.    4.    1.    9. ]
2026-03-26 20:28:58,668 INFO [rank=64 host=n3004]: starting photochem model for inputs: [2.e+00 5.e-01 1.e+02 5.e+00 1.e-02 5.e+00]
2026-03-26 20:29:01,173 INFO [rank=101 host=n3007]: starting photochem model for inputs: [2.e+00 5.e-01 1.e+02 5.e+00 1.e-02 7.e+00]
2026-03-26 20:29:01,887 INFO [rank=92 host=n3007]: starting photochem model for inputs: [2.e+00 5.e-01 1.e+02 5.e+00 1.e-02 9.e+00]
2026-03-26 20:29:03,265 INFO [rank=20 host=n3003]: starting photochem model for inputs: [  2.       0.5    100.       5.       0.2575   5.    ]
2026-03-26 20:29:03,598 INFO [rank=89 host=n3007]: starting photochem model for inputs: [  2.       0.5    100.       5.       0.2575   7.    ]
2026-03-26 20:29:07,054 INFO [rank=52 host=n3004]: starting photochem model for inputs: [  2.       0.5    100.       5.       0.2575   9.    ]
2026-03-26 20:29:07,569 INFO [rank=34 host=n3003]: starting photochem model for inputs: [  2.      0.5   100.      5.      0.505   5.   ]
2026-03-26 20:29:08,460 INFO [rank=70 host=n3004]: starting photochem model for inputs: [  2.      0.5   100.      5.      0.505   7.   ]
2026-03-26 20:29:09,405 INFO [rank=78 host=n3004]: starting photochem model for inputs: [  2.      0.5   100.      5.      0.505   9.   ]
2026-03-26 20:29:10,290 INFO [rank=66 host=n3004]: starting photochem model for inputs: [  2.       0.5    100.       5.       0.7525   5.    ]
2026-03-26 20:29:11,321 INFO [rank=88 host=n3007]: starting photochem model for inputs: [  2.       0.5    100.       5.       0.7525   7.    ]
2026-03-26 20:29:11,503 INFO [rank=17 host=n3003]: starting photochem model for inputs: [  2.       0.5    100.       5.       0.7525   9.    ]
2026-03-26 20:29:13,738 INFO [rank=11 host=n3003]: starting photochem model for inputs: [  2.    0.5 100.    5.    1.    5. ]
2026-03-26 20:29:14,274 INFO [rank=107 host=n3007]: starting photochem model for inputs: [  2.    0.5 100.    5.    1.    7. ]
2026-03-26 20:29:15,369 INFO [rank=3 host=n3003]: starting photochem model for inputs: [  2.    0.5 100.    5.    1.    9. ]
2026-03-26 20:29:15,934 INFO [rank=63 host=n3004]: starting photochem model for inputs: [2.e+00 5.e-01 1.e+02 6.e+00 1.e-02 5.e+00]
2026-03-26 20:29:17,851 INFO [rank=8 host=n3003]: starting photochem model for inputs: [2.e+00 5.e-01 1.e+02 6.e+00 1.e-02 7.e+00]
2026-03-26 20:29:20,977 INFO [rank=81 host=n3007]: starting photochem model for inputs: [2.e+00 5.e-01 1.e+02 6.e+00 1.e-02 9.e+00]
2026-03-26 20:29:21,274 INFO [rank=97 host=n3007]: starting photochem model for inputs: [  2.       0.5    100.       6.       0.2575   5.    ]
2026-03-26 20:29:21,453 INFO [rank=36 host=n3003]: starting photochem model for inputs: [  2.       0.5    100.       6.       0.2575   7.    ]
2026-03-26 20:29:22,304 INFO [rank=1 host=n3003]: starting photochem model for inputs: [  2.       0.5    100.       6.       0.2575   9.    ]
2026-03-26 20:29:22,483 INFO [rank=35 host=n3003]: starting photochem model for inputs: [  2.      0.5   100.      6.      0.505   5.   ]
2026-03-26 20:29:23,087 INFO [rank=31 host=n3003]: starting photochem model for inputs: [  2.      0.5   100.      6.      0.505   7.   ]
2026-03-26 20:29:24,457 INFO [rank=26 host=n3003]: starting photochem model for inputs: [  2.      0.5   100.      6.      0.505   9.   ]
2026-03-26 20:29:24,635 INFO [rank=84 host=n3007]: starting photochem model for inputs: [  2.       0.5    100.       6.       0.7525   5.    ]
2026-03-26 20:29:24,818 INFO [rank=131 host=n3241]: starting photochem model for inputs: [  2.       0.5    100.       6.       0.7525   7.    ]
2026-03-26 20:29:24,999 INFO [rank=37 host=n3003]: starting photochem model for inputs: [  2.       0.5    100.       6.       0.7525   9.    ]
2026-03-26 20:29:26,435 INFO [rank=79 host=n3004]: starting photochem model for inputs: [  2.    0.5 100.    6.    1.    5. ]
2026-03-26 20:29:28,837 INFO [rank=38 host=n3003]: starting photochem model for inputs: [  2.    0.5 100.    6.    1.    7. ]
2026-03-26 20:29:30,500 INFO [rank=133 host=n3241]: starting photochem model for inputs: [  2.    0.5 100.    6.    1.    9. ]
2026-03-26 20:29:30,812 INFO [rank=71 host=n3004]: starting photochem model for inputs: [2.e+00 5.e-01 1.e+02 8.e+00 1.e-02 5.e+00]
2026-03-26 20:29:31,992 INFO [rank=12 host=n3003]: starting photochem model for inputs: [2.e+00 5.e-01 1.e+02 8.e+00 1.e-02 7.e+00]
2026-03-26 20:29:33,913 INFO [rank=62 host=n3004]: starting photochem model for inputs: [2.e+00 5.e-01 1.e+02 8.e+00 1.e-02 9.e+00]
2026-03-26 20:29:34,147 INFO [rank=16 host=n3003]: starting photochem model for inputs: [  2.       0.5    100.       8.       0.2575   5.    ]
2026-03-26 20:29:35,075 INFO [rank=100 host=n3007]: starting photochem model for inputs: [  2.       0.5    100.       8.       0.2575   7.    ]
2026-03-26 20:29:35,895 INFO [rank=24 host=n3003]: starting photochem model for inputs: [  2.       0.5    100.       8.       0.2575   9.    ]
2026-03-26 20:29:36,077 INFO [rank=112 host=n3007]: starting photochem model for inputs: [  2.      0.5   100.      8.      0.505   5.   ]
2026-03-26 20:29:36,386 INFO [rank=105 host=n3007]: starting photochem model for inputs: [  2.      0.5   100.      8.      0.505   7.   ]
2026-03-26 20:29:36,610 INFO [rank=102 host=n3007]: starting photochem model for inputs: [  2.      0.5   100.      8.      0.505   9.   ]
2026-03-26 20:29:37,511 INFO [rank=43 host=n3004]: starting photochem model for inputs: [  2.       0.5    100.       8.       0.7525   5.    ]
2026-03-26 20:29:38,015 INFO [rank=115 host=n3007]: starting photochem model for inputs: [  2.       0.5    100.       8.       0.7525   7.    ]
2026-03-26 20:29:38,569 INFO [rank=128 host=n3241]: starting photochem model for inputs: [  2.       0.5    100.       8.       0.7525   9.    ]
2026-03-26 20:29:39,884 INFO [rank=9 host=n3003]: starting photochem model for inputs: [  2.    0.5 100.    8.    1.    5. ]
2026-03-26 20:29:40,161 INFO [rank=134 host=n3241]: starting photochem model for inputs: [  2.    0.5 100.    8.    1.    7. ]
2026-03-26 20:29:41,825 INFO [rank=95 host=n3007]: starting photochem model for inputs: [  2.    0.5 100.    8.    1.    9. ]
2026-03-26 20:29:42,006 INFO [rank=130 host=n3241]: starting photochem model for inputs: [2.e+00 5.e-01 1.e+02 1.e+01 1.e-02 5.e+00]
2026-03-26 20:29:43,129 INFO [rank=90 host=n3007]: starting photochem model for inputs: [2.e+00 5.e-01 1.e+02 1.e+01 1.e-02 7.e+00]
2026-03-26 20:29:44,515 INFO [rank=67 host=n3004]: starting photochem model for inputs: [2.e+00 5.e-01 1.e+02 1.e+01 1.e-02 9.e+00]
2026-03-26 20:29:44,948 INFO [rank=30 host=n3003]: starting photochem model for inputs: [  2.       0.5    100.      10.       0.2575   5.    ]
2026-03-26 20:29:45,783 INFO [rank=49 host=n3004]: starting photochem model for inputs: [  2.       0.5    100.      10.       0.2575   7.    ]
2026-03-26 20:29:46,234 INFO [rank=25 host=n3003]: starting photochem model for inputs: [  2.       0.5    100.      10.       0.2575   9.    ]
2026-03-26 20:29:46,784 INFO [rank=127 host=n3241]: starting photochem model for inputs: [  2.      0.5   100.     10.      0.505   5.   ]
2026-03-26 20:29:49,434 INFO [rank=47 host=n3004]: starting photochem model for inputs: [  2.      0.5   100.     10.      0.505   7.   ]
2026-03-26 20:29:52,159 INFO [rank=69 host=n3004]: starting photochem model for inputs: [  2.      0.5   100.     10.      0.505   9.   ]
2026-03-26 20:29:52,796 INFO [rank=40 host=n3004]: starting photochem model for inputs: [  2.       0.5    100.      10.       0.7525   5.    ]
2026-03-26 20:29:53,223 INFO [rank=91 host=n3007]: starting photochem model for inputs: [  2.       0.5    100.      10.       0.7525   7.    ]
2026-03-26 20:29:54,493 INFO [rank=6 host=n3003]: starting photochem model for inputs: [  2.       0.5    100.      10.       0.7525   9.    ]
2026-03-26 20:29:55,736 INFO [rank=4 host=n3003]: starting photochem model for inputs: [  2.    0.5 100.   10.    1.    5. ]
2026-03-26 20:30:00,106 INFO [rank=22 host=n3003]: starting photochem model for inputs: [  2.    0.5 100.   10.    1.    7. ]
2026-03-26 20:30:00,658 INFO [rank=15 host=n3003]: starting photochem model for inputs: [  2.    0.5 100.   10.    1.    9. ]
2026-03-26 20:30:01,478 INFO [rank=113 host=n3007]: starting photochem model for inputs: [2.0e+00 5.0e-01 1.5e+02 3.0e-01 1.0e-02 5.0e+00]
2026-03-26 20:30:03,042 INFO [rank=65 host=n3004]: starting photochem model for inputs: [2.0e+00 5.0e-01 1.5e+02 3.0e-01 1.0e-02 7.0e+00]
2026-03-26 20:30:09,490 INFO [rank=42 host=n3004]: starting photochem model for inputs: [2.0e+00 5.0e-01 1.5e+02 3.0e-01 1.0e-02 9.0e+00]
2026-03-26 20:30:11,044 INFO [rank=10 host=n3003]: starting photochem model for inputs: [  2.       0.5    150.       0.3      0.2575   5.    ]
2026-03-26 20:30:13,135 INFO [rank=103 host=n3007]: starting photochem model for inputs: [  2.       0.5    150.       0.3      0.2575   7.    ]
2026-03-26 20:30:14,612 INFO [rank=94 host=n3007]: starting photochem model for inputs: [  2.       0.5    150.       0.3      0.2575   9.    ]
2026-03-26 20:30:14,800 INFO [rank=46 host=n3004]: starting photochem model for inputs: [  2.      0.5   150.      0.3     0.505   5.   ]
2026-03-26 20:30:15,646 INFO [rank=19 host=n3003]: starting photochem model for inputs: [  2.      0.5   150.      0.3     0.505   7.   ]
2026-03-26 20:30:18,173 INFO [rank=32 host=n3003]: starting photochem model for inputs: [  2.      0.5   150.      0.3     0.505   9.   ]
2026-03-26 20:30:18,501 INFO [rank=116 host=n3007]: starting photochem model for inputs: [  2.       0.5    150.       0.3      0.7525   5.    ]
2026-03-26 20:30:20,464 INFO [rank=60 host=n3004]: starting photochem model for inputs: [  2.       0.5    150.       0.3      0.7525   7.    ]
2026-03-26 20:30:26,245 INFO [rank=50 host=n3004]: starting photochem model for inputs: [  2.       0.5    150.       0.3      0.7525   9.    ]
2026-03-26 20:30:32,524 INFO [rank=28 host=n3003]: starting photochem model for inputs: [  2.    0.5 150.    0.3   1.    5. ]
2026-03-26 20:30:32,772 INFO [rank=82 host=n3007]: starting photochem model for inputs: [  2.    0.5 150.    0.3   1.    7. ]
2026-03-26 20:30:35,691 INFO [rank=76 host=n3004]: starting photochem model for inputs: [  2.    0.5 150.    0.3   1.    9. ]
2026-03-26 20:30:36,242 INFO [rank=124 host=n3241]: starting photochem model for inputs: [2.0e+00 5.0e-01 1.5e+02 7.0e-01 1.0e-02 5.0e+00]
2026-03-26 20:30:37,711 INFO [rank=21 host=n3003]: starting photochem model for inputs: [2.0e+00 5.0e-01 1.5e+02 7.0e-01 1.0e-02 7.0e+00]
2026-03-26 20:30:38,160 INFO [rank=98 host=n3007]: starting photochem model for inputs: [2.0e+00 5.0e-01 1.5e+02 7.0e-01 1.0e-02 9.0e+00]
2026-03-26 20:30:40,162 INFO [rank=74 host=n3004]: starting photochem model for inputs: [  2.       0.5    150.       0.7      0.2575   5.    ]
2026-03-26 20:30:42,044 INFO [rank=56 host=n3004]: starting photochem model for inputs: [  2.       0.5    150.       0.7      0.2575   7.    ]
2026-03-26 20:30:42,379 INFO [rank=58 host=n3004]: starting photochem model for inputs: [  2.       0.5    150.       0.7      0.2575   9.    ]
2026-03-26 20:30:46,837 INFO [rank=45 host=n3004]: starting photochem model for inputs: [  2.      0.5   150.      0.7     0.505   5.   ]
2026-03-26 20:30:48,706 INFO [rank=29 host=n3003]: starting photochem model for inputs: [  2.      0.5   150.      0.7     0.505   7.   ]
2026-03-26 20:30:49,429 INFO [rank=53 host=n3004]: starting photochem model for inputs: [  2.      0.5   150.      0.7     0.505   9.   ]
2026-03-26 20:30:52,395 INFO [rank=99 host=n3007]: starting photochem model for inputs: [  2.       0.5    150.       0.7      0.7525   5.    ]
2026-03-26 20:30:52,800 INFO [rank=42 host=n3004]: starting photochem model for inputs: [  2.       0.5    150.       0.7      0.7525   7.    ]
2026-03-26 20:30:54,495 INFO [rank=59 host=n3004]: starting photochem model for inputs: [  2.       0.5    150.       0.7      0.7525   9.    ]
2026-03-26 20:30:55,156 INFO [rank=118 host=n3007]: starting photochem model for inputs: [  2.    0.5 150.    0.7   1.    5. ]
2026-03-26 20:30:55,995 INFO [rank=136 host=n3241]: starting photochem model for inputs: [  2.    0.5 150.    0.7   1.    7. ]
2026-03-26 20:30:56,863 INFO [rank=75 host=n3004]: starting photochem model for inputs: [  2.    0.5 150.    0.7   1.    9. ]
2026-03-26 20:30:59,378 INFO [rank=83 host=n3007]: starting photochem model for inputs: [2.0e+00 5.0e-01 1.5e+02 1.0e+00 1.0e-02 5.0e+00]
2026-03-26 20:30:59,937 INFO [rank=57 host=n3004]: starting photochem model for inputs: [2.0e+00 5.0e-01 1.5e+02 1.0e+00 1.0e-02 7.0e+00]
2026-03-26 20:31:00,182 INFO [rank=110 host=n3007]: starting photochem model for inputs: [2.0e+00 5.0e-01 1.5e+02 1.0e+00 1.0e-02 9.0e+00]
2026-03-26 20:31:01,528 INFO [rank=65 host=n3004]: starting photochem model for inputs: [  2.       0.5    150.       1.       0.2575   5.    ]
2026-03-26 20:31:06,251 INFO [rank=39 host=n3003]: starting photochem model for inputs: [  2.       0.5    150.       1.       0.2575   7.    ]
2026-03-26 20:31:08,445 INFO [rank=98 host=n3007]: starting photochem model for inputs: [  2.       0.5    150.       1.       0.2575   9.    ]
2026-03-26 20:31:14,913 INFO [rank=103 host=n3007]: starting photochem model for inputs: [  2.      0.5   150.      1.      0.505   5.   ]
2026-03-26 20:31:15,948 INFO [rank=19 host=n3003]: starting photochem model for inputs: [  2.      0.5   150.      1.      0.505   7.   ]
2026-03-26 20:31:16,948 INFO [rank=58 host=n3004]: starting photochem model for inputs: [  2.      0.5   150.      1.      0.505   9.   ]
2026-03-26 20:31:19,245 INFO [rank=94 host=n3007]: starting photochem model for inputs: [  2.       0.5    150.       1.       0.7525   5.    ]
2026-03-26 20:31:19,536 INFO [rank=44 host=n3004]: starting photochem model for inputs: [  2.       0.5    150.       1.       0.7525   7.    ]
2026-03-26 20:31:20,100 INFO [rank=14 host=n3003]: starting photochem model for inputs: [  2.       0.5    150.       1.       0.7525   9.    ]
2026-03-26 20:31:22,771 INFO [rank=53 host=n3004]: starting photochem model for inputs: [  2.    0.5 150.    1.    1.    5. ]
2026-03-26 20:31:24,464 INFO [rank=60 host=n3004]: starting photochem model for inputs: [  2.    0.5 150.    1.    1.    7. ]
2026-03-26 20:31:25,005 INFO [rank=59 host=n3004]: starting photochem model for inputs: [  2.    0.5 150.    1.    1.    9. ]
2026-03-26 20:31:27,882 INFO [rank=75 host=n3004]: starting photochem model for inputs: [2.0e+00 5.0e-01 1.5e+02 1.5e+00 1.0e-02 5.0e+00]
2026-03-26 20:31:29,682 INFO [rank=55 host=n3004]: starting photochem model for inputs: [2.0e+00 5.0e-01 1.5e+02 1.5e+00 1.0e-02 7.0e+00]
2026-03-26 20:31:30,195 INFO [rank=32 host=n3003]: starting photochem model for inputs: [2.0e+00 5.0e-01 1.5e+02 1.5e+00 1.0e-02 9.0e+00]
2026-03-26 20:31:30,393 INFO [rank=73 host=n3004]: starting photochem model for inputs: [  2.       0.5    150.       1.5      0.2575   5.    ]
2026-03-26 20:31:31,642 INFO [rank=76 host=n3004]: starting photochem model for inputs: [  2.       0.5    150.       1.5      0.2575   7.    ]
2026-03-26 20:31:32,130 INFO [rank=85 host=n3007]: starting photochem model for inputs: [  2.       0.5    150.       1.5      0.2575   9.    ]
2026-03-26 20:31:33,557 INFO [rank=50 host=n3004]: starting photochem model for inputs: [  2.      0.5   150.      1.5     0.505   5.   ]
2026-03-26 20:31:33,842 INFO [rank=82 host=n3007]: starting photochem model for inputs: [  2.      0.5   150.      1.5     0.505   7.   ]
2026-03-26 20:31:34,446 INFO [rank=2 host=n3003]: starting photochem model for inputs: [  2.      0.5   150.      1.5     0.505   9.   ]
2026-03-26 20:31:34,794 INFO [rank=88 host=n3007]: starting photochem model for inputs: [  2.       0.5    150.       1.5      0.7525   5.    ]
2026-03-26 20:31:36,918 INFO [rank=120 host=n3241]: starting photochem model for inputs: [  2.       0.5    150.       1.5      0.7525   7.    ]
2026-03-26 20:31:37,095 INFO [rank=101 host=n3007]: starting photochem model for inputs: [  2.       0.5    150.       1.5      0.7525   9.    ]
2026-03-26 20:31:40,737 INFO [rank=119 host=n3007]: starting photochem model for inputs: [  2.    0.5 150.    1.5   1.    5. ]
2026-03-26 20:31:41,144 INFO [rank=125 host=n3241]: starting photochem model for inputs: [  2.    0.5 150.    1.5   1.    7. ]
2026-03-26 20:31:43,114 INFO [rank=23 host=n3003]: starting photochem model for inputs: [  2.    0.5 150.    1.5   1.    9. ]
2026-03-26 20:31:47,887 INFO [rank=41 host=n3004]: starting photochem model for inputs: [2.0e+00 5.0e-01 1.5e+02 2.0e+00 1.0e-02 5.0e+00]
2026-03-26 20:31:51,069 INFO [rank=80 host=n3007]: starting photochem model for inputs: [2.0e+00 5.0e-01 1.5e+02 2.0e+00 1.0e-02 7.0e+00]
2026-03-26 20:31:52,686 INFO [rank=56 host=n3004]: starting photochem model for inputs: [2.0e+00 5.0e-01 1.5e+02 2.0e+00 1.0e-02 9.0e+00]
2026-03-26 20:31:52,855 INFO [rank=31 host=n3003]: starting photochem model for inputs: [  2.       0.5    150.       2.       0.2575   5.    ]
2026-03-26 20:31:55,248 INFO [rank=68 host=n3004]: starting photochem model for inputs: [  2.       0.5    150.       2.       0.2575   7.    ]
2026-03-26 20:31:55,424 INFO [rank=7 host=n3003]: starting photochem model for inputs: [  2.       0.5    150.       2.       0.2575   9.    ]
2026-03-26 20:31:56,378 INFO [rank=137 host=n3241]: starting photochem model for inputs: [  2.      0.5   150.      2.      0.505   5.   ]
2026-03-26 20:31:59,901 INFO [rank=27 host=n3003]: starting photochem model for inputs: [  2.      0.5   150.      2.      0.505   7.   ]
2026-03-26 20:32:06,261 INFO [rank=107 host=n3007]: starting photochem model for inputs: [  2.      0.5   150.      2.      0.505   9.   ]
2026-03-26 20:32:08,114 INFO [rank=39 host=n3003]: starting photochem model for inputs: [  2.       0.5    150.       2.       0.7525   5.    ]
2026-03-26 20:32:08,642 INFO [rank=109 host=n3007]: starting photochem model for inputs: [  2.       0.5    150.       2.       0.7525   7.    ]
2026-03-26 20:32:09,946 INFO [rank=96 host=n3007]: starting photochem model for inputs: [  2.       0.5    150.       2.       0.7525   9.    ]
2026-03-26 20:32:10,370 INFO [rank=77 host=n3004]: starting photochem model for inputs: [  2.    0.5 150.    2.    1.    5. ]
2026-03-26 20:32:12,830 INFO [rank=110 host=n3007]: starting photochem model for inputs: [  2.    0.5 150.    2.    1.    7. ]
2026-03-26 20:32:13,493 INFO [rank=21 host=n3003]: starting photochem model for inputs: [  2.    0.5 150.    2.    1.    9. ]
2026-03-26 20:32:14,869 INFO [rank=89 host=n3007]: starting photochem model for inputs: [2.0e+00 5.0e-01 1.5e+02 3.0e+00 1.0e-02 5.0e+00]
2026-03-26 20:32:15,488 INFO [rank=70 host=n3004]: starting photochem model for inputs: [2.0e+00 5.0e-01 1.5e+02 3.0e+00 1.0e-02 7.0e+00]
2026-03-26 20:32:16,320 INFO [rank=5 host=n3003]: starting photochem model for inputs: [2.0e+00 5.0e-01 1.5e+02 3.0e+00 1.0e-02 9.0e+00]
2026-03-26 20:32:18,006 INFO [rank=114 host=n3007]: starting photochem model for inputs: [  2.       0.5    150.       3.       0.2575   5.    ]
2026-03-26 20:32:20,424 INFO [rank=29 host=n3003]: starting photochem model for inputs: [  2.       0.5    150.       3.       0.2575   7.    ]
2026-03-26 20:32:21,685 INFO [rank=2 host=n3003]: starting photochem model for inputs: [  2.       0.5    150.       3.       0.2575   9.    ]
2026-03-26 20:32:21,961 INFO [rank=35 host=n3003]: starting photochem model for inputs: [  2.      0.5   150.      3.      0.505   5.   ]
2026-03-26 20:32:24,123 INFO [rank=84 host=n3007]: starting photochem model for inputs: [  2.      0.5   150.      3.      0.505   7.   ]
2026-03-26 20:32:27,013 INFO [rank=58 host=n3004]: starting photochem model for inputs: [  2.      0.5   150.      3.      0.505   9.   ]
2026-03-26 20:32:28,942 INFO [rank=98 host=n3007]: starting photochem model for inputs: [  2.       0.5    150.       3.       0.7525   7.    ]
2026-03-26 20:32:28,763 INFO [rank=151 host=n3241]: starting photochem model for inputs: [  2.       0.5    150.       3.       0.7525   5.    ]
2026-03-26 20:32:29,798 INFO [rank=86 host=n3007]: starting photochem model for inputs: [  2.       0.5    150.       3.       0.7525   9.    ]
2026-03-26 20:32:29,979 INFO [rank=46 host=n3004]: starting photochem model for inputs: [  2.    0.5 150.    3.    1.    5. ]
2026-03-26 20:32:31,207 INFO [rank=136 host=n3241]: starting photochem model for inputs: [  2.    0.5 150.    3.    1.    7. ]
2026-03-26 20:32:32,173 INFO [rank=113 host=n3007]: starting photochem model for inputs: [  2.    0.5 150.    3.    1.    9. ]
2026-03-26 20:32:35,306 INFO [rank=101 host=n3007]: starting photochem model for inputs: [2.0e+00 5.0e-01 1.5e+02 4.0e+00 1.0e-02 5.0e+00]
2026-03-26 20:32:36,533 INFO [rank=10 host=n3003]: starting photochem model for inputs: [2.0e+00 5.0e-01 1.5e+02 4.0e+00 1.0e-02 7.0e+00]
2026-03-26 20:32:37,971 INFO [rank=55 host=n3004]: starting photochem model for inputs: [2.0e+00 5.0e-01 1.5e+02 4.0e+00 1.0e-02 9.0e+00]
2026-03-26 20:32:40,957 INFO [rank=131 host=n3241]: starting photochem model for inputs: [  2.       0.5    150.       4.       0.2575   5.    ]
2026-03-26 20:32:41,447 INFO [rank=120 host=n3241]: starting photochem model for inputs: [  2.       0.5    150.       4.       0.2575   7.    ]
2026-03-26 20:32:42,037 INFO [rank=66 host=n3004]: starting photochem model for inputs: [  2.       0.5    150.       4.       0.2575   9.    ]
2026-03-26 20:32:42,927 INFO [rank=125 host=n3241]: starting photochem model for inputs: [  2.      0.5   150.      4.      0.505   5.   ]
2026-03-26 20:32:43,416 INFO [rank=20 host=n3003]: starting photochem model for inputs: [  2.      0.5   150.      4.      0.505   7.   ]
2026-03-26 20:32:44,140 INFO [rank=42 host=n3004]: starting photochem model for inputs: [  2.      0.5   150.      4.      0.505   9.   ]
2026-03-26 20:32:46,334 INFO [rank=82 host=n3007]: starting photochem model for inputs: [  2.       0.5    150.       4.       0.7525   5.    ]
2026-03-26 20:32:46,557 INFO [rank=28 host=n3003]: starting photochem model for inputs: [  2.       0.5    150.       4.       0.7525   7.    ]
2026-03-26 20:32:46,740 INFO [rank=80 host=n3007]: starting photochem model for inputs: [  2.       0.5    150.       4.       0.7525   9.    ]
2026-03-26 20:32:47,177 INFO [rank=116 host=n3007]: starting photochem model for inputs: [  2.    0.5 150.    4.    1.    5. ]
2026-03-26 20:32:48,886 INFO [rank=34 host=n3003]: starting photochem model for inputs: [  2.    0.5 150.    4.    1.    7. ]
2026-03-26 20:32:50,476 INFO [rank=87 host=n3007]: starting photochem model for inputs: [  2.    0.5 150.    4.    1.    9. ]
2026-03-26 20:32:50,653 INFO [rank=7 host=n3003]: starting photochem model for inputs: [2.0e+00 5.0e-01 1.5e+02 5.0e+00 1.0e-02 5.0e+00]
2026-03-26 20:32:50,951 INFO [rank=23 host=n3003]: starting photochem model for inputs: [2.0e+00 5.0e-01 1.5e+02 5.0e+00 1.0e-02 7.0e+00]
2026-03-26 20:32:51,555 INFO [rank=56 host=n3004]: starting photochem model for inputs: [2.0e+00 5.0e-01 1.5e+02 5.0e+00 1.0e-02 9.0e+00]
2026-03-26 20:32:52,199 INFO [rank=44 host=n3004]: starting photochem model for inputs: [  2.       0.5    150.       5.       0.2575   5.    ]
2026-03-26 20:32:53,459 INFO [rank=154 host=n3241]: starting photochem model for inputs: [  2.       0.5    150.       5.       0.2575   7.    ]
2026-03-26 20:32:54,123 INFO [rank=74 host=n3004]: starting photochem model for inputs: [  2.       0.5    150.       5.       0.2575   9.    ]
2026-03-26 20:32:55,800 INFO [rank=32 host=n3003]: starting photochem model for inputs: [  2.      0.5   150.      5.      0.505   5.   ]
2026-03-26 20:32:56,403 INFO [rank=13 host=n3003]: starting photochem model for inputs: [  2.      0.5   150.      5.      0.505   7.   ]
2026-03-26 20:32:57,426 INFO [rank=19 host=n3003]: starting photochem model for inputs: [  2.      0.5   150.      5.      0.505   9.   ]
2026-03-26 20:32:58,458 INFO [rank=96 host=n3007]: starting photochem model for inputs: [  2.       0.5    150.       5.       0.7525   5.    ]
2026-03-26 20:33:01,744 INFO [rank=109 host=n3007]: starting photochem model for inputs: [  2.       0.5    150.       5.       0.7525   7.    ]
2026-03-26 20:33:03,127 INFO [rank=85 host=n3007]: starting photochem model for inputs: [  2.       0.5    150.       5.       0.7525   9.    ]
2026-03-26 20:33:07,680 INFO [rank=124 host=n3241]: starting photochem model for inputs: [  2.    0.5 150.    5.    1.    5. ]
2026-03-26 20:33:08,685 INFO [rank=76 host=n3004]: starting photochem model for inputs: [  2.    0.5 150.    5.    1.    7. ]
2026-03-26 20:33:10,353 INFO [rank=60 host=n3004]: starting photochem model for inputs: [  2.    0.5 150.    5.    1.    9. ]
2026-03-26 20:33:14,766 INFO [rank=54 host=n3004]: starting photochem model for inputs: [2.0e+00 5.0e-01 1.5e+02 6.0e+00 1.0e-02 5.0e+00]
2026-03-26 20:33:15,521 INFO [rank=110 host=n3007]: starting photochem model for inputs: [2.0e+00 5.0e-01 1.5e+02 6.0e+00 1.0e-02 7.0e+00]
2026-03-26 20:33:16,838 INFO [rank=58 host=n3004]: starting photochem model for inputs: [2.0e+00 5.0e-01 1.5e+02 6.0e+00 1.0e-02 9.0e+00]
2026-03-26 20:33:17,822 INFO [rank=29 host=n3003]: starting photochem model for inputs: [  2.       0.5    150.       6.       0.2575   5.    ]
2026-03-26 20:33:19,637 INFO [rank=2 host=n3003]: starting photochem model for inputs: [  2.       0.5    150.       6.       0.2575   7.    ]
2026-03-26 20:33:20,931 INFO [rank=21 host=n3003]: starting photochem model for inputs: [  2.       0.5    150.       6.       0.2575   9.    ]
2026-03-26 20:33:21,177 INFO [rank=68 host=n3004]: starting photochem model for inputs: [  2.      0.5   150.      6.      0.505   5.   ]
2026-03-26 20:33:21,876 INFO [rank=107 host=n3007]: starting photochem model for inputs: [  2.      0.5   150.      6.      0.505   7.   ]
2026-03-26 20:33:22,967 INFO [rank=98 host=n3007]: starting photochem model for inputs: [  2.      0.5   150.      6.      0.505   9.   ]
2026-03-26 20:33:23,926 INFO [rank=90 host=n3007]: starting photochem model for inputs: [  2.       0.5    150.       6.       0.7525   5.    ]
2026-03-26 20:33:25,014 INFO [rank=84 host=n3007]: starting photochem model for inputs: [  2.       0.5    150.       6.       0.7525   7.    ]
2026-03-26 20:33:29,664 INFO [rank=113 host=n3007]: starting photochem model for inputs: [  2.       0.5    150.       6.       0.7525   9.    ]
2026-03-26 20:33:31,236 INFO [rank=30 host=n3003]: starting photochem model for inputs: [  2.    0.5 150.    6.    1.    5. ]
2026-03-26 20:33:36,201 INFO [rank=155 host=n3241]: starting photochem model for inputs: [  2.    0.5 150.    6.    1.    7. ]
2026-03-26 20:33:36,374 INFO [rank=45 host=n3004]: starting photochem model for inputs: [  2.    0.5 150.    6.    1.    9. ]
2026-03-26 20:33:38,509 INFO [rank=57 host=n3004]: starting photochem model for inputs: [2.0e+00 5.0e-01 1.5e+02 8.0e+00 1.0e-02 5.0e+00]
2026-03-26 20:33:38,700 INFO [rank=14 host=n3003]: starting photochem model for inputs: [2.0e+00 5.0e-01 1.5e+02 8.0e+00 1.0e-02 7.0e+00]
2026-03-26 20:33:41,835 INFO [rank=12 host=n3003]: starting photochem model for inputs: [2.0e+00 5.0e-01 1.5e+02 8.0e+00 1.0e-02 9.0e+00]
2026-03-26 20:33:44,706 INFO [rank=27 host=n3003]: starting photochem model for inputs: [  2.       0.5    150.       8.       0.2575   5.    ]
2026-03-26 20:33:45,070 INFO [rank=127 host=n3241]: starting photochem model for inputs: [  2.       0.5    150.       8.       0.2575   7.    ]
2026-03-26 20:33:46,114 INFO [rank=49 host=n3004]: starting photochem model for inputs: [  2.       0.5    150.       8.       0.2575   9.    ]
2026-03-26 20:33:46,860 INFO [rank=11 host=n3003]: starting photochem model for inputs: [  2.      0.5   150.      8.      0.505   5.   ]
2026-03-26 20:33:47,694 INFO [rank=20 host=n3003]: starting photochem model for inputs: [  2.      0.5   150.      8.      0.505   7.   ]
2026-03-26 20:33:47,874 INFO [rank=65 host=n3004]: starting photochem model for inputs: [  2.      0.5   150.      8.      0.505   9.   ]
2026-03-26 20:33:48,564 INFO [rank=117 host=n3007]: starting photochem model for inputs: [  2.       0.5    150.       8.       0.7525   5.    ]
2026-03-26 20:33:49,795 INFO [rank=79 host=n3004]: starting photochem model for inputs: [  2.       0.5    150.       8.       0.7525   7.    ]
2026-03-26 20:33:51,325 INFO [rank=134 host=n3241]: starting photochem model for inputs: [  2.       0.5    150.       8.       0.7525   9.    ]
2026-03-26 20:33:51,786 INFO [rank=17 host=n3003]: starting photochem model for inputs: [  2.    0.5 150.    8.    1.    5. ]
2026-03-26 20:33:52,036 INFO [rank=120 host=n3241]: starting photochem model for inputs: [  2.    0.5 150.    8.    1.    7. ]
2026-03-26 20:33:53,021 INFO [rank=86 host=n3007]: starting photochem model for inputs: [  2.    0.5 150.    8.    1.    9. ]
2026-03-26 20:33:55,105 INFO [rank=38 host=n3003]: starting photochem model for inputs: [2.0e+00 5.0e-01 1.5e+02 1.0e+01 1.0e-02 5.0e+00]
2026-03-26 20:33:57,742 INFO [rank=104 host=n3007]: starting photochem model for inputs: [2.0e+00 5.0e-01 1.5e+02 1.0e+01 1.0e-02 7.0e+00]
2026-03-26 20:33:58,295 INFO [rank=70 host=n3004]: starting photochem model for inputs: [2.0e+00 5.0e-01 1.5e+02 1.0e+01 1.0e-02 9.0e+00]
2026-03-26 20:33:59,087 INFO [rank=99 host=n3007]: starting photochem model for inputs: [  2.       0.5    150.      10.       0.2575   5.    ]
2026-03-26 20:33:59,282 INFO [rank=28 host=n3003]: starting photochem model for inputs: [  2.       0.5    150.      10.       0.2575   7.    ]
2026-03-26 20:34:02,946 INFO [rank=5 host=n3003]: starting photochem model for inputs: [  2.       0.5    150.      10.       0.2575   9.    ]
2026-03-26 20:34:04,069 INFO [rank=91 host=n3007]: starting photochem model for inputs: [  2.      0.5   150.     10.      0.505   5.   ]
2026-03-26 20:34:04,345 INFO [rank=4 host=n3003]: starting photochem model for inputs: [  2.      0.5   150.     10.      0.505   7.   ]
2026-03-26 20:34:04,595 INFO [rank=83 host=n3007]: starting photochem model for inputs: [  2.      0.5   150.     10.      0.505   9.   ]
2026-03-26 20:34:06,279 INFO [rank=34 host=n3003]: starting photochem model for inputs: [  2.       0.5    150.      10.       0.7525   5.    ]
2026-03-26 20:34:06,459 INFO [rank=130 host=n3241]: starting photochem model for inputs: [  2.       0.5    150.      10.       0.7525   7.    ]
2026-03-26 20:34:09,076 INFO [rank=97 host=n3007]: starting photochem model for inputs: [  2.       0.5    150.      10.       0.7525   9.    ]
2026-03-26 20:34:11,288 INFO [rank=136 host=n3241]: starting photochem model for inputs: [  2.    0.5 150.   10.    1.    5. ]
2026-03-26 20:34:12,762 INFO [rank=118 host=n3007]: starting photochem model for inputs: [  2.    0.5 150.   10.    1.    7. ]
2026-03-26 20:34:17,758 INFO [rank=31 host=n3003]: starting photochem model for inputs: [  2.    0.5 150.   10.    1.    9. ]
2026-03-26 20:34:23,512 INFO [rank=94 host=n3007]: starting photochem model for inputs: [2.e+00 5.e-01 2.e+02 3.e-01 1.e-02 5.e+00]
2026-03-26 20:34:23,691 INFO [rank=50 host=n3004]: starting photochem model for inputs: [2.e+00 5.e-01 2.e+02 3.e-01 1.e-02 7.e+00]
2026-03-26 20:34:26,655 INFO [rank=109 host=n3007]: starting photochem model for inputs: [2.e+00 5.e-01 2.e+02 3.e-01 1.e-02 9.e+00]
2026-03-26 20:34:26,870 INFO [rank=114 host=n3007]: starting photochem model for inputs: [  2.       0.5    200.       0.3      0.2575   5.    ]
2026-03-26 20:34:28,319 INFO [rank=103 host=n3007]: starting photochem model for inputs: [  2.       0.5    200.       0.3      0.2575   7.    ]
2026-03-26 20:34:29,042 INFO [rank=22 host=n3003]: starting photochem model for inputs: [  2.       0.5    200.       0.3      0.2575   9.    ]
[2026-03-26T20:34:29.200] error: *** STEP 34154450.0 ON n3003 CANCELLED AT 2026-03-26T20:34:29 DUE to SIGNAL Terminated ***
[2026-03-26T20:34:29.221] error: *** JOB 34154450 ON n3003 CANCELLED AT 2026-03-26T20:34:29 DUE to SIGNAL Terminated ***
