2026-03-27 14:28:21,253 INFO [rank=1 host=n3048]: starting photochem model for inputs: [2.e+00 5.e-01 5.e+01 3.e-01 1.e-02 5.e+00]
2026-03-27 14:28:21,253 INFO [rank=2 host=n3048]: starting photochem model for inputs: [2.e+00 5.e-01 5.e+01 3.e-01 1.e-02 7.e+00]
2026-03-27 14:28:21,253 INFO [rank=3 host=n3048]: starting photochem model for inputs: [2.e+00 5.e-01 5.e+01 3.e-01 1.e-02 9.e+00]
2026-03-27 14:28:21,253 INFO [rank=4 host=n3048]: starting photochem model for inputs: [ 2.      0.5    50.      0.3     0.2575  5.    ]
2026-03-27 14:28:21,253 INFO [rank=5 host=n3048]: starting photochem model for inputs: [ 2.      0.5    50.      0.3     0.2575  7.    ]
2026-03-27 14:28:21,253 INFO [rank=6 host=n3048]: starting photochem model for inputs: [ 2.      0.5    50.      0.3     0.2575  9.    ]
2026-03-27 14:28:21,253 INFO [rank=10 host=n3048]: starting photochem model for inputs: [ 2.      0.5    50.      0.3     0.7525  5.    ]
2026-03-27 14:28:21,253 INFO [rank=16 host=n3048]: starting photochem model for inputs: [2.e+00 5.e-01 5.e+01 7.e-01 1.e-02 5.e+00]
2026-03-27 14:28:21,253 INFO [rank=7 host=n3048]: starting photochem model for inputs: [ 2.     0.5   50.     0.3    0.505  5.   ]
2026-03-27 14:28:21,253 INFO [rank=8 host=n3048]: starting photochem model for inputs: [ 2.     0.5   50.     0.3    0.505  7.   ]
2026-03-27 14:28:21,253 INFO [rank=11 host=n3048]: starting photochem model for inputs: [ 2.      0.5    50.      0.3     0.7525  7.    ]
2026-03-27 14:28:21,253 INFO [rank=12 host=n3048]: starting photochem model for inputs: [ 2.      0.5    50.      0.3     0.7525  9.    ]
2026-03-27 14:28:21,253 INFO [rank=13 host=n3048]: starting photochem model for inputs: [ 2.   0.5 50.   0.3  1.   5. ]
2026-03-27 14:28:21,253 INFO [rank=18 host=n3048]: starting photochem model for inputs: [2.e+00 5.e-01 5.e+01 7.e-01 1.e-02 9.e+00]
2026-03-27 14:28:21,253 INFO [rank=19 host=n3048]: starting photochem model for inputs: [ 2.      0.5    50.      0.7     0.2575  5.    ]
2026-03-27 14:28:21,253 INFO [rank=14 host=n3048]: starting photochem model for inputs: [ 2.   0.5 50.   0.3  1.   7. ]
2026-03-27 14:28:21,253 INFO [rank=15 host=n3048]: starting photochem model for inputs: [ 2.   0.5 50.   0.3  1.   9. ]
2026-03-27 14:28:21,253 INFO [rank=21 host=n3048]: starting photochem model for inputs: [ 2.      0.5    50.      0.7     0.2575  9.    ]
2026-03-27 14:28:21,254 INFO [rank=22 host=n3048]: starting photochem model for inputs: [ 2.     0.5   50.     0.7    0.505  5.   ]
2026-03-27 14:28:21,254 INFO [rank=24 host=n3048]: starting photochem model for inputs: [ 2.     0.5   50.     0.7    0.505  9.   ]
2026-03-27 14:28:21,254 INFO [rank=27 host=n3048]: starting photochem model for inputs: [ 2.      0.5    50.      0.7     0.7525  9.    ]
2026-03-27 14:28:21,254 INFO [rank=29 host=n3048]: starting photochem model for inputs: [ 2.   0.5 50.   0.7  1.   7. ]
2026-03-27 14:28:21,254 INFO [rank=26 host=n3048]: starting photochem model for inputs: [ 2.      0.5    50.      0.7     0.7525  7.    ]
2026-03-27 14:28:21,254 INFO [rank=23 host=n3048]: starting photochem model for inputs: [ 2.     0.5   50.     0.7    0.505  7.   ]
2026-03-27 14:28:21,254 INFO [rank=31 host=n3048]: starting photochem model for inputs: [2.e+00 5.e-01 5.e+01 1.e+00 1.e-02 5.e+00]
2026-03-27 14:28:21,254 INFO [rank=32 host=n3048]: starting photochem model for inputs: [2.e+00 5.e-01 5.e+01 1.e+00 1.e-02 7.e+00]
2026-03-27 14:28:21,254 INFO [rank=35 host=n3048]: starting photochem model for inputs: [ 2.      0.5    50.      1.      0.2575  7.    ]
2026-03-27 14:28:21,254 INFO [rank=9 host=n3048]: starting photochem model for inputs: [ 2.     0.5   50.     0.3    0.505  9.   ]
2026-03-27 14:28:21,254 INFO [rank=28 host=n3048]: starting photochem model for inputs: [ 2.   0.5 50.   0.7  1.   5. ]
2026-03-27 14:28:21,254 INFO [rank=33 host=n3048]: starting photochem model for inputs: [2.e+00 5.e-01 5.e+01 1.e+00 1.e-02 9.e+00]
2026-03-27 14:28:21,254 INFO [rank=20 host=n3048]: starting photochem model for inputs: [ 2.      0.5    50.      0.7     0.2575  7.    ]
2026-03-27 14:28:21,254 INFO [rank=17 host=n3048]: starting photochem model for inputs: [2.e+00 5.e-01 5.e+01 7.e-01 1.e-02 7.e+00]
2026-03-27 14:28:21,254 INFO [rank=30 host=n3048]: starting photochem model for inputs: [ 2.   0.5 50.   0.7  1.   9. ]
2026-03-27 14:28:21,254 INFO [rank=36 host=n3048]: starting photochem model for inputs: [ 2.      0.5    50.      1.      0.2575  9.    ]
2026-03-27 14:28:21,254 INFO [rank=38 host=n3048]: starting photochem model for inputs: [ 2.     0.5   50.     1.     0.505  7.   ]
2026-03-27 14:28:21,254 INFO [rank=39 host=n3048]: starting photochem model for inputs: [ 2.     0.5   50.     1.     0.505  9.   ]
2026-03-27 14:28:21,255 INFO [rank=34 host=n3048]: starting photochem model for inputs: [ 2.      0.5    50.      1.      0.2575  5.    ]
2026-03-27 14:28:21,255 INFO [rank=25 host=n3048]: starting photochem model for inputs: [ 2.      0.5    50.      0.7     0.7525  5.    ]
2026-03-27 14:28:21,255 INFO [rank=37 host=n3048]: starting photochem model for inputs: [ 2.     0.5   50.     1.     0.505  5.   ]
2026-03-27 14:28:21,797 INFO [rank=90 host=n3050]: starting photochem model for inputs: [ 2.   0.5 50.   3.   1.   9. ]
2026-03-27 14:28:21,797 INFO [rank=106 host=n3050]: starting photochem model for inputs: [2.e+00 5.e-01 5.e+01 5.e+00 1.e-02 5.e+00]
2026-03-27 14:28:21,797 INFO [rank=110 host=n3050]: starting photochem model for inputs: [ 2.      0.5    50.      5.      0.2575  7.    ]
2026-03-27 14:28:21,797 INFO [rank=117 host=n3050]: starting photochem model for inputs: [ 2.      0.5    50.      5.      0.7525  9.    ]
2026-03-27 14:28:21,797 INFO [rank=103 host=n3050]: starting photochem model for inputs: [ 2.   0.5 50.   4.   1.   5. ]
2026-03-27 14:28:21,797 INFO [rank=87 host=n3050]: starting photochem model for inputs: [ 2.      0.5    50.      3.      0.7525  9.    ]
2026-03-27 14:28:21,798 INFO [rank=108 host=n3050]: starting photochem model for inputs: [2.e+00 5.e-01 5.e+01 5.e+00 1.e-02 9.e+00]
2026-03-27 14:28:21,798 INFO [rank=99 host=n3050]: starting photochem model for inputs: [ 2.     0.5   50.     4.     0.505  9.   ]
2026-03-27 14:28:21,798 INFO [rank=101 host=n3050]: starting photochem model for inputs: [ 2.      0.5    50.      4.      0.7525  7.    ]
2026-03-27 14:28:21,798 INFO [rank=81 host=n3050]: starting photochem model for inputs: [ 2.      0.5    50.      3.      0.2575  9.    ]
2026-03-27 14:28:21,798 INFO [rank=105 host=n3050]: starting photochem model for inputs: [ 2.   0.5 50.   4.   1.   9. ]
2026-03-27 14:28:21,798 INFO [rank=107 host=n3050]: starting photochem model for inputs: [2.e+00 5.e-01 5.e+01 5.e+00 1.e-02 7.e+00]
2026-03-27 14:28:21,798 INFO [rank=113 host=n3050]: starting photochem model for inputs: [ 2.     0.5   50.     5.     0.505  7.   ]
2026-03-27 14:28:21,798 INFO [rank=96 host=n3050]: starting photochem model for inputs: [ 2.      0.5    50.      4.      0.2575  9.    ]
2026-03-27 14:28:21,798 INFO [rank=109 host=n3050]: starting photochem model for inputs: [ 2.      0.5    50.      5.      0.2575  5.    ]
2026-03-27 14:28:21,799 INFO [rank=115 host=n3050]: starting photochem model for inputs: [ 2.      0.5    50.      5.      0.7525  5.    ]
2026-03-27 14:28:21,799 INFO [rank=102 host=n3050]: starting photochem model for inputs: [ 2.      0.5    50.      4.      0.7525  9.    ]
2026-03-27 14:28:21,799 INFO [rank=80 host=n3050]: starting photochem model for inputs: [ 2.      0.5    50.      3.      0.2575  7.    ]
2026-03-27 14:28:21,799 INFO [rank=116 host=n3050]: starting photochem model for inputs: [ 2.      0.5    50.      5.      0.7525  7.    ]
2026-03-27 14:28:21,799 INFO [rank=84 host=n3050]: starting photochem model for inputs: [ 2.     0.5   50.     3.     0.505  9.   ]
2026-03-27 14:28:21,799 INFO [rank=104 host=n3050]: starting photochem model for inputs: [ 2.   0.5 50.   4.   1.   7. ]
2026-03-27 14:28:21,799 INFO [rank=114 host=n3050]: starting photochem model for inputs: [ 2.     0.5   50.     5.     0.505  9.   ]
2026-03-27 14:28:21,799 INFO [rank=86 host=n3050]: starting photochem model for inputs: [ 2.      0.5    50.      3.      0.7525  7.    ]
2026-03-27 14:28:21,799 INFO [rank=88 host=n3050]: starting photochem model for inputs: [ 2.   0.5 50.   3.   1.   5. ]
2026-03-27 14:28:21,800 INFO [rank=85 host=n3050]: starting photochem model for inputs: [ 2.      0.5    50.      3.      0.7525  5.    ]
2026-03-27 14:28:21,800 INFO [rank=93 host=n3050]: starting photochem model for inputs: [2.e+00 5.e-01 5.e+01 4.e+00 1.e-02 9.e+00]
2026-03-27 14:28:21,800 INFO [rank=118 host=n3050]: starting photochem model for inputs: [ 2.   0.5 50.   5.   1.   5. ]
2026-03-27 14:28:21,800 INFO [rank=89 host=n3050]: starting photochem model for inputs: [ 2.   0.5 50.   3.   1.   7. ]
2026-03-27 14:28:21,800 INFO [rank=94 host=n3050]: starting photochem model for inputs: [ 2.      0.5    50.      4.      0.2575  5.    ]
2026-03-27 14:28:21,800 INFO [rank=82 host=n3050]: starting photochem model for inputs: [ 2.     0.5   50.     3.     0.505  5.   ]
2026-03-27 14:28:21,800 INFO [rank=83 host=n3050]: starting photochem model for inputs: [ 2.     0.5   50.     3.     0.505  7.   ]
2026-03-27 14:28:21,800 INFO [rank=92 host=n3050]: starting photochem model for inputs: [2.e+00 5.e-01 5.e+01 4.e+00 1.e-02 7.e+00]
2026-03-27 14:28:21,800 INFO [rank=111 host=n3050]: starting photochem model for inputs: [ 2.      0.5    50.      5.      0.2575  9.    ]
2026-03-27 14:28:21,801 INFO [rank=112 host=n3050]: starting photochem model for inputs: [ 2.     0.5   50.     5.     0.505  5.   ]
2026-03-27 14:28:21,801 INFO [rank=95 host=n3050]: starting photochem model for inputs: [ 2.      0.5    50.      4.      0.2575  7.    ]
2026-03-27 14:28:21,802 INFO [rank=119 host=n3050]: starting photochem model for inputs: [ 2.   0.5 50.   5.   1.   7. ]
2026-03-27 14:28:21,802 INFO [rank=100 host=n3050]: starting photochem model for inputs: [ 2.      0.5    50.      4.      0.7525  5.    ]
2026-03-27 14:28:21,803 INFO [rank=91 host=n3050]: starting photochem model for inputs: [2.e+00 5.e-01 5.e+01 4.e+00 1.e-02 5.e+00]
2026-03-27 14:28:21,803 INFO [rank=98 host=n3050]: starting photochem model for inputs: [ 2.     0.5   50.     4.     0.505  7.   ]
2026-03-27 14:28:21,805 INFO [rank=97 host=n3050]: starting photochem model for inputs: [ 2.     0.5   50.     4.     0.505  5.   ]
2026-03-27 14:28:21,958 INFO [rank=270 host=n3083]: starting photochem model for inputs: [  2.    0.5 100.    4.    1.    9. ]
2026-03-27 14:28:21,958 INFO [rank=248 host=n3083]: starting photochem model for inputs: [  2.      0.5   100.      3.      0.505   7.   ]
2026-03-27 14:28:21,958 INFO [rank=254 host=n3083]: starting photochem model for inputs: [  2.    0.5 100.    3.    1.    7. ]
2026-03-27 14:28:21,958 INFO [rank=256 host=n3083]: starting photochem model for inputs: [2.e+00 5.e-01 1.e+02 4.e+00 1.e-02 5.e+00]
2026-03-27 14:28:21,958 INFO [rank=266 host=n3083]: starting photochem model for inputs: [  2.       0.5    100.       4.       0.7525   7.    ]
2026-03-27 14:28:21,958 INFO [rank=279 host=n3083]: starting photochem model for inputs: [  2.      0.5   100.      5.      0.505   9.   ]
2026-03-27 14:28:21,958 INFO [rank=276 host=n3083]: starting photochem model for inputs: [  2.       0.5    100.       5.       0.2575   9.    ]
2026-03-27 14:28:21,958 INFO [rank=273 host=n3083]: starting photochem model for inputs: [2.e+00 5.e-01 1.e+02 5.e+00 1.e-02 9.e+00]
2026-03-27 14:28:21,958 INFO [rank=257 host=n3083]: starting photochem model for inputs: [2.e+00 5.e-01 1.e+02 4.e+00 1.e-02 7.e+00]
2026-03-27 14:28:21,958 INFO [rank=252 host=n3083]: starting photochem model for inputs: [  2.       0.5    100.       3.       0.7525   9.    ]
2026-03-27 14:28:21,959 INFO [rank=259 host=n3083]: starting photochem model for inputs: [  2.       0.5    100.       4.       0.2575   5.    ]
2026-03-27 14:28:21,959 INFO [rank=263 host=n3083]: starting photochem model for inputs: [  2.      0.5   100.      4.      0.505   7.   ]
2026-03-27 14:28:21,959 INFO [rank=272 host=n3083]: starting photochem model for inputs: [2.e+00 5.e-01 1.e+02 5.e+00 1.e-02 7.e+00]
2026-03-27 14:28:21,959 INFO [rank=241 host=n3083]: starting photochem model for inputs: [2.e+00 5.e-01 1.e+02 3.e+00 1.e-02 5.e+00]
2026-03-27 14:28:21,959 INFO [rank=274 host=n3083]: starting photochem model for inputs: [  2.       0.5    100.       5.       0.2575   5.    ]
2026-03-27 14:28:21,959 INFO [rank=255 host=n3083]: starting photochem model for inputs: [  2.    0.5 100.    3.    1.    9. ]
2026-03-27 14:28:21,959 INFO [rank=247 host=n3083]: starting photochem model for inputs: [  2.      0.5   100.      3.      0.505   5.   ]
2026-03-27 14:28:21,959 INFO [rank=277 host=n3083]: starting photochem model for inputs: [  2.      0.5   100.      5.      0.505   5.   ]
2026-03-27 14:28:21,959 INFO [rank=278 host=n3083]: starting photochem model for inputs: [  2.      0.5   100.      5.      0.505   7.   ]
2026-03-27 14:28:21,960 INFO [rank=275 host=n3083]: starting photochem model for inputs: [  2.       0.5    100.       5.       0.2575   7.    ]
2026-03-27 14:28:21,960 INFO [rank=269 host=n3083]: starting photochem model for inputs: [  2.    0.5 100.    4.    1.    7. ]
2026-03-27 14:28:21,960 INFO [rank=245 host=n3083]: starting photochem model for inputs: [  2.       0.5    100.       3.       0.2575   7.    ]
2026-03-27 14:28:21,960 INFO [rank=250 host=n3083]: starting photochem model for inputs: [  2.       0.5    100.       3.       0.7525   5.    ]
2026-03-27 14:28:21,960 INFO [rank=267 host=n3083]: starting photochem model for inputs: [  2.       0.5    100.       4.       0.7525   9.    ]
2026-03-27 14:28:21,960 INFO [rank=253 host=n3083]: starting photochem model for inputs: [  2.    0.5 100.    3.    1.    5. ]
2026-03-27 14:28:21,960 INFO [rank=242 host=n3083]: starting photochem model for inputs: [2.e+00 5.e-01 1.e+02 3.e+00 1.e-02 7.e+00]
2026-03-27 14:28:21,960 INFO [rank=251 host=n3083]: starting photochem model for inputs: [  2.       0.5    100.       3.       0.7525   7.    ]
2026-03-27 14:28:21,960 INFO [rank=243 host=n3083]: starting photochem model for inputs: [2.e+00 5.e-01 1.e+02 3.e+00 1.e-02 9.e+00]
2026-03-27 14:28:21,960 INFO [rank=265 host=n3083]: starting photochem model for inputs: [  2.       0.5    100.       4.       0.7525   5.    ]
2026-03-27 14:28:21,961 INFO [rank=271 host=n3083]: starting photochem model for inputs: [2.e+00 5.e-01 1.e+02 5.e+00 1.e-02 5.e+00]
2026-03-27 14:28:21,961 INFO [rank=240 host=n3083]: starting photochem model for inputs: [  2.    0.5 100.    2.    1.    9. ]
2026-03-27 14:28:21,961 INFO [rank=249 host=n3083]: starting photochem model for inputs: [  2.      0.5   100.      3.      0.505   9.   ]
2026-03-27 14:28:21,961 INFO [rank=268 host=n3083]: starting photochem model for inputs: [  2.    0.5 100.    4.    1.    5. ]
2026-03-27 14:28:21,961 INFO [rank=261 host=n3083]: starting photochem model for inputs: [  2.       0.5    100.       4.       0.2575   9.    ]
2026-03-27 14:28:21,961 INFO [rank=244 host=n3083]: starting photochem model for inputs: [  2.       0.5    100.       3.       0.2575   5.    ]
2026-03-27 14:28:21,961 INFO [rank=260 host=n3083]: starting photochem model for inputs: [  2.       0.5    100.       4.       0.2575   7.    ]
2026-03-27 14:28:21,961 INFO [rank=262 host=n3083]: starting photochem model for inputs: [  2.      0.5   100.      4.      0.505   5.   ]
2026-03-27 14:28:21,962 INFO [rank=258 host=n3083]: starting photochem model for inputs: [2.e+00 5.e-01 1.e+02 4.e+00 1.e-02 9.e+00]
2026-03-27 14:28:21,966 INFO [rank=246 host=n3083]: starting photochem model for inputs: [  2.       0.5    100.       3.       0.2575   9.    ]
2026-03-27 14:28:21,967 INFO [rank=264 host=n3083]: starting photochem model for inputs: [  2.      0.5   100.      4.      0.505   9.   ]
2026-03-27 14:28:22,280 INFO [rank=170 host=n3053]: starting photochem model for inputs: [  2.       0.5    100.       0.3      0.2575   7.    ]
2026-03-27 14:28:22,280 INFO [rank=194 host=n3053]: starting photochem model for inputs: [  2.    0.5 100.    0.7   1.    7. ]
2026-03-27 14:28:22,280 INFO [rank=195 host=n3053]: starting photochem model for inputs: [  2.    0.5 100.    0.7   1.    9. ]
2026-03-27 14:28:22,280 INFO [rank=177 host=n3053]: starting photochem model for inputs: [  2.       0.5    100.       0.3      0.7525   9.    ]
2026-03-27 14:28:22,280 INFO [rank=172 host=n3053]: starting photochem model for inputs: [  2.      0.5   100.      0.3     0.505   5.   ]
2026-03-27 14:28:22,281 INFO [rank=196 host=n3053]: starting photochem model for inputs: [2.e+00 5.e-01 1.e+02 1.e+00 1.e-02 5.e+00]
2026-03-27 14:28:22,282 INFO [rank=199 host=n3053]: starting photochem model for inputs: [  2.       0.5    100.       1.       0.2575   5.    ]
2026-03-27 14:28:22,282 INFO [rank=165 host=n3053]: starting photochem model for inputs: [ 2.   0.5 50.  10.   1.   9. ]
2026-03-27 14:28:22,282 INFO [rank=197 host=n3053]: starting photochem model for inputs: [2.e+00 5.e-01 1.e+02 1.e+00 1.e-02 7.e+00]
2026-03-27 14:28:22,283 INFO [rank=166 host=n3053]: starting photochem model for inputs: [2.e+00 5.e-01 1.e+02 3.e-01 1.e-02 5.e+00]
2026-03-27 14:28:22,283 INFO [rank=167 host=n3053]: starting photochem model for inputs: [2.e+00 5.e-01 1.e+02 3.e-01 1.e-02 7.e+00]
2026-03-27 14:28:22,283 INFO [rank=169 host=n3053]: starting photochem model for inputs: [  2.       0.5    100.       0.3      0.2575   5.    ]
2026-03-27 14:28:22,283 INFO [rank=191 host=n3053]: starting photochem model for inputs: [  2.       0.5    100.       0.7      0.7525   7.    ]
2026-03-27 14:28:22,283 INFO [rank=193 host=n3053]: starting photochem model for inputs: [  2.    0.5 100.    0.7   1.    5. ]
2026-03-27 14:28:22,283 INFO [rank=185 host=n3053]: starting photochem model for inputs: [  2.       0.5    100.       0.7      0.2575   7.    ]
2026-03-27 14:28:22,284 INFO [rank=179 host=n3053]: starting photochem model for inputs: [  2.    0.5 100.    0.3   1.    7. ]
2026-03-27 14:28:22,285 INFO [rank=163 host=n3053]: starting photochem model for inputs: [ 2.   0.5 50.  10.   1.   5. ]
2026-03-27 14:28:22,286 INFO [rank=183 host=n3053]: starting photochem model for inputs: [2.e+00 5.e-01 1.e+02 7.e-01 1.e-02 9.e+00]
2026-03-27 14:28:22,286 INFO [rank=162 host=n3053]: starting photochem model for inputs: [ 2.      0.5    50.     10.      0.7525  9.    ]
2026-03-27 14:28:22,286 INFO [rank=175 host=n3053]: starting photochem model for inputs: [  2.       0.5    100.       0.3      0.7525   5.    ]
2026-03-27 14:28:22,286 INFO [rank=190 host=n3053]: starting photochem model for inputs: [  2.       0.5    100.       0.7      0.7525   5.    ]
2026-03-27 14:28:22,286 INFO [rank=161 host=n3053]: starting photochem model for inputs: [ 2.      0.5    50.     10.      0.7525  7.    ]
2026-03-27 14:28:22,286 INFO [rank=186 host=n3053]: starting photochem model for inputs: [  2.       0.5    100.       0.7      0.2575   9.    ]
2026-03-27 14:28:22,286 INFO [rank=188 host=n3053]: starting photochem model for inputs: [  2.      0.5   100.      0.7     0.505   7.   ]
2026-03-27 14:28:22,286 INFO [rank=182 host=n3053]: starting photochem model for inputs: [2.e+00 5.e-01 1.e+02 7.e-01 1.e-02 7.e+00]
2026-03-27 14:28:22,287 INFO [rank=160 host=n3053]: starting photochem model for inputs: [ 2.      0.5    50.     10.      0.7525  5.    ]
2026-03-27 14:28:22,287 INFO [rank=173 host=n3053]: starting photochem model for inputs: [  2.      0.5   100.      0.3     0.505   7.   ]
2026-03-27 14:28:22,287 INFO [rank=171 host=n3053]: starting photochem model for inputs: [  2.       0.5    100.       0.3      0.2575   9.    ]
2026-03-27 14:28:22,287 INFO [rank=192 host=n3053]: starting photochem model for inputs: [  2.       0.5    100.       0.7      0.7525   9.    ]
2026-03-27 14:28:22,288 INFO [rank=181 host=n3053]: starting photochem model for inputs: [2.e+00 5.e-01 1.e+02 7.e-01 1.e-02 5.e+00]
2026-03-27 14:28:22,288 INFO [rank=180 host=n3053]: starting photochem model for inputs: [  2.    0.5 100.    0.3   1.    9. ]
2026-03-27 14:28:22,288 INFO [rank=178 host=n3053]: starting photochem model for inputs: [  2.    0.5 100.    0.3   1.    5. ]
2026-03-27 14:28:22,289 INFO [rank=174 host=n3053]: starting photochem model for inputs: [  2.      0.5   100.      0.3     0.505   9.   ]
2026-03-27 14:28:22,289 INFO [rank=176 host=n3053]: starting photochem model for inputs: [  2.       0.5    100.       0.3      0.7525   7.    ]
2026-03-27 14:28:22,289 INFO [rank=198 host=n3053]: starting photochem model for inputs: [2.e+00 5.e-01 1.e+02 1.e+00 1.e-02 9.e+00]
2026-03-27 14:28:22,289 INFO [rank=184 host=n3053]: starting photochem model for inputs: [  2.       0.5    100.       0.7      0.2575   5.    ]
2026-03-27 14:28:22,289 INFO [rank=189 host=n3053]: starting photochem model for inputs: [  2.      0.5   100.      0.7     0.505   9.   ]
2026-03-27 14:28:22,290 INFO [rank=164 host=n3053]: starting photochem model for inputs: [ 2.   0.5 50.  10.   1.   7. ]
2026-03-27 14:28:22,291 INFO [rank=168 host=n3053]: starting photochem model for inputs: [2.e+00 5.e-01 1.e+02 3.e-01 1.e-02 9.e+00]
2026-03-27 14:28:22,293 INFO [rank=187 host=n3053]: starting photochem model for inputs: [  2.      0.5   100.      0.7     0.505   5.   ]
2026-03-27 14:28:23,449 INFO [rank=57 host=n3049]: starting photochem model for inputs: [ 2.      0.5    50.      1.5     0.7525  9.    ]
2026-03-27 14:28:23,449 INFO [rank=54 host=n3049]: starting photochem model for inputs: [ 2.     0.5   50.     1.5    0.505  9.   ]
2026-03-27 14:28:23,450 INFO [rank=40 host=n3049]: starting photochem model for inputs: [ 2.      0.5    50.      1.      0.7525  5.    ]
2026-03-27 14:28:23,450 INFO [rank=214 host=n3070]: starting photochem model for inputs: [  2.       0.5    100.       1.5      0.2575   5.    ]
2026-03-27 14:28:23,450 INFO [rank=68 host=n3049]: starting photochem model for inputs: [ 2.     0.5   50.     2.     0.505  7.   ]
2026-03-27 14:28:23,450 INFO [rank=216 host=n3070]: starting photochem model for inputs: [  2.       0.5    100.       1.5      0.2575   9.    ]
2026-03-27 14:28:23,450 INFO [rank=74 host=n3049]: starting photochem model for inputs: [ 2.   0.5 50.   2.   1.   7. ]
2026-03-27 14:28:23,450 INFO [rank=223 host=n3070]: starting photochem model for inputs: [  2.    0.5 100.    1.5   1.    5. ]
2026-03-27 14:28:23,450 INFO [rank=76 host=n3049]: starting photochem model for inputs: [2.e+00 5.e-01 5.e+01 3.e+00 1.e-02 5.e+00]
2026-03-27 14:28:23,450 INFO [rank=233 host=n3070]: starting photochem model for inputs: [  2.      0.5   100.      2.      0.505   7.   ]
2026-03-27 14:28:23,450 INFO [rank=49 host=n3049]: starting photochem model for inputs: [ 2.      0.5    50.      1.5     0.2575  5.    ]
2026-03-27 14:28:23,450 INFO [rank=221 host=n3070]: starting photochem model for inputs: [  2.       0.5    100.       1.5      0.7525   7.    ]
2026-03-27 14:28:23,450 INFO [rank=73 host=n3049]: starting photochem model for inputs: [ 2.   0.5 50.   2.   1.   5. ]
2026-03-27 14:28:23,450 INFO [rank=204 host=n3070]: starting photochem model for inputs: [  2.      0.5   100.      1.      0.505   9.   ]
2026-03-27 14:28:23,451 INFO [rank=227 host=n3070]: starting photochem model for inputs: [2.e+00 5.e-01 1.e+02 2.e+00 1.e-02 7.e+00]
2026-03-27 14:28:23,451 INFO [rank=69 host=n3049]: starting photochem model for inputs: [ 2.     0.5   50.     2.     0.505  9.   ]
2026-03-27 14:28:23,451 INFO [rank=210 host=n3070]: starting photochem model for inputs: [  2.    0.5 100.    1.    1.    9. ]
2026-03-27 14:28:23,451 INFO [rank=75 host=n3049]: starting photochem model for inputs: [ 2.   0.5 50.   2.   1.   9. ]
2026-03-27 14:28:23,451 INFO [rank=43 host=n3049]: starting photochem model for inputs: [ 2.   0.5 50.   1.   1.   5. ]
2026-03-27 14:28:23,451 INFO [rank=226 host=n3070]: starting photochem model for inputs: [2.e+00 5.e-01 1.e+02 2.e+00 1.e-02 5.e+00]
2026-03-27 14:28:23,451 INFO [rank=51 host=n3049]: starting photochem model for inputs: [ 2.      0.5    50.      1.5     0.2575  9.    ]
2026-03-27 14:28:23,451 INFO [rank=229 host=n3070]: starting photochem model for inputs: [  2.       0.5    100.       2.       0.2575   5.    ]
2026-03-27 14:28:23,451 INFO [rank=52 host=n3049]: starting photochem model for inputs: [ 2.     0.5   50.     1.5    0.505  5.   ]
2026-03-27 14:28:23,451 INFO [rank=61 host=n3049]: starting photochem model for inputs: [2.e+00 5.e-01 5.e+01 2.e+00 1.e-02 5.e+00]
2026-03-27 14:28:23,451 INFO [rank=70 host=n3049]: starting photochem model for inputs: [ 2.      0.5    50.      2.      0.7525  5.    ]
2026-03-27 14:28:23,451 INFO [rank=65 host=n3049]: starting photochem model for inputs: [ 2.      0.5    50.      2.      0.2575  7.    ]
2026-03-27 14:28:23,451 INFO [rank=208 host=n3070]: starting photochem model for inputs: [  2.    0.5 100.    1.    1.    5. ]
2026-03-27 14:28:23,451 INFO [rank=230 host=n3070]: starting photochem model for inputs: [  2.       0.5    100.       2.       0.2575   7.    ]
2026-03-27 14:28:23,451 INFO [rank=44 host=n3049]: starting photochem model for inputs: [ 2.   0.5 50.   1.   1.   7. ]
2026-03-27 14:28:23,451 INFO [rank=41 host=n3049]: starting photochem model for inputs: [ 2.      0.5    50.      1.      0.7525  7.    ]
2026-03-27 14:28:23,451 INFO [rank=237 host=n3070]: starting photochem model for inputs: [  2.       0.5    100.       2.       0.7525   9.    ]
2026-03-27 14:28:23,451 INFO [rank=56 host=n3049]: starting photochem model for inputs: [ 2.      0.5    50.      1.5     0.7525  7.    ]
2026-03-27 14:28:23,452 INFO [rank=58 host=n3049]: starting photochem model for inputs: [ 2.   0.5 50.   1.5  1.   5. ]
2026-03-27 14:28:23,452 INFO [rank=203 host=n3070]: starting photochem model for inputs: [  2.      0.5   100.      1.      0.505   7.   ]
2026-03-27 14:28:23,452 INFO [rank=72 host=n3049]: starting photochem model for inputs: [ 2.      0.5    50.      2.      0.7525  9.    ]
2026-03-27 14:28:23,452 INFO [rank=232 host=n3070]: starting photochem model for inputs: [  2.      0.5   100.      2.      0.505   5.   ]
2026-03-27 14:28:23,452 INFO [rank=202 host=n3070]: starting photochem model for inputs: [  2.      0.5   100.      1.      0.505   5.   ]
2026-03-27 14:28:23,452 INFO [rank=205 host=n3070]: starting photochem model for inputs: [  2.       0.5    100.       1.       0.7525   5.    ]
2026-03-27 14:28:23,452 INFO [rank=53 host=n3049]: starting photochem model for inputs: [ 2.     0.5   50.     1.5    0.505  7.   ]
2026-03-27 14:28:23,452 INFO [rank=211 host=n3070]: starting photochem model for inputs: [2.0e+00 5.0e-01 1.0e+02 1.5e+00 1.0e-02 5.0e+00]
2026-03-27 14:28:23,452 INFO [rank=63 host=n3049]: starting photochem model for inputs: [2.e+00 5.e-01 5.e+01 2.e+00 1.e-02 9.e+00]
2026-03-27 14:28:23,452 INFO [rank=212 host=n3070]: starting photochem model for inputs: [2.0e+00 5.0e-01 1.0e+02 1.5e+00 1.0e-02 7.0e+00]
2026-03-27 14:28:23,452 INFO [rank=64 host=n3049]: starting photochem model for inputs: [ 2.      0.5    50.      2.      0.2575  5.    ]
2026-03-27 14:28:23,452 INFO [rank=218 host=n3070]: starting photochem model for inputs: [  2.      0.5   100.      1.5     0.505   7.   ]
2026-03-27 14:28:23,452 INFO [rank=50 host=n3049]: starting photochem model for inputs: [ 2.      0.5    50.      1.5     0.2575  7.    ]
2026-03-27 14:28:23,452 INFO [rank=231 host=n3070]: starting photochem model for inputs: [  2.       0.5    100.       2.       0.2575   9.    ]
2026-03-27 14:28:23,452 INFO [rank=60 host=n3049]: starting photochem model for inputs: [ 2.   0.5 50.   1.5  1.   9. ]
2026-03-27 14:28:23,452 INFO [rank=238 host=n3070]: starting photochem model for inputs: [  2.    0.5 100.    2.    1.    5. ]
2026-03-27 14:28:23,452 INFO [rank=42 host=n3049]: starting photochem model for inputs: [ 2.      0.5    50.      1.      0.7525  9.    ]
2026-03-27 14:28:23,452 INFO [rank=207 host=n3070]: starting photochem model for inputs: [  2.       0.5    100.       1.       0.7525   9.    ]
2026-03-27 14:28:23,452 INFO [rank=71 host=n3049]: starting photochem model for inputs: [ 2.      0.5    50.      2.      0.7525  7.    ]
2026-03-27 14:28:23,452 INFO [rank=228 host=n3070]: starting photochem model for inputs: [2.e+00 5.e-01 1.e+02 2.e+00 1.e-02 9.e+00]
2026-03-27 14:28:23,452 INFO [rank=55 host=n3049]: starting photochem model for inputs: [ 2.      0.5    50.      1.5     0.7525  5.    ]
2026-03-27 14:28:23,452 INFO [rank=77 host=n3049]: starting photochem model for inputs: [2.e+00 5.e-01 5.e+01 3.e+00 1.e-02 7.e+00]
2026-03-27 14:28:23,452 INFO [rank=222 host=n3070]: starting photochem model for inputs: [  2.       0.5    100.       1.5      0.7525   9.    ]
2026-03-27 14:28:23,452 INFO [rank=236 host=n3070]: starting photochem model for inputs: [  2.       0.5    100.       2.       0.7525   7.    ]
2026-03-27 14:28:23,452 INFO [rank=66 host=n3049]: starting photochem model for inputs: [ 2.      0.5    50.      2.      0.2575  9.    ]
2026-03-27 14:28:23,452 INFO [rank=220 host=n3070]: starting photochem model for inputs: [  2.       0.5    100.       1.5      0.7525   5.    ]
2026-03-27 14:28:23,452 INFO [rank=45 host=n3049]: starting photochem model for inputs: [ 2.   0.5 50.   1.   1.   9. ]
2026-03-27 14:28:23,453 INFO [rank=209 host=n3070]: starting photochem model for inputs: [  2.    0.5 100.    1.    1.    7. ]
2026-03-27 14:28:23,453 INFO [rank=213 host=n3070]: starting photochem model for inputs: [2.0e+00 5.0e-01 1.0e+02 1.5e+00 1.0e-02 9.0e+00]
2026-03-27 14:28:23,453 INFO [rank=201 host=n3070]: starting photochem model for inputs: [  2.       0.5    100.       1.       0.2575   9.    ]
2026-03-27 14:28:23,453 INFO [rank=235 host=n3070]: starting photochem model for inputs: [  2.       0.5    100.       2.       0.7525   5.    ]
2026-03-27 14:28:23,453 INFO [rank=79 host=n3049]: starting photochem model for inputs: [ 2.      0.5    50.      3.      0.2575  5.    ]
2026-03-27 14:28:23,453 INFO [rank=46 host=n3049]: starting photochem model for inputs: [2.0e+00 5.0e-01 5.0e+01 1.5e+00 1.0e-02 5.0e+00]
2026-03-27 14:28:23,453 INFO [rank=48 host=n3049]: starting photochem model for inputs: [2.0e+00 5.0e-01 5.0e+01 1.5e+00 1.0e-02 9.0e+00]
2026-03-27 14:28:23,453 INFO [rank=224 host=n3070]: starting photochem model for inputs: [  2.    0.5 100.    1.5   1.    7. ]
2026-03-27 14:28:23,453 INFO [rank=62 host=n3049]: starting photochem model for inputs: [2.e+00 5.e-01 5.e+01 2.e+00 1.e-02 7.e+00]
2026-03-27 14:28:23,453 INFO [rank=225 host=n3070]: starting photochem model for inputs: [  2.    0.5 100.    1.5   1.    9. ]
2026-03-27 14:28:23,453 INFO [rank=67 host=n3049]: starting photochem model for inputs: [ 2.     0.5   50.     2.     0.505  5.   ]
2026-03-27 14:28:23,453 INFO [rank=78 host=n3049]: starting photochem model for inputs: [2.e+00 5.e-01 5.e+01 3.e+00 1.e-02 9.e+00]
2026-03-27 14:28:23,453 INFO [rank=59 host=n3049]: starting photochem model for inputs: [ 2.   0.5 50.   1.5  1.   7. ]
2026-03-27 14:28:23,454 INFO [rank=206 host=n3070]: starting photochem model for inputs: [  2.       0.5    100.       1.       0.7525   7.    ]
2026-03-27 14:28:23,453 INFO [rank=239 host=n3070]: starting photochem model for inputs: [  2.    0.5 100.    2.    1.    7. ]
2026-03-27 14:28:23,454 INFO [rank=200 host=n3070]: starting photochem model for inputs: [  2.       0.5    100.       1.       0.2575   7.    ]
2026-03-27 14:28:23,454 INFO [rank=47 host=n3049]: starting photochem model for inputs: [2.0e+00 5.0e-01 5.0e+01 1.5e+00 1.0e-02 7.0e+00]
2026-03-27 14:28:23,454 INFO [rank=215 host=n3070]: starting photochem model for inputs: [  2.       0.5    100.       1.5      0.2575   7.    ]
2026-03-27 14:28:23,455 INFO [rank=219 host=n3070]: starting photochem model for inputs: [  2.      0.5   100.      1.5     0.505   9.   ]
2026-03-27 14:28:23,456 INFO [rank=217 host=n3070]: starting photochem model for inputs: [  2.      0.5   100.      1.5     0.505   5.   ]
2026-03-27 14:28:23,456 INFO [rank=234 host=n3070]: starting photochem model for inputs: [  2.      0.5   100.      2.      0.505   9.   ]
2026-03-27 14:28:28,608 INFO [rank=122 host=n3051]: starting photochem model for inputs: [2.e+00 5.e-01 5.e+01 6.e+00 1.e-02 7.e+00]
2026-03-27 14:28:28,608 INFO [rank=124 host=n3051]: starting photochem model for inputs: [ 2.      0.5    50.      6.      0.2575  5.    ]
2026-03-27 14:28:28,608 INFO [rank=136 host=n3051]: starting photochem model for inputs: [2.e+00 5.e-01 5.e+01 8.e+00 1.e-02 5.e+00]
2026-03-27 14:28:28,608 INFO [rank=146 host=n3051]: starting photochem model for inputs: [ 2.      0.5    50.      8.      0.7525  7.    ]
2026-03-27 14:28:28,608 INFO [rank=147 host=n3051]: starting photochem model for inputs: [ 2.      0.5    50.      8.      0.7525  9.    ]
2026-03-27 14:28:28,608 INFO [rank=151 host=n3051]: starting photochem model for inputs: [2.e+00 5.e-01 5.e+01 1.e+01 1.e-02 5.e+00]
2026-03-27 14:28:28,609 INFO [rank=128 host=n3051]: starting photochem model for inputs: [ 2.     0.5   50.     6.     0.505  7.   ]
2026-03-27 14:28:28,609 INFO [rank=131 host=n3051]: starting photochem model for inputs: [ 2.      0.5    50.      6.      0.7525  7.    ]
2026-03-27 14:28:28,609 INFO [rank=159 host=n3051]: starting photochem model for inputs: [ 2.     0.5   50.    10.     0.505  9.   ]
2026-03-27 14:28:28,609 INFO [rank=140 host=n3051]: starting photochem model for inputs: [ 2.      0.5    50.      8.      0.2575  7.    ]
2026-03-27 14:28:28,609 INFO [rank=153 host=n3051]: starting photochem model for inputs: [2.e+00 5.e-01 5.e+01 1.e+01 1.e-02 9.e+00]
2026-03-27 14:28:28,609 INFO [rank=157 host=n3051]: starting photochem model for inputs: [ 2.     0.5   50.    10.     0.505  5.   ]
2026-03-27 14:28:28,609 INFO [rank=126 host=n3051]: starting photochem model for inputs: [ 2.      0.5    50.      6.      0.2575  9.    ]
2026-03-27 14:28:28,609 INFO [rank=141 host=n3051]: starting photochem model for inputs: [ 2.      0.5    50.      8.      0.2575  9.    ]
2026-03-27 14:28:28,610 INFO [rank=139 host=n3051]: starting photochem model for inputs: [ 2.      0.5    50.      8.      0.2575  5.    ]
2026-03-27 14:28:28,610 INFO [rank=145 host=n3051]: starting photochem model for inputs: [ 2.      0.5    50.      8.      0.7525  5.    ]
2026-03-27 14:28:28,610 INFO [rank=155 host=n3051]: starting photochem model for inputs: [ 2.      0.5    50.     10.      0.2575  7.    ]
2026-03-27 14:28:28,610 INFO [rank=120 host=n3051]: starting photochem model for inputs: [ 2.   0.5 50.   5.   1.   9. ]
2026-03-27 14:28:28,610 INFO [rank=132 host=n3051]: starting photochem model for inputs: [ 2.      0.5    50.      6.      0.7525  9.    ]
2026-03-27 14:28:28,610 INFO [rank=148 host=n3051]: starting photochem model for inputs: [ 2.   0.5 50.   8.   1.   5. ]
2026-03-27 14:28:28,610 INFO [rank=158 host=n3051]: starting photochem model for inputs: [ 2.     0.5   50.    10.     0.505  7.   ]
2026-03-27 14:28:28,610 INFO [rank=149 host=n3051]: starting photochem model for inputs: [ 2.   0.5 50.   8.   1.   7. ]
2026-03-27 14:28:28,611 INFO [rank=134 host=n3051]: starting photochem model for inputs: [ 2.   0.5 50.   6.   1.   7. ]
2026-03-27 14:28:28,611 INFO [rank=121 host=n3051]: starting photochem model for inputs: [2.e+00 5.e-01 5.e+01 6.e+00 1.e-02 5.e+00]
2026-03-27 14:28:28,610 INFO [rank=123 host=n3051]: starting photochem model for inputs: [2.e+00 5.e-01 5.e+01 6.e+00 1.e-02 9.e+00]
2026-03-27 14:28:28,611 INFO [rank=144 host=n3051]: starting photochem model for inputs: [ 2.     0.5   50.     8.     0.505  9.   ]
2026-03-27 14:28:28,611 INFO [rank=152 host=n3051]: starting photochem model for inputs: [2.e+00 5.e-01 5.e+01 1.e+01 1.e-02 7.e+00]
2026-03-27 14:28:28,611 INFO [rank=127 host=n3051]: starting photochem model for inputs: [ 2.     0.5   50.     6.     0.505  5.   ]
2026-03-27 14:28:28,611 INFO [rank=125 host=n3051]: starting photochem model for inputs: [ 2.      0.5    50.      6.      0.2575  7.    ]
2026-03-27 14:28:28,611 INFO [rank=135 host=n3051]: starting photochem model for inputs: [ 2.   0.5 50.   6.   1.   9. ]
2026-03-27 14:28:28,611 INFO [rank=138 host=n3051]: starting photochem model for inputs: [2.e+00 5.e-01 5.e+01 8.e+00 1.e-02 9.e+00]
2026-03-27 14:28:28,611 INFO [rank=133 host=n3051]: starting photochem model for inputs: [ 2.   0.5 50.   6.   1.   5. ]
2026-03-27 14:28:28,612 INFO [rank=142 host=n3051]: starting photochem model for inputs: [ 2.     0.5   50.     8.     0.505  5.   ]
2026-03-27 14:28:28,612 INFO [rank=150 host=n3051]: starting photochem model for inputs: [ 2.   0.5 50.   8.   1.   9. ]
2026-03-27 14:28:28,612 INFO [rank=154 host=n3051]: starting photochem model for inputs: [ 2.      0.5    50.     10.      0.2575  5.    ]
2026-03-27 14:28:28,612 INFO [rank=137 host=n3051]: starting photochem model for inputs: [2.e+00 5.e-01 5.e+01 8.e+00 1.e-02 7.e+00]
2026-03-27 14:28:28,612 INFO [rank=130 host=n3051]: starting photochem model for inputs: [ 2.      0.5    50.      6.      0.7525  5.    ]
2026-03-27 14:28:28,613 INFO [rank=156 host=n3051]: starting photochem model for inputs: [ 2.      0.5    50.     10.      0.2575  9.    ]
2026-03-27 14:28:28,610 INFO [rank=143 host=n3051]: starting photochem model for inputs: [ 2.     0.5   50.     8.     0.505  7.   ]
2026-03-27 14:28:28,616 INFO [rank=129 host=n3051]: starting photochem model for inputs: [ 2.     0.5   50.     6.     0.505  9.   ]
2026-03-27 14:28:59,736 INFO [rank=186 host=n3053]: starting photochem model for inputs: [  2.       0.5    100.       5.       0.7525   5.    ]
2026-03-27 14:29:00,022 INFO [rank=189 host=n3053]: starting photochem model for inputs: [  2.       0.5    100.       5.       0.7525   7.    ]
2026-03-27 14:29:03,280 INFO [rank=195 host=n3053]: starting photochem model for inputs: [  2.       0.5    100.       5.       0.7525   9.    ]
2026-03-27 14:29:03,437 INFO [rank=183 host=n3053]: starting photochem model for inputs: [  2.    0.5 100.    5.    1.    5. ]
2026-03-27 14:29:04,925 INFO [rank=18 host=n3048]: starting photochem model for inputs: [  2.    0.5 100.    5.    1.    7. ]
2026-03-27 14:29:06,080 INFO [rank=192 host=n3053]: starting photochem model for inputs: [  2.    0.5 100.    5.    1.    9. ]
2026-03-27 14:29:11,600 INFO [rank=72 host=n3049]: starting photochem model for inputs: [2.e+00 5.e-01 1.e+02 6.e+00 1.e-02 5.e+00]
2026-03-27 14:29:13,271 INFO [rank=48 host=n3049]: starting photochem model for inputs: [2.e+00 5.e-01 1.e+02 6.e+00 1.e-02 7.e+00]
2026-03-27 14:29:15,441 INFO [rank=33 host=n3048]: starting photochem model for inputs: [2.e+00 5.e-01 1.e+02 6.e+00 1.e-02 9.e+00]
2026-03-27 14:29:15,965 INFO [rank=234 host=n3070]: starting photochem model for inputs: [  2.       0.5    100.       6.       0.2575   5.    ]
2026-03-27 14:29:20,811 INFO [rank=222 host=n3070]: starting photochem model for inputs: [  2.       0.5    100.       6.       0.2575   7.    ]
2026-03-27 14:29:21,221 INFO [rank=54 host=n3049]: starting photochem model for inputs: [  2.       0.5    100.       6.       0.2575   9.    ]
2026-03-27 14:29:21,585 INFO [rank=204 host=n3070]: starting photochem model for inputs: [  2.      0.5   100.      6.      0.505   5.   ]
2026-03-27 14:29:24,036 INFO [rank=233 host=n3070]: starting photochem model for inputs: [  2.      0.5   100.      6.      0.505   7.   ]
2026-03-27 14:29:24,201 INFO [rank=24 host=n3048]: starting photochem model for inputs: [  2.      0.5   100.      6.      0.505   9.   ]
2026-03-27 14:29:24,404 INFO [rank=209 host=n3070]: starting photochem model for inputs: [  2.       0.5    100.       6.       0.7525   5.    ]
2026-03-27 14:29:24,570 INFO [rank=51 host=n3049]: starting photochem model for inputs: [  2.       0.5    100.       6.       0.7525   7.    ]
2026-03-27 14:29:25,625 INFO [rank=188 host=n3053]: starting photochem model for inputs: [  2.       0.5    100.       6.       0.7525   9.    ]
2026-03-27 14:29:25,790 INFO [rank=198 host=n3053]: starting photochem model for inputs: [  2.    0.5 100.    6.    1.    5. ]
2026-03-27 14:29:25,954 INFO [rank=57 host=n3049]: starting photochem model for inputs: [  2.    0.5 100.    6.    1.    7. ]
2026-03-27 14:29:27,142 INFO [rank=254 host=n3083]: starting photochem model for inputs: [  2.    0.5 100.    6.    1.    9. ]
2026-03-27 14:29:27,363 INFO [rank=66 host=n3049]: starting photochem model for inputs: [2.e+00 5.e-01 1.e+02 8.e+00 1.e-02 5.e+00]
2026-03-27 14:29:27,527 INFO [rank=225 host=n3070]: starting photochem model for inputs: [2.e+00 5.e-01 1.e+02 8.e+00 1.e-02 7.e+00]
2026-03-27 14:29:28,026 INFO [rank=231 host=n3070]: starting photochem model for inputs: [2.e+00 5.e-01 1.e+02 8.e+00 1.e-02 9.e+00]
2026-03-27 14:29:28,409 INFO [rank=185 host=n3053]: starting photochem model for inputs: [  2.       0.5    100.       8.       0.2575   5.    ]
2026-03-27 14:29:28,629 INFO [rank=194 host=n3053]: starting photochem model for inputs: [  2.       0.5    100.       8.       0.2575   7.    ]
2026-03-27 14:29:29,039 INFO [rank=218 host=n3070]: starting photochem model for inputs: [  2.       0.5    100.       8.       0.2575   9.    ]
2026-03-27 14:29:29,204 INFO [rank=71 host=n3049]: starting photochem model for inputs: [  2.      0.5   100.      8.      0.505   5.   ]
2026-03-27 14:29:29,373 INFO [rank=83 host=n3050]: starting photochem model for inputs: [  2.      0.5   100.      8.      0.505   7.   ]
2026-03-27 14:29:29,989 INFO [rank=230 host=n3070]: starting photochem model for inputs: [  2.      0.5   100.      8.      0.505   9.   ]
2026-03-27 14:29:31,809 INFO [rank=62 host=n3049]: starting photochem model for inputs: [  2.       0.5    100.       8.       0.7525   5.    ]
2026-03-27 14:29:32,041 INFO [rank=248 host=n3083]: starting photochem model for inputs: [  2.       0.5    100.       8.       0.7525   7.    ]
2026-03-27 14:29:32,443 INFO [rank=224 host=n3070]: starting photochem model for inputs: [  2.       0.5    100.       8.       0.7525   9.    ]
2026-03-27 14:29:32,612 INFO [rank=236 host=n3070]: starting photochem model for inputs: [  2.    0.5 100.    8.    1.    5. ]
2026-03-27 14:29:32,778 INFO [rank=63 host=n3049]: starting photochem model for inputs: [  2.    0.5 100.    8.    1.    7. ]
2026-03-27 14:29:32,945 INFO [rank=212 host=n3070]: starting photochem model for inputs: [  2.    0.5 100.    8.    1.    9. ]
2026-03-27 14:29:33,109 INFO [rank=59 host=n3049]: starting photochem model for inputs: [2.e+00 5.e-01 1.e+02 1.e+01 1.e-02 5.e+00]
2026-03-27 14:29:33,679 INFO [rank=213 host=n3070]: starting photochem model for inputs: [2.e+00 5.e-01 1.e+02 1.e+01 1.e-02 7.e+00]
2026-03-27 14:29:35,403 INFO [rank=237 host=n3070]: starting photochem model for inputs: [2.e+00 5.e-01 1.e+02 1.e+01 1.e-02 9.e+00]
2026-03-27 14:29:35,697 INFO [rank=171 host=n3053]: starting photochem model for inputs: [  2.       0.5    100.      10.       0.2575   5.    ]
2026-03-27 14:29:36,012 INFO [rank=30 host=n3048]: starting photochem model for inputs: [  2.       0.5    100.      10.       0.2575   7.    ]
2026-03-27 14:29:36,176 INFO [rank=12 host=n3048]: starting photochem model for inputs: [  2.       0.5    100.      10.       0.2575   9.    ]
2026-03-27 14:29:36,441 INFO [rank=174 host=n3053]: starting photochem model for inputs: [  2.      0.5   100.     10.      0.505   5.   ]
2026-03-27 14:29:36,605 INFO [rank=180 host=n3053]: starting photochem model for inputs: [  2.      0.5   100.     10.      0.505   7.   ]
2026-03-27 14:29:37,626 INFO [rank=9 host=n3048]: starting photochem model for inputs: [  2.      0.5   100.     10.      0.505   9.   ]
2026-03-27 14:29:37,794 INFO [rank=80 host=n3050]: starting photochem model for inputs: [  2.       0.5    100.      10.       0.7525   5.    ]
2026-03-27 14:29:38,116 INFO [rank=69 host=n3049]: starting photochem model for inputs: [  2.       0.5    100.      10.       0.7525   7.    ]
2026-03-27 14:29:38,294 INFO [rank=23 host=n3048]: starting photochem model for inputs: [  2.       0.5    100.      10.       0.7525   9.    ]
2026-03-27 14:29:38,462 INFO [rank=60 host=n3049]: starting photochem model for inputs: [  2.    0.5 100.   10.    1.    5. ]
2026-03-27 14:29:39,140 INFO [rank=228 host=n3070]: starting photochem model for inputs: [  2.    0.5 100.   10.    1.    7. ]
2026-03-27 14:29:39,303 INFO [rank=27 host=n3048]: starting photochem model for inputs: [  2.    0.5 100.   10.    1.    9. ]
2026-03-27 14:29:39,661 INFO [rank=177 host=n3053]: starting photochem model for inputs: [2.0e+00 5.0e-01 1.5e+02 3.0e-01 1.0e-02 5.0e+00]
2026-03-27 14:29:40,032 INFO [rank=251 host=n3083]: starting photochem model for inputs: [2.0e+00 5.0e-01 1.5e+02 3.0e-01 1.0e-02 7.0e+00]
2026-03-27 14:29:41,006 INFO [rank=221 host=n3070]: starting photochem model for inputs: [2.0e+00 5.0e-01 1.5e+02 3.0e-01 1.0e-02 9.0e+00]
2026-03-27 14:29:41,463 INFO [rank=87 host=n3050]: starting photochem model for inputs: [  2.       0.5    150.       0.3      0.2575   5.    ]
2026-03-27 14:29:41,785 INFO [rank=90 host=n3050]: starting photochem model for inputs: [  2.       0.5    150.       0.3      0.2575   7.    ]
2026-03-27 14:29:42,347 INFO [rank=252 host=n3083]: starting photochem model for inputs: [  2.       0.5    150.       0.3      0.2575   9.    ]
2026-03-27 14:29:42,511 INFO [rank=242 host=n3083]: starting photochem model for inputs: [  2.      0.5   150.      0.3     0.505   5.   ]
2026-03-27 14:29:42,784 INFO [rank=168 host=n3053]: starting photochem model for inputs: [  2.      0.5   150.      0.3     0.505   7.   ]
2026-03-27 14:29:42,996 INFO [rank=6 host=n3048]: starting photochem model for inputs: [  2.      0.5   150.      0.3     0.505   9.   ]
2026-03-27 14:29:47,040 INFO [rank=21 host=n3048]: starting photochem model for inputs: [  2.       0.5    150.       0.3      0.7525   5.    ]
2026-03-27 14:29:47,228 INFO [rank=263 host=n3083]: starting photochem model for inputs: [  2.       0.5    150.       0.3      0.7525   7.    ]
2026-03-27 14:29:49,100 INFO [rank=266 host=n3083]: starting photochem model for inputs: [  2.       0.5    150.       0.3      0.7525   9.    ]
2026-03-27 14:29:50,189 INFO [rank=201 host=n3070]: starting photochem model for inputs: [  2.    0.5 150.    0.3   1.    5. ]
2026-03-27 14:29:50,690 INFO [rank=260 host=n3083]: starting photochem model for inputs: [  2.    0.5 150.    0.3   1.    7. ]
2026-03-27 14:29:50,861 INFO [rank=39 host=n3048]: starting photochem model for inputs: [  2.    0.5 150.    0.3   1.    9. ]
2026-03-27 14:29:53,998 INFO [rank=210 host=n3070]: starting photochem model for inputs: [2.0e+00 5.0e-01 1.5e+02 7.0e-01 1.0e-02 5.0e+00]
2026-03-27 14:29:54,976 INFO [rank=15 host=n3048]: starting photochem model for inputs: [2.0e+00 5.0e-01 1.5e+02 7.0e-01 1.0e-02 7.0e+00]
2026-03-27 14:29:55,154 INFO [rank=36 host=n3048]: starting photochem model for inputs: [2.0e+00 5.0e-01 1.5e+02 7.0e-01 1.0e-02 9.0e+00]
2026-03-27 14:29:58,348 INFO [rank=77 host=n3049]: starting photochem model for inputs: [  2.       0.5    150.       0.7      0.2575   5.    ]
2026-03-27 14:30:00,201 INFO [rank=176 host=n3053]: starting photochem model for inputs: [  2.       0.5    150.       0.7      0.2575   7.    ]
2026-03-27 14:30:00,366 INFO [rank=50 host=n3049]: starting photochem model for inputs: [  2.       0.5    150.       0.7      0.2575   9.    ]
2026-03-27 14:30:02,062 INFO [rank=3 host=n3048]: starting photochem model for inputs: [  2.      0.5   150.      0.7     0.505   5.   ]
2026-03-27 14:30:02,249 INFO [rank=32 host=n3048]: starting photochem model for inputs: [  2.      0.5   150.      0.7     0.505   7.   ]
2026-03-27 14:30:02,992 INFO [rank=239 host=n3070]: starting photochem model for inputs: [  2.      0.5   150.      0.7     0.505   9.   ]
2026-03-27 14:30:03,216 INFO [rank=173 host=n3053]: starting photochem model for inputs: [  2.       0.5    150.       0.7      0.7525   5.    ]
2026-03-27 14:30:03,457 INFO [rank=89 host=n3050]: starting photochem model for inputs: [  2.       0.5    150.       0.7      0.7525   7.    ]
2026-03-27 14:30:03,715 INFO [rank=56 host=n3049]: starting photochem model for inputs: [  2.       0.5    150.       0.7      0.7525   9.    ]
2026-03-27 14:30:04,508 INFO [rank=215 host=n3070]: starting photochem model for inputs: [  2.    0.5 150.    0.7   1.    5. ]
2026-03-27 14:30:06,396 INFO [rank=65 host=n3049]: starting photochem model for inputs: [  2.    0.5 150.    0.7   1.    7. ]
2026-03-27 14:30:08,131 INFO [rank=68 host=n3049]: starting photochem model for inputs: [  2.    0.5 150.    0.7   1.    9. ]
2026-03-27 14:30:08,458 INFO [rank=170 host=n3053]: starting photochem model for inputs: [2.0e+00 5.0e-01 1.5e+02 1.0e+00 1.0e-02 5.0e+00]
2026-03-27 14:30:08,636 INFO [rank=53 host=n3049]: starting photochem model for inputs: [2.0e+00 5.0e-01 1.5e+02 1.0e+00 1.0e-02 7.0e+00]
2026-03-27 14:30:09,087 INFO [rank=216 host=n3070]: starting photochem model for inputs: [2.0e+00 5.0e-01 1.5e+02 1.0e+00 1.0e-02 9.0e+00]
2026-03-27 14:30:09,931 INFO [rank=47 host=n3049]: starting photochem model for inputs: [  2.       0.5    150.       1.       0.2575   5.    ]
2026-03-27 14:30:10,111 INFO [rank=38 host=n3048]: starting photochem model for inputs: [  2.       0.5    150.       1.       0.2575   7.    ]
2026-03-27 14:30:10,449 INFO [rank=179 host=n3053]: starting photochem model for inputs: [  2.       0.5    150.       1.       0.2575   9.    ]
2026-03-27 14:30:10,838 INFO [rank=74 host=n3049]: starting photochem model for inputs: [  2.      0.5   150.      1.      0.505   5.   ]
2026-03-27 14:30:11,487 INFO [rank=219 host=n3070]: starting photochem model for inputs: [  2.      0.5   150.      1.      0.505   7.   ]
2026-03-27 14:30:11,669 INFO [rank=203 host=n3070]: starting photochem model for inputs: [  2.      0.5   150.      1.      0.505   9.   ]
2026-03-27 14:30:12,242 INFO [rank=35 host=n3048]: starting photochem model for inputs: [  2.       0.5    150.       1.       0.7525   5.    ]
2026-03-27 14:30:12,434 INFO [rank=167 host=n3053]: starting photochem model for inputs: [  2.       0.5    150.       1.       0.7525   7.    ]
2026-03-27 14:30:12,847 INFO [rank=182 host=n3053]: starting photochem model for inputs: [  2.       0.5    150.       1.       0.7525   9.    ]
2026-03-27 14:30:13,227 INFO [rank=29 host=n3048]: starting photochem model for inputs: [  2.    0.5 150.    1.    1.    5. ]
2026-03-27 14:30:13,618 INFO [rank=246 host=n3083]: starting photochem model for inputs: [  2.    0.5 150.    1.    1.    7. ]
2026-03-27 14:30:13,822 INFO [rank=206 host=n3070]: starting photochem model for inputs: [  2.    0.5 150.    1.    1.    9. ]
2026-03-27 14:30:14,023 INFO [rank=86 host=n3050]: starting photochem model for inputs: [2.0e+00 5.0e-01 1.5e+02 1.5e+00 1.0e-02 5.0e+00]
2026-03-27 14:30:14,883 INFO [rank=191 host=n3053]: starting photochem model for inputs: [2.0e+00 5.0e-01 1.5e+02 1.5e+00 1.0e-02 7.0e+00]
2026-03-27 14:30:16,699 INFO [rank=240 host=n3083]: starting photochem model for inputs: [2.0e+00 5.0e-01 1.5e+02 1.5e+00 1.0e-02 9.0e+00]
2026-03-27 14:30:16,941 INFO [rank=26 host=n3048]: starting photochem model for inputs: [  2.       0.5    150.       1.5      0.2575   5.    ]
2026-03-27 14:30:17,260 INFO [rank=41 host=n3049]: starting photochem model for inputs: [  2.       0.5    150.       1.5      0.2575   7.    ]
2026-03-27 14:30:17,448 INFO [rank=42 host=n3049]: starting photochem model for inputs: [  2.       0.5    150.       1.5      0.2575   9.    ]
2026-03-27 14:30:18,844 INFO [rank=200 host=n3070]: starting photochem model for inputs: [  2.      0.5   150.      1.5     0.505   5.   ]
2026-03-27 14:30:23,479 INFO [rank=221 host=n3070]: starting photochem model for inputs: [  2.      0.5   150.      1.5     0.505   7.   ]
2026-03-27 14:30:24,364 INFO [rank=5 host=n3048]: starting photochem model for inputs: [  2.      0.5   150.      1.5     0.505   9.   ]
2026-03-27 14:30:24,941 INFO [rank=36 host=n3048]: starting photochem model for inputs: [  2.       0.5    150.       1.5      0.7525   5.    ]
2026-03-27 14:30:26,498 INFO [rank=267 host=n3083]: starting photochem model for inputs: [  2.       0.5    150.       1.5      0.7525   7.    ]
2026-03-27 14:30:27,166 INFO [rank=17 host=n3048]: starting photochem model for inputs: [  2.       0.5    150.       1.5      0.7525   9.    ]
2026-03-27 14:30:28,328 INFO [rank=255 host=n3083]: starting photochem model for inputs: [  2.    0.5 150.    1.5   1.    5. ]
2026-03-27 14:30:28,496 INFO [rank=75 host=n3049]: starting photochem model for inputs: [  2.    0.5 150.    1.5   1.    7. ]
2026-03-27 14:30:31,663 INFO [rank=101 host=n3050]: starting photochem model for inputs: [  2.    0.5 150.    1.5   1.    9. ]
2026-03-27 14:30:33,351 INFO [rank=14 host=n3048]: starting photochem model for inputs: [2.0e+00 5.0e-01 1.5e+02 2.0e+00 1.0e-02 5.0e+00]
2026-03-27 14:30:34,000 INFO [rank=56 host=n3049]: starting photochem model for inputs: [2.0e+00 5.0e-01 1.5e+02 2.0e+00 1.0e-02 7.0e+00]
2026-03-27 14:30:34,429 INFO [rank=50 host=n3049]: starting photochem model for inputs: [2.0e+00 5.0e-01 1.5e+02 2.0e+00 1.0e-02 9.0e+00]
2026-03-27 14:30:36,780 INFO [rank=95 host=n3050]: starting photochem model for inputs: [  2.       0.5    150.       2.       0.2575   5.    ]
2026-03-27 14:30:37,007 INFO [rank=239 host=n3070]: starting photochem model for inputs: [  2.       0.5    150.       2.       0.2575   7.    ]
2026-03-27 14:30:37,358 INFO [rank=251 host=n3083]: starting photochem model for inputs: [  2.       0.5    150.       2.       0.2575   9.    ]
2026-03-27 14:30:37,635 INFO [rank=244 host=n3083]: starting photochem model for inputs: [  2.      0.5   150.      2.      0.505   5.   ]
2026-03-27 14:30:38,225 INFO [rank=229 host=n3070]: starting photochem model for inputs: [  2.      0.5   150.      2.      0.505   7.   ]
2026-03-27 14:30:38,388 INFO [rank=2 host=n3048]: starting photochem model for inputs: [  2.      0.5   150.      2.      0.505   9.   ]
2026-03-27 14:30:38,555 INFO [rank=20 host=n3048]: starting photochem model for inputs: [  2.       0.5    150.       2.       0.7525   5.    ]
2026-03-27 14:30:38,721 INFO [rank=68 host=n3049]: starting photochem model for inputs: [  2.       0.5    150.       2.       0.7525   7.    ]
2026-03-27 14:30:40,998 INFO [rank=96 host=n3050]: starting photochem model for inputs: [  2.       0.5    150.       2.       0.7525   9.    ]
2026-03-27 14:30:41,388 INFO [rank=168 host=n3053]: starting photochem model for inputs: [  2.    0.5 150.    2.    1.    5. ]
2026-03-27 14:30:41,772 INFO [rank=8 host=n3048]: starting photochem model for inputs: [  2.    0.5 150.    2.    1.    7. ]
2026-03-27 14:30:41,946 INFO [rank=90 host=n3050]: starting photochem model for inputs: [  2.    0.5 150.    2.    1.    9. ]
2026-03-27 14:30:42,295 INFO [rank=45 host=n3049]: starting photochem model for inputs: [2.0e+00 5.0e-01 1.5e+02 3.0e+00 1.0e-02 5.0e+00]
2026-03-27 14:30:45,108 INFO [rank=257 host=n3083]: starting photochem model for inputs: [2.0e+00 5.0e-01 1.5e+02 3.0e+00 1.0e-02 7.0e+00]
2026-03-27 14:30:45,296 INFO [rank=252 host=n3083]: starting photochem model for inputs: [2.0e+00 5.0e-01 1.5e+02 3.0e+00 1.0e-02 9.0e+00]
2026-03-27 14:30:46,498 INFO [rank=247 host=n3083]: starting photochem model for inputs: [  2.       0.5    150.       3.       0.2575   5.    ]
2026-03-27 14:30:46,705 INFO [rank=81 host=n3050]: starting photochem model for inputs: [  2.       0.5    150.       3.       0.2575   7.    ]
2026-03-27 14:30:47,234 INFO [rank=88 host=n3050]: starting photochem model for inputs: [  2.       0.5    150.       3.       0.2575   9.    ]
2026-03-27 14:30:47,451 INFO [rank=39 host=n3048]: starting photochem model for inputs: [  2.      0.5   150.      3.      0.505   5.   ]
2026-03-27 14:30:47,768 INFO [rank=232 host=n3070]: starting photochem model for inputs: [  2.      0.5   150.      3.      0.505   7.   ]
[2026-03-27T14:30:47.832] error: *** STEP 34166658.0 ON n3048 CANCELLED AT 2026-03-27T14:30:47 DUE to SIGNAL Terminated ***
[2026-03-27T14:30:47.855] error: *** JOB 34166658 ON n3048 CANCELLED AT 2026-03-27T14:30:47 DUE to SIGNAL Terminated ***
