[2] 2026-03-24 09:02:26,117 INFO [rank=2 host=n3242]: starting climate model for inputs: [2.00e+00 2.75e+00 3.50e+02 1.00e+01 1.00e-02]
[7] 2026-03-24 09:02:26,117 INFO [rank=7 host=n3242]: starting climate model for inputs: [  2.      3.125 200.      8.      0.505]
[8] 2026-03-24 09:02:26,117 INFO [rank=8 host=n3242]: starting climate model for inputs: [  2.      3.125 200.     10.      1.   ]
[40] 2026-03-24 09:02:26,117 INFO [rank=40 host=n3303]: starting climate model for inputs: [  2.       3.5    250.       6.       0.7525]
[9] 2026-03-24 09:02:26,117 INFO [rank=9 host=n3242]: starting climate model for inputs: [  2.       3.125  250.       3.       0.7525]
[41] 2026-03-24 09:02:26,117 INFO [rank=41 host=n3303]: starting climate model for inputs: [  2.       3.5    250.      10.       0.7525]
[10] 2026-03-24 09:02:26,117 INFO [rank=10 host=n3242]: starting climate model for inputs: [  2.      3.125 250.      3.      1.   ]
[42] 2026-03-24 09:02:26,117 INFO [rank=42 host=n3303]: starting climate model for inputs: [  2.      3.5   300.      3.      0.505]
[12] 2026-03-24 09:02:26,117 INFO [rank=12 host=n3242]: starting climate model for inputs: [  2.       3.125  250.       4.       0.7525]
[13] 2026-03-24 09:02:26,117 INFO [rank=13 host=n3242]: starting climate model for inputs: [  2.      3.125 250.      4.      1.   ]
[14] 2026-03-24 09:02:26,117 INFO [rank=14 host=n3242]: starting climate model for inputs: [  2.      3.125 250.      5.      0.505]
[15] 2026-03-24 09:02:26,117 INFO [rank=15 host=n3242]: starting climate model for inputs: [  2.       3.125  250.       5.       0.7525]
[16] 2026-03-24 09:02:26,117 INFO [rank=16 host=n3242]: starting climate model for inputs: [  2.      3.125 250.      6.      0.505]
[17] 2026-03-24 09:02:26,117 INFO [rank=17 host=n3242]: starting climate model for inputs: [  2.       3.125  250.       6.       0.7525]
[18] 2026-03-24 09:02:26,117 INFO [rank=18 host=n3242]: starting climate model for inputs: [  2.      3.125 250.      8.      0.505]
[19] 2026-03-24 09:02:26,117 INFO [rank=19 host=n3242]: starting climate model for inputs: [  2.       3.125  250.       8.       0.7525]
[20] 2026-03-24 09:02:26,117 INFO [rank=20 host=n3242]: starting climate model for inputs: [  2.      3.125 250.      8.      1.   ]
[21] 2026-03-24 09:02:26,117 INFO [rank=21 host=n3242]: starting climate model for inputs: [  2.      3.125 250.     10.      0.505]
[22] 2026-03-24 09:02:26,117 INFO [rank=22 host=n3242]: starting climate model for inputs: [  2.       3.125  250.      10.       0.7525]
[23] 2026-03-24 09:02:26,117 INFO [rank=23 host=n3242]: starting climate model for inputs: [2.000e+00 3.125e+00 3.000e+02 7.000e-01 1.000e-02]
[24] 2026-03-24 09:02:26,117 INFO [rank=24 host=n3242]: starting climate model for inputs: [2.000e+00 3.125e+00 3.000e+02 7.000e-01 2.575e-01]
[25] 2026-03-24 09:02:26,117 INFO [rank=25 host=n3242]: starting climate model for inputs: [2.000e+00 3.125e+00 3.000e+02 4.000e+00 1.000e-02]
[26] 2026-03-24 09:02:26,117 INFO [rank=26 host=n3242]: starting climate model for inputs: [2.000e+00 3.125e+00 3.500e+02 7.000e-01 1.000e-02]
[27] 2026-03-24 09:02:26,117 INFO [rank=27 host=n3242]: starting climate model for inputs: [2.000e+00 3.125e+00 3.500e+02 7.000e-01 2.575e-01]
[28] 2026-03-24 09:02:26,117 INFO [rank=28 host=n3242]: starting climate model for inputs: [2.000e+00 3.125e+00 3.500e+02 1.000e+00 1.000e-02]
[29] 2026-03-24 09:02:26,117 INFO [rank=29 host=n3242]: starting climate model for inputs: [2.000e+00 3.125e+00 3.500e+02 1.500e+00 1.000e-02]
[31] 2026-03-24 09:02:26,117 INFO [rank=31 host=n3242]: starting climate model for inputs: [2.000e+00 3.125e+00 3.500e+02 5.000e+00 2.575e-01]
[32] 2026-03-24 09:02:26,117 INFO [rank=32 host=n3242]: starting climate model for inputs: [2.000e+00 3.125e+00 4.000e+02 7.000e-01 1.000e-02]
[35] 2026-03-24 09:02:26,117 INFO [rank=35 host=n3242]: starting climate model for inputs: [2.000e+00 3.125e+00 4.000e+02 8.000e+00 2.575e-01]
[1] 2026-03-24 09:02:26,118 INFO [rank=1 host=n3242]: starting climate model for inputs: [2.00e+00 2.75e+00 2.00e+02 1.00e+01 1.00e-02]
[4] 2026-03-24 09:02:26,118 INFO [rank=4 host=n3242]: starting climate model for inputs: [  2.      3.125 200.      6.      0.505]
[5] 2026-03-24 09:02:26,117 INFO [rank=5 host=n3242]: starting climate model for inputs: [  2.       3.125  200.       6.       0.7525]
[6] 2026-03-24 09:02:26,117 INFO [rank=6 host=n3242]: starting climate model for inputs: [  2.      3.125 200.      6.      1.   ]
[30] 2026-03-24 09:02:26,118 INFO [rank=30 host=n3242]: starting climate model for inputs: [2.000e+00 3.125e+00 3.500e+02 4.000e+00 1.000e-02]
[33] 2026-03-24 09:02:26,118 INFO [rank=33 host=n3242]: starting climate model for inputs: [2.000e+00 3.125e+00 4.000e+02 1.000e+00 1.000e-02]
[37] 2026-03-24 09:02:26,118 INFO [rank=37 host=n3242]: starting climate model for inputs: [  2.    3.5 100.    5.    1. ]
[38] 2026-03-24 09:02:26,118 INFO [rank=38 host=n3242]: starting climate model for inputs: [  2.    3.5 200.    5.    1. ]
[3] 2026-03-24 09:02:26,118 INFO [rank=3 host=n3242]: starting climate model for inputs: [  2.       3.125  200.       3.       0.2575]
[39] 2026-03-24 09:02:26,118 INFO [rank=39 host=n3242]: starting climate model for inputs: [  2.       3.5    200.       8.       0.7525]
[11] 2026-03-24 09:02:26,121 INFO [rank=11 host=n3242]: starting climate model for inputs: [  2.      3.125 250.      4.      0.505]
[34] 2026-03-24 09:02:26,120 INFO [rank=34 host=n3242]: starting climate model for inputs: [2.000e+00 3.125e+00 4.000e+02 1.500e+00 1.000e-02]
[36] 2026-03-24 09:02:26,120 INFO [rank=36 host=n3242]: starting climate model for inputs: [ 2.   3.5 50.   6.   1. ]
[19] 2026-03-24 09:02:26,173 INFO [rank=19 host=n3242]: Loading opacity table (first call in this process)...
[31] 2026-03-24 09:02:26,174 INFO [rank=31 host=n3242]: Loading opacity table (first call in this process)...
[33] 2026-03-24 09:02:26,174 INFO [rank=33 host=n3242]: Loading opacity table (first call in this process)...
[8] 2026-03-24 09:02:26,174 INFO [rank=8 host=n3242]: Loading opacity table (first call in this process)...
[5] 2026-03-24 09:02:26,174 INFO [rank=5 host=n3242]: Loading opacity table (first call in this process)...
[6] 2026-03-24 09:02:26,175 INFO [rank=6 host=n3242]: Loading opacity table (first call in this process)...
[9] 2026-03-24 09:02:26,175 INFO [rank=9 host=n3242]: Loading opacity table (first call in this process)...
[14] 2026-03-24 09:02:26,175 INFO [rank=14 host=n3242]: Loading opacity table (first call in this process)...
[27] 2026-03-24 09:02:26,175 INFO [rank=27 host=n3242]: Loading opacity table (first call in this process)...
[30] 2026-03-24 09:02:26,175 INFO [rank=30 host=n3242]: Loading opacity table (first call in this process)...
[7] 2026-03-24 09:02:26,175 INFO [rank=7 host=n3242]: Loading opacity table (first call in this process)...
[36] 2026-03-24 09:02:26,175 INFO [rank=36 host=n3242]: Loading opacity table (first call in this process)...
[16] 2026-03-24 09:02:26,175 INFO [rank=16 host=n3242]: Loading opacity table (first call in this process)...
[1] 2026-03-24 09:02:26,175 INFO [rank=1 host=n3242]: Loading opacity table (first call in this process)...
[35] 2026-03-24 09:02:26,175 INFO [rank=35 host=n3242]: Loading opacity table (first call in this process)...
[39] 2026-03-24 09:02:26,176 INFO [rank=39 host=n3242]: Loading opacity table (first call in this process)...
[4] 2026-03-24 09:02:26,178 INFO [rank=4 host=n3242]: Loading opacity table (first call in this process)...
[24] 2026-03-24 09:02:26,182 INFO [rank=24 host=n3242]: Loading opacity table (first call in this process)...
[25] 2026-03-24 09:02:26,182 INFO [rank=25 host=n3242]: Loading opacity table (first call in this process)...
[29] 2026-03-24 09:02:26,186 INFO [rank=29 host=n3242]: Loading opacity table (first call in this process)...
[28] 2026-03-24 09:02:26,188 INFO [rank=28 host=n3242]: Loading opacity table (first call in this process)...
[23] 2026-03-24 09:02:26,188 INFO [rank=23 host=n3242]: Loading opacity table (first call in this process)...
[22] 2026-03-24 09:02:26,189 INFO [rank=22 host=n3242]: Loading opacity table (first call in this process)...
[17] 2026-03-24 09:02:26,189 INFO [rank=17 host=n3242]: Loading opacity table (first call in this process)...
[34] 2026-03-24 09:02:26,189 INFO [rank=34 host=n3242]: Loading opacity table (first call in this process)...
[20] 2026-03-24 09:02:26,190 INFO [rank=20 host=n3242]: Loading opacity table (first call in this process)...
[3] 2026-03-24 09:02:26,190 INFO [rank=3 host=n3242]: Loading opacity table (first call in this process)...
[2] 2026-03-24 09:02:26,191 INFO [rank=2 host=n3242]: Loading opacity table (first call in this process)...
[32] 2026-03-24 09:02:26,191 INFO [rank=32 host=n3242]: Loading opacity table (first call in this process)...
[37] 2026-03-24 09:02:26,191 INFO [rank=37 host=n3242]: Loading opacity table (first call in this process)...
[38] 2026-03-24 09:02:26,191 INFO [rank=38 host=n3242]: Loading opacity table (first call in this process)...
[21] 2026-03-24 09:02:26,191 INFO [rank=21 host=n3242]: Loading opacity table (first call in this process)...
[12] 2026-03-24 09:02:26,191 INFO [rank=12 host=n3242]: Loading opacity table (first call in this process)...
[26] 2026-03-24 09:02:26,191 INFO [rank=26 host=n3242]: Loading opacity table (first call in this process)...
[15] 2026-03-24 09:02:26,192 INFO [rank=15 host=n3242]: Loading opacity table (first call in this process)...
[18] 2026-03-24 09:02:26,192 INFO [rank=18 host=n3242]: Loading opacity table (first call in this process)...
[13] 2026-03-24 09:02:26,194 INFO [rank=13 host=n3242]: Loading opacity table (first call in this process)...
[42] 2026-03-24 09:02:26,197 INFO [rank=42 host=n3303]: Loading opacity table (first call in this process)...
[40] 2026-03-24 09:02:26,199 INFO [rank=40 host=n3303]: Loading opacity table (first call in this process)...
[41] 2026-03-24 09:02:26,204 INFO [rank=41 host=n3303]: Loading opacity table (first call in this process)...
[10] 2026-03-24 09:02:26,214 INFO [rank=10 host=n3242]: Loading opacity table (first call in this process)...
[11] 2026-03-24 09:02:26,216 INFO [rank=11 host=n3242]: Loading opacity table (first call in this process)...
[42] 2026-03-24 14:08:26,619 INFO [rank=42 host=n3303]: Loading opacity table (first call in this process)...
[40] 2026-03-24 16:06:01,662 INFO [rank=40 host=n3303]: Loading opacity table (first call in this process)...
[25] 2026-03-24 16:49:11,781 INFO [rank=25 host=n3242]: Loading opacity table (first call in this process)...
[35] 2026-03-24 17:31:12,741 INFO [rank=35 host=n3242]: Loading opacity table (first call in this process)...
[41] 2026-03-24 17:31:34,031 INFO [rank=41 host=n3303]: Loading opacity table (first call in this process)...
[3] 2026-03-24 19:03:10,166 INFO [rank=3 host=n3242]: Loading opacity table (first call in this process)...
[36] 2026-03-24 20:01:11,056 INFO [rank=36 host=n3242]: Loading opacity table (first call in this process)...
[10] 2026-03-24 20:36:43,086 INFO [rank=10 host=n3242]: Loading opacity table (first call in this process)...
[37] 2026-03-24 20:55:46,389 INFO [rank=37 host=n3242]: Loading opacity table (first call in this process)...
[13] 2026-03-24 21:37:08,445 INFO [rank=13 host=n3242]: Loading opacity table (first call in this process)...
[1] 2026-03-24 22:18:13,528 INFO [rank=1 host=n3242]: Loading opacity table (first call in this process)...
[5] 2026-03-24 22:50:05,851 INFO [rank=5 host=n3242]: Loading opacity table (first call in this process)...
[20] 2026-03-24 22:58:08,810 INFO [rank=20 host=n3242]: Loading opacity table (first call in this process)...
[4] 2026-03-24 23:27:31,625 INFO [rank=4 host=n3242]: Loading opacity table (first call in this process)...
[13] An exception was raised in PICASO_PT_Planet: OSError: [Errno 122] Disk quota exceeded
[6] 2026-03-24 23:50:20,514 INFO [rank=6 host=n3242]: Loading opacity table (first call in this process)...
[40] 2026-03-25 00:52:33,989 INFO [rank=40 host=n3303]: Loading opacity table (first call in this process)...
[2] 2026-03-25 01:14:49,893 INFO [rank=2 host=n3242]: Loading opacity table (first call in this process)...
[40] 2026-03-25 06:46:15,372 INFO [rank=40 host=n3303]: Loading opacity table (first call in this process)...
[1] 2026-03-25 07:27:51,744 INFO [rank=1 host=n3242]: Loading opacity table (first call in this process)...
[4] 2026-03-25 10:04:04,673 INFO [rank=4 host=n3242]: Loading opacity table (first call in this process)...
[4] 2026-03-25 19:25:18,562 INFO [rank=4 host=n3242]: Loading opacity table (first call in this process)...
