[1] 2026-03-20 19:33:23,586 INFO [rank=1 host=n3005]: starting climate model for inputs: [2.00e+00 2.75e+00 2.00e+02 1.00e+01 1.00e-02]
[42] 2026-03-20 19:33:23,587 INFO [rank=42 host=n3006]: starting climate model for inputs: [  2.       3.5    200.       2.       0.7525]
[2] 2026-03-20 19:33:23,586 INFO [rank=2 host=n3005]: starting climate model for inputs: [2.00e+00 2.75e+00 3.50e+02 1.00e+01 1.00e-02]
[45] 2026-03-20 19:33:23,587 INFO [rank=45 host=n3006]: starting climate model for inputs: [  2.    3.5 200.    3.    1. ]
[51] 2026-03-20 19:33:23,587 INFO [rank=51 host=n3006]: starting climate model for inputs: [  2.       3.5    200.       8.       0.7525]
[3] 2026-03-20 19:33:23,586 INFO [rank=3 host=n3005]: starting climate model for inputs: [  2.       3.125  200.       3.       0.2575]
[40] 2026-03-20 19:33:23,587 INFO [rank=40 host=n3006]: starting climate model for inputs: [  2.       3.5    150.       6.       0.7525]
[41] 2026-03-20 19:33:23,587 INFO [rank=41 host=n3006]: starting climate model for inputs: [  2.    3.5 150.    6.    1. ]
[4] 2026-03-20 19:33:23,586 INFO [rank=4 host=n3005]: starting climate model for inputs: [  2.      3.125 200.      6.      0.505]
[43] 2026-03-20 19:33:23,587 INFO [rank=43 host=n3006]: starting climate model for inputs: [  2.    3.5 200.    2.    1. ]
[49] 2026-03-20 19:33:23,587 INFO [rank=49 host=n3006]: starting climate model for inputs: [  2.      3.5   200.      6.      0.505]
[6] 2026-03-20 19:33:23,586 INFO [rank=6 host=n3005]: starting climate model for inputs: [  2.      3.125 200.      6.      1.   ]
[52] 2026-03-20 19:33:23,587 INFO [rank=52 host=n3006]: starting climate model for inputs: [  2.    3.5 200.    8.    1. ]
[7] 2026-03-20 19:33:23,587 INFO [rank=7 host=n3005]: starting climate model for inputs: [  2.      3.125 200.      8.      0.505]
[44] 2026-03-20 19:33:23,587 INFO [rank=44 host=n3006]: starting climate model for inputs: [  2.       3.5    200.       3.       0.7525]
[8] 2026-03-20 19:33:23,586 INFO [rank=8 host=n3005]: starting climate model for inputs: [  2.      3.125 200.     10.      1.   ]
[9] 2026-03-20 19:33:23,586 INFO [rank=9 host=n3005]: starting climate model for inputs: [  2.       3.125  250.       3.       0.7525]
[57] 2026-03-20 19:33:23,587 INFO [rank=57 host=n3006]: starting climate model for inputs: [  2.      3.5   250.      1.      0.505]
[10] 2026-03-20 19:33:23,587 INFO [rank=10 host=n3005]: starting climate model for inputs: [  2.      3.125 250.      3.      1.   ]
[11] 2026-03-20 19:33:23,587 INFO [rank=11 host=n3005]: starting climate model for inputs: [  2.      3.125 250.      4.      0.505]
[81] 2026-03-20 19:33:23,588 INFO [rank=81 host=n3240]: starting climate model for inputs: [  2.    3.5 250.    5.    1. ]
[13] 2026-03-20 19:33:23,587 INFO [rank=13 host=n3005]: starting climate model for inputs: [  2.      3.125 250.      4.      1.   ]
[58] 2026-03-20 19:33:23,587 INFO [rank=58 host=n3006]: starting climate model for inputs: [2.0e+00 3.5e+00 2.5e+02 1.5e+00 1.0e-02]
[15] 2026-03-20 19:33:23,586 INFO [rank=15 host=n3005]: starting climate model for inputs: [  2.       3.125  250.       5.       0.7525]
[56] 2026-03-20 19:33:23,587 INFO [rank=56 host=n3006]: starting climate model for inputs: [  2.       3.5    250.       1.       0.2575]
[60] 2026-03-20 19:33:23,587 INFO [rank=60 host=n3006]: starting climate model for inputs: [  2.      3.5   250.      1.5     0.505]
[16] 2026-03-20 19:33:23,586 INFO [rank=16 host=n3005]: starting climate model for inputs: [  2.      3.125 250.      6.      0.505]
[82] 2026-03-20 19:33:23,588 INFO [rank=82 host=n3240]: starting climate model for inputs: [  2.       3.5    250.       6.       0.2575]
[18] 2026-03-20 19:33:23,586 INFO [rank=18 host=n3005]: starting climate model for inputs: [  2.      3.125 250.      8.      0.505]
[85] 2026-03-20 19:33:23,588 INFO [rank=85 host=n3240]: starting climate model for inputs: [  2.    3.5 250.    6.    1. ]
[53] 2026-03-20 19:33:23,587 INFO [rank=53 host=n3006]: starting climate model for inputs: [  2.       3.5    200.      10.       0.7525]
[20] 2026-03-20 19:33:23,587 INFO [rank=20 host=n3005]: starting climate model for inputs: [  2.      3.125 250.      8.      1.   ]
[86] 2026-03-20 19:33:23,588 INFO [rank=86 host=n3240]: starting climate model for inputs: [  2.       3.5    250.       8.       0.2575]
[55] 2026-03-20 19:33:23,587 INFO [rank=55 host=n3006]: starting climate model for inputs: [  2.       3.5    250.       0.7      0.2575]
[21] 2026-03-20 19:33:23,587 INFO [rank=21 host=n3005]: starting climate model for inputs: [  2.      3.125 250.     10.      0.505]
[87] 2026-03-20 19:33:23,588 INFO [rank=87 host=n3240]: starting climate model for inputs: [  2.      3.5   250.      8.      0.505]
[22] 2026-03-20 19:33:23,587 INFO [rank=22 host=n3005]: starting climate model for inputs: [  2.       3.125  250.      10.       0.7525]
[88] 2026-03-20 19:33:23,588 INFO [rank=88 host=n3240]: starting climate model for inputs: [  2.       3.5    250.       8.       0.7525]
[24] 2026-03-20 19:33:23,587 INFO [rank=24 host=n3005]: starting climate model for inputs: [2.000e+00 3.125e+00 3.000e+02 7.000e-01 2.575e-01]
[59] 2026-03-20 19:33:23,587 INFO [rank=59 host=n3006]: starting climate model for inputs: [  2.       3.5    250.       1.5      0.2575]
[89] 2026-03-20 19:33:23,588 INFO [rank=89 host=n3240]: starting climate model for inputs: [  2.    3.5 250.    8.    1. ]
[25] 2026-03-20 19:33:23,587 INFO [rank=25 host=n3005]: starting climate model for inputs: [2.000e+00 3.125e+00 3.000e+02 4.000e+00 1.000e-02]
[90] 2026-03-20 19:33:23,588 INFO [rank=90 host=n3240]: starting climate model for inputs: [  2.       3.5    250.      10.       0.2575]
[61] 2026-03-20 19:33:23,587 INFO [rank=61 host=n3006]: starting climate model for inputs: [  2.       3.5    250.       1.5      0.7525]
[91] 2026-03-20 19:33:23,589 INFO [rank=91 host=n3240]: starting climate model for inputs: [  2.      3.5   250.     10.      0.505]
[26] 2026-03-20 19:33:23,587 INFO [rank=26 host=n3005]: starting climate model for inputs: [2.000e+00 3.125e+00 3.500e+02 7.000e-01 1.000e-02]
[62] 2026-03-20 19:33:23,588 INFO [rank=62 host=n3006]: starting climate model for inputs: [  2.    3.5 250.    1.5   1. ]
[92] 2026-03-20 19:33:23,588 INFO [rank=92 host=n3240]: starting climate model for inputs: [  2.       3.5    250.      10.       0.7525]
[27] 2026-03-20 19:33:23,587 INFO [rank=27 host=n3005]: starting climate model for inputs: [2.000e+00 3.125e+00 3.500e+02 7.000e-01 2.575e-01]
[93] 2026-03-20 19:33:23,589 INFO [rank=93 host=n3240]: starting climate model for inputs: [  2.    3.5 250.   10.    1. ]
[28] 2026-03-20 19:33:23,587 INFO [rank=28 host=n3005]: starting climate model for inputs: [2.000e+00 3.125e+00 3.500e+02 1.000e+00 1.000e-02]
[63] 2026-03-20 19:33:23,588 INFO [rank=63 host=n3006]: starting climate model for inputs: [2.0e+00 3.5e+00 2.5e+02 2.0e+00 1.0e-02]
[30] 2026-03-20 19:33:23,587 INFO [rank=30 host=n3005]: starting climate model for inputs: [2.000e+00 3.125e+00 3.500e+02 4.000e+00 1.000e-02]
[94] 2026-03-20 19:33:23,588 INFO [rank=94 host=n3240]: starting climate model for inputs: [2.0e+00 3.5e+00 3.0e+02 7.0e-01 1.0e-02]
[66] 2026-03-20 19:33:23,588 INFO [rank=66 host=n3006]: starting climate model for inputs: [  2.       3.5    250.       2.       0.7525]
[33] 2026-03-20 19:33:23,587 INFO [rank=33 host=n3005]: starting climate model for inputs: [2.000e+00 3.125e+00 4.000e+02 1.000e+00 1.000e-02]
[95] 2026-03-20 19:33:23,588 INFO [rank=95 host=n3240]: starting climate model for inputs: [2.000e+00 3.500e+00 3.000e+02 7.000e-01 2.575e-01]
[120] 2026-03-20 19:33:23,589 INFO [rank=120 host=n3243]: starting climate model for inputs: [  2.      3.5   300.      5.      0.505]
[34] 2026-03-20 19:33:23,587 INFO [rank=34 host=n3005]: starting climate model for inputs: [2.000e+00 3.125e+00 4.000e+02 1.500e+00 1.000e-02]
[67] 2026-03-20 19:33:23,588 INFO [rank=67 host=n3006]: starting climate model for inputs: [  2.    3.5 250.    2.    1. ]
[96] 2026-03-20 19:33:23,588 INFO [rank=96 host=n3240]: starting climate model for inputs: [  2.      3.5   300.      0.7     0.505]
[122] 2026-03-20 19:33:23,589 INFO [rank=122 host=n3243]: starting climate model for inputs: [  2.    3.5 300.    5.    1. ]
[35] 2026-03-20 19:33:23,587 INFO [rank=35 host=n3005]: starting climate model for inputs: [2.000e+00 3.125e+00 4.000e+02 8.000e+00 2.575e-01]
[68] 2026-03-20 19:33:23,588 INFO [rank=68 host=n3006]: starting climate model for inputs: [2.0e+00 3.5e+00 2.5e+02 3.0e+00 1.0e-02]
[70] 2026-03-20 19:33:23,588 INFO [rank=70 host=n3006]: starting climate model for inputs: [  2.      3.5   250.      3.      0.505]
[97] 2026-03-20 19:33:23,589 INFO [rank=97 host=n3240]: starting climate model for inputs: [2.0e+00 3.5e+00 3.0e+02 1.0e+00 1.0e-02]
[124] 2026-03-20 19:33:23,589 INFO [rank=124 host=n3243]: starting climate model for inputs: [2.000e+00 3.500e+00 3.000e+02 6.000e+00 2.575e-01]
[38] 2026-03-20 19:33:23,587 INFO [rank=38 host=n3005]: starting climate model for inputs: [  2.    3.5 150.    3.    1. ]
[71] 2026-03-20 19:33:23,588 INFO [rank=71 host=n3006]: starting climate model for inputs: [  2.       3.5    250.       3.       0.7525]
[98] 2026-03-20 19:33:23,589 INFO [rank=98 host=n3240]: starting climate model for inputs: [2.000e+00 3.500e+00 3.000e+02 1.000e+00 2.575e-01]
[125] 2026-03-20 19:33:23,589 INFO [rank=125 host=n3243]: starting climate model for inputs: [  2.      3.5   300.      6.      0.505]
[39] 2026-03-20 19:33:23,587 INFO [rank=39 host=n3005]: starting climate model for inputs: [  2.       3.5    150.       4.       0.7525]
[72] 2026-03-20 19:33:23,588 INFO [rank=72 host=n3006]: starting climate model for inputs: [  2.    3.5 250.    3.    1. ]
[5] 2026-03-20 19:33:23,587 INFO [rank=5 host=n3005]: starting climate model for inputs: [  2.       3.125  200.       6.       0.7525]
[99] 2026-03-20 19:33:23,588 INFO [rank=99 host=n3240]: starting climate model for inputs: [  2.      3.5   300.      1.      0.505]
[127] 2026-03-20 19:33:23,589 INFO [rank=127 host=n3243]: starting climate model for inputs: [  2.    3.5 300.    6.    1. ]
[75] 2026-03-20 19:33:23,588 INFO [rank=75 host=n3006]: starting climate model for inputs: [  2.       3.5    250.       4.       0.7525]
[128] 2026-03-20 19:33:23,590 INFO [rank=128 host=n3243]: starting climate model for inputs: [2.0e+00 3.5e+00 3.0e+02 8.0e+00 1.0e-02]
[100] 2026-03-20 19:33:23,589 INFO [rank=100 host=n3240]: starting climate model for inputs: [2.0e+00 3.5e+00 3.0e+02 1.5e+00 1.0e-02]
[129] 2026-03-20 19:33:23,589 INFO [rank=129 host=n3243]: starting climate model for inputs: [  2.      3.5   300.      8.      0.505]
[12] 2026-03-20 19:33:23,587 INFO [rank=12 host=n3005]: starting climate model for inputs: [  2.       3.125  250.       4.       0.7525]
[74] 2026-03-20 19:33:23,588 INFO [rank=74 host=n3006]: starting climate model for inputs: [  2.      3.5   250.      4.      0.505]
[103] 2026-03-20 19:33:23,588 INFO [rank=103 host=n3240]: starting climate model for inputs: [  2.       3.5    300.       1.5      0.7525]
[79] 2026-03-20 19:33:23,588 INFO [rank=79 host=n3006]: starting climate model for inputs: [  2.      3.5   250.      5.      0.505]
[131] 2026-03-20 19:33:23,589 INFO [rank=131 host=n3243]: starting climate model for inputs: [  2.    3.5 300.    8.    1. ]
[19] 2026-03-20 19:33:23,587 INFO [rank=19 host=n3005]: starting climate model for inputs: [  2.       3.125  250.       8.       0.7525]
[105] 2026-03-20 19:33:23,589 INFO [rank=105 host=n3240]: starting climate model for inputs: [2.000e+00 3.500e+00 3.000e+02 2.000e+00 2.575e-01]
[46] 2026-03-20 19:33:23,588 INFO [rank=46 host=n3006]: starting climate model for inputs: [  2.    3.5 200.    4.    1. ]
[132] 2026-03-20 19:33:23,589 INFO [rank=132 host=n3243]: starting climate model for inputs: [2.0e+00 3.5e+00 3.0e+02 1.0e+01 1.0e-02]
[23] 2026-03-20 19:33:23,587 INFO [rank=23 host=n3005]: starting climate model for inputs: [2.000e+00 3.125e+00 3.000e+02 7.000e-01 1.000e-02]
[106] 2026-03-20 19:33:23,588 INFO [rank=106 host=n3240]: starting climate model for inputs: [  2.      3.5   300.      2.      0.505]
[134] 2026-03-20 19:33:23,590 INFO [rank=134 host=n3243]: starting climate model for inputs: [  2.       3.5    300.      10.       0.7525]
[47] 2026-03-20 19:33:23,588 INFO [rank=47 host=n3006]: starting climate model for inputs: [  2.       3.5    200.       5.       0.7525]
[135] 2026-03-20 19:33:23,590 INFO [rank=135 host=n3243]: starting climate model for inputs: [  2.    3.5 300.   10.    1. ]
[77] 2026-03-20 19:33:23,588 INFO [rank=77 host=n3006]: starting climate model for inputs: [2.0e+00 3.5e+00 2.5e+02 5.0e+00 1.0e-02]
[107] 2026-03-20 19:33:23,589 INFO [rank=107 host=n3240]: starting climate model for inputs: [  2.       3.5    300.       2.       0.7525]
[31] 2026-03-20 19:33:23,587 INFO [rank=31 host=n3005]: starting climate model for inputs: [2.000e+00 3.125e+00 3.500e+02 5.000e+00 2.575e-01]
[65] 2026-03-20 19:33:23,588 INFO [rank=65 host=n3006]: starting climate model for inputs: [  2.      3.5   250.      2.      0.505]
[136] 2026-03-20 19:33:23,589 INFO [rank=136 host=n3243]: starting climate model for inputs: [2.00e+00 3.50e+00 3.50e+02 3.00e-01 5.05e-01]
[76] 2026-03-20 19:33:23,588 INFO [rank=76 host=n3006]: starting climate model for inputs: [  2.    3.5 250.    4.    1. ]
[108] 2026-03-20 19:33:23,589 INFO [rank=108 host=n3240]: starting climate model for inputs: [  2.    3.5 300.    2.    1. ]
[110] 2026-03-20 19:33:23,589 INFO [rank=110 host=n3240]: starting climate model for inputs: [2.000e+00 3.500e+00 3.000e+02 3.000e+00 2.575e-01]
[137] 2026-03-20 19:33:23,589 INFO [rank=137 host=n3243]: starting climate model for inputs: [2.000e+00 3.500e+00 3.500e+02 3.000e-01 7.525e-01]
[37] 2026-03-20 19:33:23,587 INFO [rank=37 host=n3005]: starting climate model for inputs: [  2.    3.5 100.    5.    1. ]
[111] 2026-03-20 19:33:23,589 INFO [rank=111 host=n3240]: starting climate model for inputs: [  2.      3.5   300.      3.      0.505]
[139] 2026-03-20 19:33:23,589 INFO [rank=139 host=n3243]: starting climate model for inputs: [2.0e+00 3.5e+00 3.5e+02 7.0e-01 1.0e-02]
[69] 2026-03-20 19:33:23,589 INFO [rank=69 host=n3006]: starting climate model for inputs: [  2.       3.5    250.       3.       0.2575]
[113] 2026-03-20 19:33:23,589 INFO [rank=113 host=n3240]: starting climate model for inputs: [  2.    3.5 300.    3.    1. ]
[29] 2026-03-20 19:33:23,587 INFO [rank=29 host=n3005]: starting climate model for inputs: [2.000e+00 3.125e+00 3.500e+02 1.500e+00 1.000e-02]
[140] 2026-03-20 19:33:23,589 INFO [rank=140 host=n3243]: starting climate model for inputs: [2.000e+00 3.500e+00 3.500e+02 7.000e-01 2.575e-01]
[36] 2026-03-20 19:33:23,587 INFO [rank=36 host=n3005]: starting climate model for inputs: [ 2.   3.5 50.   6.   1. ]
[54] 2026-03-20 19:33:23,589 INFO [rank=54 host=n3006]: starting climate model for inputs: [  2.    3.5 200.   10.    1. ]
[101] 2026-03-20 19:33:23,589 INFO [rank=101 host=n3240]: starting climate model for inputs: [2.000e+00 3.500e+00 3.000e+02 1.500e+00 2.575e-01]
[141] 2026-03-20 19:33:23,589 INFO [rank=141 host=n3243]: starting climate model for inputs: [  2.      3.5   350.      0.7     0.505]
[102] 2026-03-20 19:33:23,589 INFO [rank=102 host=n3240]: starting climate model for inputs: [  2.      3.5   300.      1.5     0.505]
[32] 2026-03-20 19:33:23,587 INFO [rank=32 host=n3005]: starting climate model for inputs: [2.000e+00 3.125e+00 4.000e+02 7.000e-01 1.000e-02]
[48] 2026-03-20 19:33:23,589 INFO [rank=48 host=n3006]: starting climate model for inputs: [  2.    3.5 200.    5.    1. ]
[143] 2026-03-20 19:33:23,589 INFO [rank=143 host=n3243]: starting climate model for inputs: [  2.    3.5 350.    0.7   1. ]
[145] 2026-03-20 19:33:23,589 INFO [rank=145 host=n3243]: starting climate model for inputs: [2.000e+00 3.500e+00 3.500e+02 1.000e+00 2.575e-01]
[17] 2026-03-20 19:33:23,588 INFO [rank=17 host=n3005]: starting climate model for inputs: [  2.       3.125  250.       6.       0.7525]
[114] 2026-03-20 19:33:23,589 INFO [rank=114 host=n3240]: starting climate model for inputs: [2.0e+00 3.5e+00 3.0e+02 4.0e+00 1.0e-02]
[78] 2026-03-20 19:33:23,589 INFO [rank=78 host=n3006]: starting climate model for inputs: [  2.       3.5    250.       5.       0.2575]
[148] 2026-03-20 19:33:23,590 INFO [rank=148 host=n3243]: starting climate model for inputs: [  2.    3.5 350.    1.    1. ]
[14] 2026-03-20 19:33:23,587 INFO [rank=14 host=n3005]: starting climate model for inputs: [  2.      3.125 250.      5.      0.505]
[73] 2026-03-20 19:33:23,589 INFO [rank=73 host=n3006]: starting climate model for inputs: [  2.       3.5    250.       4.       0.2575]
[116] 2026-03-20 19:33:23,589 INFO [rank=116 host=n3240]: starting climate model for inputs: [  2.       3.5    300.       4.       0.7525]
[64] 2026-03-20 19:33:23,589 INFO [rank=64 host=n3006]: starting climate model for inputs: [  2.       3.5    250.       2.       0.2575]
[152] 2026-03-20 19:33:23,590 INFO [rank=152 host=n3243]: starting climate model for inputs: [  2.       3.5    350.       1.5      0.7525]
[118] 2026-03-20 19:33:23,589 INFO [rank=118 host=n3240]: starting climate model for inputs: [2.0e+00 3.5e+00 3.0e+02 5.0e+00 1.0e-02]
[154] 2026-03-20 19:33:23,590 INFO [rank=154 host=n3243]: starting climate model for inputs: [2.0e+00 3.5e+00 3.5e+02 2.0e+00 1.0e-02]
[84] 2026-03-20 19:33:23,589 INFO [rank=84 host=n3240]: starting climate model for inputs: [  2.       3.5    250.       6.       0.7525]
[133] 2026-03-20 19:33:23,590 INFO [rank=133 host=n3243]: starting climate model for inputs: [  2.      3.5   300.     10.      0.505]
[112] 2026-03-20 19:33:23,589 INFO [rank=112 host=n3240]: starting climate model for inputs: [  2.       3.5    300.       3.       0.7525]
[83] 2026-03-20 19:33:23,589 INFO [rank=83 host=n3240]: starting climate model for inputs: [  2.      3.5   250.      6.      0.505]
[142] 2026-03-20 19:33:23,590 INFO [rank=142 host=n3243]: starting climate model for inputs: [  2.       3.5    350.       0.7      0.7525]
[50] 2026-03-20 19:33:23,591 INFO [rank=50 host=n3006]: starting climate model for inputs: [  2.       3.5    200.       6.       0.7525]
[117] 2026-03-20 19:33:23,589 INFO [rank=117 host=n3240]: starting climate model for inputs: [  2.    3.5 300.    4.    1. ]
[153] 2026-03-20 19:33:23,590 INFO [rank=153 host=n3243]: starting climate model for inputs: [  2.    3.5 350.    1.5   1. ]
[80] 2026-03-20 19:33:23,590 INFO [rank=80 host=n3240]: starting climate model for inputs: [  2.       3.5    250.       5.       0.7525]
[157] 2026-03-20 19:33:23,590 INFO [rank=157 host=n3243]: starting climate model for inputs: [  2.       3.5    350.       2.       0.7525]
[104] 2026-03-20 19:33:23,590 INFO [rank=104 host=n3240]: starting climate model for inputs: [2.0e+00 3.5e+00 3.0e+02 2.0e+00 1.0e-02]
[150] 2026-03-20 19:33:23,590 INFO [rank=150 host=n3243]: starting climate model for inputs: [2.000e+00 3.500e+00 3.500e+02 1.500e+00 2.575e-01]
[121] 2026-03-20 19:33:23,590 INFO [rank=121 host=n3243]: starting climate model for inputs: [  2.       3.5    300.       5.       0.7525]
[109] 2026-03-20 19:33:23,590 INFO [rank=109 host=n3240]: starting climate model for inputs: [2.0e+00 3.5e+00 3.0e+02 3.0e+00 1.0e-02]
[155] 2026-03-20 19:33:23,590 INFO [rank=155 host=n3243]: starting climate model for inputs: [2.000e+00 3.500e+00 3.500e+02 2.000e+00 2.575e-01]
[138] 2026-03-20 19:33:23,590 INFO [rank=138 host=n3243]: starting climate model for inputs: [2.0e+00 3.5e+00 3.5e+02 3.0e-01 1.0e+00]
[119] 2026-03-20 19:33:23,590 INFO [rank=119 host=n3240]: starting climate model for inputs: [2.000e+00 3.500e+00 3.000e+02 5.000e+00 2.575e-01]
[149] 2026-03-20 19:33:23,590 INFO [rank=149 host=n3243]: starting climate model for inputs: [2.0e+00 3.5e+00 3.5e+02 1.5e+00 1.0e-02]
[151] 2026-03-20 19:33:23,590 INFO [rank=151 host=n3243]: starting climate model for inputs: [  2.      3.5   350.      1.5     0.505]
[115] 2026-03-20 19:33:23,591 INFO [rank=115 host=n3240]: starting climate model for inputs: [2.000e+00 3.500e+00 3.000e+02 4.000e+00 2.575e-01]
[146] 2026-03-20 19:33:23,590 INFO [rank=146 host=n3243]: starting climate model for inputs: [  2.      3.5   350.      1.      0.505]
[158] 2026-03-20 19:33:23,590 INFO [rank=158 host=n3243]: starting climate model for inputs: [  2.    3.5 350.    2.    1. ]
[144] 2026-03-20 19:33:23,590 INFO [rank=144 host=n3243]: starting climate model for inputs: [2.0e+00 3.5e+00 3.5e+02 1.0e+00 1.0e-02]
[130] 2026-03-20 19:33:23,590 INFO [rank=130 host=n3243]: starting climate model for inputs: [  2.       3.5    300.       8.       0.7525]
[159] 2026-03-20 19:33:23,591 INFO [rank=159 host=n3243]: starting climate model for inputs: [2.0e+00 3.5e+00 3.5e+02 3.0e+00 1.0e-02]
[123] 2026-03-20 19:33:23,591 INFO [rank=123 host=n3243]: starting climate model for inputs: [2.0e+00 3.5e+00 3.0e+02 6.0e+00 1.0e-02]
[147] 2026-03-20 19:33:23,591 INFO [rank=147 host=n3243]: starting climate model for inputs: [  2.       3.5    350.       1.       0.7525]
[126] 2026-03-20 19:33:23,591 INFO [rank=126 host=n3243]: starting climate model for inputs: [  2.       3.5    300.       6.       0.7525]
[156] 2026-03-20 19:33:23,591 INFO [rank=156 host=n3243]: starting climate model for inputs: [  2.      3.5   350.      2.      0.505]
[56] 2026-03-20 19:33:23,637 INFO [rank=56 host=n3006]: Loading opacity table (first call in this process)...
[45] 2026-03-20 19:33:23,637 INFO [rank=45 host=n3006]: Loading opacity table (first call in this process)...
[61] 2026-03-20 19:33:23,638 INFO [rank=61 host=n3006]: Loading opacity table (first call in this process)...
[67] 2026-03-20 19:33:23,639 INFO [rank=67 host=n3006]: Loading opacity table (first call in this process)...
[84] 2026-03-20 19:33:23,641 INFO [rank=84 host=n3240]: Loading opacity table (first call in this process)...
[96] 2026-03-20 19:33:23,642 INFO [rank=96 host=n3240]: Loading opacity table (first call in this process)...
[40] 2026-03-20 19:33:23,641 INFO [rank=40 host=n3006]: Loading opacity table (first call in this process)...
[49] 2026-03-20 19:33:23,642 INFO [rank=49 host=n3006]: Loading opacity table (first call in this process)...
[57] 2026-03-20 19:33:23,641 INFO [rank=57 host=n3006]: Loading opacity table (first call in this process)...
[42] 2026-03-20 19:33:23,643 INFO [rank=42 host=n3006]: Loading opacity table (first call in this process)...
[52] 2026-03-20 19:33:23,644 INFO [rank=52 host=n3006]: Loading opacity table (first call in this process)...
[41] 2026-03-20 19:33:23,644 INFO [rank=41 host=n3006]: Loading opacity table (first call in this process)...
[89] 2026-03-20 19:33:23,643 INFO [rank=89 host=n3240]: Loading opacity table (first call in this process)...
[98] 2026-03-20 19:33:23,643 INFO [rank=98 host=n3240]: Loading opacity table (first call in this process)...
[118] 2026-03-20 19:33:23,644 INFO [rank=118 host=n3240]: Loading opacity table (first call in this process)...
[77] 2026-03-20 19:33:23,647 INFO [rank=77 host=n3006]: Loading opacity table (first call in this process)...
[80] 2026-03-20 19:33:23,647 INFO [rank=80 host=n3240]: Loading opacity table (first call in this process)...
[85] 2026-03-20 19:33:23,648 INFO [rank=85 host=n3240]: Loading opacity table (first call in this process)...
[88] 2026-03-20 19:33:23,649 INFO [rank=88 host=n3240]: Loading opacity table (first call in this process)...
[100] 2026-03-20 19:33:23,647 INFO [rank=100 host=n3240]: Loading opacity table (first call in this process)...
[108] 2026-03-20 19:33:23,649 INFO [rank=108 host=n3240]: Loading opacity table (first call in this process)...
[109] 2026-03-20 19:33:23,649 INFO [rank=109 host=n3240]: Loading opacity table (first call in this process)...
[112] 2026-03-20 19:33:23,650 INFO [rank=112 host=n3240]: Loading opacity table (first call in this process)...
[119] 2026-03-20 19:33:23,648 INFO [rank=119 host=n3240]: Loading opacity table (first call in this process)...
[79] 2026-03-20 19:33:23,653 INFO [rank=79 host=n3006]: Loading opacity table (first call in this process)...
[75] 2026-03-20 19:33:23,654 INFO [rank=75 host=n3006]: Loading opacity table (first call in this process)...
[64] 2026-03-20 19:33:23,654 INFO [rank=64 host=n3006]: Loading opacity table (first call in this process)...
[74] 2026-03-20 19:33:23,655 INFO [rank=74 host=n3006]: Loading opacity table (first call in this process)...
[68] 2026-03-20 19:33:23,655 INFO [rank=68 host=n3006]: Loading opacity table (first call in this process)...
[81] 2026-03-20 19:33:23,654 INFO [rank=81 host=n3240]: Loading opacity table (first call in this process)...
[110] 2026-03-20 19:33:23,654 INFO [rank=110 host=n3240]: Loading opacity table (first call in this process)...
[113] 2026-03-20 19:33:23,652 INFO [rank=113 host=n3240]: Loading opacity table (first call in this process)...
[116] 2026-03-20 19:33:23,652 INFO [rank=116 host=n3240]: Loading opacity table (first call in this process)...
[101] 2026-03-20 19:33:23,655 INFO [rank=101 host=n3240]: Loading opacity table (first call in this process)...
[43] 2026-03-20 19:33:23,656 INFO [rank=43 host=n3006]: Loading opacity table (first call in this process)...
[114] 2026-03-20 19:33:23,656 INFO [rank=114 host=n3240]: Loading opacity table (first call in this process)...
[66] 2026-03-20 19:33:23,656 INFO [rank=66 host=n3006]: Loading opacity table (first call in this process)...
[65] 2026-03-20 19:33:23,657 INFO [rank=65 host=n3006]: Loading opacity table (first call in this process)...
[54] 2026-03-20 19:33:23,658 INFO [rank=54 host=n3006]: Loading opacity table (first call in this process)...
[115] 2026-03-20 19:33:23,658 INFO [rank=115 host=n3240]: Loading opacity table (first call in this process)...
[63] 2026-03-20 19:33:23,658 INFO [rank=63 host=n3006]: Loading opacity table (first call in this process)...
[69] 2026-03-20 19:33:23,658 INFO [rank=69 host=n3006]: Loading opacity table (first call in this process)...
[70] 2026-03-20 19:33:23,658 INFO [rank=70 host=n3006]: Loading opacity table (first call in this process)...
[59] 2026-03-20 19:33:23,659 INFO [rank=59 host=n3006]: Loading opacity table (first call in this process)...
[58] 2026-03-20 19:33:23,659 INFO [rank=58 host=n3006]: Loading opacity table (first call in this process)...
[87] 2026-03-20 19:33:23,659 INFO [rank=87 host=n3240]: Loading opacity table (first call in this process)...
[47] 2026-03-20 19:33:23,659 INFO [rank=47 host=n3006]: Loading opacity table (first call in this process)...
[55] 2026-03-20 19:33:23,660 INFO [rank=55 host=n3006]: Loading opacity table (first call in this process)...
[92] 2026-03-20 19:33:23,660 INFO [rank=92 host=n3240]: Loading opacity table (first call in this process)...
[94] 2026-03-20 19:33:23,660 INFO [rank=94 host=n3240]: Loading opacity table (first call in this process)...
[76] 2026-03-20 19:33:23,660 INFO [rank=76 host=n3006]: Loading opacity table (first call in this process)...
[53] 2026-03-20 19:33:23,660 INFO [rank=53 host=n3006]: Loading opacity table (first call in this process)...
[103] 2026-03-20 19:33:23,660 INFO [rank=103 host=n3240]: Loading opacity table (first call in this process)...
[73] 2026-03-20 19:33:23,660 INFO [rank=73 host=n3006]: Loading opacity table (first call in this process)...
[97] 2026-03-20 19:33:23,660 INFO [rank=97 host=n3240]: Loading opacity table (first call in this process)...
[158] 2026-03-20 19:33:23,660 INFO [rank=158 host=n3243]: Loading opacity table (first call in this process)...
[117] 2026-03-20 19:33:23,660 INFO [rank=117 host=n3240]: Loading opacity table (first call in this process)...
[72] 2026-03-20 19:33:23,661 INFO [rank=72 host=n3006]: Loading opacity table (first call in this process)...
[99] 2026-03-20 19:33:23,661 INFO [rank=99 host=n3240]: Loading opacity table (first call in this process)...
[82] 2026-03-20 19:33:23,661 INFO [rank=82 host=n3240]: Loading opacity table (first call in this process)...
[60] 2026-03-20 19:33:23,662 INFO [rank=60 host=n3006]: Loading opacity table (first call in this process)...
[86] 2026-03-20 19:33:23,662 INFO [rank=86 host=n3240]: Loading opacity table (first call in this process)...
[104] 2026-03-20 19:33:23,662 INFO [rank=104 host=n3240]: Loading opacity table (first call in this process)...
[105] 2026-03-20 19:33:23,662 INFO [rank=105 host=n3240]: Loading opacity table (first call in this process)...
[111] 2026-03-20 19:33:23,662 INFO [rank=111 host=n3240]: Loading opacity table (first call in this process)...
[106] 2026-03-20 19:33:23,662 INFO [rank=106 host=n3240]: Loading opacity table (first call in this process)...
[95] 2026-03-20 19:33:23,663 INFO [rank=95 host=n3240]: Loading opacity table (first call in this process)...
[135] 2026-03-20 19:33:23,662 INFO [rank=135 host=n3243]: Loading opacity table (first call in this process)...
[62] 2026-03-20 19:33:23,663 INFO [rank=62 host=n3006]: Loading opacity table (first call in this process)...
[120] 2026-03-20 19:33:23,663 INFO [rank=120 host=n3243]: Loading opacity table (first call in this process)...
[46] 2026-03-20 19:33:23,663 INFO [rank=46 host=n3006]: Loading opacity table (first call in this process)...
[48] 2026-03-20 19:33:23,663 INFO [rank=48 host=n3006]: Loading opacity table (first call in this process)...
[83] 2026-03-20 19:33:23,663 INFO [rank=83 host=n3240]: Loading opacity table (first call in this process)...
[93] 2026-03-20 19:33:23,663 INFO [rank=93 host=n3240]: Loading opacity table (first call in this process)...
[102] 2026-03-20 19:33:23,664 INFO [rank=102 host=n3240]: Loading opacity table (first call in this process)...
[44] 2026-03-20 19:33:23,664 INFO [rank=44 host=n3006]: Loading opacity table (first call in this process)...
[78] 2026-03-20 19:33:23,665 INFO [rank=78 host=n3006]: Loading opacity table (first call in this process)...
[146] 2026-03-20 19:33:23,664 INFO [rank=146 host=n3243]: Loading opacity table (first call in this process)...
[3] 2026-03-20 19:33:23,664 INFO [rank=3 host=n3005]: Loading opacity table (first call in this process)...
[9] 2026-03-20 19:33:23,664 INFO [rank=9 host=n3005]: Loading opacity table (first call in this process)...
[17] 2026-03-20 19:33:23,664 INFO [rank=17 host=n3005]: Loading opacity table (first call in this process)...
[37] 2026-03-20 19:33:23,664 INFO [rank=37 host=n3005]: Loading opacity table (first call in this process)...
[107] 2026-03-20 19:33:23,665 INFO [rank=107 host=n3240]: Loading opacity table (first call in this process)...
[71] 2026-03-20 19:33:23,665 INFO [rank=71 host=n3006]: Loading opacity table (first call in this process)...
[1] 2026-03-20 19:33:23,666 INFO [rank=1 host=n3005]: Loading opacity table (first call in this process)...
[18] 2026-03-20 19:33:23,666 INFO [rank=18 host=n3005]: Loading opacity table (first call in this process)...
[20] 2026-03-20 19:33:23,665 INFO [rank=20 host=n3005]: Loading opacity table (first call in this process)...
[22] 2026-03-20 19:33:23,666 INFO [rank=22 host=n3005]: Loading opacity table (first call in this process)...
[27] 2026-03-20 19:33:23,666 INFO [rank=27 host=n3005]: Loading opacity table (first call in this process)...
[39] 2026-03-20 19:33:23,666 INFO [rank=39 host=n3005]: Loading opacity table (first call in this process)...
[2] 2026-03-20 19:33:23,666 INFO [rank=2 host=n3005]: Loading opacity table (first call in this process)...
[25] 2026-03-20 19:33:23,666 INFO [rank=25 host=n3005]: Loading opacity table (first call in this process)...
[151] 2026-03-20 19:33:23,667 INFO [rank=151 host=n3243]: Loading opacity table (first call in this process)...
[11] 2026-03-20 19:33:23,667 INFO [rank=11 host=n3005]: Loading opacity table (first call in this process)...
[33] 2026-03-20 19:33:23,667 INFO [rank=33 host=n3005]: Loading opacity table (first call in this process)...
[21] 2026-03-20 19:33:23,667 INFO [rank=21 host=n3005]: Loading opacity table (first call in this process)...
[91] 2026-03-20 19:33:23,667 INFO [rank=91 host=n3240]: Loading opacity table (first call in this process)...
[155] 2026-03-20 19:33:23,667 INFO [rank=155 host=n3243]: Loading opacity table (first call in this process)...
[38] 2026-03-20 19:33:23,667 INFO [rank=38 host=n3005]: Loading opacity table (first call in this process)...
[14] 2026-03-20 19:33:23,667 INFO [rank=14 host=n3005]: Loading opacity table (first call in this process)...
[153] 2026-03-20 19:33:23,668 INFO [rank=153 host=n3243]: Loading opacity table (first call in this process)...
[149] 2026-03-20 19:33:23,668 INFO [rank=149 host=n3243]: Loading opacity table (first call in this process)...
[13] 2026-03-20 19:33:23,669 INFO [rank=13 host=n3005]: Loading opacity table (first call in this process)...
[138] 2026-03-20 19:33:23,669 INFO [rank=138 host=n3243]: Loading opacity table (first call in this process)...
[51] 2026-03-20 19:33:23,670 INFO [rank=51 host=n3006]: Loading opacity table (first call in this process)...
[90] 2026-03-20 19:33:23,671 INFO [rank=90 host=n3240]: Loading opacity table (first call in this process)...
[6] 2026-03-20 19:33:23,671 INFO [rank=6 host=n3005]: Loading opacity table (first call in this process)...
[133] 2026-03-20 19:33:23,670 INFO [rank=133 host=n3243]: Loading opacity table (first call in this process)...
[150] 2026-03-20 19:33:23,670 INFO [rank=150 host=n3243]: Loading opacity table (first call in this process)...
[157] 2026-03-20 19:33:23,671 INFO [rank=157 host=n3243]: Loading opacity table (first call in this process)...
[154] 2026-03-20 19:33:23,672 INFO [rank=154 host=n3243]: Loading opacity table (first call in this process)...
[50] 2026-03-20 19:33:23,672 INFO [rank=50 host=n3006]: Loading opacity table (first call in this process)...
[128] 2026-03-20 19:33:23,673 INFO [rank=128 host=n3243]: Loading opacity table (first call in this process)...
[141] 2026-03-20 19:33:23,674 INFO [rank=141 host=n3243]: Loading opacity table (first call in this process)...
[152] 2026-03-20 19:33:23,676 INFO [rank=152 host=n3243]: Loading opacity table (first call in this process)...
[134] 2026-03-20 19:33:23,677 INFO [rank=134 host=n3243]: Loading opacity table (first call in this process)...
[4] 2026-03-20 19:33:23,677 INFO [rank=4 host=n3005]: Loading opacity table (first call in this process)...
[129] 2026-03-20 19:33:23,677 INFO [rank=129 host=n3243]: Loading opacity table (first call in this process)...
[121] 2026-03-20 19:33:23,677 INFO [rank=121 host=n3243]: Loading opacity table (first call in this process)...
[137] 2026-03-20 19:33:23,678 INFO [rank=137 host=n3243]: Loading opacity table (first call in this process)...
[132] 2026-03-20 19:33:23,678 INFO [rank=132 host=n3243]: Loading opacity table (first call in this process)...
[34] 2026-03-20 19:33:23,678 INFO [rank=34 host=n3005]: Loading opacity table (first call in this process)...
[140] 2026-03-20 19:33:23,678 INFO [rank=140 host=n3243]: Loading opacity table (first call in this process)...
[127] 2026-03-20 19:33:23,678 INFO [rank=127 host=n3243]: Loading opacity table (first call in this process)...
[125] 2026-03-20 19:33:23,678 INFO [rank=125 host=n3243]: Loading opacity table (first call in this process)...
[136] 2026-03-20 19:33:23,679 INFO [rank=136 host=n3243]: Loading opacity table (first call in this process)...
[32] 2026-03-20 19:33:23,679 INFO [rank=32 host=n3005]: Loading opacity table (first call in this process)...
[139] 2026-03-20 19:33:23,679 INFO [rank=139 host=n3243]: Loading opacity table (first call in this process)...
[15] 2026-03-20 19:33:23,679 INFO [rank=15 host=n3005]: Loading opacity table (first call in this process)...
[143] 2026-03-20 19:33:23,680 INFO [rank=143 host=n3243]: Loading opacity table (first call in this process)...
[148] 2026-03-20 19:33:23,680 INFO [rank=148 host=n3243]: Loading opacity table (first call in this process)...
[35] 2026-03-20 19:33:23,680 INFO [rank=35 host=n3005]: Loading opacity table (first call in this process)...
[131] 2026-03-20 19:33:23,680 INFO [rank=131 host=n3243]: Loading opacity table (first call in this process)...
[16] 2026-03-20 19:33:23,680 INFO [rank=16 host=n3005]: Loading opacity table (first call in this process)...
[5] 2026-03-20 19:33:23,680 INFO [rank=5 host=n3005]: Loading opacity table (first call in this process)...
[28] 2026-03-20 19:33:23,681 INFO [rank=28 host=n3005]: Loading opacity table (first call in this process)...
[159] 2026-03-20 19:33:23,681 INFO [rank=159 host=n3243]: Loading opacity table (first call in this process)...
[122] 2026-03-20 19:33:23,681 INFO [rank=122 host=n3243]: Loading opacity table (first call in this process)...
[26] 2026-03-20 19:33:23,681 INFO [rank=26 host=n3005]: Loading opacity table (first call in this process)...
[156] 2026-03-20 19:33:23,681 INFO [rank=156 host=n3243]: Loading opacity table (first call in this process)...
[124] 2026-03-20 19:33:23,681 INFO [rank=124 host=n3243]: Loading opacity table (first call in this process)...
[31] 2026-03-20 19:33:23,681 INFO [rank=31 host=n3005]: Loading opacity table (first call in this process)...
[147] 2026-03-20 19:33:23,681 INFO [rank=147 host=n3243]: Loading opacity table (first call in this process)...
[29] 2026-03-20 19:33:23,682 INFO [rank=29 host=n3005]: Loading opacity table (first call in this process)...
[7] 2026-03-20 19:33:23,682 INFO [rank=7 host=n3005]: Loading opacity table (first call in this process)...
[19] 2026-03-20 19:33:23,682 INFO [rank=19 host=n3005]: Loading opacity table (first call in this process)...
[126] 2026-03-20 19:33:23,682 INFO [rank=126 host=n3243]: Loading opacity table (first call in this process)...
[8] 2026-03-20 19:33:23,682 INFO [rank=8 host=n3005]: Loading opacity table (first call in this process)...
[24] 2026-03-20 19:33:23,682 INFO [rank=24 host=n3005]: Loading opacity table (first call in this process)...
[12] 2026-03-20 19:33:23,682 INFO [rank=12 host=n3005]: Loading opacity table (first call in this process)...
[123] 2026-03-20 19:33:23,683 INFO [rank=123 host=n3243]: Loading opacity table (first call in this process)...
[144] 2026-03-20 19:33:23,683 INFO [rank=144 host=n3243]: Loading opacity table (first call in this process)...
[36] 2026-03-20 19:33:23,683 INFO [rank=36 host=n3005]: Loading opacity table (first call in this process)...
[145] 2026-03-20 19:33:23,683 INFO [rank=145 host=n3243]: Loading opacity table (first call in this process)...
[30] 2026-03-20 19:33:23,683 INFO [rank=30 host=n3005]: Loading opacity table (first call in this process)...
[142] 2026-03-20 19:33:23,683 INFO [rank=142 host=n3243]: Loading opacity table (first call in this process)...
[23] 2026-03-20 19:33:23,683 INFO [rank=23 host=n3005]: Loading opacity table (first call in this process)...
[10] 2026-03-20 19:33:23,699 INFO [rank=10 host=n3005]: Loading opacity table (first call in this process)...
[130] 2026-03-20 19:33:23,708 INFO [rank=130 host=n3243]: Loading opacity table (first call in this process)...
[132] An exception was raised in PICASO_PT_Planet: ZeroDivisionError: division by zero
[132] 2026-03-20 20:59:56,676 INFO [rank=132 host=n3243]: starting climate model for inputs: [2.000e+00 3.500e+00 3.500e+02 3.000e+00 2.575e-01]
[132] 2026-03-20 20:59:56,721 INFO [rank=132 host=n3243]: Loading opacity table (first call in this process)...
[136] 2026-03-20 21:02:52,231 INFO [rank=136 host=n3243]: starting climate model for inputs: [  2.      3.5   350.      3.      0.505]
[136] 2026-03-20 21:02:52,272 INFO [rank=136 host=n3243]: Loading opacity table (first call in this process)...
[137] 2026-03-20 21:06:42,317 INFO [rank=137 host=n3243]: starting climate model for inputs: [  2.       3.5    350.       3.       0.7525]
[137] 2026-03-20 21:06:42,360 INFO [rank=137 host=n3243]: Loading opacity table (first call in this process)...
[138] 2026-03-20 21:14:09,645 INFO [rank=138 host=n3243]: starting climate model for inputs: [  2.    3.5 350.    3.    1. ]
[138] 2026-03-20 21:14:09,688 INFO [rank=138 host=n3243]: Loading opacity table (first call in this process)...
[143] 2026-03-20 21:28:29,711 INFO [rank=143 host=n3243]: starting climate model for inputs: [2.0e+00 3.5e+00 3.5e+02 4.0e+00 1.0e-02]
[143] 2026-03-20 21:28:29,752 INFO [rank=143 host=n3243]: Loading opacity table (first call in this process)...
[148] 2026-03-20 21:38:23,173 INFO [rank=148 host=n3243]: starting climate model for inputs: [2.000e+00 3.500e+00 3.500e+02 4.000e+00 2.575e-01]
[148] 2026-03-20 21:38:23,220 INFO [rank=148 host=n3243]: Loading opacity table (first call in this process)...
[147] 2026-03-20 21:42:58,520 INFO [rank=147 host=n3243]: starting climate model for inputs: [  2.      3.5   350.      4.      0.505]
[147] 2026-03-20 21:42:58,563 INFO [rank=147 host=n3243]: Loading opacity table (first call in this process)...
[153] 2026-03-20 21:45:25,869 INFO [rank=153 host=n3243]: starting climate model for inputs: [  2.       3.5    350.       4.       0.7525]
[153] 2026-03-20 21:45:25,912 INFO [rank=153 host=n3243]: Loading opacity table (first call in this process)...
[142] 2026-03-20 21:45:28,240 INFO [rank=142 host=n3243]: starting climate model for inputs: [  2.    3.5 350.    4.    1. ]
[142] 2026-03-20 21:45:28,296 INFO [rank=142 host=n3243]: Loading opacity table (first call in this process)...
[158] 2026-03-20 21:52:18,251 INFO [rank=158 host=n3243]: starting climate model for inputs: [2.0e+00 3.5e+00 3.5e+02 5.0e+00 1.0e-02]
[158] 2026-03-20 21:52:18,293 INFO [rank=158 host=n3243]: Loading opacity table (first call in this process)...
[152] 2026-03-20 21:54:32,751 INFO [rank=152 host=n3243]: starting climate model for inputs: [2.000e+00 3.500e+00 3.500e+02 5.000e+00 2.575e-01]
[152] 2026-03-20 21:54:32,792 INFO [rank=152 host=n3243]: Loading opacity table (first call in this process)...
[103] 2026-03-20 21:55:25,451 INFO [rank=103 host=n3240]: starting climate model for inputs: [  2.      3.5   350.      5.      0.505]
[103] 2026-03-20 21:55:25,502 INFO [rank=103 host=n3240]: Loading opacity table (first call in this process)...
[127] An exception was raised in PICASO_PT_Planet: ZeroDivisionError: division by zero
[127] 2026-03-20 22:01:23,588 INFO [rank=127 host=n3243]: starting climate model for inputs: [  2.       3.5    350.       5.       0.7525]
[127] 2026-03-20 22:01:23,634 INFO [rank=127 host=n3243]: Loading opacity table (first call in this process)...
[108] 2026-03-20 22:09:36,236 INFO [rank=108 host=n3240]: starting climate model for inputs: [  2.    3.5 350.    5.    1. ]
[108] 2026-03-20 22:09:36,280 INFO [rank=108 host=n3240]: Loading opacity table (first call in this process)...
[131] 2026-03-20 22:21:49,962 INFO [rank=131 host=n3243]: starting climate model for inputs: [2.0e+00 3.5e+00 3.5e+02 6.0e+00 1.0e-02]
[131] 2026-03-20 22:21:50,008 INFO [rank=131 host=n3243]: Loading opacity table (first call in this process)...
[116] 2026-03-20 22:22:44,073 INFO [rank=116 host=n3240]: starting climate model for inputs: [2.000e+00 3.500e+00 3.500e+02 6.000e+00 2.575e-01]
[116] 2026-03-20 22:22:44,115 INFO [rank=116 host=n3240]: Loading opacity table (first call in this process)...
[107] 2026-03-20 22:24:45,557 INFO [rank=107 host=n3240]: starting climate model for inputs: [  2.      3.5   350.      6.      0.505]
[107] 2026-03-20 22:24:45,605 INFO [rank=107 host=n3240]: Loading opacity table (first call in this process)...
[128] An exception was raised in PICASO_PT_Planet: ZeroDivisionError: division by zero
[128] 2026-03-20 22:30:00,974 INFO [rank=128 host=n3243]: starting climate model for inputs: [  2.       3.5    350.       6.       0.7525]
[128] 2026-03-20 22:30:01,017 INFO [rank=128 host=n3243]: Loading opacity table (first call in this process)...
[129] An exception was raised in PICASO_PT_Planet: ZeroDivisionError: division by zero
[129] 2026-03-20 22:42:23,114 INFO [rank=129 host=n3243]: starting climate model for inputs: [  2.    3.5 350.    6.    1. ]
[129] 2026-03-20 22:42:23,156 INFO [rank=129 host=n3243]: Loading opacity table (first call in this process)...
[112] 2026-03-20 22:45:15,253 INFO [rank=112 host=n3240]: starting climate model for inputs: [2.0e+00 3.5e+00 3.5e+02 8.0e+00 1.0e-02]
[112] 2026-03-20 22:45:15,299 INFO [rank=112 host=n3240]: Loading opacity table (first call in this process)...
[157] 2026-03-20 23:09:01,672 INFO [rank=157 host=n3243]: starting climate model for inputs: [2.000e+00 3.500e+00 3.500e+02 8.000e+00 2.575e-01]
[157] 2026-03-20 23:09:01,715 INFO [rank=157 host=n3243]: Loading opacity table (first call in this process)...
[113] 2026-03-20 23:11:11,471 INFO [rank=113 host=n3240]: starting climate model for inputs: [  2.      3.5   350.      8.      0.505]
[113] 2026-03-20 23:11:11,517 INFO [rank=113 host=n3240]: Loading opacity table (first call in this process)...
[117] 2026-03-20 23:26:38,794 INFO [rank=117 host=n3240]: starting climate model for inputs: [  2.       3.5    350.       8.       0.7525]
[117] 2026-03-20 23:26:38,841 INFO [rank=117 host=n3240]: Loading opacity table (first call in this process)...
[98] An exception was raised in PICASO_PT_Planet: ZeroDivisionError: division by zero
[98] 2026-03-20 23:27:55,634 INFO [rank=98 host=n3240]: starting climate model for inputs: [  2.    3.5 350.    8.    1. ]
[98] 2026-03-20 23:27:55,681 INFO [rank=98 host=n3240]: Loading opacity table (first call in this process)...
[121] 2026-03-20 23:38:55,281 INFO [rank=121 host=n3243]: starting climate model for inputs: [2.0e+00 3.5e+00 3.5e+02 1.0e+01 1.0e-02]
[121] 2026-03-20 23:38:55,325 INFO [rank=121 host=n3243]: Loading opacity table (first call in this process)...
[138] 2026-03-20 23:43:27,681 INFO [rank=138 host=n3243]: starting climate model for inputs: [2.000e+00 3.500e+00 3.500e+02 1.000e+01 2.575e-01]
[138] 2026-03-20 23:43:27,723 INFO [rank=138 host=n3243]: Loading opacity table (first call in this process)...
[130] 2026-03-20 23:47:49,005 INFO [rank=130 host=n3243]: starting climate model for inputs: [  2.      3.5   350.     10.      0.505]
[130] 2026-03-20 23:47:49,050 INFO [rank=130 host=n3243]: Loading opacity table (first call in this process)...
[137] 2026-03-21 00:06:23,270 INFO [rank=137 host=n3243]: starting climate model for inputs: [  2.       3.5    350.      10.       0.7525]
[137] 2026-03-21 00:06:23,314 INFO [rank=137 host=n3243]: Loading opacity table (first call in this process)...
[126] 2026-03-21 00:22:20,155 INFO [rank=126 host=n3243]: starting climate model for inputs: [  2.    3.5 350.   10.    1. ]
[126] 2026-03-21 00:22:20,234 INFO [rank=126 host=n3243]: Loading opacity table (first call in this process)...
[82] An exception was raised in PICASO_PT_Planet: ZeroDivisionError: division by zero
[82] 2026-03-21 00:22:32,355 INFO [rank=82 host=n3240]: starting climate model for inputs: [2.0e+00 3.5e+00 4.0e+02 3.0e-01 1.0e-02]
[82] 2026-03-21 00:22:32,398 INFO [rank=82 host=n3240]: Loading opacity table (first call in this process)...
[90] An exception was raised in PICASO_PT_Planet: ZeroDivisionError: division by zero
[90] 2026-03-21 00:26:29,933 INFO [rank=90 host=n3240]: starting climate model for inputs: [2.000e+00 3.500e+00 4.000e+02 3.000e-01 2.575e-01]
[90] 2026-03-21 00:26:29,974 INFO [rank=90 host=n3240]: Loading opacity table (first call in this process)...
[122] 2026-03-21 00:49:49,190 INFO [rank=122 host=n3243]: Loading opacity table (first call in this process)...
[97] 2026-03-21 01:00:39,094 INFO [rank=97 host=n3240]: starting climate model for inputs: [2.00e+00 3.50e+00 4.00e+02 3.00e-01 5.05e-01]
[97] 2026-03-21 01:00:39,138 INFO [rank=97 host=n3240]: Loading opacity table (first call in this process)...
[142] 2026-03-21 01:31:12,448 INFO [rank=142 host=n3243]: starting climate model for inputs: [2.000e+00 3.500e+00 4.000e+02 3.000e-01 7.525e-01]
[142] 2026-03-21 01:31:12,490 INFO [rank=142 host=n3243]: Loading opacity table (first call in this process)...
[85] An exception was raised in PICASO_PT_Planet: ZeroDivisionError: division by zero
[85] 2026-03-21 01:45:41,804 INFO [rank=85 host=n3240]: starting climate model for inputs: [2.0e+00 3.5e+00 4.0e+02 3.0e-01 1.0e+00]
[85] 2026-03-21 01:45:41,847 INFO [rank=85 host=n3240]: Loading opacity table (first call in this process)...
[153] 2026-03-21 01:59:26,180 INFO [rank=153 host=n3243]: starting climate model for inputs: [2.0e+00 3.5e+00 4.0e+02 7.0e-01 1.0e-02]
[153] 2026-03-21 01:59:26,222 INFO [rank=153 host=n3243]: Loading opacity table (first call in this process)...
[128] 2026-03-21 02:00:39,988 INFO [rank=128 host=n3243]: starting climate model for inputs: [2.000e+00 3.500e+00 4.000e+02 7.000e-01 2.575e-01]
[128] 2026-03-21 02:00:40,033 INFO [rank=128 host=n3243]: Loading opacity table (first call in this process)...
[82] 2026-03-21 02:02:48,708 INFO [rank=82 host=n3240]: starting climate model for inputs: [  2.      3.5   400.      0.7     0.505]
[82] 2026-03-21 02:02:48,750 INFO [rank=82 host=n3240]: Loading opacity table (first call in this process)...
[90] 2026-03-21 02:02:55,722 INFO [rank=90 host=n3240]: starting climate model for inputs: [  2.       3.5    400.       0.7      0.7525]
[90] 2026-03-21 02:02:55,764 INFO [rank=90 host=n3240]: Loading opacity table (first call in this process)...
[108] 2026-03-21 02:19:47,989 INFO [rank=108 host=n3240]: starting climate model for inputs: [  2.    3.5 400.    0.7   1. ]
[108] 2026-03-21 02:19:48,032 INFO [rank=108 host=n3240]: Loading opacity table (first call in this process)...
[127] 2026-03-21 02:22:18,576 INFO [rank=127 host=n3243]: starting climate model for inputs: [2.0e+00 3.5e+00 4.0e+02 1.0e+00 1.0e-02]
[127] 2026-03-21 02:22:18,621 INFO [rank=127 host=n3243]: Loading opacity table (first call in this process)...
[133] An exception was raised in PICASO_PT_Planet: ZeroDivisionError: division by zero
[133] 2026-03-21 02:22:40,593 INFO [rank=133 host=n3243]: starting climate model for inputs: [2.000e+00 3.500e+00 4.000e+02 1.000e+00 2.575e-01]
[133] 2026-03-21 02:22:40,639 INFO [rank=133 host=n3243]: Loading opacity table (first call in this process)...
[93] An exception was raised in PICASO_PT_Planet: ZeroDivisionError: division by zero
[93] 2026-03-21 02:27:46,628 INFO [rank=93 host=n3240]: starting climate model for inputs: [  2.      3.5   400.      1.      0.505]
[93] 2026-03-21 02:27:46,677 INFO [rank=93 host=n3240]: Loading opacity table (first call in this process)...
[78] An exception was raised in PICASO_PT_Planet: ZeroDivisionError: division by zero
[78] 2026-03-21 02:43:09,401 INFO [rank=78 host=n3006]: starting climate model for inputs: [  2.       3.5    400.       1.       0.7525]
[78] 2026-03-21 02:43:09,447 INFO [rank=78 host=n3006]: Loading opacity table (first call in this process)...
[97] 2026-03-21 02:45:26,643 INFO [rank=97 host=n3240]: starting climate model for inputs: [  2.    3.5 400.    1.    1. ]
[97] 2026-03-21 02:45:26,686 INFO [rank=97 host=n3240]: Loading opacity table (first call in this process)...
[115] 2026-03-21 02:47:39,024 INFO [rank=115 host=n3240]: starting climate model for inputs: [2.0e+00 3.5e+00 4.0e+02 1.5e+00 1.0e-02]
[115] 2026-03-21 02:47:39,068 INFO [rank=115 host=n3240]: Loading opacity table (first call in this process)...
[129] 2026-03-21 02:51:59,938 INFO [rank=129 host=n3243]: starting climate model for inputs: [2.000e+00 3.500e+00 4.000e+02 1.500e+00 2.575e-01]
[129] 2026-03-21 02:51:59,980 INFO [rank=129 host=n3243]: Loading opacity table (first call in this process)...
[77] 2026-03-21 02:54:42,043 INFO [rank=77 host=n3006]: starting climate model for inputs: [  2.      3.5   400.      1.5     0.505]
[77] 2026-03-21 02:54:42,087 INFO [rank=77 host=n3006]: Loading opacity table (first call in this process)...
[73] 2026-03-21 03:04:30,318 INFO [rank=73 host=n3006]: starting climate model for inputs: [  2.       3.5    400.       1.5      0.7525]
[73] 2026-03-21 03:04:30,365 INFO [rank=73 host=n3006]: Loading opacity table (first call in this process)...
[49] 2026-03-21 03:07:44,466 INFO [rank=49 host=n3006]: starting climate model for inputs: [  2.    3.5 400.    1.5   1. ]
[49] 2026-03-21 03:07:44,508 INFO [rank=49 host=n3006]: Loading opacity table (first call in this process)...
[142] 2026-03-21 03:16:00,394 INFO [rank=142 host=n3243]: starting climate model for inputs: [2.0e+00 3.5e+00 4.0e+02 2.0e+00 1.0e-02]
[142] 2026-03-21 03:16:00,435 INFO [rank=142 host=n3243]: Loading opacity table (first call in this process)...
[25] 2026-03-21 03:17:23,961 INFO [rank=25 host=n3005]: Loading opacity table (first call in this process)...
[98] 2026-03-21 03:17:39,666 INFO [rank=98 host=n3240]: starting climate model for inputs: [2.000e+00 3.500e+00 4.000e+02 2.000e+00 2.575e-01]
[98] 2026-03-21 03:17:39,711 INFO [rank=98 host=n3240]: Loading opacity table (first call in this process)...
[85] 2026-03-21 03:28:29,159 INFO [rank=85 host=n3240]: starting climate model for inputs: [  2.      3.5   400.      2.      0.505]
[85] 2026-03-21 03:28:29,204 INFO [rank=85 host=n3240]: Loading opacity table (first call in this process)...
[64] 2026-03-21 03:28:45,496 INFO [rank=64 host=n3006]: starting climate model for inputs: [  2.       3.5    400.       2.       0.7525]
[64] 2026-03-21 03:28:45,541 INFO [rank=64 host=n3006]: Loading opacity table (first call in this process)...
[118] 2026-03-21 03:29:43,060 INFO [rank=118 host=n3240]: starting climate model for inputs: [  2.    3.5 400.    2.    1. ]
[118] 2026-03-21 03:29:43,109 INFO [rank=118 host=n3240]: Loading opacity table (first call in this process)...
[79] An exception was raised in PICASO_PT_Planet: ZeroDivisionError: division by zero
[79] 2026-03-21 03:36:46,881 INFO [rank=79 host=n3006]: starting climate model for inputs: [2.0e+00 3.5e+00 4.0e+02 3.0e+00 1.0e-02]
[79] 2026-03-21 03:36:46,924 INFO [rank=79 host=n3006]: Loading opacity table (first call in this process)...
[146] 2026-03-21 03:42:09,791 INFO [rank=146 host=n3243]: starting climate model for inputs: [2.000e+00 3.500e+00 4.000e+02 3.000e+00 2.575e-01]
[146] 2026-03-21 03:42:09,834 INFO [rank=146 host=n3243]: Loading opacity table (first call in this process)...
[35] 2026-03-21 03:44:06,342 INFO [rank=35 host=n3005]: Loading opacity table (first call in this process)...
[117] 2026-03-21 03:44:10,025 INFO [rank=117 host=n3240]: starting climate model for inputs: [  2.      3.5   400.      3.      0.505]
[117] 2026-03-21 03:44:10,069 INFO [rank=117 host=n3240]: Loading opacity table (first call in this process)...
[69] 2026-03-21 03:46:49,831 INFO [rank=69 host=n3006]: starting climate model for inputs: [  2.       3.5    400.       3.       0.7525]
[69] 2026-03-21 03:46:49,877 INFO [rank=69 host=n3006]: Loading opacity table (first call in this process)...
[58] 2026-03-21 03:47:56,131 INFO [rank=58 host=n3006]: starting climate model for inputs: [  2.    3.5 400.    3.    1. ]
[58] 2026-03-21 03:47:56,174 INFO [rank=58 host=n3006]: Loading opacity table (first call in this process)...
[68] 2026-03-21 03:48:42,915 INFO [rank=68 host=n3006]: starting climate model for inputs: [2.0e+00 3.5e+00 4.0e+02 4.0e+00 1.0e-02]
[68] 2026-03-21 03:48:42,959 INFO [rank=68 host=n3006]: Loading opacity table (first call in this process)...
[114] 2026-03-21 03:50:42,929 INFO [rank=114 host=n3240]: starting climate model for inputs: [2.000e+00 3.500e+00 4.000e+02 4.000e+00 2.575e-01]
[114] 2026-03-21 03:50:42,977 INFO [rank=114 host=n3240]: Loading opacity table (first call in this process)...
[151] 2026-03-21 03:52:23,249 INFO [rank=151 host=n3243]: starting climate model for inputs: [  2.      3.5   400.      4.      0.505]
[151] 2026-03-21 03:52:23,291 INFO [rank=151 host=n3243]: Loading opacity table (first call in this process)...
[86] 2026-03-21 03:52:26,801 INFO [rank=86 host=n3240]: starting climate model for inputs: [  2.       3.5    400.       4.       0.7525]
[86] 2026-03-21 03:52:26,848 INFO [rank=86 host=n3240]: Loading opacity table (first call in this process)...
[109] 2026-03-21 03:55:39,610 INFO [rank=109 host=n3240]: starting climate model for inputs: [  2.    3.5 400.    4.    1. ]
[109] 2026-03-21 03:55:39,659 INFO [rank=109 host=n3240]: Loading opacity table (first call in this process)...
[61] 2026-03-21 04:04:07,877 INFO [rank=61 host=n3006]: starting climate model for inputs: [2.0e+00 3.5e+00 4.0e+02 5.0e+00 1.0e-02]
[61] 2026-03-21 04:04:07,922 INFO [rank=61 host=n3006]: Loading opacity table (first call in this process)...
[145] 2026-03-21 04:07:22,095 INFO [rank=145 host=n3243]: starting climate model for inputs: [2.000e+00 3.500e+00 4.000e+02 5.000e+00 2.575e-01]
[145] 2026-03-21 04:07:22,137 INFO [rank=145 host=n3243]: Loading opacity table (first call in this process)...
[102] 2026-03-21 04:10:43,697 INFO [rank=102 host=n3240]: starting climate model for inputs: [  2.      3.5   400.      5.      0.505]
[102] 2026-03-21 04:10:43,741 INFO [rank=102 host=n3240]: Loading opacity table (first call in this process)...
[90] 2026-03-21 04:12:15,882 INFO [rank=90 host=n3240]: starting climate model for inputs: [  2.       3.5    400.       5.       0.7525]
[90] 2026-03-21 04:12:15,926 INFO [rank=90 host=n3240]: Loading opacity table (first call in this process)...
[43] 2026-03-21 04:14:57,865 INFO [rank=43 host=n3006]: starting climate model for inputs: [  2.    3.5 400.    5.    1. ]
[43] 2026-03-21 04:14:57,910 INFO [rank=43 host=n3006]: Loading opacity table (first call in this process)...
[62] 2026-03-21 04:16:15,001 INFO [rank=62 host=n3006]: starting climate model for inputs: [2.0e+00 3.5e+00 4.0e+02 6.0e+00 1.0e-02]
[62] 2026-03-21 04:16:15,045 INFO [rank=62 host=n3006]: Loading opacity table (first call in this process)...
[81] An exception was raised in PICASO_PT_Planet: ZeroDivisionError: division by zero
[81] 2026-03-21 04:16:38,780 INFO [rank=81 host=n3240]: starting climate model for inputs: [2.000e+00 3.500e+00 4.000e+02 6.000e+00 2.575e-01]
[81] 2026-03-21 04:16:38,825 INFO [rank=81 host=n3240]: Loading opacity table (first call in this process)...
[108] 2026-03-21 04:18:39,342 INFO [rank=108 host=n3240]: starting climate model for inputs: [  2.      3.5   400.      6.      0.505]
[108] 2026-03-21 04:18:39,385 INFO [rank=108 host=n3240]: Loading opacity table (first call in this process)...
[63] 2026-03-21 04:27:31,267 INFO [rank=63 host=n3006]: starting climate model for inputs: [  2.       3.5    400.       6.       0.7525]
[63] 2026-03-21 04:27:31,315 INFO [rank=63 host=n3006]: Loading opacity table (first call in this process)...
[99] 2026-03-21 04:30:14,232 INFO [rank=99 host=n3240]: starting climate model for inputs: [  2.    3.5 400.    6.    1. ]
[99] 2026-03-21 04:30:14,325 INFO [rank=99 host=n3240]: Loading opacity table (first call in this process)...
[59] 2026-03-21 04:30:53,455 INFO [rank=59 host=n3006]: starting climate model for inputs: [2.0e+00 3.5e+00 4.0e+02 8.0e+00 1.0e-02]
[59] 2026-03-21 04:30:53,544 INFO [rank=59 host=n3006]: Loading opacity table (first call in this process)...
[123] 2026-03-21 04:31:20,412 INFO [rank=123 host=n3243]: starting climate model for inputs: [2.000e+00 3.500e+00 4.000e+02 8.000e+00 2.575e-01]
[123] 2026-03-21 04:31:20,505 INFO [rank=123 host=n3243]: Loading opacity table (first call in this process)...
[94] An exception was raised in PICASO_PT_Planet: ZeroDivisionError: division by zero
[94] 2026-03-21 04:35:04,999 INFO [rank=94 host=n3240]: starting climate model for inputs: [  2.      3.5   400.      8.      0.505]
[94] 2026-03-21 04:35:05,044 INFO [rank=94 host=n3240]: Loading opacity table (first call in this process)...
[65] 2026-03-21 04:40:03,384 INFO [rank=65 host=n3006]: starting climate model for inputs: [  2.       3.5    400.       8.       0.7525]
[65] 2026-03-21 04:40:03,429 INFO [rank=65 host=n3006]: Loading opacity table (first call in this process)...
[67] 2026-03-21 04:41:05,386 INFO [rank=67 host=n3006]: starting climate model for inputs: [  2.    3.5 400.    8.    1. ]
[67] 2026-03-21 04:41:05,431 INFO [rank=67 host=n3006]: Loading opacity table (first call in this process)...
[137] 2026-03-21 04:44:45,053 INFO [rank=137 host=n3243]: starting climate model for inputs: [2.0e+00 3.5e+00 4.0e+02 1.0e+01 1.0e-02]
[137] 2026-03-21 04:44:45,096 INFO [rank=137 host=n3243]: Loading opacity table (first call in this process)...
[141] 2026-03-21 04:45:44,422 INFO [rank=141 host=n3243]: starting climate model for inputs: [2.000e+00 3.500e+00 4.000e+02 1.000e+01 2.575e-01]
[141] 2026-03-21 04:45:44,468 INFO [rank=141 host=n3243]: Loading opacity table (first call in this process)...
[100] 2026-03-21 04:47:28,970 INFO [rank=100 host=n3240]: Loading opacity table (first call in this process)...
[97] 2026-03-21 04:48:02,597 INFO [rank=97 host=n3240]: starting climate model for inputs: [  2.      3.5   400.     10.      0.505]
[97] 2026-03-21 04:48:02,641 INFO [rank=97 host=n3240]: Loading opacity table (first call in this process)...
[42] 2026-03-21 04:50:02,180 INFO [rank=42 host=n3006]: starting climate model for inputs: [  2.       3.5    400.      10.       0.7525]
[42] 2026-03-21 04:50:02,221 INFO [rank=42 host=n3006]: Loading opacity table (first call in this process)...
[101] 2026-03-21 04:55:32,910 INFO [rank=101 host=n3240]: starting climate model for inputs: [  2.    3.5 400.   10.    1. ]
[101] 2026-03-21 04:55:32,962 INFO [rank=101 host=n3240]: Loading opacity table (first call in this process)...
[89] An exception was raised in PICASO_PT_Planet: ZeroDivisionError: division by zero
[111] 2026-03-21 05:16:56,293 INFO [rank=111 host=n3240]: Loading opacity table (first call in this process)...
[3] 2026-03-21 05:30:54,146 INFO [rank=3 host=n3005]: Loading opacity table (first call in this process)...
[36] 2026-03-21 06:28:03,690 INFO [rank=36 host=n3005]: Loading opacity table (first call in this process)...
[10] 2026-03-21 07:02:04,788 INFO [rank=10 host=n3005]: Loading opacity table (first call in this process)...
[84] 2026-03-21 07:07:27,087 INFO [rank=84 host=n3240]: Loading opacity table (first call in this process)...
[37] 2026-03-21 07:20:45,954 INFO [rank=37 host=n3005]: Loading opacity table (first call in this process)...
[2026-03-21T07:31:26.040] error: *** STEP 33975198.0 ON n3005 CANCELLED AT 2026-03-21T07:31:26 DUE TO TIME LIMIT ***
[2026-03-21T07:31:26.041] error: *** JOB 33975198 ON n3005 CANCELLED AT 2026-03-21T07:31:26 DUE TO TIME LIMIT ***
