[1] 2026-03-11 22:22:39,997 INFO [rank=1 host=n3240]: starting climate model for inputs: [  2.       2.75   100.      10.       0.7525]
[2] 2026-03-11 22:22:39,997 INFO [rank=2 host=n3240]: starting climate model for inputs: [2.00e+00 2.75e+00 2.00e+02 1.00e+01 1.00e-02]
[3] 2026-03-11 22:22:39,998 INFO [rank=3 host=n3240]: starting climate model for inputs: [2.00e+00 2.75e+00 3.50e+02 1.00e+01 1.00e-02]
[40] 2026-03-11 22:22:39,999 INFO [rank=40 host=n3243]: starting climate model for inputs: [2.000e+00 3.125e+00 4.000e+02 8.000e+00 2.575e-01]
[4] 2026-03-11 22:22:39,997 INFO [rank=4 host=n3240]: starting climate model for inputs: [  2.       3.125  200.       3.       0.2575]
[80] 2026-03-11 22:22:39,999 INFO [rank=80 host=n3301]: starting climate model for inputs: [2.0e+00 3.5e+00 5.0e+01 1.0e+01 1.0e-02]
[121] 2026-03-11 22:22:39,999 INFO [rank=121 host=n3303]: starting climate model for inputs: [  2.       3.5    150.       0.7      0.7525]
[5] 2026-03-11 22:22:39,998 INFO [rank=5 host=n3240]: starting climate model for inputs: [  2.      3.125 200.      6.      0.505]
[41] 2026-03-11 22:22:39,999 INFO [rank=41 host=n3243]: starting climate model for inputs: [  2.      3.125 400.      8.      1.   ]
[81] 2026-03-11 22:22:39,999 INFO [rank=81 host=n3301]: starting climate model for inputs: [ 2.      3.5    50.     10.      0.2575]
[122] 2026-03-11 22:22:39,999 INFO [rank=122 host=n3303]: starting climate model for inputs: [  2.    3.5 150.    0.7   1. ]
[6] 2026-03-11 22:22:39,997 INFO [rank=6 host=n3240]: starting climate model for inputs: [  2.       3.125  200.       6.       0.7525]
[42] 2026-03-11 22:22:39,998 INFO [rank=42 host=n3243]: starting climate model for inputs: [2.000e+00 3.125e+00 4.000e+02 1.000e+01 1.000e-02]
[82] 2026-03-11 22:22:39,999 INFO [rank=82 host=n3301]: starting climate model for inputs: [ 2.     3.5   50.    10.     0.505]
[123] 2026-03-11 22:22:39,999 INFO [rank=123 host=n3303]: starting climate model for inputs: [2.0e+00 3.5e+00 1.5e+02 1.0e+00 1.0e-02]
[7] 2026-03-11 22:22:39,997 INFO [rank=7 host=n3240]: starting climate model for inputs: [  2.      3.125 200.      6.      1.   ]
[43] 2026-03-11 22:22:39,999 INFO [rank=43 host=n3243]: starting climate model for inputs: [2.000e+00 3.125e+00 4.000e+02 1.000e+01 2.575e-01]
[83] 2026-03-11 22:22:39,999 INFO [rank=83 host=n3301]: starting climate model for inputs: [ 2.      3.5    50.     10.      0.7525]
[124] 2026-03-11 22:22:39,999 INFO [rank=124 host=n3303]: starting climate model for inputs: [  2.       3.5    150.       1.       0.2575]
[8] 2026-03-11 22:22:39,997 INFO [rank=8 host=n3240]: starting climate model for inputs: [  2.      3.125 200.      8.      0.505]
[44] 2026-03-11 22:22:39,998 INFO [rank=44 host=n3243]: starting climate model for inputs: [  2.      3.125 400.     10.      0.505]
[84] 2026-03-11 22:22:39,999 INFO [rank=84 host=n3301]: starting climate model for inputs: [ 2.   3.5 50.  10.   1. ]
[125] 2026-03-11 22:22:39,999 INFO [rank=125 host=n3303]: starting climate model for inputs: [  2.      3.5   150.      1.      0.505]
[9] 2026-03-11 22:22:39,997 INFO [rank=9 host=n3240]: starting climate model for inputs: [  2.      3.125 200.     10.      1.   ]
[45] 2026-03-11 22:22:39,998 INFO [rank=45 host=n3243]: starting climate model for inputs: [  2.       3.125  400.      10.       0.7525]
[85] 2026-03-11 22:22:39,999 INFO [rank=85 host=n3301]: starting climate model for inputs: [2.0e+00 3.5e+00 1.0e+02 7.0e-01 1.0e-02]
[126] 2026-03-11 22:22:40,000 INFO [rank=126 host=n3303]: starting climate model for inputs: [  2.       3.5    150.       1.       0.7525]
[10] 2026-03-11 22:22:39,998 INFO [rank=10 host=n3240]: starting climate model for inputs: [  2.       3.125  250.       3.       0.7525]
[11] 2026-03-11 22:22:39,998 INFO [rank=11 host=n3240]: starting climate model for inputs: [  2.      3.125 250.      3.      1.   ]
[46] 2026-03-11 22:22:39,998 INFO [rank=46 host=n3243]: starting climate model for inputs: [  2.      3.125 400.     10.      1.   ]
[87] 2026-03-11 22:22:39,999 INFO [rank=87 host=n3301]: starting climate model for inputs: [  2.      3.5   100.      0.7     0.505]
[129] 2026-03-11 22:22:39,999 INFO [rank=129 host=n3303]: starting climate model for inputs: [  2.       3.5    150.       1.5      0.2575]
[12] 2026-03-11 22:22:39,998 INFO [rank=12 host=n3240]: starting climate model for inputs: [  2.      3.125 250.      4.      0.505]
[15] 2026-03-11 22:22:39,998 INFO [rank=15 host=n3240]: starting climate model for inputs: [  2.      3.125 250.      5.      0.505]
[47] 2026-03-11 22:22:39,998 INFO [rank=47 host=n3243]: starting climate model for inputs: [ 2.      3.5    50.      0.7     0.2575]
[88] 2026-03-11 22:22:39,999 INFO [rank=88 host=n3301]: starting climate model for inputs: [  2.       3.5    100.       0.7      0.7525]
[130] 2026-03-11 22:22:39,999 INFO [rank=130 host=n3303]: starting climate model for inputs: [  2.      3.5   150.      1.5     0.505]
[48] 2026-03-11 22:22:39,999 INFO [rank=48 host=n3243]: starting climate model for inputs: [ 2.     3.5   50.     0.7    0.505]
[16] 2026-03-11 22:22:39,998 INFO [rank=16 host=n3240]: starting climate model for inputs: [  2.       3.125  250.       5.       0.7525]
[89] 2026-03-11 22:22:39,999 INFO [rank=89 host=n3301]: starting climate model for inputs: [  2.    3.5 100.    0.7   1. ]
[131] 2026-03-11 22:22:39,999 INFO [rank=131 host=n3303]: starting climate model for inputs: [  2.       3.5    150.       1.5      0.7525]
[49] 2026-03-11 22:22:39,998 INFO [rank=49 host=n3243]: starting climate model for inputs: [ 2.      3.5    50.      1.      0.2575]
[17] 2026-03-11 22:22:39,998 INFO [rank=17 host=n3240]: starting climate model for inputs: [  2.      3.125 250.      6.      0.505]
[50] 2026-03-11 22:22:39,999 INFO [rank=50 host=n3243]: starting climate model for inputs: [ 2.     3.5   50.     1.     0.505]
[90] 2026-03-11 22:22:39,999 INFO [rank=90 host=n3301]: starting climate model for inputs: [  2.       3.5    100.       1.       0.7525]
[132] 2026-03-11 22:22:39,999 INFO [rank=132 host=n3303]: starting climate model for inputs: [  2.    3.5 150.    1.5   1. ]
[91] 2026-03-11 22:22:39,999 INFO [rank=91 host=n3301]: starting climate model for inputs: [  2.    3.5 100.    1.    1. ]
[136] 2026-03-11 22:22:40,000 INFO [rank=136 host=n3303]: starting climate model for inputs: [  2.       3.5    150.       2.       0.7525]
[18] 2026-03-11 22:22:39,998 INFO [rank=18 host=n3240]: starting climate model for inputs: [  2.       3.125  250.       6.       0.7525]
[51] 2026-03-11 22:22:39,998 INFO [rank=51 host=n3243]: starting climate model for inputs: [ 2.      3.5    50.      1.      0.7525]
[93] 2026-03-11 22:22:39,999 INFO [rank=93 host=n3301]: starting climate model for inputs: [  2.    3.5 100.    1.5   1. ]
[137] 2026-03-11 22:22:40,000 INFO [rank=137 host=n3303]: starting climate model for inputs: [  2.    3.5 150.    2.    1. ]
[20] 2026-03-11 22:22:39,998 INFO [rank=20 host=n3240]: starting climate model for inputs: [  2.       3.125  250.       8.       0.7525]
[52] 2026-03-11 22:22:39,998 INFO [rank=52 host=n3243]: starting climate model for inputs: [ 2.   3.5 50.   1.   1. ]
[22] 2026-03-11 22:22:39,998 INFO [rank=22 host=n3240]: starting climate model for inputs: [  2.      3.125 250.     10.      0.505]
[54] 2026-03-11 22:22:39,998 INFO [rank=54 host=n3243]: starting climate model for inputs: [ 2.   3.5 50.   1.5  1. ]
[94] 2026-03-11 22:22:39,999 INFO [rank=94 host=n3301]: starting climate model for inputs: [  2.       3.5    100.       2.       0.7525]
[139] 2026-03-11 22:22:39,999 INFO [rank=139 host=n3303]: starting climate model for inputs: [  2.       3.5    150.       3.       0.2575]
[140] 2026-03-11 22:22:40,000 INFO [rank=140 host=n3303]: starting climate model for inputs: [  2.      3.5   150.      3.      0.505]
[23] 2026-03-11 22:22:39,998 INFO [rank=23 host=n3240]: starting climate model for inputs: [  2.       3.125  250.      10.       0.7525]
[55] 2026-03-11 22:22:39,998 INFO [rank=55 host=n3243]: starting climate model for inputs: [ 2.      3.5    50.      2.      0.7525]
[95] 2026-03-11 22:22:39,999 INFO [rank=95 host=n3301]: starting climate model for inputs: [  2.    3.5 100.    2.    1. ]
[142] 2026-03-11 22:22:40,000 INFO [rank=142 host=n3303]: starting climate model for inputs: [  2.    3.5 150.    3.    1. ]
[156] 2026-03-11 22:22:40,000 INFO [rank=156 host=n3303]: starting climate model for inputs: [  2.    3.5 150.    8.    1. ]
[28] 2026-03-11 22:22:39,998 INFO [rank=28 host=n3240]: starting climate model for inputs: [2.000e+00 3.125e+00 3.500e+02 7.000e-01 2.575e-01]
[56] 2026-03-11 22:22:39,998 INFO [rank=56 host=n3243]: starting climate model for inputs: [ 2.   3.5 50.   2.   1. ]
[96] 2026-03-11 22:22:39,999 INFO [rank=96 host=n3301]: starting climate model for inputs: [  2.       3.5    100.       3.       0.7525]
[120] 2026-03-11 22:22:40,000 INFO [rank=120 host=n3303]: starting climate model for inputs: [  2.      3.5   150.      0.7     0.505]
[29] 2026-03-11 22:22:39,998 INFO [rank=29 host=n3240]: starting climate model for inputs: [2.000e+00 3.125e+00 3.500e+02 1.000e+00 1.000e-02]
[30] 2026-03-11 22:22:39,998 INFO [rank=30 host=n3240]: starting climate model for inputs: [2.000e+00 3.125e+00 3.500e+02 1.500e+00 1.000e-02]
[57] 2026-03-11 22:22:39,998 INFO [rank=57 host=n3243]: starting climate model for inputs: [2.0e+00 3.5e+00 5.0e+01 3.0e+00 1.0e-02]
[97] 2026-03-11 22:22:39,999 INFO [rank=97 host=n3301]: starting climate model for inputs: [  2.    3.5 100.    3.    1. ]
[133] 2026-03-11 22:22:40,000 INFO [rank=133 host=n3303]: starting climate model for inputs: [2.0e+00 3.5e+00 1.5e+02 2.0e+00 1.0e-02]
[33] 2026-03-11 22:22:39,998 INFO [rank=33 host=n3240]: starting climate model for inputs: [2.000e+00 3.125e+00 4.000e+02 7.000e-01 1.000e-02]
[135] 2026-03-11 22:22:40,000 INFO [rank=135 host=n3303]: starting climate model for inputs: [  2.      3.5   150.      2.      0.505]
[36] 2026-03-11 22:22:39,998 INFO [rank=36 host=n3240]: starting climate model for inputs: [2.000e+00 3.125e+00 4.000e+02 5.000e+00 2.575e-01]
[58] 2026-03-11 22:22:39,998 INFO [rank=58 host=n3243]: starting climate model for inputs: [ 2.     3.5   50.     3.     0.505]
[98] 2026-03-11 22:22:39,999 INFO [rank=98 host=n3301]: starting climate model for inputs: [  2.       3.5    100.       4.       0.7525]
[39] 2026-03-11 22:22:39,998 INFO [rank=39 host=n3240]: starting climate model for inputs: [2.000e+00 3.125e+00 4.000e+02 8.000e+00 1.000e-02]
[59] 2026-03-11 22:22:39,999 INFO [rank=59 host=n3243]: starting climate model for inputs: [ 2.      3.5    50.      3.      0.7525]
[99] 2026-03-11 22:22:39,999 INFO [rank=99 host=n3301]: starting climate model for inputs: [  2.    3.5 100.    4.    1. ]
[141] 2026-03-11 22:22:40,000 INFO [rank=141 host=n3303]: starting climate model for inputs: [  2.       3.5    150.       3.       0.7525]
[61] 2026-03-11 22:22:39,998 INFO [rank=61 host=n3243]: starting climate model for inputs: [2.0e+00 3.5e+00 5.0e+01 4.0e+00 1.0e-02]
[100] 2026-03-11 22:22:39,999 INFO [rank=100 host=n3301]: starting climate model for inputs: [2.0e+00 3.5e+00 1.0e+02 5.0e+00 1.0e-02]
[145] 2026-03-11 22:22:40,000 INFO [rank=145 host=n3303]: starting climate model for inputs: [  2.       3.5    150.       4.       0.7525]
[62] 2026-03-11 22:22:39,999 INFO [rank=62 host=n3243]: starting climate model for inputs: [ 2.      3.5    50.      4.      0.2575]
[146] 2026-03-11 22:22:40,000 INFO [rank=146 host=n3303]: starting climate model for inputs: [  2.    3.5 150.    4.    1. ]
[101] 2026-03-11 22:22:39,999 INFO [rank=101 host=n3301]: starting climate model for inputs: [  2.       3.5    100.       5.       0.7525]
[149] 2026-03-11 22:22:40,000 INFO [rank=149 host=n3303]: starting climate model for inputs: [  2.       3.5    150.       5.       0.7525]
[14] 2026-03-11 22:22:39,998 INFO [rank=14 host=n3240]: starting climate model for inputs: [  2.      3.125 250.      4.      1.   ]
[63] 2026-03-11 22:22:39,998 INFO [rank=63 host=n3243]: starting climate model for inputs: [ 2.     3.5   50.     4.     0.505]
[152] 2026-03-11 22:22:40,000 INFO [rank=152 host=n3303]: starting climate model for inputs: [  2.      3.5   150.      6.      0.505]
[102] 2026-03-11 22:22:39,999 INFO [rank=102 host=n3301]: starting climate model for inputs: [  2.    3.5 100.    5.    1. ]
[154] 2026-03-11 22:22:40,000 INFO [rank=154 host=n3303]: starting climate model for inputs: [  2.    3.5 150.    6.    1. ]
[64] 2026-03-11 22:22:39,998 INFO [rank=64 host=n3243]: starting climate model for inputs: [ 2.      3.5    50.      4.      0.7525]
[157] 2026-03-11 22:22:40,000 INFO [rank=157 host=n3303]: starting climate model for inputs: [2.0e+00 3.5e+00 1.5e+02 1.0e+01 1.0e-02]
[19] 2026-03-11 22:22:39,998 INFO [rank=19 host=n3240]: starting climate model for inputs: [  2.      3.125 250.      8.      0.505]
[65] 2026-03-11 22:22:39,999 INFO [rank=65 host=n3243]: starting climate model for inputs: [ 2.   3.5 50.   4.   1. ]
[104] 2026-03-11 22:22:39,999 INFO [rank=104 host=n3301]: starting climate model for inputs: [  2.       3.5    100.       6.       0.2575]
[158] 2026-03-11 22:22:40,000 INFO [rank=158 host=n3303]: starting climate model for inputs: [  2.       3.5    150.      10.       0.7525]
[21] 2026-03-11 22:22:39,998 INFO [rank=21 host=n3240]: starting climate model for inputs: [  2.      3.125 250.      8.      1.   ]
[66] 2026-03-11 22:22:39,999 INFO [rank=66 host=n3243]: starting climate model for inputs: [2.0e+00 3.5e+00 5.0e+01 5.0e+00 1.0e-02]
[105] 2026-03-11 22:22:39,999 INFO [rank=105 host=n3301]: starting climate model for inputs: [  2.      3.5   100.      6.      0.505]
[143] 2026-03-11 22:22:40,000 INFO [rank=143 host=n3303]: starting climate model for inputs: [2.0e+00 3.5e+00 1.5e+02 4.0e+00 1.0e-02]
[67] 2026-03-11 22:22:39,999 INFO [rank=67 host=n3243]: starting climate model for inputs: [ 2.      3.5    50.      5.      0.2575]
[106] 2026-03-11 22:22:39,999 INFO [rank=106 host=n3301]: starting climate model for inputs: [  2.       3.5    100.       6.       0.7525]
[24] 2026-03-11 22:22:39,998 INFO [rank=24 host=n3240]: starting climate model for inputs: [2.000e+00 3.125e+00 3.000e+02 7.000e-01 1.000e-02]
[68] 2026-03-11 22:22:39,999 INFO [rank=68 host=n3243]: starting climate model for inputs: [ 2.     3.5   50.     5.     0.505]
[107] 2026-03-11 22:22:39,999 INFO [rank=107 host=n3301]: starting climate model for inputs: [  2.    3.5 100.    6.    1. ]
[25] 2026-03-11 22:22:39,998 INFO [rank=25 host=n3240]: starting climate model for inputs: [2.000e+00 3.125e+00 3.000e+02 7.000e-01 2.575e-01]
[26] 2026-03-11 22:22:39,998 INFO [rank=26 host=n3240]: starting climate model for inputs: [2.000e+00 3.125e+00 3.000e+02 4.000e+00 1.000e-02]
[69] 2026-03-11 22:22:39,999 INFO [rank=69 host=n3243]: starting climate model for inputs: [ 2.      3.5    50.      5.      0.7525]
[108] 2026-03-11 22:22:39,999 INFO [rank=108 host=n3301]: starting climate model for inputs: [2.0e+00 3.5e+00 1.0e+02 8.0e+00 1.0e-02]
[27] 2026-03-11 22:22:39,998 INFO [rank=27 host=n3240]: starting climate model for inputs: [2.000e+00 3.125e+00 3.500e+02 7.000e-01 1.000e-02]
[70] 2026-03-11 22:22:39,998 INFO [rank=70 host=n3243]: starting climate model for inputs: [ 2.   3.5 50.   5.   1. ]
[109] 2026-03-11 22:22:39,999 INFO [rank=109 host=n3301]: starting climate model for inputs: [  2.       3.5    100.       8.       0.2575]
[74] 2026-03-11 22:22:39,999 INFO [rank=74 host=n3243]: starting climate model for inputs: [ 2.   3.5 50.   6.   1. ]
[148] 2026-03-11 22:22:40,000 INFO [rank=148 host=n3303]: starting climate model for inputs: [  2.      3.5   150.      5.      0.505]
[110] 2026-03-11 22:22:39,999 INFO [rank=110 host=n3301]: starting climate model for inputs: [  2.      3.5   100.      8.      0.505]
[32] 2026-03-11 22:22:39,998 INFO [rank=32 host=n3240]: starting climate model for inputs: [2.000e+00 3.125e+00 3.500e+02 5.000e+00 2.575e-01]
[75] 2026-03-11 22:22:39,999 INFO [rank=75 host=n3243]: starting climate model for inputs: [2.0e+00 3.5e+00 5.0e+01 8.0e+00 1.0e-02]
[111] 2026-03-11 22:22:39,999 INFO [rank=111 host=n3301]: starting climate model for inputs: [  2.       3.5    100.       8.       0.7525]
[144] 2026-03-11 22:22:40,000 INFO [rank=144 host=n3303]: starting climate model for inputs: [  2.      3.5   150.      4.      0.505]
[76] 2026-03-11 22:22:39,999 INFO [rank=76 host=n3243]: starting climate model for inputs: [ 2.      3.5    50.      8.      0.2575]
[112] 2026-03-11 22:22:39,999 INFO [rank=112 host=n3301]: starting climate model for inputs: [  2.    3.5 100.    8.    1. ]
[34] 2026-03-11 22:22:39,998 INFO [rank=34 host=n3240]: starting climate model for inputs: [2.000e+00 3.125e+00 4.000e+02 1.000e+00 1.000e-02]
[138] 2026-03-11 22:22:40,000 INFO [rank=138 host=n3303]: starting climate model for inputs: [2.0e+00 3.5e+00 1.5e+02 3.0e+00 1.0e-02]
[78] 2026-03-11 22:22:39,999 INFO [rank=78 host=n3243]: starting climate model for inputs: [ 2.      3.5    50.      8.      0.7525]
[114] 2026-03-11 22:22:39,999 INFO [rank=114 host=n3301]: starting climate model for inputs: [  2.       3.5    100.      10.       0.2575]
[37] 2026-03-11 22:22:39,998 INFO [rank=37 host=n3240]: starting climate model for inputs: [2.000e+00 3.125e+00 4.000e+02 6.000e+00 1.000e-02]
[79] 2026-03-11 22:22:39,999 INFO [rank=79 host=n3243]: starting climate model for inputs: [ 2.   3.5 50.   8.   1. ]
[115] 2026-03-11 22:22:39,999 INFO [rank=115 host=n3301]: starting climate model for inputs: [  2.      3.5   100.     10.      0.505]
[153] 2026-03-11 22:22:40,000 INFO [rank=153 host=n3303]: starting climate model for inputs: [  2.       3.5    150.       6.       0.7525]
[116] 2026-03-11 22:22:39,999 INFO [rank=116 host=n3301]: starting climate model for inputs: [  2.       3.5    100.      10.       0.7525]
[147] 2026-03-11 22:22:40,000 INFO [rank=147 host=n3303]: starting climate model for inputs: [2.0e+00 3.5e+00 1.5e+02 5.0e+00 1.0e-02]
[155] 2026-03-11 22:22:40,000 INFO [rank=155 host=n3303]: starting climate model for inputs: [  2.       3.5    150.       8.       0.7525]
[118] 2026-03-11 22:22:39,999 INFO [rank=118 host=n3301]: starting climate model for inputs: [2.0e+00 3.5e+00 1.5e+02 7.0e-01 1.0e-02]
[31] 2026-03-11 22:22:39,998 INFO [rank=31 host=n3240]: starting climate model for inputs: [2.000e+00 3.125e+00 3.500e+02 4.000e+00 1.000e-02]
[119] 2026-03-11 22:22:39,999 INFO [rank=119 host=n3301]: starting climate model for inputs: [  2.       3.5    150.       0.7      0.2575]
[128] 2026-03-11 22:22:40,000 INFO [rank=128 host=n3303]: starting climate model for inputs: [2.0e+00 3.5e+00 1.5e+02 1.5e+00 1.0e-02]
[13] 2026-03-11 22:22:39,999 INFO [rank=13 host=n3240]: starting climate model for inputs: [  2.       3.125  250.       4.       0.7525]
[71] 2026-03-11 22:22:39,999 INFO [rank=71 host=n3243]: starting climate model for inputs: [2.0e+00 3.5e+00 5.0e+01 6.0e+00 1.0e-02]
[72] 2026-03-11 22:22:39,999 INFO [rank=72 host=n3243]: starting climate model for inputs: [ 2.      3.5    50.      6.      0.2575]
[151] 2026-03-11 22:22:40,000 INFO [rank=151 host=n3303]: starting climate model for inputs: [2.0e+00 3.5e+00 1.5e+02 6.0e+00 1.0e-02]
[35] 2026-03-11 22:22:39,999 INFO [rank=35 host=n3240]: starting climate model for inputs: [2.000e+00 3.125e+00 4.000e+02 1.500e+00 1.000e-02]
[150] 2026-03-11 22:22:40,000 INFO [rank=150 host=n3303]: starting climate model for inputs: [  2.    3.5 150.    5.    1. ]
[60] 2026-03-11 22:22:39,999 INFO [rank=60 host=n3243]: starting climate model for inputs: [ 2.   3.5 50.   3.   1. ]
[113] 2026-03-11 22:22:39,999 INFO [rank=113 host=n3301]: starting climate model for inputs: [2.0e+00 3.5e+00 1.0e+02 1.0e+01 1.0e-02]
[38] 2026-03-11 22:22:40,000 INFO [rank=38 host=n3240]: starting climate model for inputs: [2.000e+00 3.125e+00 4.000e+02 6.000e+00 2.575e-01]
[117] 2026-03-11 22:22:40,000 INFO [rank=117 host=n3301]: starting climate model for inputs: [  2.    3.5 100.   10.    1. ]
[103] 2026-03-11 22:22:40,000 INFO [rank=103 host=n3301]: starting climate model for inputs: [2.0e+00 3.5e+00 1.0e+02 6.0e+00 1.0e-02]
[134] 2026-03-11 22:22:40,000 INFO [rank=134 host=n3303]: starting climate model for inputs: [  2.       3.5    150.       2.       0.2575]
[73] 2026-03-11 22:22:40,000 INFO [rank=73 host=n3243]: starting climate model for inputs: [ 2.      3.5    50.      6.      0.7525]
[159] 2026-03-11 22:22:40,001 INFO [rank=159 host=n3303]: starting climate model for inputs: [  2.    3.5 150.   10.    1. ]
[86] 2026-03-11 22:22:40,001 INFO [rank=86 host=n3301]: starting climate model for inputs: [  2.       3.5    100.       0.7      0.2575]
[77] 2026-03-11 22:22:40,000 INFO [rank=77 host=n3243]: starting climate model for inputs: [ 2.     3.5   50.     8.     0.505]
[53] 2026-03-11 22:22:40,000 INFO [rank=53 host=n3243]: starting climate model for inputs: [ 2.      3.5    50.      1.5     0.7525]
[127] 2026-03-11 22:22:40,002 INFO [rank=127 host=n3303]: starting climate model for inputs: [  2.    3.5 150.    1.    1. ]
[92] 2026-03-11 22:22:40,003 INFO [rank=92 host=n3301]: starting climate model for inputs: [  2.       3.5    100.       1.5      0.7525]
[100] Fatal Python error: Segmentation fault
[100] 
[100] Current thread 0x000015313f070400 (most recent call first):
[100]   File "/gscratch/stf/elizap/envs/subneptune/lib/python3.12/site-packages/picaso/photochem.py", line 361 in equilibrate_atmosphere
[100]   File "/gscratch/stf/elizap/envs/subneptune/lib/python3.12/site-packages/picaso/justdoit.py", line 2921 in chemeq_on_the_fly
[100]   File "/gscratch/stf/elizap/envs/subneptune/lib/python3.12/site-packages/picaso/justdoit.py", line 2157 in chemistry_handler
[100]   File "/gscratch/stf/elizap/envs/subneptune/lib/python3.12/site-packages/picaso/justdoit.py", line 2277 in premix_atmosphere
[100]   File "/gscratch/stf/elizap/envs/subneptune/lib/python3.12/site-packages/picaso/climate.py", line 3228 in profile
[100]   File "/gscratch/stf/elizap/envs/subneptune/lib/python3.12/site-packages/picaso/climate.py", line 2826 in find_strat
[100]   File "/gscratch/stf/elizap/envs/subneptune/lib/python3.12/site-packages/picaso/climate.py", line 387 in run_chemeq_climate_workflow
[100]   File "/gscratch/stf/elizap/envs/subneptune/lib/python3.12/site-packages/picaso/justdoit.py", line 5290 in climate
[100]   File "/mmfs1/gscratch/vsm/elizap/MiniNeptuneGrid26_PostBac/PICASO_Climate_grid_121625.py", line 265 in PICASO_PT_Planet
[100]   File "/mmfs1/gscratch/vsm/elizap/MiniNeptuneGrid26_PostBac/PICASO_Climate_grid_121625.py", line 310 in _picaso_subprocess_worker
[100]   File "/gscratch/stf/elizap/envs/subneptune/lib/python3.12/multiprocessing/process.py", line 108 in run
[100]   File "/gscratch/stf/elizap/envs/subneptune/lib/python3.12/multiprocessing/process.py", line 314 in _bootstrap
[100]   File "/gscratch/stf/elizap/envs/subneptune/lib/python3.12/multiprocessing/spawn.py", line 135 in _main
[100]   File "/gscratch/stf/elizap/envs/subneptune/lib/python3.12/multiprocessing/spawn.py", line 122 in spawn_main
[100]   File "<string>", line 1 in <module>
[100] 
[100] Extension modules: numpy.core._multiarray_umath, numpy.core._multiarray_tests, numpy.linalg._umath_linalg, numpy.fft._pocketfft_internal, numpy.random._common, numpy.random.bit_generator, numpy.random._bounded_integers, numpy.random._mt19937, numpy.random.mtrand, numpy.random._philox, numpy.random._pcg64, numpy.random._sfc64, numpy.random._generator, erfa.ufunc, pandas._libs.tslibs.ccalendar, pandas._libs.tslibs.np_datetime, pandas._libs.tslibs.dtypes, pandas._libs.tslibs.base, pandas._libs.tslibs.nattype, pandas._libs.tslibs.timezones, pandas._libs.tslibs.fields, pandas._libs.tslibs.timedeltas, pandas._libs.tslibs.tzconversion, pandas._libs.tslibs.timestamps, pandas._libs.properties, pandas._libs.tslibs.offsets, pandas._libs.tslibs.strptime, pandas._libs.tslibs.parsing, pandas._libs.tslibs.conversion, pandas._libs.tslibs.period, pandas._libs.tslibs.vectorized, pandas._libs.ops_dispatch, pandas._libs.missing, pandas._libs.hashtable, pandas._libs.algos, pandas._libs.interval, pandas._libs.lib, pandas._libs.ops, pandas._libs.hashing, pandas._libs.arrays, pandas._libs.tslib, pandas._libs.sparse, pandas._libs.internals, pandas._libs.indexing, pandas._libs.index, pandas._libs.writers, pandas._libs.join, pandas._libs.window.aggregations, pandas._libs.window.indexers, pandas._libs.reshape, pandas._libs.groupby, pandas._libs.json, pandas._libs.parsers, pandas._libs.testing, scipy._lib._ccallback_c, scipy.special._ufuncs_cxx, scipy.special._ufuncs, scipy.special._specfun, scipy.special._comb, scipy.linalg._fblas, scipy.linalg._flapack, scipy.linalg.cython_lapack, scipy.linalg._cythonized_array_utils, scipy.linalg._solve_toeplitz, scipy.linalg._decomp_lu_cython, scipy.linalg._matfuncs_sqrtm_triu, scipy.linalg.cython_blas, scipy.linalg._matfuncs_expm, scipy.linalg._decomp_update, scipy.sparse._sparsetools, _csparsetools, scipy.sparse._csparsetools, scipy.sparse.linalg._isolve._iterative, scipy.sparse.linalg._dsolve._superlu, scipy.sparse.linalg._eigen.arpack._arpack, scipy.sparse.csgraph._tools, scipy.sparse.csgraph._shortest_path, scipy.sparse.csgraph._traversal, scipy.sparse.csgraph._min_spanning_tree, scipy.sparse.csgraph._flow, scipy.sparse.csgraph._matching, scipy.sparse.csgraph._reordering, scipy.linalg._flinalg, scipy.special._ellip_harm_2, scipy.interpolate._fitpack, scipy.interpolate.dfitpack, scipy.optimize._minpack2, scipy.optimize._group_columns, scipy._lib.messagestream, scipy.optimize._trlib._trlib, scipy.optimize._lbfgsb, _moduleTNC, scipy.optimize._moduleTNC, scipy.optimize._cobyla, scipy.optimize._slsqp, scipy.optimize._minpack, scipy.optimize._lsq.givens_elimination, scipy.optimize._zeros, scipy.optimize.__nnls, scipy.optimize._highs.cython.src._highs_wrapper, scipy.optimize._highs._highs_wrapper, scipy.optimize._highs.cython.src._highs_constants, scipy.optimize._highs._highs_constants, scipy.linalg._interpolative, scipy.optimize._bglu_dense, scipy.optimize._lsap, scipy.spatial._ckdtree, scipy.spatial._qhull, scipy.spatial._voronoi, scipy.spatial._distance_wrap, scipy.spatial._hausdorff, scipy.spatial.transform._rotation, scipy.optimize._direct, scipy.interpolate._bspl, scipy.interpolate._ppoly, scipy.interpolate.interpnd, scipy.interpolate._rbfinterp_pythran, scipy.interpolate._rgi_cython, yaml._yaml, numba.core.typeconv._typeconv, numba._helperlib, numba._dynfunc, numba._dispatcher, numba.core.runtime._nrt_python, numba.np.ufunc._internal, numba.experimental.jitclass._box, scipy.ndimage._nd_image, _ni_label, scipy.ndimage._ni_label, scipy.integrate._odepack, scipy.integrate._quadpack, scipy.integrate._vode, scipy.integrate._dop, scipy.integrate._lsoda, scipy.special.cython_special, scipy.stats._stats, scipy.stats.beta_ufunc, scipy.stats._boost.beta_ufunc, scipy.stats.binom_ufunc, scipy.stats._boost.binom_ufunc, scipy.stats.nbinom_ufunc, scipy.stats._boost.nbinom_ufunc, scipy.stats.hypergeom_ufunc, scipy.stats._boost.hypergeom_ufunc, scipy.stats.ncf_ufunc, scipy.stats._boost.ncf_ufunc, scipy.stats.ncx2_ufunc, scipy.stats._boost.ncx2_ufunc, scipy.stats.nct_ufunc, scipy.stats._boost.nct_ufunc, scipy.stats.skewnorm_ufunc, scipy.stats._boost.skewnorm_ufunc, scipy.stats.invgauss_ufunc, scipy.stats._boost.invgauss_ufunc, scipy.stats._biasedurn, scipy.stats._levy_stable.levyst, scipy.stats._stats_pythran, scipy._lib._uarray._uarray, scipy.stats._statlib, scipy.stats._sobol, scipy.stats._qmc_cy, scipy.stats._mvn, scipy.stats._rcont.rcont, PIL._imaging, markupsafe._speedups, scipy.signal._sigtools, scipy.signal._max_len_seq_inner, scipy.signal._upfirdn_apply, scipy.signal._spline, scipy.signal._sosfilt, scipy.signal._spectral, scipy.signal._peak_finding_utils, astropy.io.fits._utils, astropy.io.fits.hdu.compressed._compression, scipy.io.matlab._mio_utils, scipy.io.matlab._streams, scipy.io.matlab._mio5_utils, h5py._errors, h5py.defs, h5py._objects, h5py.h5, h5py.utils, h5py.h5t, h5py.h5s, h5py.h5ac, h5py.h5p, h5py.h5r, h5py._proxy, h5py._conv, h5py.h5z, h5py.h5a, h5py.h5d, h5py.h5ds, h5py.h5g, h5py.h5i, h5py.h5o, h5py.h5f, h5py.h5fd, h5py.h5pl, h5py.h5l, h5py._selector, kiwisolver._cext, cftime._cftime, astropy.time._parse_times, astropy.table._column_mixins, astropy.table._np_utils, astropy.io.ascii.cparser, astropy.utils.xml._iterparser, astropy.io.votable.tablewriter, astropy.wcs._wcs, astropy.stats._stats, astropy.stats._fast_sigma_clip, synphot.synphot_utils, psutil._psutil_linux, _photochem, photochem._photochem, _equilibrate, photochem._equilibrate, _cffi_backend, _brotli, backports.zstd._zstd, _clima, photochem._clima (total: 223)
[100] 2026-03-12 00:49:25,266 ERROR [rank=100 host=n3301]: PICASO run failed (initial) for inputs [2.0e+00 3.5e+00 1.0e+02 5.0e+00 1.0e-02]: PICASO subprocess crashed with exit code -11 (signal 11)
[100] PICASO run failed (initial): PICASO subprocess crashed with exit code -11 (signal 11)
[100] 2026-03-12 00:49:25,606 INFO [rank=100 host=n3301]: starting climate model for inputs: [  2.       3.5    200.       0.7      0.2575]
[104] Fatal Python error: Segmentation fault
[104] 
[104] Current thread 0x0000151c2a44c400 (most recent call first):
[104]   File "/gscratch/stf/elizap/envs/subneptune/lib/python3.12/site-packages/picaso/photochem.py", line 361 in equilibrate_atmosphere
[104]   File "/gscratch/stf/elizap/envs/subneptune/lib/python3.12/site-packages/picaso/justdoit.py", line 2921 in chemeq_on_the_fly
[104]   File "/gscratch/stf/elizap/envs/subneptune/lib/python3.12/site-packages/picaso/justdoit.py", line 2157 in chemistry_handler
[104]   File "/gscratch/stf/elizap/envs/subneptune/lib/python3.12/site-packages/picaso/justdoit.py", line 2277 in premix_atmosphere
[104]   File "/gscratch/stf/elizap/envs/subneptune/lib/python3.12/site-packages/picaso/climate.py", line 3228 in profile
[104]   File "/gscratch/stf/elizap/envs/subneptune/lib/python3.12/site-packages/picaso/climate.py", line 2826 in find_strat
[104]   File "/gscratch/stf/elizap/envs/subneptune/lib/python3.12/site-packages/picaso/climate.py"[104] , line 387 in run_chemeq_climate_workflow
[104]   File "/gscratch/stf/elizap/envs/subneptune/lib/python3.12/site-packages/picaso/justdoit.py", line 5290 in climate
[104]   File "/mmfs1/gscratch/vsm/elizap/MiniNeptuneGrid26_PostBac/PICASO_Climate_grid_121625.py", line 265 in PICASO_PT_Planet
[104]   File "/mmfs1/gscratch/vsm/elizap/MiniNeptuneGrid26_PostBac/PICASO_Climate_grid_121625.py", line 310 in _picaso_subprocess_worker
[104]   File "/gscratch/stf/elizap/envs/subneptune/lib/python3.12/multiprocessing/process.py", line 108 in run
[104]   File "/gscratch/stf/elizap/envs/subneptune/lib/python3.12/multiprocessing/process.py", line 314 in _bootstrap
[104]   File "/gscratch/stf/elizap/envs/subneptune/lib/python3.12/multiprocessing/spawn.py", line 135 in _main
[104]   File "/gscratch/stf/elizap/envs/subneptune/lib/python3.12/multiprocessing/spawn.py", line 122 in spawn_main
[104]   File "<string>", line 1 in <module>
[104] 
[104] Extension modules: numpy.core._multiarray_umath, numpy.core._multiarray_tests, numpy.linalg._umath_linalg, numpy.fft._pocketfft_internal, numpy.random._common, numpy.random.bit_generator, numpy.random._bounded_integers, numpy.random._mt19937, numpy.random.mtrand, numpy.random._philox, numpy.random._pcg64, numpy.random._sfc64, numpy.random._generator, erfa.ufunc, pandas._libs.tslibs.ccalendar, pandas._libs.tslibs.np_datetime, pandas._libs.tslibs.dtypes, pandas._libs.tslibs.base[104] , pandas._libs.tslibs.nattype, pandas._libs.tslibs.timezones, pandas._libs.tslibs.fields, pandas._libs.tslibs.timedeltas, pandas._libs.tslibs.tzconversion, pandas._libs.tslibs.timestamps, pandas._libs.properties, pandas._libs.tslibs.offsets, pandas._libs.tslibs.strptime, pandas._libs.tslibs.parsing, pandas._libs.tslibs.conversion[104] , pandas._libs.tslibs.period, pandas._libs.tslibs.vectorized, pandas._libs.ops_dispatch, pandas._libs.missing, pandas._libs.hashtable, pandas._libs.algos, pandas._libs.interval[104] , pandas._libs.lib, pandas._libs.ops, pandas._libs.hashing, pandas._libs.arrays[104] , pandas._libs.tslib, pandas._libs.sparse, pandas._libs.internals[104] , pandas._libs.indexing, pandas._libs.index, pandas._libs.writers, pandas._libs.join[104] , pandas._libs.window.aggregations, pandas._libs.window.indexers, pandas._libs.reshape[104] , pandas._libs.groupby, pandas._libs.json, pandas._libs.parsers[104] , pandas._libs.testing[104] , scipy._lib._ccallback_c, scipy.special._ufuncs_cxx, scipy.special._ufuncs, scipy.special._specfun, scipy.special._comb[104] , scipy.linalg._fblas, scipy.linalg._flapack, scipy.linalg.cython_lapack, scipy.linalg._cythonized_array_utils, scipy.linalg._solve_toeplitz, scipy.linalg._decomp_lu_cython[104] , scipy.linalg._matfuncs_sqrtm_triu, scipy.linalg.cython_blas, scipy.linalg._matfuncs_expm, scipy.linalg._decomp_update, scipy.sparse._sparsetools[104] , _csparsetools, scipy.sparse._csparsetools, scipy.sparse.linalg._isolve._iterative, scipy.sparse.linalg._dsolve._superlu[104] , scipy.sparse.linalg._eigen.arpack._arpack, scipy.sparse.csgraph._tools, scipy.sparse.csgraph._shortest_path, scipy.sparse.csgraph._traversal, scipy.sparse.csgraph._min_spanning_tree[104] , scipy.sparse.csgraph._flow, scipy.sparse.csgraph._matching, scipy.sparse.csgraph._reordering, scipy.linalg._flinalg, scipy.special._ellip_harm_2[104] , scipy.interpolate._fitpack, scipy.interpolate.dfitpack, scipy.optimize._minpack2, scipy.optimize._group_columns, scipy._lib.messagestream[104] , scipy.optimize._trlib._trlib, scipy.optimize._lbfgsb, _moduleTNC, [104] scipy.optimize._moduleTNC, scipy.optimize._cobyla, scipy.optimize._slsqp, scipy.optimize._minpack, scipy.optimize._lsq.givens_elimination, scipy.optimize._zeros[104] , scipy.optimize.__nnls, scipy.optimize._highs.cython.src._highs_wrapper, scipy.optimize._highs._highs_wrapper, scipy.optimize._highs.cython.src._highs_constants, scipy.optimize._highs._highs_constants, scipy.linalg._interpolative[104] , scipy.optimize._bglu_dense, scipy.optimize._lsap, scipy.spatial._ckdtree, scipy.spatial._qhull, scipy.spatial._voronoi, scipy.spatial._distance_wrap[104] , scipy.spatial._hausdorff, scipy.spatial.transform._rotation, scipy.optimize._direct, scipy.interpolate._bspl[104] , scipy.interpolate._ppoly, scipy.interpolate.interpnd, scipy.interpolate._rbfinterp_pythran, scipy.interpolate._rgi_cython[104] , yaml._yaml[104] , numba.core.typeconv._typeconv[104] , numba._helperlib, numba._dynfunc, numba._dispatcher[104] , numba.core.runtime._nrt_python, numba.np.ufunc._internal, [104] numba.experimental.jitclass._box, scipy.ndimage._nd_image, _ni_label, scipy.ndimage._ni_label[104] , scipy.integrate._odepack, scipy.integrate._quadpack, scipy.integrate._vode, scipy.integrate._dop, scipy.integrate._lsoda[104] , scipy.special.cython_special, scipy.stats._stats, scipy.stats.beta_ufunc, scipy.stats._boost.beta_ufunc[104] , scipy.stats.binom_ufunc, scipy.stats._boost.binom_ufunc, scipy.stats.nbinom_ufunc, scipy.stats._boost.nbinom_ufunc, scipy.stats.hypergeom_ufunc, scipy.stats._boost.hypergeom_ufunc, scipy.stats.ncf_ufunc[104] , scipy.stats._boost.ncf_ufunc, scipy.stats.ncx2_ufunc, scipy.stats._boost.ncx2_ufunc, scipy.stats.nct_ufunc, scipy.stats._boost.nct_ufunc, scipy.stats.skewnorm_ufunc, scipy.stats._boost.skewnorm_ufunc[104] , scipy.stats.invgauss_ufunc, scipy.stats._boost.invgauss_ufunc, scipy.stats._biasedurn, scipy.stats._levy_stable.levyst, scipy.stats._stats_pythran[104] , scipy._lib._uarray._uarray, scipy.stats._statlib, scipy.stats._sobol, scipy.stats._qmc_cy[104] , scipy.stats._mvn, scipy.stats._rcont.rcont[104] , PIL._imaging, markupsafe._speedups, scipy.signal._sigtools, scipy.signal._max_len_seq_inner, scipy.signal._upfirdn_apply, scipy.signal._spline, scipy.signal._sosfilt, scipy.signal._spectral, scipy.signal._peak_finding_utils, astropy.io.fits._utils, astropy.io.fits.hdu.compressed._compression, scipy.io.matlab._mio_utils, scipy.io.matlab._streams, scipy.io.matlab._mio5_utils, h5py._errors, h5py.defs, h5py._objects, h5py.h5, h5py.utils, h5py.h5t, h5py.h5s, h5py.h5ac, h5py.h5p, h5py.h5r, h5py._proxy, h5py._conv, h5py.h5z, h5py.h5a, h5py.h5d, h5py.h5ds, h5py.h5g, h5py.h5i, h5py.h5o, h5py.h5f, h5py.h5fd, h5py.h5pl, h5py.h5l, h5py._selector, kiwisolver._cext, cftime._cftime, astropy.time._parse_times, astropy.table._column_mixins, astropy.table._np_utils, astropy.io.ascii.cparser, astropy.utils.xml._iterparser, astropy.io.votable.tablewriter, astropy.wcs._wcs, astropy.stats._stats, astropy.stats._fast_sigma_clip, synphot.synphot_utils, psutil._psutil_linux, _photochem, photochem._photochem, _equilibrate, photochem._equilibrate, _cffi_backend, _brotli, backports.zstd._zstd, _clima, photochem._clima (total: 223)
[104] 2026-03-12 00:51:33,075 ERROR [rank=104 host=n3301]: PICASO run failed (initial) for inputs [  2.       3.5    100.       6.       0.2575]: PICASO subprocess crashed with exit code -11 (signal 11)
[104] PICASO run failed (initial): PICASO subprocess crashed with exit code -11 (signal 11)
[104] 2026-03-12 00:51:33,088 INFO [rank=104 host=n3301]: starting climate model for inputs: [  2.      3.5   200.      0.7     0.505]
[110] An exception was raised in PICASO_PT_Planet: ZeroDivisionError: division by zero
[110] 2026-03-12 00:53:07,384 INFO [rank=110 host=n3301]: starting climate model for inputs: [  2.       3.5    200.       0.7      0.7525]
[105] Fatal Python error: Segmentation fault
[105] 
[105] Current thread 0x000014fc2e0b3400 (most recent call first):
[105]   File "/gscratch/stf/elizap/envs/subneptune/lib/python3.12/site-packages/picaso/photochem.py", line 361 in equilibrate_atmosphere
[105]   File "/gscratch/stf/elizap/envs/subneptune/lib/python3.12/site-packages/picaso/justdoit.py", line 2921 in chemeq_on_the_fly
[105]   File "/gscratch/stf/elizap/envs/subneptune/lib/python3.12/site-packages/picaso/justdoit.py", line 2157 in chemistry_handler
[105]   File "/gscratch/stf/elizap/envs/subneptune/lib/python3.12/site-packages/picaso/justdoit.py", line 2277 in premix_atmosphere
[105]   File "/gscratch/stf/elizap/envs/subneptune/lib/python3.12/site-packages/picaso/climate.py", line 3228 in profile
[105]   File "/gscratch/stf/elizap/envs/subneptune/lib/python3.12/site-packages/picaso/climate.py", line 2826 in find_strat
[105]   File "/gscratch/stf/elizap/envs/subneptune/lib/python3.12/site-packages/picaso/climate.py", line 387 in run_chemeq_climate_workflow
[105]   File "/gscratch/stf/elizap/envs/subneptune/lib/python3.12/site-packages/picaso/justdoit.py", line 5290 in climate
[105]   File "/mmfs1/gscratch/vsm/elizap/MiniNeptuneGrid26_PostBac/PICASO_Climate_grid_121625.py", line 265 in PICASO_PT_Planet
[105]   File "/mmfs1/gscratch/vsm/elizap/MiniNeptuneGrid26_PostBac/PICASO_Climate_grid_121625.py", line 310 in _picaso_subprocess_worker
[105]   File "/gscratch/stf/elizap/envs/subneptune/lib/python3.12/multiprocessing/process.py", line 108 in run
[105]   File "/gscratch/stf/elizap/envs/subneptune/lib/python3.12/multiprocessing/process.py", line 314 in _bootstrap
[105]   File "/gscratch/stf/elizap/envs/subneptune/lib/python3.12/multiprocessing/spawn.py", line 135 in _main
[105]   File "/gscratch/stf/elizap/envs/subneptune/lib/python3.12/multiprocessing/spawn.py", line 122 in spawn_main
[105]   File "<string>", line 1 in <module>
[105] 
[105] Extension modules: numpy.core._multiarray_umath, numpy.core._multiarray_tests, numpy.linalg._umath_linalg, numpy.fft._pocketfft_internal, numpy.random._common, numpy.random.bit_generator, numpy.random._bounded_integers, numpy.random._mt19937, numpy.random.mtrand, numpy.random._philox, numpy.random._pcg64, numpy.random._sfc64, numpy.random._generator, erfa.ufunc, pandas._libs.tslibs.ccalendar, pandas._libs.tslibs.np_datetime, pandas._libs.tslibs.dtypes, pandas._libs.tslibs.base, pandas._libs.tslibs.nattype, pandas._libs.tslibs.timezones, pandas._libs.tslibs.fields, pandas._libs.tslibs.timedeltas, pandas._libs.tslibs.tzconversion, pandas._libs.tslibs.timestamps, pandas._libs.properties, pandas._libs.tslibs.offsets, pandas._libs.tslibs.strptime, pandas._libs.tslibs.parsing, pandas._libs.tslibs.conversion, pandas._libs.tslibs.period, pandas._libs.tslibs.vectorized, pandas._libs.ops_dispatch, pandas._libs.missing, pandas._libs.hashtable, pandas._libs.algos, pandas._libs.interval, pandas._libs.lib, pandas._libs.ops, pandas._libs.hashing, pandas._libs.arrays, pandas._libs.tslib, pandas._libs.sparse, pandas._libs.internals, pandas._libs.indexing, pandas._libs.index, pandas._libs.writers, pandas._libs.join, pandas._libs.window.aggregations, pandas._libs.window.indexers, pandas._libs.reshape, pandas._libs.groupby, pandas._libs.json, pandas._libs.parsers, pandas._libs.testing, scipy._lib._ccallback_c, scipy.special._ufuncs_cxx, scipy.special._ufuncs, scipy.special._specfun, scipy.special._comb, scipy.linalg._fblas, scipy.linalg._flapack, scipy.linalg.cython_lapack, scipy.linalg._cythonized_array_utils, scipy.linalg._solve_toeplitz, scipy.linalg._decomp_lu_cython, scipy.linalg._matfuncs_sqrtm_triu, scipy.linalg.cython_blas, scipy.linalg._matfuncs_expm, scipy.linalg._decomp_update, scipy.sparse._sparsetools, _csparsetools, scipy.sparse._csparsetools, scipy.sparse.linalg._isolve._iterative, scipy.sparse.linalg._dsolve._superlu, scipy.sparse.linalg._eigen.arpack._arpack, scipy.sparse.csgraph._tools, scipy.sparse.csgraph._shortest_path, scipy.sparse.csgraph._traversal, scipy.sparse.csgraph._min_spanning_tree, scipy.sparse.csgraph._flow, scipy.sparse.csgraph._matching, scipy.sparse.csgraph._reordering, scipy.linalg._flinalg, scipy.special._ellip_harm_2, scipy.interpolate._fitpack, scipy.interpolate.dfitpack, scipy.optimize._minpack2, scipy.optimize._group_columns, scipy._lib.messagestream, scipy.optimize._trlib._trlib, scipy.optimize._lbfgsb, _moduleTNC, scipy.optimize._moduleTNC, scipy.optimize._cobyla, scipy.optimize._slsqp, scipy.optimize._minpack, scipy.optimize._lsq.givens_elimination, scipy.optimize._zeros, scipy.optimize.__nnls, scipy.optimize._highs.cython.src._highs_wrapper, scipy.optimize._highs._highs_wrapper, scipy.optimize._highs.cython.src._highs_constants, scipy.optimize._highs._highs_constants, scipy.linalg._interpolative, scipy.optimize._bglu_dense, scipy.optimize._lsap, scipy.spatial._ckdtree, scipy.spatial._qhull, scipy.spatial._voronoi, scipy.spatial._distance_wrap, scipy.spatial._hausdorff, scipy.spatial.transform._rotation, scipy.optimize._direct, scipy.interpolate._bspl, scipy.interpolate._ppoly, scipy.interpolate.interpnd, scipy.interpolate._rbfinterp_pythran, scipy.interpolate._rgi_cython, yaml._yaml, numba.core.typeconv._typeconv, numba._helperlib, numba._dynfunc, numba._dispatcher, numba.core.runtime._nrt_python, numba.np.ufunc._internal, numba.experimental.jitclass._box, scipy.ndimage._nd_image, _ni_label, scipy.ndimage._ni_label, scipy.integrate._odepack, scipy.integrate._quadpack, scipy.integrate._vode, scipy.integrate._dop, scipy.integrate._lsoda, scipy.special.cython_special, scipy.stats._stats, scipy.stats.beta_ufunc, scipy.stats._boost.beta_ufunc, scipy.stats.binom_ufunc, scipy.stats._boost.binom_ufunc, scipy.stats.nbinom_ufunc, scipy.stats._boost.nbinom_ufunc, scipy.stats.hypergeom_ufunc, scipy.stats._boost.hypergeom_ufunc, scipy.stats.ncf_ufunc, scipy.stats._boost.ncf_ufunc, scipy.stats.ncx2_ufunc, scipy.stats._boost.ncx2_ufunc, scipy.stats.nct_ufunc, scipy.stats._boost.nct_ufunc, scipy.stats.skewnorm_ufunc, scipy.stats._boost.skewnorm_ufunc, scipy.stats.invgauss_ufunc, scipy.stats._boost.invgauss_ufunc, scipy.stats._biasedurn, scipy.stats._levy_stable.levyst, scipy.stats._stats_pythran, scipy._lib._uarray._uarray, scipy.stats._statlib, scipy.stats._sobol, scipy.stats._qmc_cy, scipy.stats._mvn, scipy.stats._rcont.rcont, PIL._imaging, markupsafe._speedups, scipy.signal._sigtools, scipy.signal._max_len_seq_inner, scipy.signal._upfirdn_apply, scipy.signal._spline, scipy.signal._sosfilt, scipy.signal._spectral, scipy.signal._peak_finding_utils, astropy.io.fits._utils, astropy.io.fits.hdu.compressed._compression, scipy.io.matlab._mio_utils, scipy.io.matlab._streams, scipy.io.matlab._mio5_utils, h5py._errors, h5py.defs, h5py._objects, h5py.h5, h5py.utils, h5py.h5t, h5py.h5s, h5py.h5ac, h5py.h5p, h5py.h5r, h5py._proxy, h5py._conv, h5py.h5z, h5py.h5a, h5py.h5d, h5py.h5ds, h5py.h5g, h5py.h5i, h5py.h5o, h5py.h5f, h5py.h5fd, h5py.h5pl, h5py.h5l, h5py._selector, kiwisolver._cext, cftime._cftime, astropy.time._parse_times, astropy.table._column_mixins, astropy.table._np_utils, astropy.io.ascii.cparser, astropy.utils.xml._iterparser, astropy.io.votable.tablewriter, astropy.wcs._wcs, astropy.stats._stats, astropy.stats._fast_sigma_clip, synphot.synphot_utils, psutil._psutil_linux, _photochem, photochem._photochem, _equilibrate, photochem._equilibrate, _cffi_backend, _brotli, backports.zstd._zstd, _clima, photochem._clima (total: 223)
[105] 2026-03-12 00:54:52,227 ERROR [rank=105 host=n3301]: PICASO run failed (initial) for inputs [  2.      3.5   100.      6.      0.505]: PICASO subprocess crashed with exit code -11 (signal 11)
[105] PICASO run failed (initial): PICASO subprocess crashed with exit code -11 (signal 11)
[105] 2026-03-12 00:54:52,239 INFO [rank=105 host=n3301]: starting climate model for inputs: [  2.    3.5 200.    0.7   1. ]
[103] An exception was raised in PICASO_PT_Planet: ZeroDivisionError: division by zero
[103] 2026-03-12 00:55:39,059 INFO [rank=103 host=n3301]: starting climate model for inputs: [2.0e+00 3.5e+00 2.0e+02 1.0e+00 1.0e-02]
[109] An exception was raised in PICASO_PT_Planet: ZeroDivisionError: division by zero
[109] 2026-03-12 00:58:07,641 INFO [rank=109 host=n3301]: starting climate model for inputs: [  2.       3.5    200.       1.       0.2575]
[115] An exception was raised in PICASO_PT_Planet: ZeroDivisionError: division by zero
[115] 2026-03-12 00:59:20,114 INFO [rank=115 host=n3301]: starting climate model for inputs: [  2.      3.5   200.      1.      0.505]
[114] An exception was raised in PICASO_PT_Planet: ZeroDivisionError: division by zero
[114] 2026-03-12 00:59:55,251 INFO [rank=114 host=n3301]: starting climate model for inputs: [  2.       3.5    200.       1.       0.7525]
[108] An exception was raised in PICASO_PT_Planet: ZeroDivisionError: division by zero
[108] 2026-03-12 01:04:20,664 INFO [rank=108 host=n3301]: starting climate model for inputs: [  2.    3.5 200.    1.    1. ]
[49] Fatal Python error: Segmentation fault
[49] 
[49] Current thread 0x000014c9f4afa400 (most recent call first):
[49]   File "/gscratch/stf/elizap/envs/subneptune/lib/python3.12/site-packages/picaso/photochem.py", line 361 in equilibrate_atmosphere
[49]   File "/gscratch/stf/elizap/envs/subneptune/lib/python3.12/site-packages/picaso/justdoit.py", line 2921 in chemeq_on_the_fly
[49]   File "/gscratch/stf/elizap/envs/subneptune/lib/python3.12/site-packages/picaso/justdoit.py", line 2157 in chemistry_handler
[49]   File "/gscratch/stf/elizap/envs/subneptune/lib/python3.12/site-packages/picaso/justdoit.py", line 2277 in premix_atmosphere
[49]   File "/gscratch/stf/elizap/envs/subneptune/lib/python3.12/site-packages/picaso/climate.py", line 3228 in profile
[49]   File "/gscratch/stf/elizap/envs/subneptune/lib/python3.12/site-packages/picaso/climate.py", line 2826 in find_strat
[49]   File "/gscratch/stf/elizap/envs/subneptune/lib/python3.12/site-packages/picaso/climate.py", line 387 in run_chemeq_climate_workflow
[49]   File "/gscratch/stf/elizap/envs/subneptune/lib/python3.12/site-packages/picaso/justdoit.py", line 5290 in climate
[49]   File "/mmfs1/gscratch/vsm/elizap/MiniNeptuneGrid26_PostBac/PICASO_Climate_grid_121625.py", line 265 in PICASO_PT_Planet
[49]   File "/mmfs1/gscratch/vsm/elizap/MiniNeptuneGrid26_PostBac/PICASO_Climate_grid_121625.py", line 310 in _picaso_subprocess_worker
[49]   File "/gscratch/stf/elizap/envs/subneptune/lib/python3.12/multiprocessing/process.py", line 108 in run
[49]   File "/gscratch/stf/elizap/envs/subneptune/lib/python3.12/multiprocessing/process.py", line 314 in _bootstrap
[49]   File "/gscratch/stf/elizap/envs/subneptune/lib/python3.12/multiprocessing/spawn.py", line 135 in _main
[49]   File "/gscratch/stf/elizap/envs/subneptune/lib/python3.12/multiprocessing/spawn.py", line 122 in spawn_main
[49]   File "<string>", line 1 in <module>
[49] 
[49] Extension modules: numpy.core._multiarray_umath, numpy.core._multiarray_tests, numpy.linalg._umath_linalg, numpy.fft._pocketfft_internal, numpy.random._common, numpy.random.bit_generator, numpy.random._bounded_integers, numpy.random._mt19937, numpy.random.mtrand, numpy.random._philox, numpy.random._pcg64, numpy.random._sfc64, numpy.random._generator, erfa.ufunc, pandas._libs.tslibs.ccalendar, pandas._libs.tslibs.np_datetime, pandas._libs.tslibs.dtypes, pandas._libs.tslibs.base, pandas._libs.tslibs.nattype, pandas._libs.tslibs.timezones, pandas._libs.tslibs.fields, pandas._libs.tslibs.timedeltas, pandas._libs.tslibs.tzconversion, pandas._libs.tslibs.timestamps, pandas._libs.properties, pandas._libs.tslibs.offsets, pandas._libs.tslibs.strptime, pandas._libs.tslibs.parsing, pandas._libs.tslibs.conversion, pandas._libs.tslibs.period, pandas._libs.tslibs.vectorized, pandas._libs.ops_dispatch, pandas._libs.missing, pandas._libs.hashtable, pandas._libs.algos, pandas._libs.interval, pandas._libs.lib, pandas._libs.ops, pandas._libs.hashing, pandas._libs.arrays, pandas._libs.tslib, pandas._libs.sparse, pandas._libs.internals, pandas._libs.indexing, pandas._libs.index, pandas._libs.writers, pandas._libs.join, pandas._libs.window.aggregations, pandas._libs.window.indexers, pandas._libs.reshape, pandas._libs.groupby, pandas._libs.json, pandas._libs.parsers, pandas._libs.testing, scipy._lib._ccallback_c, scipy.special._ufuncs_cxx, scipy.special._ufuncs, scipy.special._specfun, scipy.special._comb, scipy.linalg._fblas, scipy.linalg._flapack, scipy.linalg.cython_lapack, scipy.linalg._cythonized_array_utils, scipy.linalg._solve_toeplitz, scipy.linalg._decomp_lu_cython, scipy.linalg._matfuncs_sqrtm_triu, scipy.linalg.cython_blas, scipy.linalg._matfuncs_expm, scipy.linalg._decomp_update, scipy.sparse._sparsetools, _csparsetools, scipy.sparse._csparsetools, scipy.sparse.linalg._isolve._iterative, scipy.sparse.linalg._dsolve._superlu, scipy.sparse.linalg._eigen.arpack._arpack, scipy.sparse.csgraph._tools, scipy.sparse.csgraph._shortest_path, scipy.sparse.csgraph._traversal, scipy.sparse.csgraph._min_spanning_tree, scipy.sparse.csgraph._flow, scipy.sparse.csgraph._matching, scipy.sparse.csgraph._reordering, scipy.linalg._flinalg, scipy.special._ellip_harm_2, scipy.interpolate._fitpack, scipy.interpolate.dfitpack, scipy.optimize._minpack2, scipy.optimize._group_columns, scipy._lib.messagestream, scipy.optimize._trlib._trlib, scipy.optimize._lbfgsb, _moduleTNC, scipy.optimize._moduleTNC, scipy.optimize._cobyla, scipy.optimize._slsqp, scipy.optimize._minpack, scipy.optimize._lsq.givens_elimination, scipy.optimize._zeros, scipy.optimize.__nnls, scipy.optimize._highs.cython.src._highs_wrapper, scipy.optimize._highs._highs_wrapper, scipy.optimize._highs.cython.src._highs_constants, scipy.optimize._highs._highs_constants, scipy.linalg._interpolative, scipy.optimize._bglu_dense, scipy.optimize._lsap, scipy.spatial._ckdtree, scipy.spatial._qhull, scipy.spatial._voronoi, scipy.spatial._distance_wrap, scipy.spatial._hausdorff, scipy.spatial.transform._rotation, scipy.optimize._direct, scipy.interpolate._bspl, scipy.interpolate._ppoly, scipy.interpolate.interpnd, scipy.interpolate._rbfinterp_pythran, scipy.interpolate._rgi_cython, yaml._yaml, numba.core.typeconv._typeconv, numba._helperlib, numba._dynfunc, numba._dispatcher, numba.core.runtime._nrt_python, numba.np.ufunc._internal, numba.experimental.jitclass._box, scipy.ndimage._nd_image, _ni_label, scipy.ndimage._ni_label, scipy.integrate._odepack, scipy.integrate._quadpack, scipy.integrate._vode, scipy.integrate._dop, scipy.integrate._lsoda, scipy.special.cython_special, scipy.stats._stats, scipy.stats.beta_ufunc, scipy.stats._boost.beta_ufunc, scipy.stats.binom_ufunc, scipy.stats._boost.binom_ufunc, scipy.stats.nbinom_ufunc, scipy.stats._boost.nbinom_ufunc, scipy.stats.hypergeom_ufunc, scipy.stats._boost.hypergeom_ufunc, scipy.stats.ncf_ufunc, scipy.stats._boost.ncf_ufunc, scipy.stats.ncx2_ufunc, scipy.stats._boost.ncx2_ufunc, scipy.stats.nct_ufunc, scipy.stats._boost.nct_ufunc, scipy.stats.skewnorm_ufunc, scipy.stats._boost.skewnorm_ufunc, scipy.stats.invgauss_ufunc, scipy.stats._boost.invgauss_ufunc, scipy.stats._biasedurn, scipy.stats._levy_stable.levyst, scipy.stats._stats_pythran, scipy._lib._uarray._uarray, scipy.stats._statlib, scipy.stats._sobol, scipy.stats._qmc_cy, scipy.stats._mvn, scipy.stats._rcont.rcont, PIL._imaging, markupsafe._speedups, scipy.signal._sigtools, scipy.signal._max_len_seq_inner, scipy.signal._upfirdn_apply, scipy.signal._spline, scipy.signal._sosfilt, scipy.signal._spectral, scipy.signal._peak_finding_utils, astropy.io.fits._utils, astropy.io.fits.hdu.compressed._compression, scipy.io.matlab._mio_utils, scipy.io.matlab._streams, scipy.io.matlab._mio5_utils, h5py._errors, h5py.defs, h5py._objects, h5py.h5, h5py.utils, h5py.h5t, h5py.h5s, h5py.h5ac, h5py.h5p, h5py.h5r, h5py._proxy, h5py._conv, h5py.h5z, h5py.h5a, h5py.h5d, h5py.h5ds, h5py.h5g, h5py.h5i, h5py.h5o, h5py.h5f, h5py.h5fd, h5py.h5pl, h5py.h5l, h5py._selector, kiwisolver._cext, cftime._cftime, astropy.time._parse_times, astropy.table._column_mixins, astropy.table._np_utils, astropy.io.ascii.cparser, astropy.utils.xml._iterparser, astropy.io.votable.tablewriter, astropy.wcs._wcs, astropy.stats._stats, astropy.stats._fast_sigma_clip, synphot.synphot_utils, psutil._psutil_linux, _photochem, photochem._photochem, _equilibrate, photochem._equilibrate, _cffi_backend, _brotli, backports.zstd._zstd, _clima, photochem._clima (total: 223)
[49] 2026-03-12 01:05:22,372 ERROR [rank=49 host=n3243]: PICASO run failed (initial) for inputs [ 2.      3.5    50.      1.      0.2575]: PICASO subprocess crashed with exit code -11 (signal 11)
[49] PICASO run failed (initial): PICASO subprocess crashed with exit code -11 (signal 11)
[49] 2026-03-12 01:05:22,482 INFO [rank=49 host=n3243]: starting climate model for inputs: [2.0e+00 3.5e+00 2.0e+02 1.5e+00 1.0e-02]
[113] An exception was raised in PICASO_PT_Planet: ZeroDivisionError: division by zero
[113] 2026-03-12 01:09:54,720 INFO [rank=113 host=n3301]: starting climate model for inputs: [  2.       3.5    200.       1.5      0.2575]
[112] An exception was raised in PICASO_PT_Planet: ZeroDivisionError: division by zero
[112] 2026-03-12 03:02:57,561 INFO [rank=112 host=n3301]: starting climate model for inputs: [  2.      3.5   200.      1.5     0.505]
[144] An exception was raised in PICASO_PT_Planet: ZeroDivisionError: division by zero
[144] 2026-03-12 03:11:32,041 INFO [rank=144 host=n3303]: starting climate model for inputs: [  2.       3.5    200.       1.5      0.7525]
[159] An exception was raised in PICASO_PT_Planet: ZeroDivisionError: division by zero
[159] 2026-03-12 04:01:06,150 INFO [rank=159 host=n3303]: starting climate model for inputs: [  2.    3.5 200.    1.5   1. ]
[107] An exception was raised in PICASO_PT_Planet: ZeroDivisionError: division by zero
[107] 2026-03-12 04:30:30,991 INFO [rank=107 host=n3301]: starting climate model for inputs: [2.0e+00 3.5e+00 2.0e+02 2.0e+00 1.0e-02]
[156] An exception was raised in PICASO_PT_Planet: ZeroDivisionError: division by zero
[156] 2026-03-12 05:21:27,542 INFO [rank=156 host=n3303]: starting climate model for inputs: [  2.       3.5    200.       2.       0.2575]
[137] An exception was raised in PICASO_PT_Planet: ZeroDivisionError: division by zero
[137] 2026-03-12 05:41:55,747 INFO [rank=137 host=n3303]: starting climate model for inputs: [  2.      3.5   200.      2.      0.505]
[151] An exception was raised in PICASO_PT_Planet: ZeroDivisionError: division by zero
[151] 2026-03-12 06:32:36,940 INFO [rank=151 host=n3303]: starting climate model for inputs: [  2.       3.5    200.       2.       0.7525]
[2026-03-12T08:22:29.007] error: *** STEP 33805302.0 ON n3240 CANCELLED AT 2026-03-12T08:22:29 DUE TO TIME LIMIT ***
[2026-03-12T08:22:29.008] error: *** JOB 33805302 ON n3240 CANCELLED AT 2026-03-12T08:22:29 DUE TO TIME LIMIT ***
