[2] 2026-03-23 21:33:13,135 INFO [rank=2 host=n3065]: starting climate model for inputs: [2.00e+00 2.75e+00 3.50e+02 1.00e+01 1.00e-02]
[3] 2026-03-23 21:33:13,135 INFO [rank=3 host=n3065]: starting climate model for inputs: [  2.       3.125  200.       3.       0.2575]
[5] 2026-03-23 21:33:13,135 INFO [rank=5 host=n3065]: starting climate model for inputs: [  2.       3.125  200.       6.       0.7525]
[6] 2026-03-23 21:33:13,135 INFO [rank=6 host=n3065]: starting climate model for inputs: [  2.      3.125 200.      6.      1.   ]
[7] 2026-03-23 21:33:13,135 INFO [rank=7 host=n3065]: starting climate model for inputs: [  2.      3.125 200.      8.      0.505]
[8] 2026-03-23 21:33:13,135 INFO [rank=8 host=n3065]: starting climate model for inputs: [  2.      3.125 200.     10.      1.   ]
[9] 2026-03-23 21:33:13,135 INFO [rank=9 host=n3065]: starting climate model for inputs: [  2.       3.125  250.       3.       0.7525]
[10] 2026-03-23 21:33:13,135 INFO [rank=10 host=n3065]: starting climate model for inputs: [  2.      3.125 250.      3.      1.   ]
[11] 2026-03-23 21:33:13,135 INFO [rank=11 host=n3065]: starting climate model for inputs: [  2.      3.125 250.      4.      0.505]
[12] 2026-03-23 21:33:13,135 INFO [rank=12 host=n3065]: starting climate model for inputs: [  2.       3.125  250.       4.       0.7525]
[14] 2026-03-23 21:33:13,135 INFO [rank=14 host=n3065]: starting climate model for inputs: [  2.      3.125 250.      5.      0.505]
[15] 2026-03-23 21:33:13,135 INFO [rank=15 host=n3065]: starting climate model for inputs: [  2.       3.125  250.       5.       0.7525]
[16] 2026-03-23 21:33:13,135 INFO [rank=16 host=n3065]: starting climate model for inputs: [  2.      3.125 250.      6.      0.505]
[17] 2026-03-23 21:33:13,135 INFO [rank=17 host=n3065]: starting climate model for inputs: [  2.       3.125  250.       6.       0.7525]
[18] 2026-03-23 21:33:13,135 INFO [rank=18 host=n3065]: starting climate model for inputs: [  2.      3.125 250.      8.      0.505]
[21] 2026-03-23 21:33:13,135 INFO [rank=21 host=n3065]: starting climate model for inputs: [  2.      3.125 250.     10.      0.505]
[1] 2026-03-23 21:33:13,135 INFO [rank=1 host=n3065]: starting climate model for inputs: [2.00e+00 2.75e+00 2.00e+02 1.00e+01 1.00e-02]
[13] 2026-03-23 21:33:13,135 INFO [rank=13 host=n3065]: starting climate model for inputs: [  2.      3.125 250.      4.      1.   ]
[23] 2026-03-23 21:33:13,135 INFO [rank=23 host=n3065]: starting climate model for inputs: [2.000e+00 3.125e+00 3.000e+02 7.000e-01 1.000e-02]
[24] 2026-03-23 21:33:13,135 INFO [rank=24 host=n3065]: starting climate model for inputs: [2.000e+00 3.125e+00 3.000e+02 7.000e-01 2.575e-01]
[27] 2026-03-23 21:33:13,135 INFO [rank=27 host=n3065]: starting climate model for inputs: [2.000e+00 3.125e+00 3.500e+02 7.000e-01 2.575e-01]
[28] 2026-03-23 21:33:13,135 INFO [rank=28 host=n3065]: starting climate model for inputs: [2.000e+00 3.125e+00 3.500e+02 1.000e+00 1.000e-02]
[30] 2026-03-23 21:33:13,135 INFO [rank=30 host=n3065]: starting climate model for inputs: [2.000e+00 3.125e+00 3.500e+02 4.000e+00 1.000e-02]
[36] 2026-03-23 21:33:13,135 INFO [rank=36 host=n3065]: starting climate model for inputs: [ 2.   3.5 50.   6.   1. ]
[19] 2026-03-23 21:33:13,135 INFO [rank=19 host=n3065]: starting climate model for inputs: [  2.       3.125  250.       8.       0.7525]
[20] 2026-03-23 21:33:13,135 INFO [rank=20 host=n3065]: starting climate model for inputs: [  2.      3.125 250.      8.      1.   ]
[32] 2026-03-23 21:33:13,135 INFO [rank=32 host=n3065]: starting climate model for inputs: [2.000e+00 3.125e+00 4.000e+02 7.000e-01 1.000e-02]
[33] 2026-03-23 21:33:13,135 INFO [rank=33 host=n3065]: starting climate model for inputs: [2.000e+00 3.125e+00 4.000e+02 1.000e+00 1.000e-02]
[25] 2026-03-23 21:33:13,136 INFO [rank=25 host=n3065]: starting climate model for inputs: [2.000e+00 3.125e+00 3.000e+02 4.000e+00 1.000e-02]
[29] 2026-03-23 21:33:13,136 INFO [rank=29 host=n3065]: starting climate model for inputs: [2.000e+00 3.125e+00 3.500e+02 1.500e+00 1.000e-02]
[31] 2026-03-23 21:33:13,136 INFO [rank=31 host=n3065]: starting climate model for inputs: [2.000e+00 3.125e+00 3.500e+02 5.000e+00 2.575e-01]
[26] 2026-03-23 21:33:13,136 INFO [rank=26 host=n3065]: starting climate model for inputs: [2.000e+00 3.125e+00 3.500e+02 7.000e-01 1.000e-02]
[37] 2026-03-23 21:33:13,136 INFO [rank=37 host=n3065]: starting climate model for inputs: [  2.    3.5 100.    5.    1. ]
[39] 2026-03-23 21:33:13,136 INFO [rank=39 host=n3065]: starting climate model for inputs: [  2.       3.5    200.       8.       0.7525]
[34] 2026-03-23 21:33:13,136 INFO [rank=34 host=n3065]: starting climate model for inputs: [2.000e+00 3.125e+00 4.000e+02 1.500e+00 1.000e-02]
[35] 2026-03-23 21:33:13,136 INFO [rank=35 host=n3065]: starting climate model for inputs: [2.000e+00 3.125e+00 4.000e+02 8.000e+00 2.575e-01]
[4] 2026-03-23 21:33:13,136 INFO [rank=4 host=n3065]: starting climate model for inputs: [  2.      3.125 200.      6.      0.505]
[22] 2026-03-23 21:33:13,137 INFO [rank=22 host=n3065]: starting climate model for inputs: [  2.       3.125  250.      10.       0.7525]
[38] 2026-03-23 21:33:13,138 INFO [rank=38 host=n3065]: starting climate model for inputs: [  2.    3.5 200.    5.    1. ]
[40] 2026-03-23 21:33:13,137 INFO [rank=40 host=n3240]: starting climate model for inputs: [  2.       3.5    250.       6.       0.7525]
[41] 2026-03-23 21:33:13,136 INFO [rank=41 host=n3240]: starting climate model for inputs: [  2.       3.5    250.      10.       0.7525]
[42] 2026-03-23 21:33:13,136 INFO [rank=42 host=n3240]: starting climate model for inputs: [  2.      3.5   300.      3.      0.505]
[41] 2026-03-23 21:33:13,175 INFO [rank=41 host=n3240]: Loading opacity table (first call in this process)...
[40] 2026-03-23 21:33:13,180 INFO [rank=40 host=n3240]: Loading opacity table (first call in this process)...
[42] 2026-03-23 21:33:13,181 INFO [rank=42 host=n3240]: Loading opacity table (first call in this process)...
[22] 2026-03-23 21:33:13,248 INFO [rank=22 host=n3065]: Loading opacity table (first call in this process)...
[36] 2026-03-23 21:33:13,249 INFO [rank=36 host=n3065]: Loading opacity table (first call in this process)...
[1] 2026-03-23 21:33:13,251 INFO [rank=1 host=n3065]: Loading opacity table (first call in this process)...
[14] 2026-03-23 21:33:13,252 INFO [rank=14 host=n3065]: Loading opacity table (first call in this process)...
[23] 2026-03-23 21:33:13,252 INFO [rank=23 host=n3065]: Loading opacity table (first call in this process)...
[38] 2026-03-23 21:33:13,252 INFO [rank=38 host=n3065]: Loading opacity table (first call in this process)...
[16] 2026-03-23 21:33:13,252 INFO [rank=16 host=n3065]: Loading opacity table (first call in this process)...
[34] 2026-03-23 21:33:13,253 INFO [rank=34 host=n3065]: Loading opacity table (first call in this process)...
[17] 2026-03-23 21:33:13,253 INFO [rank=17 host=n3065]: Loading opacity table (first call in this process)...
[33] 2026-03-23 21:33:13,253 INFO [rank=33 host=n3065]: Loading opacity table (first call in this process)...
[32] 2026-03-23 21:33:13,254 INFO [rank=32 host=n3065]: Loading opacity table (first call in this process)...
[27] 2026-03-23 21:33:13,254 INFO [rank=27 host=n3065]: Loading opacity table (first call in this process)...
[18] 2026-03-23 21:33:13,254 INFO [rank=18 host=n3065]: Loading opacity table (first call in this process)...
[15] 2026-03-23 21:33:13,255 INFO [rank=15 host=n3065]: Loading opacity table (first call in this process)...
[30] 2026-03-23 21:33:13,256 INFO [rank=30 host=n3065]: Loading opacity table (first call in this process)...
[29] 2026-03-23 21:33:13,257 INFO [rank=29 host=n3065]: Loading opacity table (first call in this process)...
[21] 2026-03-23 21:33:13,258 INFO [rank=21 host=n3065]: Loading opacity table (first call in this process)...
[24] 2026-03-23 21:33:13,258 INFO [rank=24 host=n3065]: Loading opacity table (first call in this process)...
[6] 2026-03-23 21:33:13,258 INFO [rank=6 host=n3065]: Loading opacity table (first call in this process)...
[13] 2026-03-23 21:33:13,259 INFO [rank=13 host=n3065]: Loading opacity table (first call in this process)...
[7] 2026-03-23 21:33:13,259 INFO [rank=7 host=n3065]: Loading opacity table (first call in this process)...
[2] 2026-03-23 21:33:13,259 INFO [rank=2 host=n3065]: Loading opacity table (first call in this process)...
[39] 2026-03-23 21:33:13,260 INFO [rank=39 host=n3065]: Loading opacity table (first call in this process)...
[26] 2026-03-23 21:33:13,260 INFO [rank=26 host=n3065]: Loading opacity table (first call in this process)...
[35] 2026-03-23 21:33:13,260 INFO [rank=35 host=n3065]: Loading opacity table (first call in this process)...
[9] 2026-03-23 21:33:13,260 INFO [rank=9 host=n3065]: Loading opacity table (first call in this process)...
[3] 2026-03-23 21:33:13,260 INFO [rank=3 host=n3065]: Loading opacity table (first call in this process)...
[19] 2026-03-23 21:33:13,260 INFO [rank=19 host=n3065]: Loading opacity table (first call in this process)...
[5] 2026-03-23 21:33:13,260 INFO [rank=5 host=n3065]: Loading opacity table (first call in this process)...
[11] 2026-03-23 21:33:13,260 INFO [rank=11 host=n3065]: Loading opacity table (first call in this process)...
[20] 2026-03-23 21:33:13,261 INFO [rank=20 host=n3065]: Loading opacity table (first call in this process)...
[8] 2026-03-23 21:33:13,262 INFO [rank=8 host=n3065]: Loading opacity table (first call in this process)...
[37] 2026-03-23 21:33:13,262 INFO [rank=37 host=n3065]: Loading opacity table (first call in this process)...
[12] 2026-03-23 21:33:13,262 INFO [rank=12 host=n3065]: Loading opacity table (first call in this process)...
[4] 2026-03-23 21:33:13,262 INFO [rank=4 host=n3065]: Loading opacity table (first call in this process)...
[25] 2026-03-23 21:33:13,263 INFO [rank=25 host=n3065]: Loading opacity table (first call in this process)...
[31] 2026-03-23 21:33:13,264 INFO [rank=31 host=n3065]: Loading opacity table (first call in this process)...
[28] 2026-03-23 21:33:13,269 INFO [rank=28 host=n3065]: Loading opacity table (first call in this process)...
[10] 2026-03-23 21:33:13,283 INFO [rank=10 host=n3065]: Loading opacity table (first call in this process)...
[42] 2026-03-24 02:59:42,821 INFO [rank=42 host=n3240]: Loading opacity table (first call in this process)...
[40] 2026-03-24 03:45:30,279 INFO [rank=40 host=n3240]: Loading opacity table (first call in this process)...
[25] 2026-03-24 05:05:01,463 INFO [rank=25 host=n3065]: Loading opacity table (first call in this process)...
[35] 2026-03-24 05:54:09,626 INFO [rank=35 host=n3065]: Loading opacity table (first call in this process)...
[41] 2026-03-24 06:03:25,599 INFO [rank=41 host=n3240]: Loading opacity table (first call in this process)...
[3] 2026-03-24 07:12:11,935 INFO [rank=3 host=n3065]: Loading opacity table (first call in this process)...
[2026-03-24T07:31:29.110] error: *** STEP 34065788.0 ON n3065 CANCELLED AT 2026-03-24T07:31:29 DUE TO TIME LIMIT ***
[2026-03-24T07:31:29.132] error: *** JOB 34065788 ON n3065 CANCELLED AT 2026-03-24T07:31:29 DUE TO TIME LIMIT ***
