[1] 2026-03-08 14:24:37,853 INFO [rank=1 host=n3300]: starting climate model for inputs: [  2.       2.75   100.      10.       0.7525]
[2] 2026-03-08 14:24:37,853 INFO [rank=2 host=n3300]: starting climate model for inputs: [2.00e+00 2.75e+00 2.00e+02 1.00e+01 1.00e-02]
[3] 2026-03-08 14:24:37,853 INFO [rank=3 host=n3300]: starting climate model for inputs: [2.00e+00 2.75e+00 3.50e+02 1.00e+01 1.00e-02]
[4] 2026-03-08 14:24:37,853 INFO [rank=4 host=n3300]: starting climate model for inputs: [  2.       3.125  200.       3.       0.2575]
[5] 2026-03-08 14:24:37,853 INFO [rank=5 host=n3300]: starting climate model for inputs: [  2.      3.125 200.      6.      0.505]
[6] 2026-03-08 14:24:37,853 INFO [rank=6 host=n3300]: starting climate model for inputs: [  2.       3.125  200.       6.       0.7525]
[7] 2026-03-08 14:24:37,853 INFO [rank=7 host=n3300]: starting climate model for inputs: [  2.      3.125 200.      6.      1.   ]
[8] 2026-03-08 14:24:37,853 INFO [rank=8 host=n3300]: starting climate model for inputs: [  2.      3.125 200.      8.      0.505]
[9] 2026-03-08 14:24:37,853 INFO [rank=9 host=n3300]: starting climate model for inputs: [  2.      3.125 200.     10.      1.   ]
[10] 2026-03-08 14:24:37,853 INFO [rank=10 host=n3300]: starting climate model for inputs: [  2.       3.125  250.       3.       0.7525]
[12] 2026-03-08 14:24:37,853 INFO [rank=12 host=n3300]: starting climate model for inputs: [  2.      3.125 250.      4.      0.505]
[13] 2026-03-08 14:24:37,853 INFO [rank=13 host=n3300]: starting climate model for inputs: [  2.       3.125  250.       4.       0.7525]
[14] 2026-03-08 14:24:37,853 INFO [rank=14 host=n3300]: starting climate model for inputs: [  2.      3.125 250.      4.      1.   ]
[15] 2026-03-08 14:24:37,853 INFO [rank=15 host=n3300]: starting climate model for inputs: [  2.      3.125 250.      5.      0.505]
[16] 2026-03-08 14:24:37,853 INFO [rank=16 host=n3300]: starting climate model for inputs: [  2.       3.125  250.       5.       0.7525]
[17] 2026-03-08 14:24:37,853 INFO [rank=17 host=n3300]: starting climate model for inputs: [  2.      3.125 250.      6.      0.505]
[18] 2026-03-08 14:24:37,853 INFO [rank=18 host=n3300]: starting climate model for inputs: [  2.       3.125  250.       6.       0.7525]
[19] 2026-03-08 14:24:37,853 INFO [rank=19 host=n3300]: starting climate model for inputs: [  2.      3.125 250.      8.      0.505]
[20] 2026-03-08 14:24:37,853 INFO [rank=20 host=n3300]: starting climate model for inputs: [  2.       3.125  250.       8.       0.7525]
[21] 2026-03-08 14:24:37,853 INFO [rank=21 host=n3300]: starting climate model for inputs: [  2.      3.125 250.      8.      1.   ]
[22] 2026-03-08 14:24:37,853 INFO [rank=22 host=n3300]: starting climate model for inputs: [  2.      3.125 250.     10.      0.505]
[24] 2026-03-08 14:24:37,853 INFO [rank=24 host=n3300]: starting climate model for inputs: [2.000e+00 3.125e+00 3.000e+02 7.000e-01 1.000e-02]
[25] 2026-03-08 14:24:37,853 INFO [rank=25 host=n3300]: starting climate model for inputs: [2.000e+00 3.125e+00 3.000e+02 7.000e-01 2.575e-01]
[28] 2026-03-08 14:24:37,853 INFO [rank=28 host=n3300]: starting climate model for inputs: [2.000e+00 3.125e+00 3.500e+02 7.000e-01 2.575e-01]
[29] 2026-03-08 14:24:37,853 INFO [rank=29 host=n3300]: starting climate model for inputs: [2.000e+00 3.125e+00 3.500e+02 1.000e+00 1.000e-02]
[30] 2026-03-08 14:24:37,853 INFO [rank=30 host=n3300]: starting climate model for inputs: [2.000e+00 3.125e+00 3.500e+02 1.500e+00 1.000e-02]
[31] 2026-03-08 14:24:37,853 INFO [rank=31 host=n3300]: starting climate model for inputs: [2.000e+00 3.125e+00 3.500e+02 4.000e+00 1.000e-02]
[33] 2026-03-08 14:24:37,853 INFO [rank=33 host=n3300]: starting climate model for inputs: [2.000e+00 3.125e+00 4.000e+02 7.000e-01 1.000e-02]
[34] 2026-03-08 14:24:37,853 INFO [rank=34 host=n3300]: starting climate model for inputs: [2.000e+00 3.125e+00 4.000e+02 1.000e+00 1.000e-02]
[35] 2026-03-08 14:24:37,853 INFO [rank=35 host=n3300]: starting climate model for inputs: [2.000e+00 3.125e+00 4.000e+02 1.500e+00 1.000e-02]
[36] 2026-03-08 14:24:37,853 INFO [rank=36 host=n3300]: starting climate model for inputs: [2.000e+00 3.125e+00 4.000e+02 5.000e+00 2.575e-01]
[37] 2026-03-08 14:24:37,853 INFO [rank=37 host=n3300]: starting climate model for inputs: [2.000e+00 3.125e+00 4.000e+02 6.000e+00 1.000e-02]
[38] 2026-03-08 14:24:37,853 INFO [rank=38 host=n3300]: starting climate model for inputs: [2.000e+00 3.125e+00 4.000e+02 6.000e+00 2.575e-01]
[39] 2026-03-08 14:24:37,853 INFO [rank=39 host=n3300]: starting climate model for inputs: [2.000e+00 3.125e+00 4.000e+02 8.000e+00 1.000e-02]
[26] 2026-03-08 14:24:37,854 INFO [rank=26 host=n3300]: starting climate model for inputs: [2.000e+00 3.125e+00 3.000e+02 4.000e+00 1.000e-02]
[32] 2026-03-08 14:24:37,854 INFO [rank=32 host=n3300]: starting climate model for inputs: [2.000e+00 3.125e+00 3.500e+02 5.000e+00 2.575e-01]
[11] 2026-03-08 14:24:37,854 INFO [rank=11 host=n3300]: starting climate model for inputs: [  2.      3.125 250.      3.      1.   ]
[23] 2026-03-08 14:24:37,856 INFO [rank=23 host=n3300]: starting climate model for inputs: [  2.       3.125  250.      10.       0.7525]
[27] 2026-03-08 14:24:37,856 INFO [rank=27 host=n3300]: starting climate model for inputs: [2.000e+00 3.125e+00 3.500e+02 7.000e-01 1.000e-02]
[2026-03-09T14:23:06.008] error: *** STEP 33717755.0 ON n3300 CANCELLED AT 2026-03-09T14:23:06 DUE TO TIME LIMIT ***
[2026-03-09T14:23:06.008] error: *** JOB 33717755 ON n3300 CANCELLED AT 2026-03-09T14:23:06 DUE TO TIME LIMIT ***
