[1] 2026-03-16 19:28:05,268 INFO [rank=1 host=n3016]: starting climate model for inputs: [  2.       2.75   100.      10.       0.7525]
[2] 2026-03-16 19:28:05,268 INFO [rank=2 host=n3016]: starting climate model for inputs: [2.00e+00 2.75e+00 2.00e+02 1.00e+01 1.00e-02]
[3] 2026-03-16 19:28:05,268 INFO [rank=3 host=n3016]: starting climate model for inputs: [2.00e+00 2.75e+00 3.50e+02 1.00e+01 1.00e-02]
[4] 2026-03-16 19:28:05,268 INFO [rank=4 host=n3016]: starting climate model for inputs: [  2.       3.125  200.       3.       0.2575]
[40] 2026-03-16 19:28:05,269 INFO [rank=40 host=n3301]: starting climate model for inputs: [2.000e+00 3.125e+00 4.000e+02 8.000e+00 2.575e-01]
[80] 2026-03-16 19:28:05,270 INFO [rank=80 host=n3302]: starting climate model for inputs: [ 2.      3.5    50.     10.      0.2575]
[5] 2026-03-16 19:28:05,268 INFO [rank=5 host=n3016]: starting climate model for inputs: [  2.      3.125 200.      6.      0.505]
[42] 2026-03-16 19:28:05,269 INFO [rank=42 host=n3301]: starting climate model for inputs: [2.000e+00 3.125e+00 4.000e+02 1.000e+01 1.000e-02]
[81] 2026-03-16 19:28:05,270 INFO [rank=81 host=n3302]: starting climate model for inputs: [ 2.     3.5   50.    10.     0.505]
[6] 2026-03-16 19:28:05,268 INFO [rank=6 host=n3016]: starting climate model for inputs: [  2.       3.125  200.       6.       0.7525]
[43] 2026-03-16 19:28:05,269 INFO [rank=43 host=n3301]: starting climate model for inputs: [2.000e+00 3.125e+00 4.000e+02 1.000e+01 2.575e-01]
[82] 2026-03-16 19:28:05,270 INFO [rank=82 host=n3302]: starting climate model for inputs: [ 2.      3.5    50.     10.      0.7525]
[83] 2026-03-16 19:28:05,270 INFO [rank=83 host=n3302]: starting climate model for inputs: [ 2.   3.5 50.  10.   1. ]
[7] 2026-03-16 19:28:05,268 INFO [rank=7 host=n3016]: starting climate model for inputs: [  2.      3.125 200.      6.      1.   ]
[45] 2026-03-16 19:28:05,269 INFO [rank=45 host=n3301]: starting climate model for inputs: [  2.       3.125  400.      10.       0.7525]
[84] 2026-03-16 19:28:05,270 INFO [rank=84 host=n3302]: starting climate model for inputs: [2.0e+00 3.5e+00 1.0e+02 7.0e-01 1.0e-02]
[8] 2026-03-16 19:28:05,268 INFO [rank=8 host=n3016]: starting climate model for inputs: [  2.      3.125 200.      8.      0.505]
[46] 2026-03-16 19:28:05,269 INFO [rank=46 host=n3301]: starting climate model for inputs: [  2.      3.125 400.     10.      1.   ]
[85] 2026-03-16 19:28:05,270 INFO [rank=85 host=n3302]: starting climate model for inputs: [  2.       3.5    100.       0.7      0.2575]
[9] 2026-03-16 19:28:05,268 INFO [rank=9 host=n3016]: starting climate model for inputs: [  2.      3.125 200.     10.      1.   ]
[47] 2026-03-16 19:28:05,269 INFO [rank=47 host=n3301]: starting climate model for inputs: [ 2.      3.5    50.      0.7     0.2575]
[10] 2026-03-16 19:28:05,269 INFO [rank=10 host=n3016]: starting climate model for inputs: [  2.       3.125  250.       3.       0.7525]
[86] 2026-03-16 19:28:05,270 INFO [rank=86 host=n3302]: starting climate model for inputs: [  2.      3.5   100.      0.7     0.505]
[48] 2026-03-16 19:28:05,269 INFO [rank=48 host=n3301]: starting climate model for inputs: [ 2.     3.5   50.     0.7    0.505]
[11] 2026-03-16 19:28:05,268 INFO [rank=11 host=n3016]: starting climate model for inputs: [  2.      3.125 250.      3.      1.   ]
[87] 2026-03-16 19:28:05,270 INFO [rank=87 host=n3302]: starting climate model for inputs: [  2.       3.5    100.       0.7      0.7525]
[49] 2026-03-16 19:28:05,269 INFO [rank=49 host=n3301]: starting climate model for inputs: [ 2.     3.5   50.     1.     0.505]
[12] 2026-03-16 19:28:05,268 INFO [rank=12 host=n3016]: starting climate model for inputs: [  2.      3.125 250.      4.      0.505]
[88] 2026-03-16 19:28:05,270 INFO [rank=88 host=n3302]: starting climate model for inputs: [  2.    3.5 100.    0.7   1. ]
[50] 2026-03-16 19:28:05,269 INFO [rank=50 host=n3301]: starting climate model for inputs: [ 2.      3.5    50.      1.      0.7525]
[13] 2026-03-16 19:28:05,268 INFO [rank=13 host=n3016]: starting climate model for inputs: [  2.       3.125  250.       4.       0.7525]
[89] 2026-03-16 19:28:05,270 INFO [rank=89 host=n3302]: starting climate model for inputs: [  2.       3.5    100.       1.       0.7525]
[51] 2026-03-16 19:28:05,269 INFO [rank=51 host=n3301]: starting climate model for inputs: [ 2.   3.5 50.   1.   1. ]
[14] 2026-03-16 19:28:05,268 INFO [rank=14 host=n3016]: starting climate model for inputs: [  2.      3.125 250.      4.      1.   ]
[90] 2026-03-16 19:28:05,270 INFO [rank=90 host=n3302]: starting climate model for inputs: [  2.    3.5 100.    1.    1. ]
[52] 2026-03-16 19:28:05,269 INFO [rank=52 host=n3301]: starting climate model for inputs: [ 2.      3.5    50.      1.5     0.7525]
[15] 2026-03-16 19:28:05,268 INFO [rank=15 host=n3016]: starting climate model for inputs: [  2.      3.125 250.      5.      0.505]
[91] 2026-03-16 19:28:05,270 INFO [rank=91 host=n3302]: starting climate model for inputs: [  2.       3.5    100.       1.5      0.7525]
[53] 2026-03-16 19:28:05,269 INFO [rank=53 host=n3301]: starting climate model for inputs: [ 2.   3.5 50.   1.5  1. ]
[92] 2026-03-16 19:28:05,270 INFO [rank=92 host=n3302]: starting climate model for inputs: [  2.    3.5 100.    1.5   1. ]
[16] 2026-03-16 19:28:05,269 INFO [rank=16 host=n3016]: starting climate model for inputs: [  2.       3.125  250.       5.       0.7525]
[56] 2026-03-16 19:28:05,269 INFO [rank=56 host=n3301]: starting climate model for inputs: [2.0e+00 3.5e+00 5.0e+01 3.0e+00 1.0e-02]
[93] 2026-03-16 19:28:05,270 INFO [rank=93 host=n3302]: starting climate model for inputs: [  2.       3.5    100.       2.       0.7525]
[17] 2026-03-16 19:28:05,268 INFO [rank=17 host=n3016]: starting climate model for inputs: [  2.      3.125 250.      6.      0.505]
[57] 2026-03-16 19:28:05,269 INFO [rank=57 host=n3301]: starting climate model for inputs: [ 2.     3.5   50.     3.     0.505]
[94] 2026-03-16 19:28:05,270 INFO [rank=94 host=n3302]: starting climate model for inputs: [  2.    3.5 100.    2.    1. ]
[18] 2026-03-16 19:28:05,268 INFO [rank=18 host=n3016]: starting climate model for inputs: [  2.       3.125  250.       6.       0.7525]
[58] 2026-03-16 19:28:05,269 INFO [rank=58 host=n3301]: starting climate model for inputs: [ 2.      3.5    50.      3.      0.7525]
[95] 2026-03-16 19:28:05,270 INFO [rank=95 host=n3302]: starting climate model for inputs: [  2.       3.5    100.       3.       0.7525]
[19] 2026-03-16 19:28:05,269 INFO [rank=19 host=n3016]: starting climate model for inputs: [  2.      3.125 250.      8.      0.505]
[61] 2026-03-16 19:28:05,269 INFO [rank=61 host=n3301]: starting climate model for inputs: [ 2.      3.5    50.      4.      0.2575]
[96] 2026-03-16 19:28:05,270 INFO [rank=96 host=n3302]: starting climate model for inputs: [  2.    3.5 100.    3.    1. ]
[21] 2026-03-16 19:28:05,269 INFO [rank=21 host=n3016]: starting climate model for inputs: [  2.      3.125 250.      8.      1.   ]
[22] 2026-03-16 19:28:05,269 INFO [rank=22 host=n3016]: starting climate model for inputs: [  2.      3.125 250.     10.      0.505]
[62] 2026-03-16 19:28:05,269 INFO [rank=62 host=n3301]: starting climate model for inputs: [ 2.     3.5   50.     4.     0.505]
[97] 2026-03-16 19:28:05,270 INFO [rank=97 host=n3302]: starting climate model for inputs: [  2.       3.5    100.       4.       0.7525]
[23] 2026-03-16 19:28:05,269 INFO [rank=23 host=n3016]: starting climate model for inputs: [  2.       3.125  250.      10.       0.7525]
[63] 2026-03-16 19:28:05,269 INFO [rank=63 host=n3301]: starting climate model for inputs: [ 2.      3.5    50.      4.      0.7525]
[98] 2026-03-16 19:28:05,270 INFO [rank=98 host=n3302]: starting climate model for inputs: [  2.    3.5 100.    4.    1. ]
[24] 2026-03-16 19:28:05,268 INFO [rank=24 host=n3016]: starting climate model for inputs: [2.000e+00 3.125e+00 3.000e+02 7.000e-01 1.000e-02]
[64] 2026-03-16 19:28:05,269 INFO [rank=64 host=n3301]: starting climate model for inputs: [ 2.   3.5 50.   4.   1. ]
[99] 2026-03-16 19:28:05,270 INFO [rank=99 host=n3302]: starting climate model for inputs: [  2.       3.5    100.       5.       0.7525]
[25] 2026-03-16 19:28:05,268 INFO [rank=25 host=n3016]: starting climate model for inputs: [2.000e+00 3.125e+00 3.000e+02 7.000e-01 2.575e-01]
[65] 2026-03-16 19:28:05,269 INFO [rank=65 host=n3301]: starting climate model for inputs: [2.0e+00 3.5e+00 5.0e+01 5.0e+00 1.0e-02]
[100] 2026-03-16 19:28:05,270 INFO [rank=100 host=n3302]: starting climate model for inputs: [  2.    3.5 100.    5.    1. ]
[27] 2026-03-16 19:28:05,269 INFO [rank=27 host=n3016]: starting climate model for inputs: [2.000e+00 3.125e+00 3.500e+02 7.000e-01 1.000e-02]
[66] 2026-03-16 19:28:05,269 INFO [rank=66 host=n3301]: starting climate model for inputs: [ 2.      3.5    50.      5.      0.2575]
[101] 2026-03-16 19:28:05,270 INFO [rank=101 host=n3302]: starting climate model for inputs: [  2.       3.5    100.       6.       0.7525]
[28] 2026-03-16 19:28:05,269 INFO [rank=28 host=n3016]: starting climate model for inputs: [2.000e+00 3.125e+00 3.500e+02 7.000e-01 2.575e-01]
[67] 2026-03-16 19:28:05,269 INFO [rank=67 host=n3301]: starting climate model for inputs: [ 2.     3.5   50.     5.     0.505]
[102] 2026-03-16 19:28:05,270 INFO [rank=102 host=n3302]: starting climate model for inputs: [  2.       3.5    100.       8.       0.7525]
[30] 2026-03-16 19:28:05,269 INFO [rank=30 host=n3016]: starting climate model for inputs: [2.000e+00 3.125e+00 3.500e+02 1.500e+00 1.000e-02]
[68] 2026-03-16 19:28:05,269 INFO [rank=68 host=n3301]: starting climate model for inputs: [ 2.      3.5    50.      5.      0.7525]
[103] 2026-03-16 19:28:05,270 INFO [rank=103 host=n3302]: starting climate model for inputs: [  2.       3.5    100.      10.       0.7525]
[31] 2026-03-16 19:28:05,269 INFO [rank=31 host=n3016]: starting climate model for inputs: [2.000e+00 3.125e+00 3.500e+02 4.000e+00 1.000e-02]
[69] 2026-03-16 19:28:05,269 INFO [rank=69 host=n3301]: starting climate model for inputs: [ 2.   3.5 50.   5.   1. ]
[104] 2026-03-16 19:28:05,270 INFO [rank=104 host=n3302]: starting climate model for inputs: [  2.    3.5 100.   10.    1. ]
[32] 2026-03-16 19:28:05,269 INFO [rank=32 host=n3016]: starting climate model for inputs: [2.000e+00 3.125e+00 3.500e+02 5.000e+00 2.575e-01]
[105] 2026-03-16 19:28:05,270 INFO [rank=105 host=n3302]: starting climate model for inputs: [2.0e+00 3.5e+00 1.5e+02 7.0e-01 1.0e-02]
[34] 2026-03-16 19:28:05,269 INFO [rank=34 host=n3016]: starting climate model for inputs: [2.000e+00 3.125e+00 4.000e+02 1.000e+00 1.000e-02]
[70] 2026-03-16 19:28:05,269 INFO [rank=70 host=n3301]: starting climate model for inputs: [2.0e+00 3.5e+00 5.0e+01 6.0e+00 1.0e-02]
[106] 2026-03-16 19:28:05,270 INFO [rank=106 host=n3302]: starting climate model for inputs: [  2.       3.5    150.       0.7      0.2575]
[35] 2026-03-16 19:28:05,269 INFO [rank=35 host=n3016]: starting climate model for inputs: [2.000e+00 3.125e+00 4.000e+02 1.500e+00 1.000e-02]
[71] 2026-03-16 19:28:05,269 INFO [rank=71 host=n3301]: starting climate model for inputs: [ 2.      3.5    50.      6.      0.2575]
[36] 2026-03-16 19:28:05,269 INFO [rank=36 host=n3016]: starting climate model for inputs: [2.000e+00 3.125e+00 4.000e+02 5.000e+00 2.575e-01]
[107] 2026-03-16 19:28:05,270 INFO [rank=107 host=n3302]: starting climate model for inputs: [  2.      3.5   150.      0.7     0.505]
[72] 2026-03-16 19:28:05,269 INFO [rank=72 host=n3301]: starting climate model for inputs: [ 2.      3.5    50.      6.      0.7525]
[39] 2026-03-16 19:28:05,269 INFO [rank=39 host=n3016]: starting climate model for inputs: [2.000e+00 3.125e+00 4.000e+02 8.000e+00 1.000e-02]
[73] 2026-03-16 19:28:05,269 INFO [rank=73 host=n3301]: starting climate model for inputs: [ 2.   3.5 50.   6.   1. ]
[108] 2026-03-16 19:28:05,270 INFO [rank=108 host=n3302]: starting climate model for inputs: [  2.       3.5    150.       0.7      0.7525]
[74] 2026-03-16 19:28:05,269 INFO [rank=74 host=n3301]: starting climate model for inputs: [2.0e+00 3.5e+00 5.0e+01 8.0e+00 1.0e-02]
[109] 2026-03-16 19:28:05,270 INFO [rank=109 host=n3302]: starting climate model for inputs: [  2.    3.5 150.    0.7   1. ]
[20] 2026-03-16 19:28:05,269 INFO [rank=20 host=n3016]: starting climate model for inputs: [  2.       3.125  250.       8.       0.7525]
[75] 2026-03-16 19:28:05,269 INFO [rank=75 host=n3301]: starting climate model for inputs: [ 2.      3.5    50.      8.      0.2575]
[110] 2026-03-16 19:28:05,270 INFO [rank=110 host=n3302]: starting climate model for inputs: [2.0e+00 3.5e+00 1.5e+02 1.0e+00 1.0e-02]
[76] 2026-03-16 19:28:05,269 INFO [rank=76 host=n3301]: starting climate model for inputs: [ 2.     3.5   50.     8.     0.505]
[111] 2026-03-16 19:28:05,270 INFO [rank=111 host=n3302]: starting climate model for inputs: [  2.       3.5    150.       1.       0.2575]
[26] 2026-03-16 19:28:05,269 INFO [rank=26 host=n3016]: starting climate model for inputs: [2.000e+00 3.125e+00 3.000e+02 4.000e+00 1.000e-02]
[112] 2026-03-16 19:28:05,270 INFO [rank=112 host=n3302]: starting climate model for inputs: [  2.      3.5   150.      1.      0.505]
[77] 2026-03-16 19:28:05,269 INFO [rank=77 host=n3301]: starting climate model for inputs: [ 2.      3.5    50.      8.      0.7525]
[29] 2026-03-16 19:28:05,269 INFO [rank=29 host=n3016]: starting climate model for inputs: [2.000e+00 3.125e+00 3.500e+02 1.000e+00 1.000e-02]
[78] 2026-03-16 19:28:05,269 INFO [rank=78 host=n3301]: starting climate model for inputs: [ 2.   3.5 50.   8.   1. ]
[113] 2026-03-16 19:28:05,270 INFO [rank=113 host=n3302]: starting climate model for inputs: [  2.       3.5    150.       1.       0.7525]
[79] 2026-03-16 19:28:05,269 INFO [rank=79 host=n3301]: starting climate model for inputs: [2.0e+00 3.5e+00 5.0e+01 1.0e+01 1.0e-02]
[33] 2026-03-16 19:28:05,269 INFO [rank=33 host=n3016]: starting climate model for inputs: [2.000e+00 3.125e+00 4.000e+02 7.000e-01 1.000e-02]
[114] 2026-03-16 19:28:05,270 INFO [rank=114 host=n3302]: starting climate model for inputs: [  2.    3.5 150.    1.    1. ]
[55] 2026-03-16 19:28:05,269 INFO [rank=55 host=n3301]: starting climate model for inputs: [ 2.   3.5 50.   2.   1. ]
[115] 2026-03-16 19:28:05,270 INFO [rank=115 host=n3302]: starting climate model for inputs: [2.0e+00 3.5e+00 1.5e+02 1.5e+00 1.0e-02]
[37] 2026-03-16 19:28:05,269 INFO [rank=37 host=n3016]: starting climate model for inputs: [2.000e+00 3.125e+00 4.000e+02 6.000e+00 1.000e-02]
[116] 2026-03-16 19:28:05,270 INFO [rank=116 host=n3302]: starting climate model for inputs: [  2.       3.5    150.       1.5      0.2575]
[59] 2026-03-16 19:28:05,270 INFO [rank=59 host=n3301]: starting climate model for inputs: [ 2.   3.5 50.   3.   1. ]
[38] 2026-03-16 19:28:05,269 INFO [rank=38 host=n3016]: starting climate model for inputs: [2.000e+00 3.125e+00 4.000e+02 6.000e+00 2.575e-01]
[54] 2026-03-16 19:28:05,270 INFO [rank=54 host=n3301]: starting climate model for inputs: [ 2.      3.5    50.      2.      0.7525]
[117] 2026-03-16 19:28:05,270 INFO [rank=117 host=n3302]: starting climate model for inputs: [  2.      3.5   150.      1.5     0.505]
[60] 2026-03-16 19:28:05,270 INFO [rank=60 host=n3301]: starting climate model for inputs: [2.0e+00 3.5e+00 5.0e+01 4.0e+00 1.0e-02]
[118] 2026-03-16 19:28:05,270 INFO [rank=118 host=n3302]: starting climate model for inputs: [  2.       3.5    150.       1.5      0.7525]
[119] 2026-03-16 19:28:05,270 INFO [rank=119 host=n3302]: starting climate model for inputs: [  2.    3.5 150.    1.5   1. ]
[44] 2026-03-16 19:28:05,270 INFO [rank=44 host=n3301]: starting climate model for inputs: [  2.      3.125 400.     10.      0.505]
[41] 2026-03-16 19:28:05,271 INFO [rank=41 host=n3301]: starting climate model for inputs: [  2.      3.125 400.      8.      1.   ]
[122] 2026-03-16 19:28:05,842 INFO [rank=122 host=n3303]: starting climate model for inputs: [  2.      3.5   150.      2.      0.505]
[123] 2026-03-16 19:28:05,842 INFO [rank=123 host=n3303]: starting climate model for inputs: [  2.       3.5    150.       2.       0.7525]
[127] 2026-03-16 19:28:05,843 INFO [rank=127 host=n3303]: starting climate model for inputs: [  2.       3.5    150.       3.       0.7525]
[128] 2026-03-16 19:28:05,843 INFO [rank=128 host=n3303]: starting climate model for inputs: [  2.    3.5 150.    3.    1. ]
[129] 2026-03-16 19:28:05,842 INFO [rank=129 host=n3303]: starting climate model for inputs: [2.0e+00 3.5e+00 1.5e+02 4.0e+00 1.0e-02]
[134] 2026-03-16 19:28:05,843 INFO [rank=134 host=n3303]: starting climate model for inputs: [  2.       3.5    150.       5.       0.7525]
[135] 2026-03-16 19:28:05,843 INFO [rank=135 host=n3303]: starting climate model for inputs: [  2.    3.5 150.    5.    1. ]
[137] 2026-03-16 19:28:05,843 INFO [rank=137 host=n3303]: starting climate model for inputs: [  2.       3.5    150.       6.       0.7525]
[140] 2026-03-16 19:28:05,843 INFO [rank=140 host=n3303]: starting climate model for inputs: [2.0e+00 3.5e+00 1.5e+02 1.0e+01 1.0e-02]
[143] 2026-03-16 19:28:05,843 INFO [rank=143 host=n3303]: starting climate model for inputs: [  2.      3.5   200.      0.7     0.505]
[146] 2026-03-16 19:28:05,843 INFO [rank=146 host=n3303]: starting climate model for inputs: [2.0e+00 3.5e+00 2.0e+02 1.0e+00 1.0e-02]
[149] 2026-03-16 19:28:05,842 INFO [rank=149 host=n3303]: starting climate model for inputs: [  2.       3.5    200.       1.       0.7525]
[153] 2026-03-16 19:28:05,843 INFO [rank=153 host=n3303]: starting climate model for inputs: [  2.      3.5   200.      1.5     0.505]
[156] 2026-03-16 19:28:05,843 INFO [rank=156 host=n3303]: starting climate model for inputs: [2.0e+00 3.5e+00 2.0e+02 2.0e+00 1.0e-02]
[158] 2026-03-16 19:28:05,843 INFO [rank=158 host=n3303]: starting climate model for inputs: [  2.       3.5    200.       2.       0.7525]
[125] 2026-03-16 19:28:05,843 INFO [rank=125 host=n3303]: starting climate model for inputs: [  2.       3.5    150.       3.       0.2575]
[157] 2026-03-16 19:28:05,843 INFO [rank=157 host=n3303]: starting climate model for inputs: [  2.      3.5   200.      2.      0.505]
[159] 2026-03-16 19:28:05,844 INFO [rank=159 host=n3303]: starting climate model for inputs: [  2.    3.5 200.    2.    1. ]
[120] 2026-03-16 19:28:05,845 INFO [rank=120 host=n3303]: starting climate model for inputs: [2.0e+00 3.5e+00 1.5e+02 2.0e+00 1.0e-02]
[121] 2026-03-16 19:28:05,844 INFO [rank=121 host=n3303]: starting climate model for inputs: [  2.       3.5    150.       2.       0.2575]
[126] 2026-03-16 19:28:05,844 INFO [rank=126 host=n3303]: starting climate model for inputs: [  2.      3.5   150.      3.      0.505]
[130] 2026-03-16 19:28:05,845 INFO [rank=130 host=n3303]: starting climate model for inputs: [  2.       3.5    150.       4.       0.7525]
[131] 2026-03-16 19:28:05,844 INFO [rank=131 host=n3303]: starting climate model for inputs: [  2.    3.5 150.    4.    1. ]
[132] 2026-03-16 19:28:05,844 INFO [rank=132 host=n3303]: starting climate model for inputs: [2.0e+00 3.5e+00 1.5e+02 5.0e+00 1.0e-02]
[138] 2026-03-16 19:28:05,844 INFO [rank=138 host=n3303]: starting climate model for inputs: [  2.    3.5 150.    6.    1. ]
[139] 2026-03-16 19:28:05,844 INFO [rank=139 host=n3303]: starting climate model for inputs: [  2.       3.5    150.       8.       0.7525]
[141] 2026-03-16 19:28:05,844 INFO [rank=141 host=n3303]: starting climate model for inputs: [  2.       3.5    150.      10.       0.7525]
[142] 2026-03-16 19:28:05,844 INFO [rank=142 host=n3303]: starting climate model for inputs: [  2.       3.5    200.       0.7      0.2575]
[144] 2026-03-16 19:28:05,844 INFO [rank=144 host=n3303]: starting climate model for inputs: [  2.       3.5    200.       0.7      0.7525]
[145] 2026-03-16 19:28:05,844 INFO [rank=145 host=n3303]: starting climate model for inputs: [  2.    3.5 200.    0.7   1. ]
[147] 2026-03-16 19:28:05,844 INFO [rank=147 host=n3303]: starting climate model for inputs: [  2.       3.5    200.       1.       0.2575]
[148] 2026-03-16 19:28:05,844 INFO [rank=148 host=n3303]: starting climate model for inputs: [  2.      3.5   200.      1.      0.505]
[150] 2026-03-16 19:28:05,844 INFO [rank=150 host=n3303]: starting climate model for inputs: [  2.    3.5 200.    1.    1. ]
[151] 2026-03-16 19:28:05,844 INFO [rank=151 host=n3303]: starting climate model for inputs: [2.0e+00 3.5e+00 2.0e+02 1.5e+00 1.0e-02]
[152] 2026-03-16 19:28:05,844 INFO [rank=152 host=n3303]: starting climate model for inputs: [  2.       3.5    200.       1.5      0.2575]
[154] 2026-03-16 19:28:05,845 INFO [rank=154 host=n3303]: starting climate model for inputs: [  2.       3.5    200.       1.5      0.7525]
[155] 2026-03-16 19:28:05,844 INFO [rank=155 host=n3303]: starting climate model for inputs: [  2.    3.5 200.    1.5   1. ]
[133] 2026-03-16 19:28:05,843 INFO [rank=133 host=n3303]: starting climate model for inputs: [  2.      3.5   150.      5.      0.505]
[124] 2026-03-16 19:28:05,845 INFO [rank=124 host=n3303]: starting climate model for inputs: [2.0e+00 3.5e+00 1.5e+02 3.0e+00 1.0e-02]
[136] 2026-03-16 19:28:05,846 INFO [rank=136 host=n3303]: starting climate model for inputs: [  2.      3.5   150.      6.      0.505]
[2026-03-17T07:26:40.009] error: *** STEP 33894886.0 ON n3016 CANCELLED AT 2026-03-17T07:26:40 DUE TO TIME LIMIT ***
[2026-03-17T07:26:40.010] error: *** JOB 33894886 ON n3016 CANCELLED AT 2026-03-17T07:26:40 DUE TO TIME LIMIT ***
