[5] /mmfs1/gscratch/vsm/elizap/MiniNeptuneGrid26_PostBac/Installation&Setup_Instructions/picasofiles/reference
[5] /mmfs1/gscratch/vsm/elizap/MiniNeptuneGrid26_PostBac/Installation&Setup_Instructions/picasofiles/grp/redcat/trds
[38] /mmfs1/gscratch/vsm/elizap/MiniNeptuneGrid26_PostBac/Installation&Setup_Instructions/picasofiles/reference
[38] /mmfs1/gscratch/vsm/elizap/MiniNeptuneGrid26_PostBac/Installation&Setup_Instructions/picasofiles/grp/redcat/trds
[2] /mmfs1/gscratch/vsm/elizap/MiniNeptuneGrid26_PostBac/Installation&Setup_Instructions/picasofiles/reference
[2] /mmfs1/gscratch/vsm/elizap/MiniNeptuneGrid26_PostBac/Installation&Setup_Instructions/picasofiles/grp/redcat/trds
[10] /mmfs1/gscratch/vsm/elizap/MiniNeptuneGrid26_PostBac/Installation&Setup_Instructions/picasofiles/reference
[10] /mmfs1/gscratch/vsm/elizap/MiniNeptuneGrid26_PostBac/Installation&Setup_Instructions/picasofiles/grp/redcat/trds
[35] /mmfs1/gscratch/vsm/elizap/MiniNeptuneGrid26_PostBac/Installation&Setup_Instructions/picasofiles/reference
[35] /mmfs1/gscratch/vsm/elizap/MiniNeptuneGrid26_PostBac/Installation&Setup_Instructions/picasofiles/grp/redcat/trds
[11] /mmfs1/gscratch/vsm/elizap/MiniNeptuneGrid26_PostBac/Installation&Setup_Instructions/picasofiles/reference
[11] /mmfs1/gscratch/vsm/elizap/MiniNeptuneGrid26_PostBac/Installation&Setup_Instructions/picasofiles/grp/redcat/trds
[4] /mmfs1/gscratch/vsm/elizap/MiniNeptuneGrid26_PostBac/Installation&Setup_Instructions/picasofiles/reference
[4] /mmfs1/gscratch/vsm/elizap/MiniNeptuneGrid26_PostBac/Installation&Setup_Instructions/picasofiles/grp/redcat/trds
[13] /mmfs1/gscratch/vsm/elizap/MiniNeptuneGrid26_PostBac/Installation&Setup_Instructions/picasofiles/reference
[13] /mmfs1/gscratch/vsm/elizap/MiniNeptuneGrid26_PostBac/Installation&Setup_Instructions/picasofiles/grp/redcat/trds
[39] /mmfs1/gscratch/vsm/elizap/MiniNeptuneGrid26_PostBac/Installation&Setup_Instructions/picasofiles/reference
[39] /mmfs1/gscratch/vsm/elizap/MiniNeptuneGrid26_PostBac/Installation&Setup_Instructions/picasofiles/grp/redcat/trds
[27] /mmfs1/gscratch/vsm/elizap/MiniNeptuneGrid26_PostBac/Installation&Setup_Instructions/picasofiles/reference
[27] /mmfs1/gscratch/vsm/elizap/MiniNeptuneGrid26_PostBac/Installation&Setup_Instructions/picasofiles/grp/redcat/trds
[14] /mmfs1/gscratch/vsm/elizap/MiniNeptuneGrid26_PostBac/Installation&Setup_Instructions/picasofiles/reference
[14] /mmfs1/gscratch/vsm/elizap/MiniNeptuneGrid26_PostBac/Installation&Setup_Instructions/picasofiles/grp/redcat/trds
[9] /mmfs1/gscratch/vsm/elizap/MiniNeptuneGrid26_PostBac/Installation&Setup_Instructions/picasofiles/reference
[9] /mmfs1/gscratch/vsm/elizap/MiniNeptuneGrid26_PostBac/Installation&Setup_Instructions/picasofiles/grp/redcat/trds
[8] /mmfs1/gscratch/vsm/elizap/MiniNeptuneGrid26_PostBac/Installation&Setup_Instructions/picasofiles/reference
[8] /mmfs1/gscratch/vsm/elizap/MiniNeptuneGrid26_PostBac/Installation&Setup_Instructions/picasofiles/grp/redcat/trds
[7] /mmfs1/gscratch/vsm/elizap/MiniNeptuneGrid26_PostBac/Installation&Setup_Instructions/picasofiles/reference
[7] /mmfs1/gscratch/vsm/elizap/MiniNeptuneGrid26_PostBac/Installation&Setup_Instructions/picasofiles/grp/redcat/trds
[33] /mmfs1/gscratch/vsm/elizap/MiniNeptuneGrid26_PostBac/Installation&Setup_Instructions/picasofiles/reference
[33] /mmfs1/gscratch/vsm/elizap/MiniNeptuneGrid26_PostBac/Installation&Setup_Instructions/picasofiles/grp/redcat/trds
[23] /mmfs1/gscratch/vsm/elizap/MiniNeptuneGrid26_PostBac/Installation&Setup_Instructions/picasofiles/reference
[23] /mmfs1/gscratch/vsm/elizap/MiniNeptuneGrid26_PostBac/Installation&Setup_Instructions/picasofiles/grp/redcat/trds
[20] /mmfs1/gscratch/vsm/elizap/MiniNeptuneGrid26_PostBac/Installation&Setup_Instructions/picasofiles/reference
[20] /mmfs1/gscratch/vsm/elizap/MiniNeptuneGrid26_PostBac/Installation&Setup_Instructions/picasofiles/grp/redcat/trds
[29] /mmfs1/gscratch/vsm/elizap/MiniNeptuneGrid26_PostBac/Installation&Setup_Instructions/picasofiles/reference
[29] /mmfs1/gscratch/vsm/elizap/MiniNeptuneGrid26_PostBac/Installation&Setup_Instructions/picasofiles/grp/redcat/trds
[18] /mmfs1/gscratch/vsm/elizap/MiniNeptuneGrid26_PostBac/Installation&Setup_Instructions/picasofiles/reference
[18] /mmfs1/gscratch/vsm/elizap/MiniNeptuneGrid26_PostBac/Installation&Setup_Instructions/picasofiles/grp/redcat/trds
[36] /mmfs1/gscratch/vsm/elizap/MiniNeptuneGrid26_PostBac/Installation&Setup_Instructions/picasofiles/reference
[36] /mmfs1/gscratch/vsm/elizap/MiniNeptuneGrid26_PostBac/Installation&Setup_Instructions/picasofiles/grp/redcat/trds
[15] /mmfs1/gscratch/vsm/elizap/MiniNeptuneGrid26_PostBac/Installation&Setup_Instructions/picasofiles/reference
[15] /mmfs1/gscratch/vsm/elizap/MiniNeptuneGrid26_PostBac/Installation&Setup_Instructions/picasofiles/grp/redcat/trds
[37] /mmfs1/gscratch/vsm/elizap/MiniNeptuneGrid26_PostBac/Installation&Setup_Instructions/picasofiles/reference
[37] /mmfs1/gscratch/vsm/elizap/MiniNeptuneGrid26_PostBac/Installation&Setup_Instructions/picasofiles/grp/redcat/trds
[31] /mmfs1/gscratch/vsm/elizap/MiniNeptuneGrid26_PostBac/Installation&Setup_Instructions/picasofiles/reference
[31] /mmfs1/gscratch/vsm/elizap/MiniNeptuneGrid26_PostBac/Installation&Setup_Instructions/picasofiles/grp/redcat/trds
[24] /mmfs1/gscratch/vsm/elizap/MiniNeptuneGrid26_PostBac/Installation&Setup_Instructions/picasofiles/reference
[24] /mmfs1/gscratch/vsm/elizap/MiniNeptuneGrid26_PostBac/Installation&Setup_Instructions/picasofiles/grp/redcat/trds
[3] /mmfs1/gscratch/vsm/elizap/MiniNeptuneGrid26_PostBac/Installation&Setup_Instructions/picasofiles/reference
[3] /mmfs1/gscratch/vsm/elizap/MiniNeptuneGrid26_PostBac/Installation&Setup_Instructions/picasofiles/grp/redcat/trds
[16] /mmfs1/gscratch/vsm/elizap/MiniNeptuneGrid26_PostBac/Installation&Setup_Instructions/picasofiles/reference
[16] /mmfs1/gscratch/vsm/elizap/MiniNeptuneGrid26_PostBac/Installation&Setup_Instructions/picasofiles/grp/redcat/trds
[19] /mmfs1/gscratch/vsm/elizap/MiniNeptuneGrid26_PostBac/Installation&Setup_Instructions/picasofiles/reference
[19] /mmfs1/gscratch/vsm/elizap/MiniNeptuneGrid26_PostBac/Installation&Setup_Instructions/picasofiles/grp/redcat/trds
[26] /mmfs1/gscratch/vsm/elizap/MiniNeptuneGrid26_PostBac/Installation&Setup_Instructions/picasofiles/reference
[26] /mmfs1/gscratch/vsm/elizap/MiniNeptuneGrid26_PostBac/Installation&Setup_Instructions/picasofiles/grp/redcat/trds
[1] /mmfs1/gscratch/vsm/elizap/MiniNeptuneGrid26_PostBac/Installation&Setup_Instructions/picasofiles/reference
[1] /mmfs1/gscratch/vsm/elizap/MiniNeptuneGrid26_PostBac/Installation&Setup_Instructions/picasofiles/grp/redcat/trds
[6] /mmfs1/gscratch/vsm/elizap/MiniNeptuneGrid26_PostBac/Installation&Setup_Instructions/picasofiles/reference
[6] /mmfs1/gscratch/vsm/elizap/MiniNeptuneGrid26_PostBac/Installation&Setup_Instructions/picasofiles/grp/redcat/trds
[12] /mmfs1/gscratch/vsm/elizap/MiniNeptuneGrid26_PostBac/Installation&Setup_Instructions/picasofiles/reference
[12] /mmfs1/gscratch/vsm/elizap/MiniNeptuneGrid26_PostBac/Installation&Setup_Instructions/picasofiles/grp/redcat/trds
[17] /mmfs1/gscratch/vsm/elizap/MiniNeptuneGrid26_PostBac/Installation&Setup_Instructions/picasofiles/reference
[17] /mmfs1/gscratch/vsm/elizap/MiniNeptuneGrid26_PostBac/Installation&Setup_Instructions/picasofiles/grp/redcat/trds
[21] /mmfs1/gscratch/vsm/elizap/MiniNeptuneGrid26_PostBac/Installation&Setup_Instructions/picasofiles/reference
[21] /mmfs1/gscratch/vsm/elizap/MiniNeptuneGrid26_PostBac/Installation&Setup_Instructions/picasofiles/grp/redcat/trds
[34] /mmfs1/gscratch/vsm/elizap/MiniNeptuneGrid26_PostBac/Installation&Setup_Instructions/picasofiles/reference
[34] /mmfs1/gscratch/vsm/elizap/MiniNeptuneGrid26_PostBac/Installation&Setup_Instructions/picasofiles/grp/redcat/trds
[22] /mmfs1/gscratch/vsm/elizap/MiniNeptuneGrid26_PostBac/Installation&Setup_Instructions/picasofiles/reference
[22] /mmfs1/gscratch/vsm/elizap/MiniNeptuneGrid26_PostBac/Installation&Setup_Instructions/picasofiles/grp/redcat/trds
[30] /mmfs1/gscratch/vsm/elizap/MiniNeptuneGrid26_PostBac/Installation&Setup_Instructions/picasofiles/reference
[30] /mmfs1/gscratch/vsm/elizap/MiniNeptuneGrid26_PostBac/Installation&Setup_Instructions/picasofiles/grp/redcat/trds
[25] /mmfs1/gscratch/vsm/elizap/MiniNeptuneGrid26_PostBac/Installation&Setup_Instructions/picasofiles/reference
[25] /mmfs1/gscratch/vsm/elizap/MiniNeptuneGrid26_PostBac/Installation&Setup_Instructions/picasofiles/grp/redcat/trds
[32] /mmfs1/gscratch/vsm/elizap/MiniNeptuneGrid26_PostBac/Installation&Setup_Instructions/picasofiles/reference
[32] /mmfs1/gscratch/vsm/elizap/MiniNeptuneGrid26_PostBac/Installation&Setup_Instructions/picasofiles/grp/redcat/trds
[0] /mmfs1/gscratch/vsm/elizap/MiniNeptuneGrid26_PostBac/Installation&Setup_Instructions/picasofiles/reference
[0] /mmfs1/gscratch/vsm/elizap/MiniNeptuneGrid26_PostBac/Installation&Setup_Instructions/picasofiles/grp/redcat/trds
[28] /mmfs1/gscratch/vsm/elizap/MiniNeptuneGrid26_PostBac/Installation&Setup_Instructions/picasofiles/reference
[28] /mmfs1/gscratch/vsm/elizap/MiniNeptuneGrid26_PostBac/Installation&Setup_Instructions/picasofiles/grp/redcat/trds
[69] /mmfs1/gscratch/vsm/elizap/MiniNeptuneGrid26_PostBac/Installation&Setup_Instructions/picasofiles/reference
[69] /mmfs1/gscratch/vsm/elizap/MiniNeptuneGrid26_PostBac/Installation&Setup_Instructions/picasofiles/grp/redcat/trds
[77] /mmfs1/gscratch/vsm/elizap/MiniNeptuneGrid26_PostBac/Installation&Setup_Instructions/picasofiles/reference
[77] /mmfs1/gscratch/vsm/elizap/MiniNeptuneGrid26_PostBac/Installation&Setup_Instructions/picasofiles/grp/redcat/trds
[70] /mmfs1/gscratch/vsm/elizap/MiniNeptuneGrid26_PostBac/Installation&Setup_Instructions/picasofiles/reference
[70] /mmfs1/gscratch/vsm/elizap/MiniNeptuneGrid26_PostBac/Installation&Setup_Instructions/picasofiles/grp/redcat/trds
[72] /mmfs1/gscratch/vsm/elizap/MiniNeptuneGrid26_PostBac/Installation&Setup_Instructions/picasofiles/reference
[72] /mmfs1/gscratch/vsm/elizap/MiniNeptuneGrid26_PostBac/Installation&Setup_Instructions/picasofiles/grp/redcat/trds
[75] /mmfs1/gscratch/vsm/elizap/MiniNeptuneGrid26_PostBac/Installation&Setup_Instructions/picasofiles/reference
[75] /mmfs1/gscratch/vsm/elizap/MiniNeptuneGrid26_PostBac/Installation&Setup_Instructions/picasofiles/grp/redcat/trds
[53] /mmfs1/gscratch/vsm/elizap/MiniNeptuneGrid26_PostBac/Installation&Setup_Instructions/picasofiles/reference
[53] /mmfs1/gscratch/vsm/elizap/MiniNeptuneGrid26_PostBac/Installation&Setup_Instructions/picasofiles/grp/redcat/trds
[52] /mmfs1/gscratch/vsm/elizap/MiniNeptuneGrid26_PostBac/Installation&Setup_Instructions/picasofiles/reference
[52] /mmfs1/gscratch/vsm/elizap/MiniNeptuneGrid26_PostBac/Installation&Setup_Instructions/picasofiles/grp/redcat/trds
[73] /mmfs1/gscratch/vsm/elizap/MiniNeptuneGrid26_PostBac/Installation&Setup_Instructions/picasofiles/reference
[73] /mmfs1/gscratch/vsm/elizap/MiniNeptuneGrid26_PostBac/Installation&Setup_Instructions/picasofiles/grp/redcat/trds
[48] /mmfs1/gscratch/vsm/elizap/MiniNeptuneGrid26_PostBac/Installation&Setup_Instructions/picasofiles/reference
[48] /mmfs1/gscratch/vsm/elizap/MiniNeptuneGrid26_PostBac/Installation&Setup_Instructions/picasofiles/grp/redcat/trds
[79] /mmfs1/gscratch/vsm/elizap/MiniNeptuneGrid26_PostBac/Installation&Setup_Instructions/picasofiles/reference
[79] /mmfs1/gscratch/vsm/elizap/MiniNeptuneGrid26_PostBac/Installation&Setup_Instructions/picasofiles/grp/redcat/trds
[46] /mmfs1/gscratch/vsm/elizap/MiniNeptuneGrid26_PostBac/Installation&Setup_Instructions/picasofiles/reference
[46] /mmfs1/gscratch/vsm/elizap/MiniNeptuneGrid26_PostBac/Installation&Setup_Instructions/picasofiles/grp/redcat/trds
[56] /mmfs1/gscratch/vsm/elizap/MiniNeptuneGrid26_PostBac/Installation&Setup_Instructions/picasofiles/reference
[56] /mmfs1/gscratch/vsm/elizap/MiniNeptuneGrid26_PostBac/Installation&Setup_Instructions/picasofiles/grp/redcat/trds
[44] /mmfs1/gscratch/vsm/elizap/MiniNeptuneGrid26_PostBac/Installation&Setup_Instructions/picasofiles/reference
[44] /mmfs1/gscratch/vsm/elizap/MiniNeptuneGrid26_PostBac/Installation&Setup_Instructions/picasofiles/grp/redcat/trds
[67] /mmfs1/gscratch/vsm/elizap/MiniNeptuneGrid26_PostBac/Installation&Setup_Instructions/picasofiles/reference
[67] /mmfs1/gscratch/vsm/elizap/MiniNeptuneGrid26_PostBac/Installation&Setup_Instructions/picasofiles/grp/redcat/trds
[51] /mmfs1/gscratch/vsm/elizap/MiniNeptuneGrid26_PostBac/Installation&Setup_Instructions/picasofiles/reference
[51] /mmfs1/gscratch/vsm/elizap/MiniNeptuneGrid26_PostBac/Installation&Setup_Instructions/picasofiles/grp/redcat/trds
[59] /mmfs1/gscratch/vsm/elizap/MiniNeptuneGrid26_PostBac/Installation&Setup_Instructions/picasofiles/reference
[59] /mmfs1/gscratch/vsm/elizap/MiniNeptuneGrid26_PostBac/Installation&Setup_Instructions/picasofiles/grp/redcat/trds
[65] /mmfs1/gscratch/vsm/elizap/MiniNeptuneGrid26_PostBac/Installation&Setup_Instructions/picasofiles/reference
[65] /mmfs1/gscratch/vsm/elizap/MiniNeptuneGrid26_PostBac/Installation&Setup_Instructions/picasofiles/grp/redcat/trds
[60] /mmfs1/gscratch/vsm/elizap/MiniNeptuneGrid26_PostBac/Installation&Setup_Instructions/picasofiles/reference
[60] /mmfs1/gscratch/vsm/elizap/MiniNeptuneGrid26_PostBac/Installation&Setup_Instructions/picasofiles/grp/redcat/trds
[54] /mmfs1/gscratch/vsm/elizap/MiniNeptuneGrid26_PostBac/Installation&Setup_Instructions/picasofiles/reference
[54] /mmfs1/gscratch/vsm/elizap/MiniNeptuneGrid26_PostBac/Installation&Setup_Instructions/picasofiles/grp/redcat/trds
[61] /mmfs1/gscratch/vsm/elizap/MiniNeptuneGrid26_PostBac/Installation&Setup_Instructions/picasofiles/reference
[61] /mmfs1/gscratch/vsm/elizap/MiniNeptuneGrid26_PostBac/Installation&Setup_Instructions/picasofiles/grp/redcat/trds
[78] /mmfs1/gscratch/vsm/elizap/MiniNeptuneGrid26_PostBac/Installation&Setup_Instructions/picasofiles/reference
[78] /mmfs1/gscratch/vsm/elizap/MiniNeptuneGrid26_PostBac/Installation&Setup_Instructions/picasofiles/grp/redcat/trds
[43] /mmfs1/gscratch/vsm/elizap/MiniNeptuneGrid26_PostBac/Installation&Setup_Instructions/picasofiles/reference
[43] /mmfs1/gscratch/vsm/elizap/MiniNeptuneGrid26_PostBac/Installation&Setup_Instructions/picasofiles/grp/redcat/trds
[50] /mmfs1/gscratch/vsm/elizap/MiniNeptuneGrid26_PostBac/Installation&Setup_Instructions/picasofiles/reference
[50] /mmfs1/gscratch/vsm/elizap/MiniNeptuneGrid26_PostBac/Installation&Setup_Instructions/picasofiles/grp/redcat/trds
[66] /mmfs1/gscratch/vsm/elizap/MiniNeptuneGrid26_PostBac/Installation&Setup_Instructions/picasofiles/reference
[66] /mmfs1/gscratch/vsm/elizap/MiniNeptuneGrid26_PostBac/Installation&Setup_Instructions/picasofiles/grp/redcat/trds
[57] /mmfs1/gscratch/vsm/elizap/MiniNeptuneGrid26_PostBac/Installation&Setup_Instructions/picasofiles/reference
[57] /mmfs1/gscratch/vsm/elizap/MiniNeptuneGrid26_PostBac/Installation&Setup_Instructions/picasofiles/grp/redcat/trds
[63] /mmfs1/gscratch/vsm/elizap/MiniNeptuneGrid26_PostBac/Installation&Setup_Instructions/picasofiles/reference
[63] /mmfs1/gscratch/vsm/elizap/MiniNeptuneGrid26_PostBac/Installation&Setup_Instructions/picasofiles/grp/redcat/trds
[40] /mmfs1/gscratch/vsm/elizap/MiniNeptuneGrid26_PostBac/Installation&Setup_Instructions/picasofiles/reference
[40] /mmfs1/gscratch/vsm/elizap/MiniNeptuneGrid26_PostBac/Installation&Setup_Instructions/picasofiles/grp/redcat/trds
[71] /mmfs1/gscratch/vsm/elizap/MiniNeptuneGrid26_PostBac/Installation&Setup_Instructions/picasofiles/reference
[71] /mmfs1/gscratch/vsm/elizap/MiniNeptuneGrid26_PostBac/Installation&Setup_Instructions/picasofiles/grp/redcat/trds
[47] /mmfs1/gscratch/vsm/elizap/MiniNeptuneGrid26_PostBac/Installation&Setup_Instructions/picasofiles/reference
[47] /mmfs1/gscratch/vsm/elizap/MiniNeptuneGrid26_PostBac/Installation&Setup_Instructions/picasofiles/grp/redcat/trds
[68] /mmfs1/gscratch/vsm/elizap/MiniNeptuneGrid26_PostBac/Installation&Setup_Instructions/picasofiles/reference
[68] /mmfs1/gscratch/vsm/elizap/MiniNeptuneGrid26_PostBac/Installation&Setup_Instructions/picasofiles/grp/redcat/trds
[58] /mmfs1/gscratch/vsm/elizap/MiniNeptuneGrid26_PostBac/Installation&Setup_Instructions/picasofiles/reference
[58] /mmfs1/gscratch/vsm/elizap/MiniNeptuneGrid26_PostBac/Installation&Setup_Instructions/picasofiles/grp/redcat/trds
[62] /mmfs1/gscratch/vsm/elizap/MiniNeptuneGrid26_PostBac/Installation&Setup_Instructions/picasofiles/reference
[62] /mmfs1/gscratch/vsm/elizap/MiniNeptuneGrid26_PostBac/Installation&Setup_Instructions/picasofiles/grp/redcat/trds
[45] /mmfs1/gscratch/vsm/elizap/MiniNeptuneGrid26_PostBac/Installation&Setup_Instructions/picasofiles/reference
[45] /mmfs1/gscratch/vsm/elizap/MiniNeptuneGrid26_PostBac/Installation&Setup_Instructions/picasofiles/grp/redcat/trds
[49] /mmfs1/gscratch/vsm/elizap/MiniNeptuneGrid26_PostBac/Installation&Setup_Instructions/picasofiles/reference
[49] /mmfs1/gscratch/vsm/elizap/MiniNeptuneGrid26_PostBac/Installation&Setup_Instructions/picasofiles/grp/redcat/trds
[42] /mmfs1/gscratch/vsm/elizap/MiniNeptuneGrid26_PostBac/Installation&Setup_Instructions/picasofiles/reference
[42] /mmfs1/gscratch/vsm/elizap/MiniNeptuneGrid26_PostBac/Installation&Setup_Instructions/picasofiles/grp/redcat/trds
[76] /mmfs1/gscratch/vsm/elizap/MiniNeptuneGrid26_PostBac/Installation&Setup_Instructions/picasofiles/reference
[76] /mmfs1/gscratch/vsm/elizap/MiniNeptuneGrid26_PostBac/Installation&Setup_Instructions/picasofiles/grp/redcat/trds
[64] /mmfs1/gscratch/vsm/elizap/MiniNeptuneGrid26_PostBac/Installation&Setup_Instructions/picasofiles/reference
[64] /mmfs1/gscratch/vsm/elizap/MiniNeptuneGrid26_PostBac/Installation&Setup_Instructions/picasofiles/grp/redcat/trds
[55] /mmfs1/gscratch/vsm/elizap/MiniNeptuneGrid26_PostBac/Installation&Setup_Instructions/picasofiles/reference
[55] /mmfs1/gscratch/vsm/elizap/MiniNeptuneGrid26_PostBac/Installation&Setup_Instructions/picasofiles/grp/redcat/trds
[74] /mmfs1/gscratch/vsm/elizap/MiniNeptuneGrid26_PostBac/Installation&Setup_Instructions/picasofiles/reference
[74] /mmfs1/gscratch/vsm/elizap/MiniNeptuneGrid26_PostBac/Installation&Setup_Instructions/picasofiles/grp/redcat/trds
[41] /mmfs1/gscratch/vsm/elizap/MiniNeptuneGrid26_PostBac/Installation&Setup_Instructions/picasofiles/reference
[41] /mmfs1/gscratch/vsm/elizap/MiniNeptuneGrid26_PostBac/Installation&Setup_Instructions/picasofiles/grp/redcat/trds
[1] Loaded case list: missing_batchA.npy  (199 cases)
[4] Loaded case list: missing_batchA.npy  (199 cases)
[11] Loaded case list: missing_batchA.npy  (199 cases)
[13] Loaded case list: missing_batchA.npy  (199 cases)
[16] Loaded case list: missing_batchA.npy  (199 cases)
[23] Loaded case list: missing_batchA.npy  (199 cases)
[36] Loaded case list: missing_batchA.npy  (199 cases)
[17] Loaded case list: missing_batchA.npy  (199 cases)
[24] Loaded case list: missing_batchA.npy  (199 cases)
[27] Loaded case list: missing_batchA.npy  (199 cases)
[28] Loaded case list: missing_batchA.npy  (199 cases)
[32] Loaded case list: missing_batchA.npy  (199 cases)
[33] Loaded case list: missing_batchA.npy  (199 cases)
[34] Loaded case list: missing_batchA.npy  (199 cases)
[8] Loaded case list: missing_batchA.npy  (199 cases)
[21] Loaded case list: missing_batchA.npy  (199 cases)
[29] Loaded case list: missing_batchA.npy  (199 cases)
[2] Loaded case list: missing_batchA.npy  (199 cases)
[22] Loaded case list: missing_batchA.npy  (199 cases)
[35] Loaded case list: missing_batchA.npy  (199 cases)
[3] Loaded case list: missing_batchA.npy  (199 cases)
[5] Loaded case list: missing_batchA.npy  (199 cases)
[10] Loaded case list: missing_batchA.npy  (199 cases)
[30] Loaded case list: missing_batchA.npy  (199 cases)
[14] Loaded case list: missing_batchA.npy  (199 cases)
[20] Loaded case list: missing_batchA.npy  (199 cases)
[25] Loaded case list: missing_batchA.npy  (199 cases)
[6] Loaded case list: missing_batchA.npy  (199 cases)
[7] Loaded case list: missing_batchA.npy  (199 cases)
[38] Loaded case list: missing_batchA.npy  (199 cases)
[0] Loaded case list: missing_batchA.npy  (199 cases)
[9] Loaded case list: missing_batchA.npy  (199 cases)
[12] Loaded case list: missing_batchA.npy  (199 cases)
[19] Loaded case list: missing_batchA.npy  (199 cases)
[31] Loaded case list: missing_batchA.npy  (199 cases)
[37] Loaded case list: missing_batchA.npy  (199 cases)
[39] Loaded case list: missing_batchA.npy  (199 cases)
[15] Loaded case list: missing_batchA.npy  (199 cases)
[26] Loaded case list: missing_batchA.npy  (199 cases)
[18] Loaded case list: missing_batchA.npy  (199 cases)
[0] (array([[2.000e+00, 2.750e+00, 1.000e+02, 1.000e+01, 7.525e-01],
[0]        [2.000e+00, 2.750e+00, 2.000e+02, 1.000e+01, 1.000e-02],
[0]        [2.000e+00, 2.750e+00, 3.500e+02, 1.000e+01, 1.000e-02],
[0]        [2.000e+00, 3.125e+00, 2.000e+02, 3.000e+00, 2.575e-01],
[0]        [2.000e+00, 3.125e+00, 2.000e+02, 6.000e+00, 5.050e-01],
[0]        [2.000e+00, 3.125e+00, 2.000e+02, 6.000e+00, 7.525e-01],
[0]        [2.000e+00, 3.125e+00, 2.000e+02, 6.000e+00, 1.000e+00],
[0]        [2.000e+00, 3.125e+00, 2.000e+02, 8.000e+00, 5.050e-01],
[0]        [2.000e+00, 3.125e+00, 2.000e+02, 1.000e+01, 1.000e+00],
[0]        [2.000e+00, 3.125e+00, 2.500e+02, 3.000e+00, 7.525e-01],
[0]        [2.000e+00, 3.125e+00, 2.500e+02, 3.000e+00, 1.000e+00],
[0]        [2.000e+00, 3.125e+00, 2.500e+02, 4.000e+00, 5.050e-01],
[0]        [2.000e+00, 3.125e+00, 2.500e+02, 4.000e+00, 7.525e-01],
[0]        [2.000e+00, 3.125e+00, 2.500e+02, 4.000e+00, 1.000e+00],
[0]        [2.000e+00, 3.125e+00, 2.500e+02, 5.000e+00, 5.050e-01],
[0]        [2.000e+00, 3.125e+00, 2.500e+02, 5.000e+00, 7.525e-01],
[0]        [2.000e+00, 3.125e+00, 2.500e+02, 6.000e+00, 5.050e-01],
[0]        [2.000e+00, 3.125e+00, 2.500e+02, 6.000e+00, 7.525e-01],
[0]        [2.000e+00, 3.125e+00, 2.500e+02, 8.000e+00, 5.050e-01],
[0]        [2.000e+00, 3.125e+00, 2.500e+02, 8.000e+00, 7.525e-01],
[0]        [2.000e+00, 3.125e+00, 2.500e+02, 8.000e+00, 1.000e+00],
[0]        [2.000e+00, 3.125e+00, 2.500e+02, 1.000e+01, 5.050e-01],
[0]        [2.000e+00, 3.125e+00, 2.500e+02, 1.000e+01, 7.525e-01],
[0]        [2.000e+00, 3.125e+00, 3.000e+02, 7.000e-01, 1.000e-02],
[0]        [2.000e+00, 3.125e+00, 3.000e+02, 7.000e-01, 2.575e-01],
[0]        [2.000e+00, 3.125e+00, 3.000e+02, 4.000e+00, 1.000e-02],
[0]        [2.000e+00, 3.125e+00, 3.500e+02, 7.000e-01, 1.000e-02],
[0]        [2.000e+00, 3.125e+00, 3.500e+02, 7.000e-01, 2.575e-01],
[0]        [2.000e+00, 3.125e+00, 3.500e+02, 1.000e+00, 1.000e-02],
[0]        [2.000e+00, 3.125e+00, 3.500e+02, 1.500e+00, 1.000e-02],
[0]        [2.000e+00, 3.125e+00, 3.500e+02, 4.000e+00, 1.000e-02],
[0]        [2.000e+00, 3.125e+00, 3.500e+02, 5.000e+00, 2.575e-01],
[0]        [2.000e+00, 3.125e+00, 4.000e+02, 7.000e-01, 1.000e-02],
[0]        [2.000e+00, 3.125e+00, 4.000e+02, 1.000e+00, 1.000e-02],
[0]        [2.000e+00, 3.125e+00, 4.000e+02, 1.500e+00, 1.000e-02],
[0]        [2.000e+00, 3.125e+00, 4.000e+02, 5.000e+00, 2.575e-01],
[0]        [2.000e+00, 3.125e+00, 4.000e+02, 6.000e+00, 1.000e-02],
[0]        [2.000e+00, 3.125e+00, 4.000e+02, 6.000e+00, 2.575e-01],
[0]        [2.000e+00, 3.125e+00, 4.000e+02, 8.000e+00, 1.000e-02],
[0]        [2.000e+00, 3.125e+00, 4.000e+02, 8.000e+00, 2.575e-01],
[0]        [2.000e+00, 3.125e+00, 4.000e+02, 8.000e+00, 1.000e+00],
[0]        [2.000e+00, 3.125e+00, 4.000e+02, 1.000e+01, 1.000e-02],
[0]        [2.000e+00, 3.125e+00, 4.000e+02, 1.000e+01, 2.575e-01],
[0]        [2.000e+00, 3.125e+00, 4.000e+02, 1.000e+01, 5.050e-01],
[0]        [2.000e+00, 3.125e+00, 4.000e+02, 1.000e+01, 7.525e-01],
[0]        [2.000e+00, 3.125e+00, 4.000e+02, 1.000e+01, 1.000e+00],
[0]        [2.000e+00, 3.500e+00, 5.000e+01, 7.000e-01, 2.575e-01],
[0]        [2.000e+00, 3.500e+00, 5.000e+01, 7.000e-01, 5.050e-01],
[0]        [2.000e+00, 3.500e+00, 5.000e+01, 1.000e+00, 2.575e-01],
[0]        [2.000e+00, 3.500e+00, 5.000e+01, 1.000e+00, 5.050e-01],
[0]        [2.000e+00, 3.500e+00, 5.000e+01, 1.000e+00, 7.525e-01],
[0]        [2.000e+00, 3.500e+00, 5.000e+01, 1.000e+00, 1.000e+00],
[0]        [2.000e+00, 3.500e+00, 5.000e+01, 1.500e+00, 7.525e-01],
[0]        [2.000e+00, 3.500e+00, 5.000e+01, 1.500e+00, 1.000e+00],
[0]        [2.000e+00, 3.500e+00, 5.000e+01, 2.000e+00, 7.525e-01],
[0]        [2.000e+00, 3.500e+00, 5.000e+01, 2.000e+00, 1.000e+00],
[0]        [2.000e+00, 3.500e+00, 5.000e+01, 3.000e+00, 1.000e-02],
[0]        [2.000e+00, 3.500e+00, 5.000e+01, 3.000e+00, 5.050e-01],
[0]        [2.000e+00, 3.500e+00, 5.000e+01, 3.000e+00, 7.525e-01],
[0]        [2.000e+00, 3.500e+00, 5.000e+01, 3.000e+00, 1.000e+00],
[0]        [2.000e+00, 3.500e+00, 5.000e+01, 4.000e+00, 1.000e-02],
[0]        [2.000e+00, 3.500e+00, 5.000e+01, 4.000e+00, 2.575e-01],
[0]        [2.000e+00, 3.500e+00, 5.000e+01, 4.000e+00, 5.050e-01],
[0]        [2.000e+00, 3.500e+00, 5.000e+01, 4.000e+00, 7.525e-01],
[0]        [2.000e+00, 3.500e+00, 5.000e+01, 4.000e+00, 1.000e+00],
[0]        [2.000e+00, 3.500e+00, 5.000e+01, 5.000e+00, 1.000e-02],
[0]        [2.000e+00, 3.500e+00, 5.000e+01, 5.000e+00, 2.575e-01],
[0]        [2.000e+00, 3.500e+00, 5.000e+01, 5.000e+00, 5.050e-01],
[0]        [2.000e+00, 3.500e+00, 5.000e+01, 5.000e+00, 7.525e-01],
[0]        [2.000e+00, 3.500e+00, 5.000e+01, 5.000e+00, 1.000e+00],
[0]        [2.000e+00, 3.500e+00, 5.000e+01, 6.000e+00, 1.000e-02],
[0]        [2.000e+00, 3.500e+00, 5.000e+01, 6.000e+00, 2.575e-01],
[0]        [2.000e+00, 3.500e+00, 5.000e+01, 6.000e+00, 7.525e-01],
[0]        [2.000e+00, 3.500e+00, 5.000e+01, 6.000e+00, 1.000e+00],
[0]        [2.000e+00, 3.500e+00, 5.000e+01, 8.000e+00, 1.000e-02],
[0]        [2.000e+00, 3.500e+00, 5.000e+01, 8.000e+00, 2.575e-01],
[0]        [2.000e+00, 3.500e+00, 5.000e+01, 8.000e+00, 5.050e-01],
[0]        [2.000e+00, 3.500e+00, 5.000e+01, 8.000e+00, 7.525e-01],
[0]        [2.000e+00, 3.500e+00, 5.000e+01, 8.000e+00, 1.000e+00],
[0]        [2.000e+00, 3.500e+00, 5.000e+01, 1.000e+01, 1.000e-02],
[0]        [2.000e+00, 3.500e+00, 5.000e+01, 1.000e+01, 2.575e-01],
[0]        [2.000e+00, 3.500e+00, 5.000e+01, 1.000e+01, 5.050e-01],
[0]        [2.000e+00, 3.500e+00, 5.000e+01, 1.000e+01, 7.525e-01],
[0]        [2.000e+00, 3.500e+00, 5.000e+01, 1.000e+01, 1.000e+00],
[0]        [2.000e+00, 3.500e+00, 1.000e+02, 7.000e-01, 1.000e-02],
[0]        [2.000e+00, 3.500e+00, 1.000e+02, 7.000e-01, 2.575e-01],
[0]        [2.000e+00, 3.500e+00, 1.000e+02, 7.000e-01, 5.050e-01],
[0]        [2.000e+00, 3.500e+00, 1.000e+02, 7.000e-01, 7.525e-01],
[0]        [2.000e+00, 3.500e+00, 1.000e+02, 7.000e-01, 1.000e+00],
[0]        [2.000e+00, 3.500e+00, 1.000e+02, 1.000e+00, 7.525e-01],
[0]        [2.000e+00, 3.500e+00, 1.000e+02, 1.000e+00, 1.000e+00],
[0]        [2.000e+00, 3.500e+00, 1.000e+02, 1.500e+00, 7.525e-01],
[0]        [2.000e+00, 3.500e+00, 1.000e+02, 1.500e+00, 1.000e+00],
[0]        [2.000e+00, 3.500e+00, 1.000e+02, 2.000e+00, 7.525e-01],
[0]        [2.000e+00, 3.500e+00, 1.000e+02, 2.000e+00, 1.000e+00],
[0]        [2.000e+00, 3.500e+00, 1.000e+02, 3.000e+00, 7.525e-01],
[0]        [2.000e+00, 3.500e+00, 1.000e+02, 3.000e+00, 1.000e+00],
[0]        [2.000e+00, 3.500e+00, 1.000e+02, 4.000e+00, 7.525e-01],
[0]        [2.000e+00, 3.500e+00, 1.000e+02, 4.000e+00, 1.000e+00],
[0]        [2.000e+00, 3.500e+00, 1.000e+02, 5.000e+00, 1.000e-02],
[0]        [2.000e+00, 3.500e+00, 1.000e+02, 5.000e+00, 7.525e-01],
[0]        [2.000e+00, 3.500e+00, 1.000e+02, 5.000e+00, 1.000e+00],
[0]        [2.000e+00, 3.500e+00, 1.000e+02, 6.000e+00, 2.575e-01],
[0]        [2.000e+00, 3.500e+00, 1.000e+02, 6.000e+00, 5.050e-01],
[0]        [2.000e+00, 3.500e+00, 1.000e+02, 6.000e+00, 7.525e-01],
[0]        [2.000e+00, 3.500e+00, 1.000e+02, 8.000e+00, 7.525e-01],
[0]        [2.000e+00, 3.500e+00, 1.000e+02, 1.000e+01, 7.525e-01],
[0]        [2.000e+00, 3.500e+00, 1.000e+02, 1.000e+01, 1.000e+00],
[0]        [2.000e+00, 3.500e+00, 1.500e+02, 7.000e-01, 1.000e-02],
[0]        [2.000e+00, 3.500e+00, 1.500e+02, 7.000e-01, 2.575e-01],
[0]        [2.000e+00, 3.500e+00, 1.500e+02, 7.000e-01, 5.050e-01],
[0]        [2.000e+00, 3.500e+00, 1.500e+02, 7.000e-01, 7.525e-01],
[0]        [2.000e+00, 3.500e+00, 1.500e+02, 7.000e-01, 1.000e+00],
[0]        [2.000e+00, 3.500e+00, 1.500e+02, 1.000e+00, 1.000e-02],
[0]        [2.000e+00, 3.500e+00, 1.500e+02, 1.000e+00, 2.575e-01],
[0]        [2.000e+00, 3.500e+00, 1.500e+02, 1.000e+00, 5.050e-01],
[0]        [2.000e+00, 3.500e+00, 1.500e+02, 1.000e+00, 7.525e-01],
[0]        [2.000e+00, 3.500e+00, 1.500e+02, 1.000e+00, 1.000e+00],
[0]        [2.000e+00, 3.500e+00, 1.500e+02, 1.500e+00, 1.000e-02],
[0]        [2.000e+00, 3.500e+00, 1.500e+02, 1.500e+00, 2.575e-01],
[0]        [2.000e+00, 3.500e+00, 1.500e+02, 1.500e+00, 5.050e-01],
[0]        [2.000e+00, 3.500e+00, 1.500e+02, 1.500e+00, 7.525e-01],
[0]        [2.000e+00, 3.500e+00, 1.500e+02, 1.500e+00, 1.000e+00],
[0]        [2.000e+00, 3.500e+00, 1.500e+02, 2.000e+00, 1.000e-02],
[0]        [2.000e+00, 3.500e+00, 1.500e+02, 2.000e+00, 2.575e-01],
[0]        [2.000e+00, 3.500e+00, 1.500e+02, 2.000e+00, 5.050e-01],
[0]        [2.000e+00, 3.500e+00, 1.500e+02, 2.000e+00, 7.525e-01],
[0]        [2.000e+00, 3.500e+00, 1.500e+02, 3.000e+00, 1.000e-02],
[0]        [2.000e+00, 3.500e+00, 1.500e+02, 3.000e+00, 2.575e-01],
[0]        [2.000e+00, 3.500e+00, 1.500e+02, 3.000e+00, 5.050e-01],
[0]        [2.000e+00, 3.500e+00, 1.500e+02, 3.000e+00, 7.525e-01],
[0]        [2.000e+00, 3.500e+00, 1.500e+02, 3.000e+00, 1.000e+00],
[0]        [2.000e+00, 3.500e+00, 1.500e+02, 4.000e+00, 1.000e-02],
[0]        [2.000e+00, 3.500e+00, 1.500e+02, 4.000e+00, 7.525e-01],
[0]        [2.000e+00, 3.500e+00, 1.500e+02, 4.000e+00, 1.000e+00],
[0]        [2.000e+00, 3.500e+00, 1.500e+02, 5.000e+00, 1.000e-02],
[0]        [2.000e+00, 3.500e+00, 1.500e+02, 5.000e+00, 5.050e-01],
[0]        [2.000e+00, 3.500e+00, 1.500e+02, 5.000e+00, 7.525e-01],
[0]        [2.000e+00, 3.500e+00, 1.500e+02, 5.000e+00, 1.000e+00],
[0]        [2.000e+00, 3.500e+00, 1.500e+02, 6.000e+00, 5.050e-01],
[0]        [2.000e+00, 3.500e+00, 1.500e+02, 6.000e+00, 7.525e-01],
[0]        [2.000e+00, 3.500e+00, 1.500e+02, 6.000e+00, 1.000e+00],
[0]        [2.000e+00, 3.500e+00, 1.500e+02, 8.000e+00, 7.525e-01],
[0]        [2.000e+00, 3.500e+00, 1.500e+02, 1.000e+01, 1.000e-02],
[0]        [2.000e+00, 3.500e+00, 1.500e+02, 1.000e+01, 7.525e-01],
[0]        [2.000e+00, 3.500e+00, 2.000e+02, 7.000e-01, 2.575e-01],
[0]        [2.000e+00, 3.500e+00, 2.000e+02, 7.000e-01, 5.050e-01],
[0]        [2.000e+00, 3.500e+00, 2.000e+02, 7.000e-01, 7.525e-01],
[0]        [2.000e+00, 3.500e+00, 2.000e+02, 7.000e-01, 1.000e+00],
[0]        [2.000e+00, 3.500e+00, 2.000e+02, 1.000e+00, 1.000e-02],
[0]        [2.000e+00, 3.500e+00, 2.000e+02, 1.000e+00, 2.575e-01],
[0]        [2.000e+00, 3.500e+00, 2.000e+02, 1.000e+00, 5.050e-01],
[0]        [2.000e+00, 3.500e+00, 2.000e+02, 1.000e+00, 7.525e-01],
[0]        [2.000e+00, 3.500e+00, 2.000e+02, 1.000e+00, 1.000e+00],
[0]        [2.000e+00, 3.500e+00, 2.000e+02, 1.500e+00, 1.000e-02],
[0]        [2.000e+00, 3.500e+00, 2.000e+02, 1.500e+00, 2.575e-01],
[0]        [2.000e+00, 3.500e+00, 2.000e+02, 1.500e+00, 5.050e-01],
[0]        [2.000e+00, 3.500e+00, 2.000e+02, 1.500e+00, 7.525e-01],
[0]        [2.000e+00, 3.500e+00, 2.000e+02, 1.500e+00, 1.000e+00],
[0]        [2.000e+00, 3.500e+00, 2.000e+02, 2.000e+00, 1.000e-02],
[0]        [2.000e+00, 3.500e+00, 2.000e+02, 2.000e+00, 5.050e-01],
[0]        [2.000e+00, 3.500e+00, 2.000e+02, 2.000e+00, 7.525e-01],
[0]        [2.000e+00, 3.500e+00, 2.000e+02, 2.000e+00, 1.000e+00],
[0]        [2.000e+00, 3.500e+00, 2.000e+02, 3.000e+00, 1.000e-02],
[0]        [2.000e+00, 3.500e+00, 2.000e+02, 3.000e+00, 2.575e-01],
[0]        [2.000e+00, 3.500e+00, 2.000e+02, 3.000e+00, 5.050e-01],
[0]        [2.000e+00, 3.500e+00, 2.000e+02, 3.000e+00, 7.525e-01],
[0]        [2.000e+00, 3.500e+00, 2.000e+02, 3.000e+00, 1.000e+00],
[0]        [2.000e+00, 3.500e+00, 2.000e+02, 4.000e+00, 1.000e-02],
[0]        [2.000e+00, 3.500e+00, 2.000e+02, 4.000e+00, 2.575e-01],
[0]        [2.000e+00, 3.500e+00, 2.000e+02, 4.000e+00, 5.050e-01],
[0]        [2.000e+00, 3.500e+00, 2.000e+02, 4.000e+00, 7.525e-01],
[0]        [2.000e+00, 3.500e+00, 2.000e+02, 4.000e+00, 1.000e+00],
[0]        [2.000e+00, 3.500e+00, 2.000e+02, 5.000e+00, 2.575e-01],
[0]        [2.000e+00, 3.500e+00, 2.000e+02, 5.000e+00, 5.050e-01],
[0]        [2.000e+00, 3.500e+00, 2.000e+02, 5.000e+00, 7.525e-01],
[0]        [2.000e+00, 3.500e+00, 2.000e+02, 5.000e+00, 1.000e+00],
[0]        [2.000e+00, 3.500e+00, 2.000e+02, 6.000e+00, 1.000e-02],
[0]        [2.000e+00, 3.500e+00, 2.000e+02, 6.000e+00, 5.050e-01],
[0]        [2.000e+00, 3.500e+00, 2.000e+02, 6.000e+00, 7.525e-01],
[0]        [2.000e+00, 3.500e+00, 2.000e+02, 6.000e+00, 1.000e+00],
[0]        [2.000e+00, 3.500e+00, 2.000e+02, 8.000e+00, 7.525e-01],
[0]        [2.000e+00, 3.500e+00, 2.000e+02, 8.000e+00, 1.000e+00],
[0]        [2.000e+00, 3.500e+00, 2.000e+02, 1.000e+01, 7.525e-01],
[0]        [2.000e+00, 3.500e+00, 2.000e+02, 1.000e+01, 1.000e+00],
[0]        [2.000e+00, 3.500e+00, 2.500e+02, 7.000e-01, 2.575e-01],
[0]        [2.000e+00, 3.500e+00, 2.500e+02, 7.000e-01, 5.050e-01],
[0]        [2.000e+00, 3.500e+00, 2.500e+02, 7.000e-01, 7.525e-01],
[0]        [2.000e+00, 3.500e+00, 2.500e+02, 7.000e-01, 1.000e+00],
[0]        [2.000e+00, 3.500e+00, 2.500e+02, 1.000e+00, 1.000e-02],
[0]        [2.000e+00, 3.500e+00, 2.500e+02, 1.000e+00, 2.575e-01],
[0]        [2.000e+00, 3.500e+00, 2.500e+02, 1.000e+00, 5.050e-01],
[0]        [2.000e+00, 3.500e+00, 2.500e+02, 1.000e+00, 7.525e-01],
[0]        [2.000e+00, 3.500e+00, 2.500e+02, 1.000e+00, 1.000e+00],
[0]        [2.000e+00, 3.500e+00, 2.500e+02, 1.500e+00, 1.000e-02],
[0]        [2.000e+00, 3.500e+00, 2.500e+02, 1.500e+00, 2.575e-01],
[0]        [2.000e+00, 3.500e+00, 2.500e+02, 1.500e+00, 5.050e-01],
[0]        [2.000e+00, 3.500e+00, 2.500e+02, 1.500e+00, 7.525e-01],
[0]        [2.000e+00, 3.500e+00, 2.500e+02, 1.500e+00, 1.000e+00]]),)
[0] This is the gridshape used: (199,)
[0] Initializing HDF5 output...
[40] Loaded case list: missing_batchA.npy  (199 cases)
[52] Loaded case list: missing_batchA.npy  (199 cases)
[61] Loaded case list: missing_batchA.npy  (199 cases)
[71] Loaded case list: missing_batchA.npy  (199 cases)
[49] Loaded case list: missing_batchA.npy  (199 cases)
[77] Loaded case list: missing_batchA.npy  (199 cases)
[46] Loaded case list: missing_batchA.npy  (199 cases)
[55] Loaded case list: missing_batchA.npy  (199 cases)
[43] Loaded case list: missing_batchA.npy  (199 cases)
[45] Loaded case list: missing_batchA.npy  (199 cases)
[48] Loaded case list: missing_batchA.npy  (199 cases)
[53] Loaded case list: missing_batchA.npy  (199 cases)
[57] Loaded case list: missing_batchA.npy  (199 cases)
[59] Loaded case list: missing_batchA.npy  (199 cases)
[60] Loaded case list: missing_batchA.npy  (199 cases)
[67] Loaded case list: missing_batchA.npy  (199 cases)
[54] Loaded case list: missing_batchA.npy  (199 cases)
[56] Loaded case list: missing_batchA.npy  (199 cases)
[62] Loaded case list: missing_batchA.npy  (199 cases)
[63] Loaded case list: missing_batchA.npy  (199 cases)
[69] Loaded case list: missing_batchA.npy  (199 cases)
[73] Loaded case list: missing_batchA.npy  (199 cases)
[75] Loaded case list: missing_batchA.npy  (199 cases)
[78] Loaded case list: missing_batchA.npy  (199 cases)
[58] Loaded case list: missing_batchA.npy  (199 cases)
[68] Loaded case list: missing_batchA.npy  (199 cases)
[76] Loaded case list: missing_batchA.npy  (199 cases)
[79] Loaded case list: missing_batchA.npy  (199 cases)
[70] Loaded case list: missing_batchA.npy  (199 cases)
[74] Loaded case list: missing_batchA.npy  (199 cases)
[41] Loaded case list: missing_batchA.npy  (199 cases)
[47] Loaded case list: missing_batchA.npy  (199 cases)
[65] Loaded case list: missing_batchA.npy  (199 cases)
[42] Loaded case list: missing_batchA.npy  (199 cases)
[50] Loaded case list: missing_batchA.npy  (199 cases)
[51] Loaded case list: missing_batchA.npy  (199 cases)
[66] Loaded case list: missing_batchA.npy  (199 cases)
[44] Loaded case list: missing_batchA.npy  (199 cases)
[64] Loaded case list: missing_batchA.npy  (199 cases)
[72] Loaded case list: missing_batchA.npy  (199 cases)

===================================================================================
=   BAD TERMINATION OF ONE OF YOUR APPLICATION PROCESSES
=   PID 43090 RUNNING AT n3003
=   EXIT CODE: 9
=   CLEANING UP REMAINING PROCESSES
=   YOU CAN IGNORE THE BELOW CLEANUP MESSAGES
===================================================================================
