[2] 2026-03-21 20:33:36,118 INFO [rank=2 host=n3003]: starting climate model for inputs: [2.00e+00 2.75e+00 3.50e+02 1.00e+01 1.00e-02]
[3] 2026-03-21 20:33:36,118 INFO [rank=3 host=n3003]: starting climate model for inputs: [  2.       3.125  200.       3.       0.2575]
[4] 2026-03-21 20:33:36,118 INFO [rank=4 host=n3003]: starting climate model for inputs: [  2.      3.125 200.      6.      0.505]
[41] 2026-03-21 20:33:36,119 INFO [rank=41 host=n3019]: starting climate model for inputs: [  2.    3.5 200.   10.    1. ]
[5] 2026-03-21 20:33:36,118 INFO [rank=5 host=n3003]: starting climate model for inputs: [  2.       3.125  200.       6.       0.7525]
[42] 2026-03-21 20:33:36,119 INFO [rank=42 host=n3019]: starting climate model for inputs: [  2.       3.5    250.       0.7      0.2575]
[6] 2026-03-21 20:33:36,118 INFO [rank=6 host=n3003]: starting climate model for inputs: [  2.      3.125 200.      6.      1.   ]
[43] 2026-03-21 20:33:36,119 INFO [rank=43 host=n3019]: starting climate model for inputs: [  2.    3.5 250.    3.    1. ]
[7] 2026-03-21 20:33:36,118 INFO [rank=7 host=n3003]: starting climate model for inputs: [  2.      3.125 200.      8.      0.505]
[44] 2026-03-21 20:33:36,119 INFO [rank=44 host=n3019]: starting climate model for inputs: [  2.    3.5 250.    4.    1. ]
[8] 2026-03-21 20:33:36,118 INFO [rank=8 host=n3003]: starting climate model for inputs: [  2.      3.125 200.     10.      1.   ]
[45] 2026-03-21 20:33:36,119 INFO [rank=45 host=n3019]: starting climate model for inputs: [  2.       3.5    250.       5.       0.7525]
[9] 2026-03-21 20:33:36,118 INFO [rank=9 host=n3003]: starting climate model for inputs: [  2.       3.125  250.       3.       0.7525]
[46] 2026-03-21 20:33:36,119 INFO [rank=46 host=n3019]: starting climate model for inputs: [  2.       3.5    250.       6.       0.7525]
[10] 2026-03-21 20:33:36,118 INFO [rank=10 host=n3003]: starting climate model for inputs: [  2.      3.125 250.      3.      1.   ]
[47] 2026-03-21 20:33:36,119 INFO [rank=47 host=n3019]: starting climate model for inputs: [  2.       3.5    250.      10.       0.7525]
[11] 2026-03-21 20:33:36,118 INFO [rank=11 host=n3003]: starting climate model for inputs: [  2.      3.125 250.      4.      0.505]
[48] 2026-03-21 20:33:36,119 INFO [rank=48 host=n3019]: starting climate model for inputs: [2.000e+00 3.500e+00 3.000e+02 7.000e-01 2.575e-01]
[13] 2026-03-21 20:33:36,118 INFO [rank=13 host=n3003]: starting climate model for inputs: [  2.      3.125 250.      4.      1.   ]
[14] 2026-03-21 20:33:36,118 INFO [rank=14 host=n3003]: starting climate model for inputs: [  2.      3.125 250.      5.      0.505]
[49] 2026-03-21 20:33:36,119 INFO [rank=49 host=n3019]: starting climate model for inputs: [2.0e+00 3.5e+00 3.0e+02 1.5e+00 1.0e-02]
[15] 2026-03-21 20:33:36,118 INFO [rank=15 host=n3003]: starting climate model for inputs: [  2.       3.125  250.       5.       0.7525]
[50] 2026-03-21 20:33:36,119 INFO [rank=50 host=n3019]: starting climate model for inputs: [  2.      3.5   300.      3.      0.505]
[16] 2026-03-21 20:33:36,118 INFO [rank=16 host=n3003]: starting climate model for inputs: [  2.      3.125 250.      6.      0.505]
[51] 2026-03-21 20:33:36,119 INFO [rank=51 host=n3019]: starting climate model for inputs: [  2.    3.5 300.    5.    1. ]
[17] 2026-03-21 20:33:36,118 INFO [rank=17 host=n3003]: starting climate model for inputs: [  2.       3.125  250.       6.       0.7525]
[53] 2026-03-21 20:33:36,119 INFO [rank=53 host=n3019]: starting climate model for inputs: [2.0e+00 3.5e+00 4.0e+02 7.0e-01 1.0e-02]
[18] 2026-03-21 20:33:36,118 INFO [rank=18 host=n3003]: starting climate model for inputs: [  2.      3.125 250.      8.      0.505]
[54] 2026-03-21 20:33:36,119 INFO [rank=54 host=n3019]: starting climate model for inputs: [2.000e+00 3.500e+00 4.000e+02 5.000e+00 2.575e-01]
[55] 2026-03-21 20:33:36,119 INFO [rank=55 host=n3019]: starting climate model for inputs: [  2.      3.5   400.      5.      0.505]
[19] 2026-03-21 20:33:36,118 INFO [rank=19 host=n3003]: starting climate model for inputs: [  2.       3.125  250.       8.       0.7525]
[56] 2026-03-21 20:33:36,119 INFO [rank=56 host=n3019]: starting climate model for inputs: [2.0e+00 3.5e+00 4.0e+02 6.0e+00 1.0e-02]
[20] 2026-03-21 20:33:36,118 INFO [rank=20 host=n3003]: starting climate model for inputs: [  2.      3.125 250.      8.      1.   ]
[21] 2026-03-21 20:33:36,119 INFO [rank=21 host=n3003]: starting climate model for inputs: [  2.      3.125 250.     10.      0.505]
[57] 2026-03-21 20:33:36,119 INFO [rank=57 host=n3019]: starting climate model for inputs: [2.000e+00 3.500e+00 4.000e+02 6.000e+00 2.575e-01]
[23] 2026-03-21 20:33:36,118 INFO [rank=23 host=n3003]: starting climate model for inputs: [2.000e+00 3.125e+00 3.000e+02 7.000e-01 1.000e-02]
[58] 2026-03-21 20:33:36,119 INFO [rank=58 host=n3019]: starting climate model for inputs: [  2.      3.5   400.      6.      0.505]
[24] 2026-03-21 20:33:36,118 INFO [rank=24 host=n3003]: starting climate model for inputs: [2.000e+00 3.125e+00 3.000e+02 7.000e-01 2.575e-01]
[59] 2026-03-21 20:33:36,119 INFO [rank=59 host=n3019]: starting climate model for inputs: [  2.       3.5    400.       6.       0.7525]
[25] 2026-03-21 20:33:36,118 INFO [rank=25 host=n3003]: starting climate model for inputs: [2.000e+00 3.125e+00 3.000e+02 4.000e+00 1.000e-02]
[60] 2026-03-21 20:33:36,119 INFO [rank=60 host=n3019]: starting climate model for inputs: [  2.    3.5 400.    6.    1. ]
[26] 2026-03-21 20:33:36,118 INFO [rank=26 host=n3003]: starting climate model for inputs: [2.000e+00 3.125e+00 3.500e+02 7.000e-01 1.000e-02]
[27] 2026-03-21 20:33:36,119 INFO [rank=27 host=n3003]: starting climate model for inputs: [2.000e+00 3.125e+00 3.500e+02 7.000e-01 2.575e-01]
[61] 2026-03-21 20:33:36,119 INFO [rank=61 host=n3019]: starting climate model for inputs: [2.0e+00 3.5e+00 4.0e+02 8.0e+00 1.0e-02]
[30] 2026-03-21 20:33:36,118 INFO [rank=30 host=n3003]: starting climate model for inputs: [2.000e+00 3.125e+00 3.500e+02 4.000e+00 1.000e-02]
[62] 2026-03-21 20:33:36,119 INFO [rank=62 host=n3019]: starting climate model for inputs: [2.000e+00 3.500e+00 4.000e+02 8.000e+00 2.575e-01]
[31] 2026-03-21 20:33:36,119 INFO [rank=31 host=n3003]: starting climate model for inputs: [2.000e+00 3.125e+00 3.500e+02 5.000e+00 2.575e-01]
[65] 2026-03-21 20:33:36,119 INFO [rank=65 host=n3019]: starting climate model for inputs: [  2.    3.5 400.    8.    1. ]
[32] 2026-03-21 20:33:36,118 INFO [rank=32 host=n3003]: starting climate model for inputs: [2.000e+00 3.125e+00 4.000e+02 7.000e-01 1.000e-02]
[66] 2026-03-21 20:33:36,119 INFO [rank=66 host=n3019]: starting climate model for inputs: [2.0e+00 3.5e+00 4.0e+02 1.0e+01 1.0e-02]
[34] 2026-03-21 20:33:36,118 INFO [rank=34 host=n3003]: starting climate model for inputs: [2.000e+00 3.125e+00 4.000e+02 1.500e+00 1.000e-02]
[67] 2026-03-21 20:33:36,119 INFO [rank=67 host=n3019]: starting climate model for inputs: [2.000e+00 3.500e+00 4.000e+02 1.000e+01 2.575e-01]
[37] 2026-03-21 20:33:36,119 INFO [rank=37 host=n3003]: starting climate model for inputs: [  2.    3.5 100.    5.    1. ]
[68] 2026-03-21 20:33:36,119 INFO [rank=68 host=n3019]: starting climate model for inputs: [  2.      3.5   400.     10.      0.505]
[1] 2026-03-21 20:33:36,119 INFO [rank=1 host=n3003]: starting climate model for inputs: [2.00e+00 2.75e+00 2.00e+02 1.00e+01 1.00e-02]
[70] 2026-03-21 20:33:36,119 INFO [rank=70 host=n3019]: starting climate model for inputs: [  2.    3.5 400.   10.    1. ]
[52] 2026-03-21 20:33:36,119 INFO [rank=52 host=n3019]: starting climate model for inputs: [  2.    3.5 300.   10.    1. ]
[64] 2026-03-21 20:33:36,120 INFO [rank=64 host=n3019]: starting climate model for inputs: [  2.       3.5    400.       8.       0.7525]
[35] 2026-03-21 20:33:36,119 INFO [rank=35 host=n3003]: starting climate model for inputs: [2.000e+00 3.125e+00 4.000e+02 8.000e+00 2.575e-01]
[69] 2026-03-21 20:33:36,119 INFO [rank=69 host=n3019]: starting climate model for inputs: [  2.       3.5    400.      10.       0.7525]
[36] 2026-03-21 20:33:36,119 INFO [rank=36 host=n3003]: starting climate model for inputs: [ 2.   3.5 50.   6.   1. ]
[38] 2026-03-21 20:33:36,119 INFO [rank=38 host=n3003]: starting climate model for inputs: [  2.    3.5 200.    5.    1. ]
[63] 2026-03-21 20:33:36,120 INFO [rank=63 host=n3019]: starting climate model for inputs: [  2.      3.5   400.      8.      0.505]
[39] 2026-03-21 20:33:36,119 INFO [rank=39 host=n3003]: starting climate model for inputs: [  2.       3.5    200.       8.       0.7525]
[40] 2026-03-21 20:33:36,121 INFO [rank=40 host=n3019]: starting climate model for inputs: [  2.    3.5 200.    8.    1. ]
[33] 2026-03-21 20:33:36,119 INFO [rank=33 host=n3003]: starting climate model for inputs: [2.000e+00 3.125e+00 4.000e+02 1.000e+00 1.000e-02]
[22] 2026-03-21 20:33:36,119 INFO [rank=22 host=n3003]: starting climate model for inputs: [  2.       3.125  250.      10.       0.7525]
[28] 2026-03-21 20:33:36,120 INFO [rank=28 host=n3003]: starting climate model for inputs: [2.000e+00 3.125e+00 3.500e+02 1.000e+00 1.000e-02]
[12] 2026-03-21 20:33:36,120 INFO [rank=12 host=n3003]: starting climate model for inputs: [  2.       3.125  250.       4.       0.7525]
[29] 2026-03-21 20:33:36,121 INFO [rank=29 host=n3003]: starting climate model for inputs: [2.000e+00 3.125e+00 3.500e+02 1.500e+00 1.000e-02]
[53] 2026-03-21 20:33:36,170 INFO [rank=53 host=n3019]: Loading opacity table (first call in this process)...
[41] 2026-03-21 20:33:36,171 INFO [rank=41 host=n3019]: Loading opacity table (first call in this process)...
[54] 2026-03-21 20:33:36,174 INFO [rank=54 host=n3019]: Loading opacity table (first call in this process)...
[55] 2026-03-21 20:33:36,174 INFO [rank=55 host=n3019]: Loading opacity table (first call in this process)...
[60] 2026-03-21 20:33:36,174 INFO [rank=60 host=n3019]: Loading opacity table (first call in this process)...
[62] 2026-03-21 20:33:36,174 INFO [rank=62 host=n3019]: Loading opacity table (first call in this process)...
[52] 2026-03-21 20:33:36,177 INFO [rank=52 host=n3019]: Loading opacity table (first call in this process)...
[40] 2026-03-21 20:33:36,178 INFO [rank=40 host=n3019]: Loading opacity table (first call in this process)...
[57] 2026-03-21 20:33:36,178 INFO [rank=57 host=n3019]: Loading opacity table (first call in this process)...
[8] 2026-03-21 20:33:36,179 INFO [rank=8 host=n3003]: Loading opacity table (first call in this process)...
[29] 2026-03-21 20:33:36,179 INFO [rank=29 host=n3003]: Loading opacity table (first call in this process)...
[63] 2026-03-21 20:33:36,180 INFO [rank=63 host=n3019]: Loading opacity table (first call in this process)...
[16] 2026-03-21 20:33:36,181 INFO [rank=16 host=n3003]: Loading opacity table (first call in this process)...
[3] 2026-03-21 20:33:36,183 INFO [rank=3 host=n3003]: Loading opacity table (first call in this process)...
[9] 2026-03-21 20:33:36,184 INFO [rank=9 host=n3003]: Loading opacity table (first call in this process)...
[43] 2026-03-21 20:33:36,186 INFO [rank=43 host=n3019]: Loading opacity table (first call in this process)...
[26] 2026-03-21 20:33:36,188 INFO [rank=26 host=n3003]: Loading opacity table (first call in this process)...
[68] 2026-03-21 20:33:36,189 INFO [rank=68 host=n3019]: Loading opacity table (first call in this process)...
[7] 2026-03-21 20:33:36,190 INFO [rank=7 host=n3003]: Loading opacity table (first call in this process)...
[37] 2026-03-21 20:33:36,192 INFO [rank=37 host=n3003]: Loading opacity table (first call in this process)...
[13] 2026-03-21 20:33:36,193 INFO [rank=13 host=n3003]: Loading opacity table (first call in this process)...
[11] 2026-03-21 20:33:36,193 INFO [rank=11 host=n3003]: Loading opacity table (first call in this process)...
[19] 2026-03-21 20:33:36,194 INFO [rank=19 host=n3003]: Loading opacity table (first call in this process)...
[25] 2026-03-21 20:33:36,195 INFO [rank=25 host=n3003]: Loading opacity table (first call in this process)...
[42] 2026-03-21 20:33:36,196 INFO [rank=42 host=n3019]: Loading opacity table (first call in this process)...
[44] 2026-03-21 20:33:36,191 INFO [rank=44 host=n3019]: Loading opacity table (first call in this process)...
[45] 2026-03-21 20:33:36,196 INFO [rank=45 host=n3019]: Loading opacity table (first call in this process)...
[46] 2026-03-21 20:33:36,193 INFO [rank=46 host=n3019]: Loading opacity table (first call in this process)...
[47] 2026-03-21 20:33:36,195 INFO [rank=47 host=n3019]: Loading opacity table (first call in this process)...
[48] 2026-03-21 20:33:36,194 INFO [rank=48 host=n3019]: Loading opacity table (first call in this process)...
[49] 2026-03-21 20:33:36,194 INFO [rank=49 host=n3019]: Loading opacity table (first call in this process)...
[56] 2026-03-21 20:33:36,193 INFO [rank=56 host=n3019]: Loading opacity table (first call in this process)...
[58] 2026-03-21 20:33:36,195 INFO [rank=58 host=n3019]: Loading opacity table (first call in this process)...
[59] 2026-03-21 20:33:36,195 INFO [rank=59 host=n3019]: Loading opacity table (first call in this process)...
[61] 2026-03-21 20:33:36,196 INFO [rank=61 host=n3019]: Loading opacity table (first call in this process)...
[65] 2026-03-21 20:33:36,195 INFO [rank=65 host=n3019]: Loading opacity table (first call in this process)...
[67] 2026-03-21 20:33:36,193 INFO [rank=67 host=n3019]: Loading opacity table (first call in this process)...
[69] 2026-03-21 20:33:36,195 INFO [rank=69 host=n3019]: Loading opacity table (first call in this process)...
[70] 2026-03-21 20:33:36,191 INFO [rank=70 host=n3019]: Loading opacity table (first call in this process)...
[64] 2026-03-21 20:33:36,198 INFO [rank=64 host=n3019]: Loading opacity table (first call in this process)...
[66] 2026-03-21 20:33:36,198 INFO [rank=66 host=n3019]: Loading opacity table (first call in this process)...
[23] 2026-03-21 20:33:36,198 INFO [rank=23 host=n3003]: Loading opacity table (first call in this process)...
[22] 2026-03-21 20:33:36,199 INFO [rank=22 host=n3003]: Loading opacity table (first call in this process)...
[51] 2026-03-21 20:33:36,200 INFO [rank=51 host=n3019]: Loading opacity table (first call in this process)...
[33] 2026-03-21 20:33:36,200 INFO [rank=33 host=n3003]: Loading opacity table (first call in this process)...
[28] 2026-03-21 20:33:36,201 INFO [rank=28 host=n3003]: Loading opacity table (first call in this process)...
[20] 2026-03-21 20:33:36,202 INFO [rank=20 host=n3003]: Loading opacity table (first call in this process)...
[50] 2026-03-21 20:33:36,203 INFO [rank=50 host=n3019]: Loading opacity table (first call in this process)...
[1] 2026-03-21 20:33:36,210 INFO [rank=1 host=n3003]: Loading opacity table (first call in this process)...
[35] 2026-03-21 20:33:36,211 INFO [rank=35 host=n3003]: Loading opacity table (first call in this process)...
[5] 2026-03-21 20:33:36,213 INFO [rank=5 host=n3003]: Loading opacity table (first call in this process)...
[18] 2026-03-21 20:33:36,214 INFO [rank=18 host=n3003]: Loading opacity table (first call in this process)...
[30] 2026-03-21 20:33:36,215 INFO [rank=30 host=n3003]: Loading opacity table (first call in this process)...
[21] 2026-03-21 20:33:36,217 INFO [rank=21 host=n3003]: Loading opacity table (first call in this process)...
[12] 2026-03-21 20:33:36,217 INFO [rank=12 host=n3003]: Loading opacity table (first call in this process)...
[4] 2026-03-21 20:33:36,217 INFO [rank=4 host=n3003]: Loading opacity table (first call in this process)...
[6] 2026-03-21 20:33:36,217 INFO [rank=6 host=n3003]: Loading opacity table (first call in this process)...
[2] 2026-03-21 20:33:36,217 INFO [rank=2 host=n3003]: Loading opacity table (first call in this process)...
[34] 2026-03-21 20:33:36,217 INFO [rank=34 host=n3003]: Loading opacity table (first call in this process)...
[27] 2026-03-21 20:33:36,218 INFO [rank=27 host=n3003]: Loading opacity table (first call in this process)...
[36] 2026-03-21 20:33:36,218 INFO [rank=36 host=n3003]: Loading opacity table (first call in this process)...
[17] 2026-03-21 20:33:36,218 INFO [rank=17 host=n3003]: Loading opacity table (first call in this process)...
[39] 2026-03-21 20:33:36,219 INFO [rank=39 host=n3003]: Loading opacity table (first call in this process)...
[38] 2026-03-21 20:33:36,218 INFO [rank=38 host=n3003]: Loading opacity table (first call in this process)...
[31] 2026-03-21 20:33:36,219 INFO [rank=31 host=n3003]: Loading opacity table (first call in this process)...
[15] 2026-03-21 20:33:36,220 INFO [rank=15 host=n3003]: Loading opacity table (first call in this process)...
[24] 2026-03-21 20:33:36,220 INFO [rank=24 host=n3003]: Loading opacity table (first call in this process)...
[14] 2026-03-21 20:33:36,221 INFO [rank=14 host=n3003]: Loading opacity table (first call in this process)...
[32] 2026-03-21 20:33:36,222 INFO [rank=32 host=n3003]: Loading opacity table (first call in this process)...
[10] 2026-03-21 20:33:36,223 INFO [rank=10 host=n3003]: Loading opacity table (first call in this process)...
[51] 2026-03-22 01:11:21,616 INFO [rank=51 host=n3019]: Loading opacity table (first call in this process)...
[49] 2026-03-22 04:10:52,322 INFO [rank=49 host=n3019]: Loading opacity table (first call in this process)...
[50] 2026-03-22 04:22:22,559 INFO [rank=50 host=n3019]: Loading opacity table (first call in this process)...
[25] 2026-03-22 04:26:11,773 INFO [rank=25 host=n3003]: Loading opacity table (first call in this process)...
[35] 2026-03-22 04:48:04,699 INFO [rank=35 host=n3003]: Loading opacity table (first call in this process)...
[46] 2026-03-22 06:03:26,180 INFO [rank=46 host=n3019]: Loading opacity table (first call in this process)...
