[16] /mmfs1/gscratch/vsm/elizap/MiniNeptuneGrid26_PostBac/Installation&Setup_Instructions/picasofiles/reference
[16] /mmfs1/gscratch/vsm/elizap/MiniNeptuneGrid26_PostBac/Installation&Setup_Instructions/picasofiles/grp/redcat/trds
[39] /mmfs1/gscratch/vsm/elizap/MiniNeptuneGrid26_PostBac/Installation&Setup_Instructions/picasofiles/reference
[39] /mmfs1/gscratch/vsm/elizap/MiniNeptuneGrid26_PostBac/Installation&Setup_Instructions/picasofiles/grp/redcat/trds
[26] /mmfs1/gscratch/vsm/elizap/MiniNeptuneGrid26_PostBac/Installation&Setup_Instructions/picasofiles/reference
[26] /mmfs1/gscratch/vsm/elizap/MiniNeptuneGrid26_PostBac/Installation&Setup_Instructions/picasofiles/grp/redcat/trds
[30] /mmfs1/gscratch/vsm/elizap/MiniNeptuneGrid26_PostBac/Installation&Setup_Instructions/picasofiles/reference
[30] /mmfs1/gscratch/vsm/elizap/MiniNeptuneGrid26_PostBac/Installation&Setup_Instructions/picasofiles/grp/redcat/trds
[29] /mmfs1/gscratch/vsm/elizap/MiniNeptuneGrid26_PostBac/Installation&Setup_Instructions/picasofiles/reference
[29] /mmfs1/gscratch/vsm/elizap/MiniNeptuneGrid26_PostBac/Installation&Setup_Instructions/picasofiles/grp/redcat/trds
[1] /mmfs1/gscratch/vsm/elizap/MiniNeptuneGrid26_PostBac/Installation&Setup_Instructions/picasofiles/reference
[1] /mmfs1/gscratch/vsm/elizap/MiniNeptuneGrid26_PostBac/Installation&Setup_Instructions/picasofiles/grp/redcat/trds
[32] /mmfs1/gscratch/vsm/elizap/MiniNeptuneGrid26_PostBac/Installation&Setup_Instructions/picasofiles/reference
[32] /mmfs1/gscratch/vsm/elizap/MiniNeptuneGrid26_PostBac/Installation&Setup_Instructions/picasofiles/grp/redcat/trds
[20] /mmfs1/gscratch/vsm/elizap/MiniNeptuneGrid26_PostBac/Installation&Setup_Instructions/picasofiles/reference
[20] /mmfs1/gscratch/vsm/elizap/MiniNeptuneGrid26_PostBac/Installation&Setup_Instructions/picasofiles/grp/redcat/trds
[12] /mmfs1/gscratch/vsm/elizap/MiniNeptuneGrid26_PostBac/Installation&Setup_Instructions/picasofiles/reference
[12] /mmfs1/gscratch/vsm/elizap/MiniNeptuneGrid26_PostBac/Installation&Setup_Instructions/picasofiles/grp/redcat/trds
[31] /mmfs1/gscratch/vsm/elizap/MiniNeptuneGrid26_PostBac/Installation&Setup_Instructions/picasofiles/reference
[31] /mmfs1/gscratch/vsm/elizap/MiniNeptuneGrid26_PostBac/Installation&Setup_Instructions/picasofiles/grp/redcat/trds
[18] /mmfs1/gscratch/vsm/elizap/MiniNeptuneGrid26_PostBac/Installation&Setup_Instructions/picasofiles/reference
[18] /mmfs1/gscratch/vsm/elizap/MiniNeptuneGrid26_PostBac/Installation&Setup_Instructions/picasofiles/grp/redcat/trds
[15] /mmfs1/gscratch/vsm/elizap/MiniNeptuneGrid26_PostBac/Installation&Setup_Instructions/picasofiles/reference
[15] /mmfs1/gscratch/vsm/elizap/MiniNeptuneGrid26_PostBac/Installation&Setup_Instructions/picasofiles/grp/redcat/trds
[13] /mmfs1/gscratch/vsm/elizap/MiniNeptuneGrid26_PostBac/Installation&Setup_Instructions/picasofiles/reference
[13] /mmfs1/gscratch/vsm/elizap/MiniNeptuneGrid26_PostBac/Installation&Setup_Instructions/picasofiles/grp/redcat/trds
[11] /mmfs1/gscratch/vsm/elizap/MiniNeptuneGrid26_PostBac/Installation&Setup_Instructions/picasofiles/reference
[11] /mmfs1/gscratch/vsm/elizap/MiniNeptuneGrid26_PostBac/Installation&Setup_Instructions/picasofiles/grp/redcat/trds
[0] /mmfs1/gscratch/vsm/elizap/MiniNeptuneGrid26_PostBac/Installation&Setup_Instructions/picasofiles/reference
[0] /mmfs1/gscratch/vsm/elizap/MiniNeptuneGrid26_PostBac/Installation&Setup_Instructions/picasofiles/grp/redcat/trds
[35] /mmfs1/gscratch/vsm/elizap/MiniNeptuneGrid26_PostBac/Installation&Setup_Instructions/picasofiles/reference
[35] /mmfs1/gscratch/vsm/elizap/MiniNeptuneGrid26_PostBac/Installation&Setup_Instructions/picasofiles/grp/redcat/trds
[24] /mmfs1/gscratch/vsm/elizap/MiniNeptuneGrid26_PostBac/Installation&Setup_Instructions/picasofiles/reference
[24] /mmfs1/gscratch/vsm/elizap/MiniNeptuneGrid26_PostBac/Installation&Setup_Instructions/picasofiles/grp/redcat/trds
[4] /mmfs1/gscratch/vsm/elizap/MiniNeptuneGrid26_PostBac/Installation&Setup_Instructions/picasofiles/reference
[4] /mmfs1/gscratch/vsm/elizap/MiniNeptuneGrid26_PostBac/Installation&Setup_Instructions/picasofiles/grp/redcat/trds
[6] /mmfs1/gscratch/vsm/elizap/MiniNeptuneGrid26_PostBac/Installation&Setup_Instructions/picasofiles/reference
[6] /mmfs1/gscratch/vsm/elizap/MiniNeptuneGrid26_PostBac/Installation&Setup_Instructions/picasofiles/grp/redcat/trds
[33] /mmfs1/gscratch/vsm/elizap/MiniNeptuneGrid26_PostBac/Installation&Setup_Instructions/picasofiles/reference
[33] /mmfs1/gscratch/vsm/elizap/MiniNeptuneGrid26_PostBac/Installation&Setup_Instructions/picasofiles/grp/redcat/trds
[21] /mmfs1/gscratch/vsm/elizap/MiniNeptuneGrid26_PostBac/Installation&Setup_Instructions/picasofiles/reference
[21] /mmfs1/gscratch/vsm/elizap/MiniNeptuneGrid26_PostBac/Installation&Setup_Instructions/picasofiles/grp/redcat/trds
[36] /mmfs1/gscratch/vsm/elizap/MiniNeptuneGrid26_PostBac/Installation&Setup_Instructions/picasofiles/reference
[36] /mmfs1/gscratch/vsm/elizap/MiniNeptuneGrid26_PostBac/Installation&Setup_Instructions/picasofiles/grp/redcat/trds
[8] /mmfs1/gscratch/vsm/elizap/MiniNeptuneGrid26_PostBac/Installation&Setup_Instructions/picasofiles/reference
[8] /mmfs1/gscratch/vsm/elizap/MiniNeptuneGrid26_PostBac/Installation&Setup_Instructions/picasofiles/grp/redcat/trds
[5] /mmfs1/gscratch/vsm/elizap/MiniNeptuneGrid26_PostBac/Installation&Setup_Instructions/picasofiles/reference
[5] /mmfs1/gscratch/vsm/elizap/MiniNeptuneGrid26_PostBac/Installation&Setup_Instructions/picasofiles/grp/redcat/trds
[10] /mmfs1/gscratch/vsm/elizap/MiniNeptuneGrid26_PostBac/Installation&Setup_Instructions/picasofiles/reference
[10] /mmfs1/gscratch/vsm/elizap/MiniNeptuneGrid26_PostBac/Installation&Setup_Instructions/picasofiles/grp/redcat/trds
[22] /mmfs1/gscratch/vsm/elizap/MiniNeptuneGrid26_PostBac/Installation&Setup_Instructions/picasofiles/reference
[22] /mmfs1/gscratch/vsm/elizap/MiniNeptuneGrid26_PostBac/Installation&Setup_Instructions/picasofiles/grp/redcat/trds
[2] /mmfs1/gscratch/vsm/elizap/MiniNeptuneGrid26_PostBac/Installation&Setup_Instructions/picasofiles/reference
[2] /mmfs1/gscratch/vsm/elizap/MiniNeptuneGrid26_PostBac/Installation&Setup_Instructions/picasofiles/grp/redcat/trds
[14] /mmfs1/gscratch/vsm/elizap/MiniNeptuneGrid26_PostBac/Installation&Setup_Instructions/picasofiles/reference
[14] /mmfs1/gscratch/vsm/elizap/MiniNeptuneGrid26_PostBac/Installation&Setup_Instructions/picasofiles/grp/redcat/trds
[38] /mmfs1/gscratch/vsm/elizap/MiniNeptuneGrid26_PostBac/Installation&Setup_Instructions/picasofiles/reference
[38] /mmfs1/gscratch/vsm/elizap/MiniNeptuneGrid26_PostBac/Installation&Setup_Instructions/picasofiles/grp/redcat/trds
[25] /mmfs1/gscratch/vsm/elizap/MiniNeptuneGrid26_PostBac/Installation&Setup_Instructions/picasofiles/reference
[25] /mmfs1/gscratch/vsm/elizap/MiniNeptuneGrid26_PostBac/Installation&Setup_Instructions/picasofiles/grp/redcat/trds
[28] /mmfs1/gscratch/vsm/elizap/MiniNeptuneGrid26_PostBac/Installation&Setup_Instructions/picasofiles/reference
[28] /mmfs1/gscratch/vsm/elizap/MiniNeptuneGrid26_PostBac/Installation&Setup_Instructions/picasofiles/grp/redcat/trds
[37] /mmfs1/gscratch/vsm/elizap/MiniNeptuneGrid26_PostBac/Installation&Setup_Instructions/picasofiles/reference
[37] /mmfs1/gscratch/vsm/elizap/MiniNeptuneGrid26_PostBac/Installation&Setup_Instructions/picasofiles/grp/redcat/trds
[23] /mmfs1/gscratch/vsm/elizap/MiniNeptuneGrid26_PostBac/Installation&Setup_Instructions/picasofiles/reference
[23] /mmfs1/gscratch/vsm/elizap/MiniNeptuneGrid26_PostBac/Installation&Setup_Instructions/picasofiles/grp/redcat/trds
[7] /mmfs1/gscratch/vsm/elizap/MiniNeptuneGrid26_PostBac/Installation&Setup_Instructions/picasofiles/reference
[7] /mmfs1/gscratch/vsm/elizap/MiniNeptuneGrid26_PostBac/Installation&Setup_Instructions/picasofiles/grp/redcat/trds
[19] /mmfs1/gscratch/vsm/elizap/MiniNeptuneGrid26_PostBac/Installation&Setup_Instructions/picasofiles/reference
[19] /mmfs1/gscratch/vsm/elizap/MiniNeptuneGrid26_PostBac/Installation&Setup_Instructions/picasofiles/grp/redcat/trds
[34] /mmfs1/gscratch/vsm/elizap/MiniNeptuneGrid26_PostBac/Installation&Setup_Instructions/picasofiles/reference
[34] /mmfs1/gscratch/vsm/elizap/MiniNeptuneGrid26_PostBac/Installation&Setup_Instructions/picasofiles/grp/redcat/trds
[17] /mmfs1/gscratch/vsm/elizap/MiniNeptuneGrid26_PostBac/Installation&Setup_Instructions/picasofiles/reference
[17] /mmfs1/gscratch/vsm/elizap/MiniNeptuneGrid26_PostBac/Installation&Setup_Instructions/picasofiles/grp/redcat/trds
[9] /mmfs1/gscratch/vsm/elizap/MiniNeptuneGrid26_PostBac/Installation&Setup_Instructions/picasofiles/reference
[9] /mmfs1/gscratch/vsm/elizap/MiniNeptuneGrid26_PostBac/Installation&Setup_Instructions/picasofiles/grp/redcat/trds
[27] /mmfs1/gscratch/vsm/elizap/MiniNeptuneGrid26_PostBac/Installation&Setup_Instructions/picasofiles/reference
[27] /mmfs1/gscratch/vsm/elizap/MiniNeptuneGrid26_PostBac/Installation&Setup_Instructions/picasofiles/grp/redcat/trds
[3] /mmfs1/gscratch/vsm/elizap/MiniNeptuneGrid26_PostBac/Installation&Setup_Instructions/picasofiles/reference
[3] /mmfs1/gscratch/vsm/elizap/MiniNeptuneGrid26_PostBac/Installation&Setup_Instructions/picasofiles/grp/redcat/trds
